18.04.2014;09:55:44;0;1;0;0;14.1;58;
18.04.2014;09:55:49;1;1;0;0;14;58;
18.04.2014;09:55:54;1;1;0;0;14.1;58;
18.04.2014;09:55:59;1;1;0;0;14;58;
18.04.2014;09:56:05;1;1;0;0;14;58;
18.04.2014;09:56:09;1;1;0;0;14;58;
18.04.2014;09:56:14;1;0;0;0;14;58;
18.04.2014;09:56:19;1;0;0;0;14;58;
18.04.2014;09:56:24;1;1;0;0;14;58;
18.04.2014;09:56:29;1;1;0;0;14;58;
18.04.2014;09:56:34;1;1;0;0;14;58;
18.04.2014;09:56:39;1;1;0;0;14;58;
18.04.2014;09:56:44;1;1;0;0;14;58;
18.04.2014;09:56:49;1;1;0;0;14;58;
18.04.2014;09:56:54;1;0;0;0;14;58;
18.04.2014;09:56:59;1;0;0;0;14.1;58;
18.04.2014;09:57:04;1;1;0;0;14.1;58;
18.04.2014;09:57:09;1;1;0;0;14.1;58;
18.04.2014;09:57:14;1;1;0;0;14.2;58;
18.04.2014;09:57:19;1;1;0;0;14.3;58;
18.04.2014;09:57:24;1;1;0;0;14.3;58;
18.04.2014;09:57:29;1;1;0;0;14.3;58;
18.04.2014;09:57:34;1;0;0;0;14.3;58;
18.04.2014;09:57:39;1;0;0;0;14.4;58;
18.04.2014;09:57:44;1;1;0;0;14.5;58;
18.04.2014;09:57:49;1;1;0;0;14.5;58;
18.04.2014;09:57:54;1;1;0;0;14.6;58;
18.04.2014;09:57:59;1;1;0;0;14.7;58;
18.04.2014;09:58:04;1;1;0;0;14.7;58;
18.04.2014;09:58:09;1;1;0;0;14.7;58;
18.04.2014;09:58:14;1;0;0;0;14.7;58;
18.04.2014;09:58:19;1;0;0;0;14.8;58;
18.04.2014;09:58:24;1;1;0;0;14.9;58;
18.04.2014;09:58:29;1;1;0;0;15;58;
18.04.2014;09:58:34;1;1;0;0;15.1;58;
18.04.2014;09:58:39;1;1;0;0;15.2;58;
18.04.2014;09:58:44;1;1;0;0;15.3;58;
18.04.2014;09:58:49;1;1;0;0;15.3;58;
18.04.2014;09:58:54;1;0;0;0;15.4;58;
18.04.2014;09:58:59;1;0;0;0;15.6;58;
18.04.2014;09:59:04;1;1;0;0;15.7;58;
18.04.2014;09:59:09;1;1;0;0;15.8;58;
18.04.2014;09:59:14;1;1;0;0;15.8;58;
18.04.2014;09:59:19;1;1;0;0;15.9;58;
18.04.2014;09:59:24;1;1;0;0;16;58;
18.04.2014;09:59:29;1;1;0;0;16;58;
18.04.2014;09:59:34;1;0;0;0;16.1;58;
18.04.2014;09:59:39;1;0;0;0;16.2;58;
18.04.2014;09:59:44;1;1;0;0;16.4;58;
18.04.2014;09:59:49;1;1;0;0;16.5;58;
18.04.2014;09:59:54;1;1;0;0;16.6;58;
18.04.2014;09:59:59;1;1;0;0;16.7;58;
18.04.2014;10:00:04;1;1;0;0;16.7;58;
18.04.2014;10:00:09;1;1;0;0;16.8;58;
18.04.2014;10:00:14;1;0;0;0;16.9;58;
18.04.2014;10:00:19;1;0;0;0;16.9;58;
18.04.2014;10:00:24;1;1;0;0;17.1;58;
18.04.2014;10:00:29;1;1;0;0;17.2;58;
18.04.2014;10:00:34;1;1;0;0;17.3;58;
18.04.2014;10:00:39;1;1;0;0;17.4;58;
18.04.2014;10:00:44;1;1;0;0;17.5;58;
18.04.2014;10:00:49;1;1;0;0;17.6;58;
18.04.2014;10:00:54;1;0;0;0;17.7;58;
18.04.2014;10:00:59;1;0;0;0;17.8;58;
18.04.2014;10:01:04;1;1;0;0;18;58;
18.04.2014;10:01:09;1;1;0;0;18.1;58;
18.04.2014;10:01:14;1;1;0;0;18.2;58;
18.04.2014;10:01:19;1;1;0;0;18.3;58;
18.04.2014;10:01:24;1;1;0;0;18.3;58;
18.04.2014;10:01:29;1;1;0;0;18.4;58;
18.04.2014;10:01:34;1;0;0;0;18.5;58;
18.04.2014;10:01:39;1;0;0;0;18.5;58;
18.04.2014;10:01:44;1;1;0;0;18.7;58;
18.04.2014;10:01:49;1;1;0;0;18.8;58;
18.04.2014;10:01:54;1;1;0;0;18.8;58;
18.04.2014;10:01:59;1;1;0;0;18.9;58;
18.04.2014;10:02:04;1;1;0;0;19;58;
18.04.2014;10:02:09;1;1;0;0;19.2;58;
18.04.2014;10:02:14;1;0;0;0;19.3;58;
18.04.2014;10:02:19;1;0;0;0;19.3;58;
18.04.2014;10:02:24;1;1;0;0;19.5;58;
18.04.2014;10:02:29;1;1;0;0;19.6;58;
18.04.2014;10:02:34;1;1;0;0;19.7;58;
18.04.2014;10:02:39;1;1;0;0;19.8;58;
18.04.2014;10:02:44;1;1;0;0;19.9;58;
18.04.2014;10:02:49;1;1;0;0;20;58;
18.04.2014;10:02:54;1;0;0;0;20.1;58;
18.04.2014;10:02:59;1;0;0;0;20.2;58;
18.04.2014;10:03:04;1;1;0;0;20.4;58;
18.04.2014;10:03:09;1;1;0;0;20.5;58;
18.04.2014;10:03:14;1;1;0;0;20.6;58;
18.04.2014;10:03:19;1;1;0;0;20.6;58;
18.04.2014;10:03:24;1;1;0;0;20.7;58;
18.04.2014;10:03:29;1;1;0;0;20.8;58;
18.04.2014;10:03:34;1;0;0;0;20.8;58;
18.04.2014;10:03:39;1;0;0;0;20.9;58;
18.04.2014;10:03:44;1;1;0;0;21;58;
18.04.2014;10:03:49;1;1;0;0;21.1;58;
18.04.2014;10:03:54;1;1;0;0;21.2;58;
18.04.2014;10:04:00;1;1;0;0;21.4;58;
18.04.2014;10:04:05;1;1;0;0;21.6;58;
18.04.2014;10:04:10;1;1;0;0;21.6;58;
18.04.2014;10:04:15;1;0;0;0;21.7;58;
18.04.2014;10:04:20;1;0;0;0;21.7;58;
18.04.2014;10:04:25;1;1;0;0;22;58;
18.04.2014;10:04:30;1;1;0;0;22.1;58;
18.04.2014;10:04:35;1;1;0;0;22.2;58;
18.04.2014;10:04:40;1;1;0;0;22.3;58;
18.04.2014;10:04:45;1;1;0;0;22.4;58;
18.04.2014;10:04:50;1;1;0;0;22.5;58;
18.04.2014;10:04:55;1;0;0;0;22.6;58;
18.04.2014;10:05:00;1;0;0;0;22.7;58;
18.04.2014;10:05:05;1;1;0;0;23;58;
18.04.2014;10:05:10;1;1;0;0;23;58;
18.04.2014;10:05:15;1;1;0;0;23.1;58;
18.04.2014;10:05:20;1;1;0;0;23.2;58;
18.04.2014;10:05:25;1;1;0;0;23.3;58;
18.04.2014;10:05:30;1;1;0;0;23.3;58;
18.04.2014;10:05:35;1;0;0;0;23.4;58;
18.04.2014;10:05:40;1;0;0;0;23.5;58;
18.04.2014;10:05:45;1;1;0;0;23.6;58;
18.04.2014;10:05:50;1;1;0;0;23.8;58;
18.04.2014;10:05:55;1;1;0;0;23.9;58;
18.04.2014;10:06:00;1;1;0;0;24;58;
18.04.2014;10:06:05;1;1;0;0;24.1;58;
18.04.2014;10:06:10;1;1;0;0;24.3;58;
18.04.2014;10:06:15;1;0;0;0;24.3;58;
18.04.2014;10:06:20;1;0;0;0;24.4;58;
18.04.2014;10:06:25;1;1;0;0;24.5;58;
18.04.2014;10:06:30;1;1;0;0;24.6;58;
18.04.2014;10:06:35;1;1;0;0;24.7;58;
18.04.2014;10:06:40;1;1;0;0;24.9;58;
18.04.2014;10:06:45;1;1;0;0;24.9;58;
18.04.2014;10:06:50;1;1;0;0;25;58;
18.04.2014;10:06:55;1;0;0;0;25.1;58;
18.04.2014;10:07:00;1;0;0;0;25.1;58;
18.04.2014;10:07:05;1;1;0;0;25.4;58;
18.04.2014;10:07:10;1;1;0;0;25.5;58;
18.04.2014;10:07:15;1;1;0;0;25.6;58;
18.04.2014;10:07:20;1;1;0;0;25.7;58;
18.04.2014;10:07:25;1;1;0;0;25.8;58;
18.04.2014;10:07:30;1;1;0;0;25.9;58;
18.04.2014;10:07:35;1;0;0;0;26;58;
18.04.2014;10:07:40;1;0;0;0;26.1;58;
18.04.2014;10:07:45;1;1;0;0;26.3;58;
18.04.2014;10:07:50;1;1;0;0;26.4;58;
18.04.2014;10:07:55;1;1;0;0;26.5;58;
18.04.2014;10:08:00;1;1;0;0;26.6;58;
18.04.2014;10:08:05;1;1;0;0;26.6;58;
18.04.2014;10:08:10;1;1;0;0;26.7;58;
18.04.2014;10:08:15;1;0;0;0;26.8;58;
18.04.2014;10:08:20;1;0;0;0;26.9;58;
18.04.2014;10:08:25;1;1;0;0;27.1;58;
18.04.2014;10:08:30;1;1;0;0;27.2;58;
18.04.2014;10:08:35;1;1;0;0;27.3;58;
18.04.2014;10:08:40;1;1;0;0;27.4;58;
18.04.2014;10:08:45;1;1;0;0;27.5;58;
18.04.2014;10:08:50;1;1;0;0;27.6;58;
18.04.2014;10:08:55;1;0;0;0;27.6;58;
18.04.2014;10:09:00;1;0;0;0;27.7;58;
18.04.2014;10:09:05;1;1;1;0;27.9;58;
18.04.2014;10:09:10;1;1;1;0;28;58;
18.04.2014;10:09:15;1;1;1;0;28.1;58;
18.04.2014;10:09:20;1;1;1;0;28.3;58;
18.04.2014;10:09:25;1;1;1;0;28.4;58;
18.04.2014;10:09:30;1;1;1;0;28.5;58;
18.04.2014;10:09:35;1;0;1;0;28.7;58;
18.04.2014;10:09:40;1;0;1;0;28.7;58;
18.04.2014;10:09:45;1;1;1;0;28.9;58;
18.04.2014;10:09:50;1;1;1;0;29;58;
18.04.2014;10:09:55;1;1;1;0;29;58;
18.04.2014;10:10:00;1;1;1;0;29.1;58;
18.04.2014;10:10:05;1;1;1;0;29.2;58;
18.04.2014;10:10:10;1;1;1;0;29.3;58;
18.04.2014;10:10:15;1;0;1;0;29.4;58;
18.04.2014;10:10:20;1;0;1;0;29.5;58;
18.04.2014;10:10:25;1;1;1;0;29.7;58;
18.04.2014;10:10:30;1;1;1;0;29.8;58;
18.04.2014;10:10:35;1;1;1;0;29.9;58;
18.04.2014;10:10:40;1;1;1;0;30;58;
18.04.2014;10:10:45;1;1;1;0;30.1;58;
18.04.2014;10:10:50;1;1;1;0;30.2;58;
18.04.2014;10:10:55;1;0;1;0;30.3;58;
18.04.2014;10:11:00;1;0;1;0;30.4;58;
18.04.2014;10:11:05;1;1;1;0;30.6;58;
18.04.2014;10:11:10;1;1;1;0;30.6;58;
18.04.2014;10:11:15;1;1;1;0;30.7;58;
18.04.2014;10:11:20;1;1;1;0;30.7;58;
18.04.2014;10:11:25;1;1;1;0;30.9;58;
18.04.2014;10:11:30;1;1;1;0;31;58;
18.04.2014;10:11:35;1;0;1;0;31.1;58;
18.04.2014;10:11:40;1;0;1;0;31.2;58;
18.04.2014;10:11:45;1;1;1;0;31.3;58;
18.04.2014;10:11:50;1;1;1;0;31.3;58;
18.04.2014;10:11:55;1;1;1;0;31.5;58;
18.04.2014;10:12:00;1;1;1;0;31.6;58;
18.04.2014;10:12:05;1;1;1;0;31.7;58;
18.04.2014;10:12:10;1;1;1;0;31.8;58;
18.04.2014;10:12:15;1;0;1;0;31.9;58;
18.04.2014;10:12:20;1;0;1;0;32;58;
18.04.2014;10:12:25;1;1;1;0;32.2;58;
18.04.2014;10:12:30;1;1;1;0;32.2;58;
18.04.2014;10:12:35;1;1;1;0;32.4;58;
18.04.2014;10:12:40;1;1;1;0;32.5;58;
18.04.2014;10:12:45;1;1;1;0;32.6;58;
18.04.2014;10:12:50;1;1;1;0;32.8;58;
18.04.2014;10:12:55;1;0;1;0;32.9;58;
18.04.2014;10:13:00;1;0;1;0;33;58;
18.04.2014;10:13:05;1;1;1;0;33.2;58;
18.04.2014;10:13:10;1;1;1;0;33.3;58;
18.04.2014;10:13:15;1;1;1;0;33.3;58;
18.04.2014;10:13:20;1;1;1;0;33.5;58;
18.04.2014;10:13:25;1;1;1;0;33.5;58;
18.04.2014;10:13:30;1;1;1;0;33.6;58;
18.04.2014;10:13:35;1;0;1;0;33.7;58;
18.04.2014;10:13:40;1;0;1;0;33.8;58;
18.04.2014;10:13:45;1;1;1;0;34;58;
18.04.2014;10:13:50;1;1;1;0;34;58;
18.04.2014;10:13:55;1;1;1;0;34.1;58;
18.04.2014;10:14:00;1;1;1;0;34.2;58;
18.04.2014;10:14:05;1;1;1;0;34.3;58;
18.04.2014;10:14:10;1;1;1;0;34.4;58;
18.04.2014;10:14:15;1;0;1;0;34.5;58;
18.04.2014;10:14:20;1;0;1;0;34.5;58;
18.04.2014;10:14:25;1;1;1;0;34.7;58;
18.04.2014;10:14:30;1;1;1;0;34.8;58;
18.04.2014;10:14:35;1;1;1;0;34.9;58;
18.04.2014;10:14:40;1;1;1;0;35;58;
18.04.2014;10:14:45;1;1;1;0;35.1;58;
18.04.2014;10:14:50;1;1;1;0;35.2;58;
18.04.2014;10:14:55;1;0;1;0;35.3;58;
18.04.2014;10:15:00;1;0;1;0;35.4;58;
18.04.2014;10:15:05;1;1;1;0;35.6;58;
18.04.2014;10:15:10;1;1;1;0;35.7;58;
18.04.2014;10:15:15;1;1;1;0;35.8;58;
18.04.2014;10:15:20;1;1;1;0;35.9;58;
18.04.2014;10:15:25;1;1;1;0;36;58;
18.04.2014;10:15:30;1;1;1;0;36.1;58;
18.04.2014;10:15:36;1;0;1;0;36.2;58;
18.04.2014;10:15:41;1;0;1;0;36.3;58;
18.04.2014;10:15:46;1;1;1;0;36.4;58;
18.04.2014;10:15:51;1;1;1;0;36.5;58;
18.04.2014;10:15:56;1;1;1;0;36.7;58;
18.04.2014;10:16:01;1;1;1;0;36.7;58;
18.04.2014;10:16:06;1;1;1;0;36.8;58;
18.04.2014;10:16:11;1;1;1;0;36.9;58;
18.04.2014;10:16:16;1;0;1;0;37;58;
18.04.2014;10:16:21;1;0;1;0;37.1;58;
18.04.2014;10:16:26;1;1;1;0;37.3;58;
18.04.2014;10:16:31;1;1;1;0;37.3;58;
18.04.2014;10:16:36;1;1;1;0;37.5;58;
18.04.2014;10:16:41;1;1;1;0;37.6;58;
18.04.2014;10:16:46;1;1;1;0;37.7;58;
18.04.2014;10:16:51;1;1;1;0;37.7;58;
18.04.2014;10:16:56;1;0;1;0;37.9;58;
18.04.2014;10:17:01;1;0;1;0;38;58;
18.04.2014;10:17:06;1;1;1;0;38.1;58;
18.04.2014;10:17:11;1;1;1;0;38.2;58;
18.04.2014;10:17:16;1;1;1;0;38.3;58;
18.04.2014;10:17:21;1;1;1;0;38.3;58;
18.04.2014;10:17:26;1;1;1;0;38.4;58;
18.04.2014;10:17:31;1;1;1;0;38.5;58;
18.04.2014;10:17:36;1;0;1;0;38.6;58;
18.04.2014;10:17:41;1;0;1;0;38.7;58;
18.04.2014;10:17:46;1;1;1;0;39;58;
18.04.2014;10:17:51;1;1;1;0;39;58;
18.04.2014;10:17:56;1;1;1;0;39.1;58;
18.04.2014;10:18:01;1;1;1;0;39.2;58;
18.04.2014;10:18:06;1;1;1;0;39.3;58;
18.04.2014;10:18:11;1;1;1;0;39.4;58;
18.04.2014;10:18:16;1;0;1;0;39.5;58;
18.04.2014;10:18:21;1;0;1;0;39.6;58;
18.04.2014;10:18:26;1;1;1;0;39.7;58;
18.04.2014;10:18:31;1;1;1;0;39.8;58;
18.04.2014;10:18:36;1;1;1;0;39.8;58;
18.04.2014;10:18:41;1;1;1;0;40;58;
18.04.2014;10:18:46;1;1;1;0;40.1;58;
18.04.2014;10:18:51;1;1;1;0;40.2;58;
18.04.2014;10:18:56;1;0;1;0;40.3;58;
18.04.2014;10:19:01;1;0;1;0;40.4;58;
18.04.2014;10:19:06;1;1;1;0;40.6;58;
18.04.2014;10:19:11;1;1;1;0;40.7;58;
18.04.2014;10:19:16;1;1;1;0;40.8;58;
18.04.2014;10:19:21;1;1;1;0;40.9;58;
18.04.2014;10:19:26;1;1;1;0;41;58;
18.04.2014;10:19:31;1;1;1;0;41.1;58;
18.04.2014;10:19:36;1;0;1;0;41.3;58;
18.04.2014;10:19:41;1;0;1;0;41.3;58;
18.04.2014;10:19:46;1;1;1;0;41.5;58;
18.04.2014;10:19:51;1;1;1;0;41.6;58;
18.04.2014;10:19:56;1;1;1;0;41.7;58;
18.04.2014;10:20:01;1;1;1;0;41.8;58;
18.04.2014;10:20:06;1;1;1;0;41.9;58;
18.04.2014;10:20:11;1;1;1;0;42;58;
18.04.2014;10:20:16;1;0;1;0;42.1;58;
18.04.2014;10:20:21;1;0;1;0;42.1;58;
18.04.2014;10:20:26;1;1;1;0;42.4;58;
18.04.2014;10:20:31;1;1;1;0;42.5;58;
18.04.2014;10:20:36;1;1;1;0;42.5;58;
18.04.2014;10:20:41;1;1;1;0;42.6;58;
18.04.2014;10:20:46;1;1;1;0;42.6;58;
18.04.2014;10:20:51;1;1;1;0;42.7;58;
18.04.2014;10:20:56;1;0;1;0;42.9;58;
18.04.2014;10:21:01;1;0;1;0;43;58;
18.04.2014;10:21:06;1;1;1;0;43.1;58;
18.04.2014;10:21:11;1;1;1;0;43.2;58;
18.04.2014;10:21:16;1;1;1;0;43.3;58;
18.04.2014;10:21:21;1;1;1;0;43.4;58;
18.04.2014;10:21:26;1;1;1;0;43.5;58;
18.04.2014;10:21:31;1;1;1;0;43.6;58;
18.04.2014;10:21:36;1;0;1;0;43.7;58;
18.04.2014;10:21:41;1;0;1;0;43.7;58;
18.04.2014;10:21:46;1;1;1;0;43.8;58;
18.04.2014;10:21:51;1;1;1;0;44;58;
18.04.2014;10:21:56;1;1;1;0;44.1;58;
18.04.2014;10:22:01;1;1;1;0;44.2;58;
18.04.2014;10:22:06;1;1;1;0;44.4;58;
18.04.2014;10:22:11;1;1;1;0;44.5;58;
18.04.2014;10:22:16;1;0;1;0;44.6;58;
18.04.2014;10:22:21;1;0;1;0;44.6;58;
18.04.2014;10:22:26;1;1;1;0;44.8;58;
18.04.2014;10:22:31;1;1;1;0;44.9;58;
18.04.2014;10:22:36;1;1;1;0;44.9;58;
18.04.2014;10:22:41;1;1;1;0;45;58;
18.04.2014;10:22:46;1;1;1;0;45.1;58;
18.04.2014;10:22:51;1;1;1;0;45.2;58;
18.04.2014;10:22:56;1;0;1;0;45.3;58;
18.04.2014;10:23:01;1;0;1;0;45.4;58;
18.04.2014;10:23:06;1;1;1;0;45.5;58;
18.04.2014;10:23:11;1;1;1;0;45.7;58;
18.04.2014;10:23:16;1;1;0;0;45.8;58;
18.04.2014;10:23:21;1;1;0;0;45.8;58;
18.04.2014;10:23:26;1;1;0;0;45.9;58;
18.04.2014;10:23:31;1;1;0;0;46.1;58;
18.04.2014;10:23:36;1;0;0;0;46.1;58;
18.04.2014;10:23:41;1;0;0;0;46.2;58;
18.04.2014;10:23:46;1;1;0;0;46.3;58;
18.04.2014;10:23:51;1;1;0;0;46.4;58;
18.04.2014;10:23:56;1;1;0;0;46.5;58;
18.04.2014;10:24:01;1;1;0;0;46.7;58;
18.04.2014;10:24:06;1;1;0;0;46.8;58;
18.04.2014;10:24:11;1;1;0;0;46.8;58;
18.04.2014;10:24:16;1;0;0;0;47;58;
18.04.2014;10:24:21;1;0;0;0;47.1;58;
18.04.2014;10:24:26;1;1;0;0;47.2;58;
18.04.2014;10:24:31;1;1;0;0;47.4;58;
18.04.2014;10:24:36;1;1;0;0;47.5;58;
18.04.2014;10:24:41;1;1;0;0;47.8;58;
18.04.2014;10:24:46;1;1;0;0;47.8;58;
18.04.2014;10:24:51;1;1;0;0;47.8;58;
18.04.2014;10:24:56;1;0;0;0;47.9;58;
18.04.2014;10:25:01;1;0;0;0;47.9;58;
18.04.2014;10:25:06;1;1;0;0;48;58;
18.04.2014;10:25:11;1;1;0;0;48.1;58;
18.04.2014;10:25:16;1;1;0;0;48.1;58;
18.04.2014;10:25:21;1;1;0;0;48.2;58;
18.04.2014;10:25:26;1;1;0;0;48.3;58;
18.04.2014;10:25:31;1;1;0;0;48.5;58;
18.04.2014;10:25:36;1;0;0;0;48.7;58;
18.04.2014;10:25:41;1;0;0;0;48.7;58;
18.04.2014;10:25:46;1;1;0;0;48.8;58;
18.04.2014;10:25:51;1;1;0;0;48.9;58;
18.04.2014;10:25:56;1;1;0;0;49.1;58;
18.04.2014;10:26:01;1;1;0;0;49.2;58;
18.04.2014;10:26:06;1;1;0;0;49.3;58;
18.04.2014;10:26:11;1;1;0;0;49.4;58;
18.04.2014;10:26:16;1;0;0;0;49.5;58;
18.04.2014;10:26:21;1;0;0;0;49.6;58;
18.04.2014;10:26:26;1;1;0;0;49.7;58;
18.04.2014;10:26:31;1;1;0;0;49.9;58;
18.04.2014;10:26:36;1;1;0;0;50;58;
18.04.2014;10:26:41;1;1;0;0;50.1;58;
18.04.2014;10:26:46;1;1;0;0;50.3;58;
18.04.2014;10:26:51;1;1;0;0;50.4;58;
18.04.2014;10:26:56;1;0;0;0;50.5;58;
18.04.2014;10:27:01;1;0;0;0;50.6;58;
18.04.2014;10:27:06;1;1;0;0;50.6;58;
18.04.2014;10:27:12;1;1;0;0;50.8;58;
18.04.2014;10:27:17;1;1;0;0;50.8;58;
18.04.2014;10:27:22;1;1;0;0;50.8;58;
18.04.2014;10:27:27;1;1;0;0;50.9;58;
18.04.2014;10:27:32;1;1;0;0;51;58;
18.04.2014;10:27:37;1;0;0;0;51.1;58;
18.04.2014;10:27:42;1;0;0;0;51.1;58;
18.04.2014;10:27:47;1;1;0;0;51.2;58;
18.04.2014;10:27:52;1;1;0;0;51.4;58;
18.04.2014;10:27:57;1;1;0;0;51.5;58;
18.04.2014;10:28:02;1;1;0;0;51.6;58;
18.04.2014;10:28:07;1;1;0;0;51.7;58;
18.04.2014;10:28:12;1;1;0;0;51.8;58;
18.04.2014;10:28:17;1;0;0;0;52;58;
18.04.2014;10:28:22;1;0;0;0;52;58;
18.04.2014;10:28:27;1;1;0;0;52.2;58;
18.04.2014;10:28:32;1;1;0;0;52.2;58;
18.04.2014;10:28:37;1;1;0;0;52.2;58;
18.04.2014;10:28:42;1;1;0;0;52.4;58;
18.04.2014;10:28:47;1;1;0;0;52.5;58;
18.04.2014;10:28:52;1;1;0;0;52.6;58;
18.04.2014;10:28:57;1;0;0;0;52.6;58;
18.04.2014;10:29:02;1;0;0;0;52.7;58;
18.04.2014;10:29:07;1;1;0;0;52.9;58;
18.04.2014;10:29:12;1;1;0;0;53.1;58;
18.04.2014;10:29:17;1;1;0;0;53.3;58;
18.04.2014;10:29:22;1;1;0;0;53.4;58;
18.04.2014;10:29:27;1;1;0;0;53.4;58;
18.04.2014;10:29:32;1;1;0;0;53.5;58;
18.04.2014;10:29:37;1;0;0;0;53.6;58;
18.04.2014;10:29:42;1;0;0;0;53.7;58;
18.04.2014;10:29:47;1;1;0;0;53.8;58;
18.04.2014;10:29:52;1;1;0;0;54;58;
18.04.2014;10:29:57;1;1;0;0;54.2;58;
18.04.2014;10:30:02;1;1;0;0;54.2;58;
18.04.2014;10:30:07;1;1;0;0;54.3;58;
18.04.2014;10:30:12;1;1;0;0;54.3;58;
18.04.2014;10:30:17;1;0;0;0;54.3;58;
18.04.2014;10:30:22;1;0;0;0;54.5;58;
18.04.2014;10:30:27;1;1;0;0;54.5;58;
18.04.2014;10:30:32;1;1;0;0;54.6;58;
18.04.2014;10:30:37;1;1;0;0;54.7;58;
18.04.2014;10:30:42;1;1;0;0;54.8;58;
18.04.2014;10:30:47;1;1;0;0;54.9;58;
18.04.2014;10:30:52;1;1;0;0;55;58;
18.04.2014;10:30:57;1;0;0;0;55.1;58;
18.04.2014;10:31:02;1;0;0;0;55.2;58;
18.04.2014;10:31:07;1;1;0;0;55.3;58;
18.04.2014;10:31:12;1;1;0;0;55.4;58;
18.04.2014;10:31:17;1;1;0;0;55.5;58;
18.04.2014;10:31:22;1;1;0;0;55.6;58;
18.04.2014;10:31:27;1;1;0;0;55.7;58;
18.04.2014;10:31:32;1;1;0;0;55.8;58;
18.04.2014;10:31:37;1;0;0;0;55.8;58;
18.04.2014;10:31:42;1;0;0;0;55.9;58;
18.04.2014;10:31:47;1;1;0;0;56;58;
18.04.2014;10:31:52;0;1;0;0;56.3;58;
18.04.2014;10:31:57;0;1;0;0;56.3;58;
18.04.2014;10:32:02;1;1;0;0;56.5;58;
18.04.2014;10:32:07;0;1;0;0;56.6;58;
18.04.2014;10:32:12;0;1;0;0;56.7;58;
18.04.2014;10:32:17;1;0;0;0;56.8;58;
18.04.2014;10:32:22;0;0;0;0;56.8;58;
18.04.2014;10:32:27;0;1;0;0;56.9;58;
18.04.2014;10:32:32;1;1;0;0;57;58;
18.04.2014;10:32:37;0;1;0;0;57.1;58;
18.04.2014;10:32:42;0;1;0;0;57.3;58;
18.04.2014;10:32:47;1;1;0;0;57.4;58;
18.04.2014;10:32:52;0;1;0;0;57.5;58;
18.04.2014;10:32:57;0;0;0;0;57.5;58;
18.04.2014;10:33:02;1;0;0;0;57.5;58;
18.04.2014;10:33:07;0;1;0;0;57.5;58;
18.04.2014;10:33:12;0;1;0;0;57.6;58;
18.04.2014;10:33:17;1;1;0;0;57.7;58;
18.04.2014;10:33:22;0;1;0;0;57.7;58;
18.04.2014;10:33:27;0;1;0;0;57.7;58;
18.04.2014;10:33:32;1;1;0;0;57.8;58;
18.04.2014;10:33:37;0;0;0;0;57.8;58;
18.04.2014;10:33:42;0;0;0;0;57.9;58;
18.04.2014;10:33:47;1;1;0;0;57.9;58;
18.04.2014;10:33:52;0;1;0;1;58.2;58;
18.04.2014;10:33:57;0;1;0;1;58.3;58;
18.04.2014;10:34:02;0;1;0;1;58.4;58;
18.04.2014;10:34:07;0;1;0;1;58.3;58;
18.04.2014;10:34:12;0;1;0;1;58.4;58;
18.04.2014;10:34:17;0;0;0;1;58.4;58;
18.04.2014;10:34:22;0;0;0;1;58.5;58;
18.04.2014;10:34:27;0;1;0;1;58.5;58;
18.04.2014;10:34:32;0;1;0;1;58.5;58;
18.04.2014;10:34:37;0;1;0;1;58.6;58;
18.04.2014;10:34:42;0;1;0;1;58.6;58;
18.04.2014;10:34:47;0;1;0;1;58.6;58;
18.04.2014;10:34:52;0;1;0;1;58.5;58;
18.04.2014;10:34:57;0;0;0;1;58.6;58;
18.04.2014;10:35:02;0;0;0;0;58.6;58;
18.04.2014;10:35:07;1;1;0;0;58.7;64;
18.04.2014;10:35:12;1;1;0;0;58.9;64;
18.04.2014;10:35:17;1;1;0;0;58.9;64;
18.04.2014;10:35:22;1;1;0;0;59;64;
18.04.2014;10:35:27;1;0;0;0;59;64;
18.04.2014;10:35:32;1;0;0;0;59;64;
18.04.2014;10:35:37;1;0;0;0;58.9;64;
18.04.2014;10:35:42;1;0;0;0;58.9;64;
18.04.2014;10:35:47;1;1;0;0;59;64;
18.04.2014;10:35:52;1;1;0;0;59;64;
18.04.2014;10:35:57;1;1;0;0;59;64;
18.04.2014;10:36:02;1;1;0;0;58.9;64;
18.04.2014;10:36:07;1;0;0;0;59;64;
18.04.2014;10:36:12;1;0;0;0;59;64;
18.04.2014;10:36:17;1;0;0;0;59.1;64;
18.04.2014;10:36:22;1;0;0;0;59.1;64;
18.04.2014;10:36:27;1;1;0;0;59.2;64;
18.04.2014;10:36:32;1;1;0;0;59.1;64;
18.04.2014;10:36:37;1;1;0;0;59.2;64;
18.04.2014;10:36:42;1;1;0;0;59.3;64;
18.04.2014;10:36:47;1;0;0;0;59.5;64;
18.04.2014;10:36:52;1;0;0;0;59.5;64;
18.04.2014;10:36:57;1;0;0;0;59.6;64;
18.04.2014;10:37:02;1;0;0;0;59.6;64;
18.04.2014;10:37:07;1;1;0;0;59.7;64;
18.04.2014;10:37:12;1;1;0;0;59.7;64;
18.04.2014;10:37:17;1;1;0;0;59.7;64;
18.04.2014;10:37:22;1;1;0;0;59.7;64;
18.04.2014;10:37:27;1;0;0;0;59.9;64;
18.04.2014;10:37:32;1;0;0;0;60.1;64;
18.04.2014;10:37:37;1;0;0;0;60;64;
18.04.2014;10:37:42;1;0;0;0;60;64;
18.04.2014;10:37:47;1;1;0;0;60.1;64;
18.04.2014;10:37:52;1;1;0;0;60.1;64;
18.04.2014;10:37:57;1;1;0;0;60.2;64;
18.04.2014;10:38:02;1;1;0;0;60.4;64;
18.04.2014;10:38:07;1;0;0;0;60.4;64;
18.04.2014;10:38:12;1;0;0;0;60.5;64;
18.04.2014;10:38:17;1;0;0;0;60.5;64;
18.04.2014;10:38:22;1;0;0;0;60.5;64;
18.04.2014;10:38:27;1;1;0;0;60.6;64;
18.04.2014;10:38:32;1;1;0;0;60.7;64;
18.04.2014;10:38:37;1;1;0;0;60.8;64;
18.04.2014;10:38:42;1;1;0;0;60.9;64;
18.04.2014;10:38:48;1;0;0;0;61;64;
18.04.2014;10:38:53;1;0;0;0;61;64;
18.04.2014;10:38:58;1;0;0;0;61.1;64;
18.04.2014;10:39:03;1;0;0;0;61.3;64;
18.04.2014;10:39:08;1;1;0;0;61.4;64;
18.04.2014;10:39:13;1;1;0;0;61.5;64;
18.04.2014;10:39:18;1;1;0;0;61.6;64;
18.04.2014;10:39:23;1;1;0;0;61.6;64;
18.04.2014;10:39:28;1;0;0;0;61.6;64;
18.04.2014;10:39:33;1;0;0;0;61.6;64;
18.04.2014;10:39:38;1;0;0;0;61.7;64;
18.04.2014;10:39:43;1;0;0;0;61.8;64;
18.04.2014;10:39:48;1;1;0;0;61.8;64;
18.04.2014;10:39:53;1;1;0;0;61.9;64;
18.04.2014;10:39:58;1;1;0;0;61.9;64;
18.04.2014;10:40:03;1;1;0;0;62.1;64;
18.04.2014;10:40:08;0;0;0;0;62.3;64;
18.04.2014;10:40:13;0;0;0;0;62.4;64;
18.04.2014;10:40:18;1;0;0;0;62.5;64;
18.04.2014;10:40:23;0;0;0;0;62.6;64;
18.04.2014;10:40:28;0;1;0;0;62.7;64;
18.04.2014;10:40:33;1;1;0;0;62.8;64;
18.04.2014;10:40:38;0;1;0;0;63;64;
18.04.2014;10:40:43;0;1;0;0;63.1;64;
18.04.2014;10:40:48;1;0;0;0;63;64;
18.04.2014;10:40:53;0;0;0;0;63.2;64;
18.04.2014;10:40:58;0;0;0;0;63.2;64;
18.04.2014;10:41:03;1;0;0;0;63.3;64;
18.04.2014;10:41:08;0;1;0;0;63.3;64;
18.04.2014;10:41:13;0;1;0;0;63.4;64;
18.04.2014;10:41:18;1;1;0;0;63.5;64;
18.04.2014;10:41:23;0;1;0;0;63.6;64;
18.04.2014;10:41:28;0;0;0;0;63.7;64;
18.04.2014;10:41:33;1;0;0;0;63.7;64;
18.04.2014;10:41:38;0;0;0;0;63.7;64;
18.04.2014;10:41:43;0;0;0;0;63.7;64;
18.04.2014;10:41:48;1;1;0;0;63.8;64;
18.04.2014;10:41:53;0;1;0;0;63.8;64;
18.04.2014;10:41:58;0;1;0;0;63.9;64;
18.04.2014;10:42:03;1;1;0;0;63.9;64;
18.04.2014;10:42:08;0;0;0;0;64;64;
18.04.2014;10:42:13;0;1;0;0;64.1;64;
18.04.2014;10:42:18;0;1;0;0;64.2;64;
18.04.2014;10:42:23;0;1;0;0;64.2;64;
18.04.2014;10:42:28;0;1;0;0;64.1;64;
18.04.2014;10:42:33;0;0;0;0;64.2;64;
18.04.2014;10:42:38;0;0;0;0;64.3;64;
18.04.2014;10:42:43;0;0;0;0;64.3;64;
18.04.2014;10:42:48;0;0;0;0;64.3;64;
18.04.2014;10:42:53;0;1;0;0;64.3;64;
18.04.2014;10:42:58;0;1;0;0;64.3;64;
18.04.2014;10:43:03;0;1;0;0;64.3;64;
18.04.2014;10:43:08;0;1;0;0;64.5;64;
18.04.2014;10:43:13;0;0;0;0;64.5;64;
18.04.2014;10:43:18;0;0;0;0;64.4;64;
18.04.2014;10:43:23;0;0;0;0;64.5;64;
18.04.2014;10:43:28;0;0;0;0;64.5;64;
18.04.2014;10:43:33;0;1;0;0;64.6;64;
18.04.2014;10:43:38;0;1;0;0;64.6;64;
18.04.2014;10:43:43;0;1;0;0;64.6;64;
18.04.2014;10:43:48;0;1;0;0;64.6;64;
18.04.2014;10:43:53;0;0;0;0;64.6;64;
18.04.2014;10:43:58;0;0;0;0;64.6;64;
18.04.2014;10:44:03;0;0;0;0;64.6;64;
18.04.2014;10:44:08;0;0;0;0;64.5;64;
18.04.2014;10:44:13;0;1;0;0;64.6;64;
18.04.2014;10:44:18;0;1;0;0;64.6;64;
18.04.2014;10:44:23;0;1;0;0;64.6;64;
18.04.2014;10:44:28;0;1;0;0;64.6;64;
18.04.2014;10:44:33;0;0;0;0;64.5;64;
18.04.2014;10:44:38;0;0;0;0;64.7;64;
18.04.2014;10:44:43;0;0;0;0;64.6;64;
18.04.2014;10:44:48;0;0;0;0;64.8;64;
18.04.2014;10:44:53;0;1;0;0;64.7;64;
18.04.2014;10:44:58;0;1;0;0;64.6;64;
18.04.2014;10:45:03;0;1;0;0;64.6;64;
18.04.2014;10:45:08;0;1;0;0;64.6;64;
18.04.2014;10:45:13;0;0;0;0;64.6;64;
18.04.2014;10:45:18;0;0;0;0;64.5;64;
18.04.2014;10:45:23;0;0;0;0;64.5;64;
18.04.2014;10:45:28;0;0;0;0;64.5;64;
18.04.2014;10:45:33;0;1;0;0;64.6;64;
18.04.2014;10:45:38;0;1;0;0;64.5;64;
18.04.2014;10:45:43;0;1;0;0;64.5;64;
18.04.2014;10:45:48;0;1;0;0;64.4;64;
18.04.2014;10:45:53;0;0;0;0;64.5;64;
18.04.2014;10:45:58;0;0;0;0;64.5;64;
18.04.2014;10:46:03;0;0;0;0;64.4;64;
18.04.2014;10:46:08;0;0;0;0;64.4;64;
18.04.2014;10:46:13;0;1;0;0;64.4;64;
18.04.2014;10:46:18;0;1;0;0;64.4;64;
18.04.2014;10:46:23;0;1;0;0;64.4;64;
18.04.2014;10:46:28;0;1;0;0;64.4;64;
18.04.2014;10:46:33;0;0;0;0;64.4;64;
18.04.2014;10:46:38;0;0;0;0;64.4;64;
18.04.2014;10:46:43;0;0;0;0;64.4;64;
18.04.2014;10:46:48;0;0;0;0;64.4;64;
18.04.2014;10:46:53;0;1;0;0;64.4;64;
18.04.2014;10:46:58;0;1;0;0;64.4;64;
18.04.2014;10:47:03;0;1;0;0;64.4;64;
18.04.2014;10:47:08;0;1;0;0;64.5;64;
18.04.2014;10:47:13;0;0;0;0;64.3;64;
18.04.2014;10:47:18;0;0;0;0;64.3;64;
18.04.2014;10:47:23;0;0;0;0;64.2;64;
18.04.2014;10:47:28;0;0;0;0;64.2;64;
18.04.2014;10:47:33;0;1;0;0;64.2;64;
18.04.2014;10:47:38;0;1;0;0;64.2;64;
18.04.2014;10:47:43;0;1;0;0;64.2;64;
18.04.2014;10:47:48;0;1;0;0;64.2;64;
18.04.2014;10:47:53;0;0;0;0;64.2;64;
18.04.2014;10:47:58;0;0;0;0;64.2;64;
18.04.2014;10:48:03;0;0;0;0;64.2;64;
18.04.2014;10:48:08;0;0;0;0;64.1;64;
18.04.2014;10:48:13;0;1;0;0;64.1;64;
18.04.2014;10:48:18;0;1;0;0;64.1;64;
18.04.2014;10:48:23;0;1;0;0;64.1;64;
18.04.2014;10:48:28;0;1;0;0;64.1;64;
18.04.2014;10:48:33;0;0;0;0;64.1;64;
18.04.2014;10:48:38;0;0;0;0;64.1;64;
18.04.2014;10:48:43;0;0;0;0;64;64;
18.04.2014;10:48:48;0;0;0;0;63.9;64;
18.04.2014;10:48:53;1;1;0;0;64;64;
18.04.2014;10:48:58;0;1;0;0;64.1;64;
18.04.2014;10:49:03;0;1;0;0;64;64;
18.04.2014;10:49:08;0;1;0;0;64;64;
18.04.2014;10:49:13;1;0;0;0;63.9;64;
18.04.2014;10:49:18;0;0;0;0;64;64;
18.04.2014;10:49:23;0;0;0;0;64;64;
18.04.2014;10:49:28;0;0;0;0;64;64;
18.04.2014;10:49:33;0;1;0;0;64;64;
18.04.2014;10:49:38;0;1;0;0;64;64;
18.04.2014;10:49:43;1;1;0;0;63.9;64;
18.04.2014;10:49:48;0;1;0;0;63.9;64;
18.04.2014;10:49:53;0;0;0;0;63.9;64;
18.04.2014;10:49:58;1;0;0;0;63.9;64;
18.04.2014;10:50:03;0;0;0;0;63.8;64;
18.04.2014;10:50:08;0;0;0;0;63.9;64;
18.04.2014;10:50:13;1;1;0;0;63.8;64;
18.04.2014;10:50:18;0;1;0;0;63.8;64;
18.04.2014;10:50:24;0;1;0;0;63.8;64;
18.04.2014;10:50:29;1;0;0;0;63.7;64;
18.04.2014;10:50:34;0;0;0;0;63.7;64;
18.04.2014;10:50:39;0;0;0;0;63.6;64;
18.04.2014;10:50:44;1;0;0;0;63.5;64;
18.04.2014;10:50:49;0;1;0;0;63.5;64;
18.04.2014;10:50:54;0;1;0;0;63.7;64;
18.04.2014;10:50:59;1;1;0;0;63.7;64;
18.04.2014;10:51:04;0;1;0;0;63.7;64;
18.04.2014;10:51:09;0;0;0;0;63.7;64;
18.04.2014;10:51:14;1;0;0;0;63.7;64;
18.04.2014;10:51:19;0;0;0;0;63.7;64;
18.04.2014;10:51:24;0;0;0;0;63.7;64;
18.04.2014;10:51:29;1;1;0;0;63.7;64;
18.04.2014;10:51:34;0;1;0;0;63.7;64;
18.04.2014;10:51:39;0;1;0;0;63.7;64;
18.04.2014;10:51:44;1;1;0;0;63.6;64;
18.04.2014;10:51:49;0;0;0;0;63.7;64;
18.04.2014;10:51:54;0;0;0;0;63.7;64;
18.04.2014;10:51:59;1;0;0;0;63.7;64;
18.04.2014;10:52:04;0;0;0;0;63.8;64;
18.04.2014;10:52:09;0;1;0;0;63.7;64;
18.04.2014;10:52:14;1;1;0;0;63.6;64;
18.04.2014;10:52:19;0;1;0;0;63.7;64;
18.04.2014;10:52:24;0;1;0;0;63.6;64;
18.04.2014;10:52:29;1;0;0;0;63.7;64;
18.04.2014;10:52:34;0;0;0;0;63.7;64;
18.04.2014;10:52:39;0;0;0;0;63.6;64;
18.04.2014;10:52:44;1;0;0;0;63.7;64;
18.04.2014;10:52:49;0;1;0;0;63.7;64;
18.04.2014;10:52:54;0;1;0;0;63.7;64;
18.04.2014;10:52:59;1;1;0;0;63.7;64;
18.04.2014;10:53:04;0;1;0;0;63.6;64;
18.04.2014;10:53:09;0;0;0;0;63.7;64;
18.04.2014;10:53:14;1;0;0;0;63.7;64;
18.04.2014;10:53:19;0;0;0;0;63.6;64;
18.04.2014;10:53:24;0;0;0;0;63.7;64;
18.04.2014;10:53:29;1;1;0;0;63.7;64;
18.04.2014;10:53:34;0;1;0;0;63.8;64;
18.04.2014;10:53:39;0;1;0;0;63.9;64;
18.04.2014;10:53:44;1;1;0;0;63.9;64;
18.04.2014;10:53:49;0;0;0;0;63.9;64;
18.04.2014;10:53:54;0;0;0;0;64;64;
18.04.2014;10:53:59;0;0;0;0;64;64;
18.04.2014;10:54:04;0;0;0;0;64;64;
18.04.2014;10:54:09;1;1;0;0;63.8;64;
18.04.2014;10:54:14;0;1;0;0;63.8;64;
18.04.2014;10:54:19;0;1;0;0;63.7;64;
18.04.2014;10:54:24;1;1;0;0;63.9;64;
18.04.2014;10:54:29;0;0;0;0;63.8;64;
18.04.2014;10:54:34;0;0;0;0;63.8;64;
18.04.2014;10:54:39;1;0;0;0;63.8;64;
18.04.2014;10:54:44;0;0;0;0;63.8;64;
18.04.2014;10:54:49;0;1;0;0;63.8;64;
18.04.2014;10:54:54;1;1;0;0;63.9;64;
18.04.2014;10:54:59;0;1;0;0;64;64;
18.04.2014;10:55:04;0;1;0;0;64;64;
18.04.2014;10:55:09;0;0;0;0;64.1;64;
18.04.2014;10:55:14;0;0;0;0;64.1;64;
18.04.2014;10:55:19;1;0;0;0;63.9;64;
18.04.2014;10:55:24;0;0;0;0;64;64;
18.04.2014;10:55:29;0;1;0;0;64;64;
18.04.2014;10:55:34;0;1;0;0;64.1;64;
18.04.2014;10:55:39;0;1;0;0;64;64;
18.04.2014;10:55:44;0;1;0;0;64;64;
18.04.2014;10:55:49;0;0;0;0;64.1;64;
18.04.2014;10:55:54;0;0;0;0;64;64;
18.04.2014;10:55:59;0;0;0;0;64;64;
18.04.2014;10:56:04;0;0;0;0;64;64;
18.04.2014;10:56:09;0;1;0;0;64;64;
18.04.2014;10:56:14;0;1;0;0;64;64;
18.04.2014;10:56:19;0;1;0;0;64.1;64;
18.04.2014;10:56:24;0;1;0;0;64;64;
18.04.2014;10:56:29;0;0;0;0;64;64;
18.04.2014;10:56:34;0;0;0;0;64.1;64;
18.04.2014;10:56:39;0;0;0;0;64.1;64;
18.04.2014;10:56:44;0;0;0;0;64.1;64;
18.04.2014;10:56:49;0;1;0;0;64;64;
18.04.2014;10:56:54;0;1;0;0;64.1;64;
18.04.2014;10:56:59;0;1;0;0;64.2;64;
18.04.2014;10:57:04;0;1;0;0;64.1;64;
18.04.2014;10:57:09;0;0;0;0;64;64;
18.04.2014;10:57:14;1;0;0;0;63.9;64;
18.04.2014;10:57:19;0;0;0;0;64;64;
18.04.2014;10:57:24;1;0;0;0;63.9;64;
18.04.2014;10:57:29;0;1;0;0;63.9;64;
18.04.2014;10:57:34;0;1;0;0;64;64;
18.04.2014;10:57:39;0;1;0;0;64;64;
18.04.2014;10:57:44;0;1;0;0;64;64;
18.04.2014;10:57:49;0;0;0;0;64.1;64;
18.04.2014;10:57:54;1;0;0;0;63.9;64;
18.04.2014;10:57:59;0;0;0;0;64;64;
18.04.2014;10:58:04;1;0;0;0;63.9;64;
18.04.2014;10:58:09;0;1;0;0;63.9;64;
18.04.2014;10:58:14;0;1;0;0;63.9;64;
18.04.2014;10:58:19;0;1;0;0;64;64;
18.04.2014;10:58:24;0;1;0;0;64;64;
18.04.2014;10:58:29;0;0;0;0;64.1;64;
18.04.2014;10:58:34;0;0;0;0;64.1;64;
18.04.2014;10:58:39;0;0;0;0;64;64;
18.04.2014;10:58:44;0;0;0;0;64;64;
18.04.2014;10:58:49;0;1;0;0;64;64;
18.04.2014;10:58:54;0;1;0;0;64;64;
18.04.2014;10:58:59;0;1;0;0;63.9;64;
18.04.2014;10:59:04;0;1;0;0;63.9;64;
18.04.2014;10:59:09;0;0;0;0;64;64;
18.04.2014;10:59:14;0;0;0;0;64;64;
18.04.2014;10:59:19;0;0;0;0;64;64;
18.04.2014;10:59:24;1;0;0;0;63.9;64;
18.04.2014;10:59:29;0;1;0;0;63.9;64;
18.04.2014;10:59:34;0;1;0;0;64;64;
18.04.2014;10:59:39;0;1;0;0;63.9;64;
18.04.2014;10:59:44;0;1;0;0;64;64;
18.04.2014;10:59:49;0;0;0;0;64;64;
18.04.2014;10:59:54;1;0;0;0;63.9;64;
18.04.2014;11:00:00;0;0;0;0;63.9;64;
18.04.2014;11:00:05;0;0;0;0;63.9;64;
18.04.2014;11:00:10;1;1;0;0;63.8;64;
18.04.2014;11:00:15;0;1;0;0;63.9;64;
18.04.2014;11:00:20;0;1;0;0;63.9;64;
18.04.2014;11:00:25;1;1;0;0;63.9;64;
18.04.2014;11:00:30;0;0;0;0;64;64;
18.04.2014;11:00:35;0;0;0;0;64;64;
18.04.2014;11:00:40;0;0;0;0;64;64;
18.04.2014;11:00:45;1;0;0;0;63.9;64;
18.04.2014;11:00:50;0;1;0;0;64;64;
18.04.2014;11:00:55;1;1;0;0;63.9;64;
18.04.2014;11:01:00;0;1;0;0;64;64;
18.04.2014;11:01:05;0;1;0;0;64;64;
18.04.2014;11:01:10;0;0;0;0;64;64;
18.04.2014;11:01:15;1;0;0;0;63.9;64;
18.04.2014;11:01:20;0;0;0;0;63.9;64;
18.04.2014;11:01:25;0;0;0;0;64;64;
18.04.2014;11:01:30;0;1;0;0;64;64;
18.04.2014;11:01:35;0;1;0;0;64;64;
18.04.2014;11:01:40;0;1;0;0;64;64;
18.04.2014;11:01:45;0;1;0;0;64;64;
18.04.2014;11:01:50;0;0;0;0;64;64;
18.04.2014;11:01:55;1;0;0;0;63.9;64;
18.04.2014;11:02:00;0;0;0;0;64;64;
18.04.2014;11:02:05;0;0;0;0;64.1;64;
18.04.2014;11:02:10;0;1;0;0;64;64;
18.04.2014;11:02:15;0;1;0;0;64;64;
18.04.2014;11:02:20;0;1;0;0;64.1;64;
18.04.2014;11:02:25;0;1;0;0;64;64;
18.04.2014;11:02:30;0;0;0;0;64;64;
18.04.2014;11:02:35;0;0;0;0;64;64;
18.04.2014;11:02:40;0;0;0;0;64.1;64;
18.04.2014;11:02:45;0;0;0;0;64.1;64;
18.04.2014;11:02:50;0;1;0;0;64.1;64;
18.04.2014;11:02:55;0;1;0;0;64.2;64;
18.04.2014;11:03:00;0;1;0;0;64.1;64;
18.04.2014;11:03:05;0;1;0;0;64.1;64;
18.04.2014;11:03:10;0;0;0;0;64.1;64;
18.04.2014;11:03:15;0;0;0;0;64.1;64;
18.04.2014;11:03:20;0;0;0;0;64.1;64;
18.04.2014;11:03:25;0;0;0;0;64.2;64;
18.04.2014;11:03:30;0;1;0;0;64.1;64;
18.04.2014;11:03:35;0;1;0;0;64.1;64;
18.04.2014;11:03:40;0;1;0;0;64;64;
18.04.2014;11:03:45;0;1;0;0;63.9;64;
18.04.2014;11:03:50;0;0;0;0;64;64;
18.04.2014;11:03:55;1;0;0;0;63.8;64;
18.04.2014;11:04:00;0;0;0;0;63.8;64;
18.04.2014;11:04:05;0;0;0;0;63.9;64;
18.04.2014;11:04:10;1;1;0;0;63.9;64;
18.04.2014;11:04:15;0;1;0;0;63.9;64;
18.04.2014;11:04:20;0;1;0;0;63.9;64;
18.04.2014;11:04:25;0;1;0;0;64;64;
18.04.2014;11:04:30;0;0;0;0;63.7;64;
18.04.2014;11:04:35;0;0;0;0;63.8;64;
18.04.2014;11:04:40;0;0;0;0;63.7;64;
18.04.2014;11:04:45;1;0;0;0;63.7;64;
18.04.2014;11:04:50;0;1;0;0;63.8;64;
18.04.2014;11:04:55;0;1;0;0;63.7;64;
18.04.2014;11:05:00;1;1;0;0;63.8;64;
18.04.2014;11:05:05;0;1;0;0;63.8;64;
18.04.2014;11:05:10;0;0;0;0;63.8;64;
18.04.2014;11:05:15;1;0;0;0;63.7;64;
18.04.2014;11:05:20;0;0;0;0;63.7;64;
18.04.2014;11:05:25;0;0;0;0;63.6;64;
18.04.2014;11:05:30;1;1;0;0;63.7;64;
18.04.2014;11:05:35;0;1;0;0;63.7;64;
18.04.2014;11:05:40;0;1;0;0;63.7;64;
18.04.2014;11:05:45;1;1;0;0;63.6;64;
18.04.2014;11:05:50;0;0;0;0;63.8;64;
18.04.2014;11:05:55;0;0;0;0;63.8;64;
18.04.2014;11:06:00;1;0;0;0;63.7;64;
18.04.2014;11:06:05;0;0;0;0;63.8;64;
18.04.2014;11:06:10;0;1;0;0;63.8;64;
18.04.2014;11:06:15;1;1;0;0;63.8;64;
18.04.2014;11:06:20;0;1;0;0;63.8;64;
18.04.2014;11:06:25;0;1;0;0;63.9;64;
18.04.2014;11:06:30;1;0;0;0;63.9;64;
18.04.2014;11:06:35;0;0;0;0;63.8;64;
18.04.2014;11:06:40;0;0;0;0;63.8;64;
18.04.2014;11:06:45;1;0;0;0;63.9;64;
18.04.2014;11:06:50;0;1;0;0;63.9;64;
18.04.2014;11:06:55;0;1;0;0;63.9;64;
18.04.2014;11:07:00;1;1;0;0;63.9;64;
18.04.2014;11:07:05;0;1;0;0;63.9;64;
18.04.2014;11:07:10;0;0;0;0;63.9;64;
18.04.2014;11:07:15;1;0;0;0;63.9;64;
18.04.2014;11:07:20;0;0;0;0;63.8;64;
18.04.2014;11:07:25;0;0;0;0;64;64;
18.04.2014;11:07:30;0;1;0;0;64;64;
18.04.2014;11:07:35;0;1;0;0;64;64;
18.04.2014;11:07:40;0;1;0;0;64;64;
18.04.2014;11:07:45;1;1;0;0;64;64;
18.04.2014;11:07:50;0;0;0;0;64.1;64;
18.04.2014;11:07:55;0;0;0;0;64.2;64;
18.04.2014;11:08:00;0;0;0;0;64.2;64;
18.04.2014;11:08:05;0;0;0;0;64.2;64;
18.04.2014;11:08:10;0;1;0;0;64.1;64;
18.04.2014;11:08:15;0;1;0;0;64.1;64;
18.04.2014;11:08:20;0;1;0;0;64.1;64;
18.04.2014;11:08:25;0;1;0;0;64;64;
18.04.2014;11:08:30;0;0;0;0;64;64;
18.04.2014;11:08:35;0;0;0;0;64.1;64;
18.04.2014;11:08:40;0;0;0;0;64;64;
18.04.2014;11:08:45;0;0;0;0;64;64;
18.04.2014;11:08:50;0;1;0;0;64.1;64;
18.04.2014;11:08:55;0;1;0;0;64;64;
18.04.2014;11:09:00;0;1;0;0;64;64;
18.04.2014;11:09:05;0;1;0;0;64.2;64;
18.04.2014;11:09:10;0;0;0;0;64.1;64;
18.04.2014;11:09:15;0;0;0;0;64.2;64;
18.04.2014;11:09:20;0;0;0;0;64.1;64;
18.04.2014;11:09:25;0;0;0;0;64.2;64;
18.04.2014;11:09:30;0;1;0;0;64.1;64;
18.04.2014;11:09:35;0;1;0;0;64.1;64;
18.04.2014;11:09:40;0;1;0;0;64.1;64;
18.04.2014;11:09:45;0;1;0;0;64;64;
18.04.2014;11:09:50;0;0;0;0;64;64;
18.04.2014;11:09:55;0;0;0;0;64;64;
18.04.2014;11:10:00;1;0;0;0;63.9;64;
18.04.2014;11:10:05;0;0;0;0;63.8;64;
18.04.2014;11:10:10;0;1;0;0;63.8;64;
18.04.2014;11:10:15;1;1;0;0;63.9;64;
18.04.2014;11:10:20;0;1;0;0;63.9;64;
18.04.2014;11:10:25;0;1;0;0;64;64;
18.04.2014;11:10:30;0;0;0;0;64;64;
18.04.2014;11:10:35;1;0;0;0;63.9;64;
18.04.2014;11:10:40;0;0;0;0;63.8;64;
18.04.2014;11:10:45;0;0;0;0;63.8;64;
18.04.2014;11:10:50;1;1;0;0;63.9;64;
18.04.2014;11:10:55;0;1;0;0;63.8;64;
18.04.2014;11:11:00;0;1;0;0;63.8;64;
18.04.2014;11:11:05;1;1;0;0;63.8;64;
18.04.2014;11:11:10;0;0;0;0;63.8;64;
18.04.2014;11:11:15;0;0;0;0;63.8;64;
18.04.2014;11:11:20;1;0;0;0;63.9;64;
18.04.2014;11:11:25;0;0;0;0;63.9;64;
18.04.2014;11:11:30;0;1;0;0;63.8;64;
18.04.2014;11:11:36;1;1;0;0;63.8;64;
18.04.2014;11:11:41;0;1;0;0;63.8;64;
18.04.2014;11:11:46;0;1;0;0;63.7;64;
18.04.2014;11:11:51;1;0;0;0;63.7;64;
18.04.2014;11:11:56;0;0;0;0;63.7;64;
18.04.2014;11:12:01;0;0;0;0;63.8;64;
18.04.2014;11:12:06;1;0;0;0;63.9;64;
18.04.2014;11:12:11;0;1;0;0;63.9;64;
18.04.2014;11:12:16;0;1;0;0;64;64;
18.04.2014;11:12:21;1;1;0;0;63.9;64;
18.04.2014;11:12:26;0;1;0;0;64;64;
18.04.2014;11:12:31;0;0;0;0;64;64;
18.04.2014;11:12:36;1;0;0;0;63.9;64;
18.04.2014;11:12:41;0;0;0;0;63.7;64;
18.04.2014;11:12:46;0;0;0;0;63.7;64;
18.04.2014;11:12:51;1;1;0;0;63.8;64;
18.04.2014;11:12:56;0;1;0;0;63.8;64;
18.04.2014;11:13:01;0;1;0;0;63.8;64;
18.04.2014;11:13:06;1;1;0;0;63.9;64;
18.04.2014;11:13:11;0;0;0;0;63.9;64;
18.04.2014;11:13:16;0;0;0;0;63.9;64;
18.04.2014;11:13:21;1;0;0;0;63.9;64;
18.04.2014;11:13:26;0;0;0;0;64;64;
18.04.2014;11:13:31;1;1;0;0;63.9;64;
18.04.2014;11:13:36;0;1;0;0;64;64;
18.04.2014;11:13:41;0;1;0;0;64;64;
18.04.2014;11:13:46;1;1;0;0;63.9;64;
18.04.2014;11:13:51;0;0;0;0;63.9;64;
18.04.2014;11:13:56;0;0;0;0;64;64;
18.04.2014;11:14:01;0;0;0;0;64;64;
18.04.2014;11:14:06;0;0;0;0;64;64;
18.04.2014;11:14:11;0;1;0;0;64.1;64;
18.04.2014;11:14:16;0;1;0;0;64.1;64;
18.04.2014;11:14:21;0;1;0;0;64.2;64;
18.04.2014;11:14:26;0;1;0;0;64.2;64;
18.04.2014;11:14:31;0;0;0;0;64.2;64;
18.04.2014;11:14:36;0;0;0;0;64.2;64;
18.04.2014;11:14:41;0;0;0;0;64.3;64;
18.04.2014;11:14:46;0;0;0;0;64.3;64;
18.04.2014;11:14:51;0;1;0;0;64.2;64;
18.04.2014;11:14:56;0;1;0;0;64.2;64;
18.04.2014;11:15:01;0;1;0;0;64.2;64;
18.04.2014;11:15:06;0;1;0;0;64.1;64;
18.04.2014;11:15:11;0;0;0;0;64.2;64;
18.04.2014;11:15:16;0;0;0;0;64;64;
18.04.2014;11:15:21;0;0;0;0;63.9;64;
18.04.2014;11:15:26;1;0;0;0;63.9;64;
18.04.2014;11:15:31;0;1;0;0;63.9;64;
18.04.2014;11:15:36;0;1;0;0;64;64;
18.04.2014;11:15:41;0;1;0;0;64;64;
18.04.2014;11:15:46;0;1;0;0;64;64;
18.04.2014;11:15:51;0;0;0;0;64;64;
18.04.2014;11:15:56;0;0;0;0;64;64;
18.04.2014;11:16:01;0;0;0;0;64;64;
18.04.2014;11:16:06;0;0;0;0;64;64;
18.04.2014;11:16:11;0;1;0;0;64;64;
18.04.2014;11:16:16;0;1;0;0;64;64;
18.04.2014;11:16:21;0;1;0;0;64.1;64;
18.04.2014;11:16:26;0;1;0;0;64;64;
18.04.2014;11:16:31;0;0;0;0;64;64;
18.04.2014;11:16:36;0;0;0;0;64;64;
18.04.2014;11:16:41;0;0;0;0;64;64;
18.04.2014;11:16:46;0;0;0;0;64.1;64;
18.04.2014;11:16:51;0;1;0;0;64.1;64;
18.04.2014;11:16:56;0;1;0;0;64;64;
18.04.2014;11:17:01;0;1;0;0;64;64;
18.04.2014;11:17:06;1;1;0;0;63.9;64;
18.04.2014;11:17:11;0;0;0;0;63.9;64;
18.04.2014;11:17:16;0;0;0;0;63.9;64;
18.04.2014;11:17:21;1;0;0;0;63.9;64;
18.04.2014;11:17:26;0;0;0;0;63.9;64;
18.04.2014;11:17:31;0;1;0;0;63.8;64;
18.04.2014;11:17:36;1;1;0;0;63.7;64;
18.04.2014;11:17:41;0;1;0;0;63.7;64;
18.04.2014;11:17:46;0;1;0;0;63.8;64;
18.04.2014;11:17:51;1;0;0;0;63.8;64;
18.04.2014;11:17:56;0;0;0;0;64;64;
18.04.2014;11:18:01;0;0;0;0;64;64;
18.04.2014;11:18:06;0;0;0;0;64;64;
18.04.2014;11:18:11;1;1;0;0;63.9;64;
18.04.2014;11:18:16;0;1;0;0;63.9;64;
18.04.2014;11:18:21;0;1;0;0;63.9;64;
18.04.2014;11:18:26;1;1;0;0;63.8;64;
18.04.2014;11:18:31;0;0;0;0;63.8;64;
18.04.2014;11:18:36;0;0;0;0;63.8;64;
18.04.2014;11:18:41;1;0;0;0;63.8;64;
18.04.2014;11:18:46;0;0;0;0;63.8;64;
18.04.2014;11:18:51;0;1;0;0;63.8;64;
18.04.2014;11:18:56;1;1;0;0;63.8;64;
18.04.2014;11:19:01;0;1;0;0;63.9;64;
18.04.2014;11:19:06;0;1;0;0;63.9;64;
18.04.2014;11:19:11;1;0;0;0;63.9;64;
18.04.2014;11:19:16;0;0;0;0;63.9;64;
18.04.2014;11:19:21;0;0;0;0;63.9;64;
18.04.2014;11:19:26;1;0;0;0;63.8;64;
18.04.2014;11:19:31;0;1;0;0;63.7;64;
18.04.2014;11:19:36;0;1;0;0;63.7;64;
18.04.2014;11:19:41;1;1;0;0;63.8;64;
18.04.2014;11:19:46;0;1;0;0;63.8;64;
18.04.2014;11:19:51;0;0;0;0;63.7;64;
18.04.2014;11:19:56;1;0;0;0;63.8;64;
18.04.2014;11:20:01;0;0;0;0;63.8;64;
18.04.2014;11:20:06;0;0;0;0;63.8;64;
18.04.2014;11:20:11;1;1;0;0;63.9;64;
18.04.2014;11:20:16;0;1;0;0;63.9;64;
18.04.2014;11:20:21;0;1;0;0;63.9;64;
18.04.2014;11:20:26;1;1;0;0;63.9;64;
18.04.2014;11:20:31;0;0;0;0;63.9;64;
18.04.2014;11:20:36;0;0;0;0;63.9;64;
18.04.2014;11:20:41;1;0;0;0;63.9;64;
18.04.2014;11:20:46;0;0;0;0;64;64;
18.04.2014;11:20:51;0;1;0;0;64;64;
18.04.2014;11:20:56;0;1;0;0;64.1;64;
18.04.2014;11:21:01;0;1;0;0;64.1;64;
18.04.2014;11:21:06;0;1;0;0;64.1;64;
18.04.2014;11:21:11;0;0;0;0;64;64;
18.04.2014;11:21:16;0;0;0;0;64;64;
18.04.2014;11:21:21;0;0;0;0;64;64;
18.04.2014;11:21:26;0;0;0;0;64;64;
18.04.2014;11:21:31;0;1;0;0;64;64;
18.04.2014;11:21:36;0;1;0;0;64;64;
18.04.2014;11:21:41;0;1;0;0;64;64;
18.04.2014;11:21:46;0;1;0;0;64;64;
18.04.2014;11:21:51;0;0;0;0;64;64;
18.04.2014;11:21:56;0;0;0;0;64.1;64;
18.04.2014;11:22:01;0;0;0;0;64.1;64;
18.04.2014;11:22:06;0;0;0;0;64.1;64;
18.04.2014;11:22:11;1;1;0;0;64.1;72;
18.04.2014;11:22:16;1;1;0;0;64.1;72;
18.04.2014;11:22:21;1;0;0;0;64;72;
18.04.2014;11:22:26;1;0;0;0;63.9;72;
18.04.2014;11:22:31;1;0;0;0;63.9;72;
18.04.2014;11:22:36;1;0;0;0;64;72;
18.04.2014;11:22:41;1;0;0;0;64.1;72;
18.04.2014;11:22:46;1;0;0;0;64;72;
18.04.2014;11:22:51;1;1;0;0;63.9;72;
18.04.2014;11:22:56;1;1;0;0;63.9;72;
18.04.2014;11:23:01;1;0;0;0;63.9;72;
18.04.2014;11:23:06;1;0;0;0;63.9;72;
18.04.2014;11:23:12;1;0;0;0;63.9;72;
18.04.2014;11:23:17;1;0;0;0;63.9;72;
18.04.2014;11:23:22;1;0;0;0;63.8;72;
18.04.2014;11:23:27;1;0;0;0;63.9;72;
18.04.2014;11:23:32;1;1;0;0;64;72;
18.04.2014;11:23:37;1;1;0;0;64.1;72;
18.04.2014;11:23:42;1;0;0;0;64.1;72;
18.04.2014;11:23:47;1;0;0;0;64.1;72;
18.04.2014;11:23:52;1;0;0;0;64.1;72;
18.04.2014;11:23:57;1;0;0;0;64.2;72;
18.04.2014;11:24:02;1;0;0;0;64.2;72;
18.04.2014;11:24:07;1;0;0;0;64.2;72;
18.04.2014;11:24:12;1;1;0;0;64.2;72;
18.04.2014;11:24:17;1;1;0;0;64.2;72;
18.04.2014;11:24:22;1;0;0;0;64.2;72;
18.04.2014;11:24:27;1;0;0;0;64.3;72;
18.04.2014;11:24:32;1;0;0;0;64.3;72;
18.04.2014;11:24:37;1;0;0;0;64.5;72;
18.04.2014;11:24:42;1;0;0;0;64.6;72;
18.04.2014;11:24:47;1;0;0;0;64.5;72;
18.04.2014;11:24:52;1;1;0;0;64.6;72;
18.04.2014;11:24:57;1;1;0;0;64.6;72;
18.04.2014;11:25:02;1;0;0;0;64.6;72;
18.04.2014;11:25:07;1;0;0;0;64.8;72;
18.04.2014;11:25:12;1;0;0;0;64.9;72;
18.04.2014;11:25:17;1;0;0;0;65;72;
18.04.2014;11:25:22;1;0;0;0;65.1;72;
18.04.2014;11:25:27;1;0;0;0;65.1;72;
18.04.2014;11:25:32;1;1;0;0;65.1;72;
18.04.2014;11:25:37;1;1;0;0;65.2;72;
18.04.2014;11:25:42;1;0;0;0;65.3;72;
18.04.2014;11:25:47;1;0;0;0;65.4;72;
18.04.2014;11:25:52;1;0;0;0;65.4;72;
18.04.2014;11:25:57;1;0;0;0;65.6;72;
18.04.2014;11:26:02;1;0;0;0;65.6;72;
18.04.2014;11:26:07;1;0;0;0;65.7;72;
18.04.2014;11:26:12;1;1;0;0;65.7;72;
18.04.2014;11:26:17;1;1;0;0;65.8;72;
18.04.2014;11:26:22;1;0;0;0;65.8;72;
18.04.2014;11:26:27;1;0;0;0;66;72;
18.04.2014;11:26:32;1;0;0;0;66.1;72;
18.04.2014;11:26:37;1;0;0;0;66.2;72;
18.04.2014;11:26:42;1;0;0;0;66.2;72;
18.04.2014;11:26:47;1;0;0;0;66.2;72;
18.04.2014;11:26:52;1;1;0;0;66.4;72;
18.04.2014;11:26:57;1;1;0;0;66.5;72;
18.04.2014;11:27:02;1;0;0;0;66.4;72;
18.04.2014;11:27:07;1;0;0;0;66.4;72;
18.04.2014;11:27:12;1;0;0;0;66.6;72;
18.04.2014;11:27:17;1;0;0;0;66.7;72;
18.04.2014;11:27:22;1;0;0;0;66.8;72;
18.04.2014;11:27:27;1;0;0;0;66.8;72;
18.04.2014;11:27:32;1;1;0;0;66.8;72;
18.04.2014;11:27:37;1;1;0;0;66.9;72;
18.04.2014;11:27:42;1;0;0;0;66.9;72;
18.04.2014;11:27:47;1;0;0;0;67;72;
18.04.2014;11:27:52;1;0;0;0;67.2;72;
18.04.2014;11:27:57;1;0;0;0;67.2;72;
18.04.2014;11:28:02;1;0;0;0;67.4;72;
18.04.2014;11:28:07;1;0;0;0;67.4;72;
18.04.2014;11:28:12;1;1;0;0;67.6;72;
18.04.2014;11:28:17;1;1;0;0;67.7;72;
18.04.2014;11:28:22;1;0;0;0;67.7;72;
18.04.2014;11:28:27;1;0;0;0;67.8;72;
18.04.2014;11:28:32;1;0;0;0;68;72;
18.04.2014;11:28:37;1;0;0;0;68;72;
18.04.2014;11:28:42;1;0;0;0;68.1;72;
18.04.2014;11:28:47;1;0;0;0;68.2;72;
18.04.2014;11:28:52;1;1;0;0;68.2;72;
18.04.2014;11:28:57;1;1;0;0;68.2;72;
18.04.2014;11:29:02;1;0;0;0;68.4;72;
18.04.2014;11:29:07;1;0;0;0;68.4;72;
18.04.2014;11:29:12;1;0;0;0;68.5;72;
18.04.2014;11:29:17;1;0;0;0;68.5;72;
18.04.2014;11:29:22;1;0;0;0;68.5;72;
18.04.2014;11:29:27;1;0;0;0;68.5;72;
18.04.2014;11:29:32;1;1;0;0;68.6;72;
18.04.2014;11:29:37;1;1;0;0;68.7;72;
18.04.2014;11:29:42;1;0;0;0;68.8;72;
18.04.2014;11:29:47;1;0;0;0;68.9;72;
18.04.2014;11:29:52;1;0;0;0;69;72;
18.04.2014;11:29:57;1;0;0;0;69.2;72;
18.04.2014;11:30:02;1;0;0;0;69.2;72;
18.04.2014;11:30:07;1;0;0;0;69.2;72;
18.04.2014;11:30:12;1;1;0;0;69.3;72;
18.04.2014;11:30:17;1;1;0;0;69.2;72;
18.04.2014;11:30:22;1;0;0;0;69.4;72;
18.04.2014;11:30:27;1;0;0;0;69.5;72;
18.04.2014;11:30:32;1;0;0;0;69.6;72;
18.04.2014;11:30:37;1;0;0;0;69.7;72;
18.04.2014;11:30:42;1;0;0;0;70;72;
18.04.2014;11:30:47;1;0;0;0;70;72;
18.04.2014;11:30:52;1;1;0;0;70;72;
18.04.2014;11:30:57;0;1;0;0;70;72;
18.04.2014;11:31:02;0;0;0;0;70.1;72;
18.04.2014;11:31:07;1;0;0;0;70.3;72;
18.04.2014;11:31:12;0;0;0;0;70.3;72;
18.04.2014;11:31:17;0;0;0;0;70.5;72;
18.04.2014;11:31:22;1;0;0;0;70.6;72;
18.04.2014;11:31:27;0;0;0;0;70.6;72;
18.04.2014;11:31:32;0;1;0;0;70.7;72;
18.04.2014;11:31:37;1;1;0;0;70.9;72;
18.04.2014;11:31:42;0;0;0;0;71;72;
18.04.2014;11:31:47;0;0;0;0;71.1;72;
18.04.2014;11:31:52;1;0;0;0;71.3;72;
18.04.2014;11:31:57;0;0;0;0;71.3;72;
18.04.2014;11:32:02;0;0;0;0;71.2;72;
18.04.2014;11:32:07;1;0;0;0;71.2;72;
18.04.2014;11:32:12;0;1;0;0;71.3;72;
18.04.2014;11:32:17;0;1;0;0;71.3;72;
18.04.2014;11:32:22;1;0;0;0;71.3;72;
18.04.2014;11:32:27;0;0;0;0;71.4;72;
18.04.2014;11:32:32;0;0;0;0;71.5;72;
18.04.2014;11:32:37;1;0;0;0;71.5;72;
18.04.2014;11:32:42;0;0;0;0;71.5;72;
18.04.2014;11:32:47;0;0;0;0;71.6;72;
18.04.2014;11:32:52;1;1;0;0;71.6;72;
18.04.2014;11:32:57;0;1;0;0;71.6;72;
18.04.2014;11:33:02;0;0;0;0;71.6;72;
18.04.2014;11:33:07;1;0;0;0;71.7;72;
18.04.2014;11:33:12;0;0;0;0;71.7;72;
18.04.2014;11:33:17;0;0;0;0;71.7;72;
18.04.2014;11:33:22;1;0;0;0;71.7;72;
18.04.2014;11:33:27;0;0;0;0;71.7;72;
18.04.2014;11:33:32;0;1;0;0;71.8;72;
18.04.2014;11:33:37;1;1;0;0;71.8;72;
18.04.2014;11:33:42;0;0;0;0;71.7;72;
18.04.2014;11:33:47;0;0;0;0;71.8;72;
18.04.2014;11:33:52;1;0;0;0;71.9;72;
18.04.2014;11:33:57;0;0;0;0;71.8;72;
18.04.2014;11:34:02;0;0;0;0;71.7;72;
18.04.2014;11:34:07;1;0;0;0;71.9;72;
18.04.2014;11:34:12;0;1;0;0;72;72;
18.04.2014;11:34:17;0;1;0;0;72.1;72;
18.04.2014;11:34:22;0;0;0;0;72;72;
18.04.2014;11:34:27;0;0;0;0;72.1;72;
18.04.2014;11:34:32;0;0;0;0;72.1;72;
18.04.2014;11:34:37;0;0;0;0;72.1;72;
18.04.2014;11:34:42;0;0;0;0;72.1;72;
18.04.2014;11:34:48;0;0;0;0;72.1;72;
18.04.2014;11:34:53;0;1;0;0;72.2;72;
18.04.2014;11:34:58;0;1;0;0;72.3;72;
18.04.2014;11:35:03;0;0;0;0;72.2;72;
18.04.2014;11:35:08;0;0;0;0;72.1;72;
18.04.2014;11:35:13;0;0;0;0;72.3;72;
18.04.2014;11:35:18;0;0;0;0;72.4;72;
18.04.2014;11:35:23;0;0;0;0;72.3;72;
18.04.2014;11:35:28;0;0;0;0;72.3;72;
18.04.2014;11:35:33;0;1;0;0;72.2;72;
18.04.2014;11:35:38;0;1;0;0;72.2;72;
18.04.2014;11:35:43;0;0;0;0;72.2;72;
18.04.2014;11:35:48;0;0;0;0;72.1;72;
18.04.2014;11:35:53;0;0;0;0;72.2;72;
18.04.2014;11:35:58;0;0;0;0;72.3;72;
18.04.2014;11:36:03;0;0;0;0;72.3;72;
18.04.2014;11:36:08;0;0;0;0;72.2;72;
18.04.2014;11:36:13;0;1;0;0;72.2;72;
18.04.2014;11:36:18;0;1;0;0;72;72;
18.04.2014;11:36:23;0;0;0;0;72;72;
18.04.2014;11:36:28;0;0;0;0;72.1;72;
18.04.2014;11:36:33;0;0;0;0;72;72;
18.04.2014;11:36:38;1;0;0;0;71.9;72;
18.04.2014;11:36:43;0;0;0;0;71.9;72;
18.04.2014;11:36:48;0;0;0;0;71.9;72;
18.04.2014;11:36:53;1;1;0;0;72;72;
18.04.2014;11:36:58;0;1;0;0;72;72;
18.04.2014;11:37:03;0;0;0;0;72.1;72;
18.04.2014;11:37:08;0;0;0;0;72;72;
18.04.2014;11:37:13;1;0;0;0;71.9;72;
18.04.2014;11:37:18;0;0;0;0;71.9;72;
18.04.2014;11:37:23;0;0;0;0;72;72;
18.04.2014;11:37:28;0;0;0;0;72.1;72;
18.04.2014;11:37:33;0;1;0;0;72;72;
18.04.2014;11:37:38;0;1;0;0;72.1;72;
18.04.2014;11:37:43;0;0;0;0;72;72;
18.04.2014;11:37:48;0;0;0;0;72;72;
18.04.2014;11:37:53;1;0;0;0;71.9;72;
18.04.2014;11:37:58;0;0;0;0;71.9;72;
18.04.2014;11:38:03;0;0;0;0;71.8;72;
18.04.2014;11:38:08;1;0;0;0;71.9;72;
18.04.2014;11:38:13;0;1;0;0;71.8;72;
18.04.2014;11:38:18;0;1;0;0;71.8;72;
18.04.2014;11:38:23;1;0;0;0;71.8;72;
18.04.2014;11:38:28;0;0;0;0;71.7;72;
18.04.2014;11:38:33;0;0;0;0;71.7;72;
18.04.2014;11:38:38;1;0;0;0;71.7;72;
18.04.2014;11:38:43;0;0;0;0;71.7;72;
18.04.2014;11:38:48;0;0;0;0;71.7;72;
18.04.2014;11:38:53;1;1;0;0;71.7;72;
18.04.2014;11:38:58;0;1;0;0;71.8;72;
18.04.2014;11:39:03;0;0;0;0;71.7;72;
18.04.2014;11:39:08;1;0;0;0;71.6;72;
18.04.2014;11:39:13;0;0;0;0;71.6;72;
18.04.2014;11:39:18;0;0;0;0;71.6;72;
18.04.2014;11:39:23;1;0;0;0;71.6;72;
18.04.2014;11:39:28;0;0;0;0;71.7;72;
18.04.2014;11:39:33;0;1;0;0;71.7;72;
18.04.2014;11:39:38;1;1;0;0;71.8;72;
18.04.2014;11:39:43;0;0;0;0;71.8;72;
18.04.2014;11:39:48;0;0;0;0;71.7;72;
18.04.2014;11:39:53;1;0;0;0;71.7;72;
18.04.2014;11:39:58;0;0;0;0;71.7;72;
18.04.2014;11:40:03;0;0;0;0;71.7;72;
18.04.2014;11:40:08;1;0;0;0;71.7;72;
18.04.2014;11:40:13;0;1;0;0;71.6;72;
18.04.2014;11:40:18;0;1;0;0;71.5;72;
18.04.2014;11:40:23;1;0;0;0;71.6;72;
18.04.2014;11:40:28;0;0;0;0;71.4;72;
18.04.2014;11:40:33;0;0;0;0;71.5;72;
18.04.2014;11:40:38;1;0;0;0;71.5;72;
18.04.2014;11:40:43;0;0;0;0;71.7;72;
18.04.2014;11:40:48;0;0;0;0;71.7;72;
18.04.2014;11:40:53;1;1;0;0;71.7;72;
18.04.2014;11:40:58;0;1;0;0;71.7;72;
18.04.2014;11:41:03;0;0;0;0;71.7;72;
18.04.2014;11:41:08;1;0;0;0;71.7;72;
18.04.2014;11:41:13;0;0;0;0;71.8;72;
18.04.2014;11:41:18;0;0;0;0;71.7;72;
18.04.2014;11:41:23;1;0;0;0;71.7;72;
18.04.2014;11:41:28;0;0;0;0;71.7;72;
18.04.2014;11:41:33;0;1;0;0;71.7;72;
18.04.2014;11:41:38;1;1;0;0;71.7;72;
18.04.2014;11:41:43;0;0;0;0;71.7;72;
18.04.2014;11:41:48;0;0;0;0;71.7;72;
18.04.2014;11:41:53;1;0;0;0;71.7;72;
18.04.2014;11:41:58;0;0;0;0;71.7;72;
18.04.2014;11:42:03;0;0;0;0;71.6;72;
18.04.2014;11:42:08;1;0;0;0;71.5;72;
18.04.2014;11:42:13;0;1;0;0;71.5;72;
18.04.2014;11:42:18;0;1;0;0;71.6;72;
18.04.2014;11:42:23;1;0;0;0;71.6;72;
18.04.2014;11:42:28;0;0;0;0;71.6;72;
18.04.2014;11:42:33;0;0;0;0;71.4;72;
18.04.2014;11:42:38;1;0;0;0;71.4;72;
18.04.2014;11:42:43;0;0;0;0;71.5;72;
18.04.2014;11:42:48;0;0;0;0;71.5;72;
18.04.2014;11:42:53;1;1;0;0;71.6;72;
18.04.2014;11:42:58;0;1;0;0;71.7;72;
18.04.2014;11:43:03;0;0;0;0;71.7;72;
18.04.2014;11:43:08;1;0;0;0;71.9;72;
18.04.2014;11:43:13;0;0;0;0;71.9;72;
18.04.2014;11:43:18;0;0;0;0;71.9;72;
18.04.2014;11:43:23;1;0;0;0;71.8;72;
18.04.2014;11:43:28;0;0;0;0;71.7;72;
18.04.2014;11:43:33;0;1;0;0;71.7;72;
18.04.2014;11:43:38;1;1;0;0;71.7;72;
18.04.2014;11:43:43;0;0;0;0;71.7;72;
18.04.2014;11:43:48;0;0;0;0;71.7;72;
18.04.2014;11:43:53;1;0;0;0;71.7;72;
18.04.2014;11:43:58;0;0;0;0;71.9;72;
18.04.2014;11:44:03;0;0;0;0;71.8;72;
18.04.2014;11:44:08;1;0;0;0;71.7;72;
18.04.2014;11:44:13;0;1;0;0;71.7;72;
18.04.2014;11:44:18;0;1;0;0;71.7;72;
18.04.2014;11:44:23;1;0;0;0;71.7;72;
18.04.2014;11:44:28;0;0;0;0;71.6;72;
18.04.2014;11:44:33;0;0;0;0;71.7;72;
18.04.2014;11:44:38;1;0;0;0;71.7;72;
18.04.2014;11:44:43;0;0;0;0;71.9;72;
18.04.2014;11:44:48;0;0;0;0;71.9;72;
18.04.2014;11:44:53;1;1;0;0;71.9;72;
18.04.2014;11:44:58;0;1;0;0;72;72;
18.04.2014;11:45:03;0;0;0;0;72;72;
18.04.2014;11:45:08;1;0;0;0;71.9;72;
18.04.2014;11:45:13;0;0;0;0;71.9;72;
18.04.2014;11:45:18;0;0;0;0;71.8;72;
18.04.2014;11:45:23;1;0;0;0;71.9;72;
18.04.2014;11:45:28;0;0;0;0;71.9;72;
18.04.2014;11:45:33;0;1;0;0;72;72;
18.04.2014;11:45:38;1;1;0;0;71.9;72;
18.04.2014;11:45:43;0;0;0;0;72;72;
18.04.2014;11:45:48;0;0;0;0;72;72;
18.04.2014;11:45:53;1;0;0;0;71.9;72;
18.04.2014;11:45:58;0;0;0;0;71.8;72;
18.04.2014;11:46:03;0;0;0;0;72;72;
18.04.2014;11:46:08;0;0;0;0;72;72;
18.04.2014;11:46:13;0;1;0;0;72;72;
18.04.2014;11:46:18;0;1;0;0;72;72;
18.04.2014;11:46:24;0;0;0;0;72;72;
18.04.2014;11:46:29;1;0;0;0;72;72;
18.04.2014;11:46:34;0;0;0;0;72.1;72;
18.04.2014;11:46:39;0;0;0;0;72.1;72;
18.04.2014;11:46:44;1;0;0;0;71.9;72;
18.04.2014;11:46:49;0;0;0;0;72;72;
18.04.2014;11:46:54;1;1;0;0;71.9;72;
18.04.2014;11:46:59;0;1;0;0;72;72;
18.04.2014;11:47:04;0;0;0;0;72;72;
18.04.2014;11:47:09;0;0;0;0;72;72;
18.04.2014;11:47:14;1;0;0;0;71.9;72;
18.04.2014;11:47:19;0;0;0;0;71.9;72;
18.04.2014;11:47:24;0;0;0;0;71.8;72;
18.04.2014;11:47:29;1;0;0;0;71.8;72;
18.04.2014;11:47:34;0;1;0;0;71.8;72;
18.04.2014;11:47:39;0;1;0;0;71.9;72;
18.04.2014;11:47:44;1;0;0;0;71.9;72;
18.04.2014;11:47:49;0;0;0;0;71.9;72;
18.04.2014;11:47:54;0;0;0;0;72;72;
18.04.2014;11:47:59;1;0;0;0;71.9;72;
18.04.2014;11:48:04;0;0;0;0;71.9;72;
18.04.2014;11:48:09;0;0;0;0;71.9;72;
18.04.2014;11:48:14;0;1;0;0;72;72;
18.04.2014;11:48:19;1;1;0;0;71.8;72;
18.04.2014;11:48:24;0;0;0;0;71.8;72;
18.04.2014;11:48:29;0;0;0;0;71.8;72;
18.04.2014;11:48:34;1;0;0;0;71.8;72;
18.04.2014;11:48:39;0;0;0;0;71.9;72;
18.04.2014;11:48:44;0;0;0;0;71.9;72;
18.04.2014;11:48:49;1;0;0;0;71.9;72;
18.04.2014;11:48:54;0;1;0;0;71.9;72;
18.04.2014;11:48:59;0;1;0;0;71.9;72;
18.04.2014;11:49:04;1;0;0;0;71.7;72;
18.04.2014;11:49:09;0;0;0;0;71.7;72;
18.04.2014;11:49:14;0;0;0;0;71.8;72;
18.04.2014;11:49:19;1;0;0;0;71.8;72;
18.04.2014;11:49:24;0;0;0;0;71.8;72;
18.04.2014;11:49:29;0;0;0;0;71.8;72;
18.04.2014;11:49:34;1;1;0;0;71.9;72;
18.04.2014;11:49:39;0;1;0;0;71.8;72;
18.04.2014;11:49:44;0;0;0;0;71.9;72;
18.04.2014;11:49:49;1;0;0;0;71.7;72;
18.04.2014;11:49:54;0;0;0;0;71.7;72;
18.04.2014;11:49:59;0;0;0;0;71.7;72;
18.04.2014;11:50:04;1;0;0;0;71.8;72;
18.04.2014;11:50:09;0;0;0;0;72;72;
18.04.2014;11:50:14;0;1;0;0;72;72;
18.04.2014;11:50:19;1;1;0;0;71.9;72;
18.04.2014;11:50:24;0;0;0;0;71.9;72;
18.04.2014;11:50:29;0;0;0;0;71.9;72;
18.04.2014;11:50:34;1;0;0;0;71.9;72;
18.04.2014;11:50:39;0;0;0;0;71.9;72;
18.04.2014;11:50:44;0;0;0;0;71.9;72;
18.04.2014;11:50:49;1;0;0;0;71.9;72;
18.04.2014;11:50:54;0;1;0;0;71.9;72;
18.04.2014;11:50:59;0;1;0;0;71.9;72;
18.04.2014;11:51:04;1;0;0;0;71.9;72;
18.04.2014;11:51:09;0;0;0;0;71.9;72;
18.04.2014;11:51:14;1;0;0;0;71.8;72;
18.04.2014;11:51:19;0;0;0;0;71.8;72;
18.04.2014;11:51:24;0;0;0;0;71.7;72;
18.04.2014;11:51:29;1;0;0;0;71.7;72;
18.04.2014;11:51:34;0;1;0;0;71.7;72;
18.04.2014;11:51:39;0;1;0;0;71.8;72;
18.04.2014;11:51:44;1;0;0;0;71.7;72;
18.04.2014;11:51:49;0;0;0;0;71.8;72;
18.04.2014;11:51:54;0;0;0;0;71.8;72;
18.04.2014;11:51:59;1;0;0;0;71.8;72;
18.04.2014;11:52:04;0;0;0;0;71.8;72;
18.04.2014;11:52:09;0;0;0;0;71.8;72;
18.04.2014;11:52:14;1;1;0;0;71.8;72;
18.04.2014;11:52:19;0;1;0;0;71.7;72;
18.04.2014;11:52:24;0;0;0;0;71.7;72;
18.04.2014;11:52:29;1;0;0;0;71.8;72;
18.04.2014;11:52:34;0;0;0;0;71.7;72;
18.04.2014;11:52:39;0;0;0;0;71.7;72;
18.04.2014;11:52:44;1;0;0;0;71.7;72;
18.04.2014;11:52:49;0;0;0;0;71.8;72;
18.04.2014;11:52:54;0;1;0;0;71.8;72;
18.04.2014;11:52:59;1;1;0;0;71.8;72;
18.04.2014;11:53:04;0;0;0;0;71.8;72;
18.04.2014;11:53:09;0;0;0;0;71.9;72;
18.04.2014;11:53:14;1;0;0;0;71.9;72;
18.04.2014;11:53:19;0;0;0;0;71.9;72;
18.04.2014;11:53:24;0;0;0;0;72;72;
18.04.2014;11:53:29;0;0;0;0;72.1;72;
18.04.2014;11:53:34;0;1;0;0;72.1;72;
18.04.2014;11:53:39;0;1;0;0;72.1;72;
18.04.2014;11:53:44;0;0;0;0;72.2;72;
18.04.2014;11:53:49;0;0;0;0;72.2;72;
18.04.2014;11:53:54;0;0;0;0;72.2;72;
18.04.2014;11:53:59;0;0;0;0;72.2;72;
18.04.2014;11:54:04;0;0;0;0;72.3;72;
18.04.2014;11:54:09;0;0;0;0;72.4;72;
18.04.2014;11:54:14;0;1;0;0;72.3;72;
18.04.2014;11:54:19;0;1;0;0;72.3;72;
18.04.2014;11:54:24;0;0;0;0;72.2;72;
18.04.2014;11:54:29;0;0;0;0;72.4;72;
18.04.2014;11:54:34;0;0;0;0;72.3;72;
18.04.2014;11:54:39;0;0;0;0;72.3;72;
18.04.2014;11:54:44;0;0;0;0;72.3;72;
18.04.2014;11:54:49;0;0;0;0;72.3;72;
18.04.2014;11:54:54;0;1;0;0;72.3;72;
18.04.2014;11:54:59;0;1;0;0;72.3;72;
18.04.2014;11:55:04;0;0;0;0;72.3;72;
18.04.2014;11:55:09;0;0;0;0;72.2;72;
18.04.2014;11:55:14;0;0;0;0;72.1;72;
18.04.2014;11:55:19;0;0;0;0;72.1;72;
18.04.2014;11:55:24;0;0;0;0;72.1;72;
18.04.2014;11:55:29;0;0;0;0;72;72;
18.04.2014;11:55:34;0;1;0;0;72;72;
18.04.2014;11:55:39;0;1;0;0;72.1;72;
18.04.2014;11:55:44;0;0;0;0;72;72;
18.04.2014;11:55:49;1;0;0;0;71.9;72;
18.04.2014;11:55:54;0;0;0;0;72;72;
18.04.2014;11:55:59;0;0;0;0;71.9;72;
18.04.2014;11:56:04;0;0;0;0;72;72;
18.04.2014;11:56:09;0;0;0;0;72;72;
18.04.2014;11:56:14;0;1;0;0;71.9;72;
18.04.2014;11:56:19;1;1;0;0;71.8;72;
18.04.2014;11:56:24;0;0;0;0;71.8;72;
18.04.2014;11:56:29;0;0;0;0;71.9;72;
18.04.2014;11:56:34;1;0;0;0;71.8;72;
18.04.2014;11:56:39;0;0;0;0;71.8;72;
18.04.2014;11:56:44;0;0;0;0;71.7;72;
18.04.2014;11:56:49;1;0;0;0;71.7;72;
18.04.2014;11:56:54;0;1;0;0;71.7;72;
18.04.2014;11:56:59;0;1;0;0;71.6;72;
18.04.2014;11:57:04;1;0;0;0;71.6;72;
18.04.2014;11:57:09;0;0;0;0;71.6;72;
18.04.2014;11:57:14;0;0;0;0;71.7;72;
18.04.2014;11:57:19;1;0;0;0;71.8;72;
18.04.2014;11:57:24;0;0;0;0;71.8;72;
18.04.2014;11:57:29;0;0;0;0;71.7;72;
18.04.2014;11:57:34;1;1;0;0;71.6;72;
18.04.2014;11:57:39;0;1;0;0;71.5;72;
18.04.2014;11:57:44;0;0;0;0;71.6;72;
18.04.2014;11:57:49;1;0;0;0;71.7;72;
18.04.2014;11:57:55;0;0;0;0;71.7;72;
18.04.2014;11:58:00;0;0;0;0;71.7;72;
18.04.2014;11:58:05;1;0;0;0;71.6;72;
18.04.2014;11:58:10;0;0;0;0;71.7;72;
18.04.2014;11:58:15;0;1;0;0;71.5;72;
18.04.2014;11:58:20;1;1;0;0;71.5;72;
18.04.2014;11:58:25;0;0;0;0;71.5;72;
18.04.2014;11:58:30;0;0;0;0;71.6;72;
18.04.2014;11:58:35;1;0;0;0;71.6;72;
18.04.2014;11:58:40;0;0;0;0;71.4;72;
18.04.2014;11:58:45;0;0;0;0;71.5;72;
18.04.2014;11:58:50;1;0;0;0;71.4;72;
18.04.2014;11:58:55;0;1;0;0;71.5;72;
18.04.2014;11:59:00;0;1;0;0;71.5;72;
18.04.2014;11:59:05;1;0;0;0;71.5;72;
18.04.2014;11:59:10;0;0;0;0;71.5;72;
18.04.2014;11:59:15;0;0;0;0;71.5;72;
18.04.2014;11:59:20;1;0;0;0;71.5;72;
18.04.2014;11:59:25;0;0;0;0;71.5;72;
18.04.2014;11:59:30;0;0;0;0;71.5;72;
18.04.2014;11:59:35;1;1;0;0;71.5;72;
18.04.2014;11:59:40;0;1;0;0;71.5;72;
18.04.2014;11:59:45;0;0;0;0;71.5;72;
18.04.2014;11:59:50;1;0;0;0;71.5;72;
18.04.2014;11:59:55;0;0;0;0;71.4;72;
18.04.2014;12:00:00;0;0;0;0;71.5;72;
18.04.2014;12:00:05;1;0;0;0;71.5;72;
18.04.2014;12:00:10;0;0;0;0;71.6;72;
18.04.2014;12:00:15;0;1;0;0;71.6;72;
18.04.2014;12:00:20;1;1;0;0;71.6;72;
18.04.2014;12:00:25;0;0;0;0;71.5;72;
18.04.2014;12:00:30;0;0;0;0;71.5;72;
18.04.2014;12:00:35;1;0;0;0;71.6;72;
18.04.2014;12:00:40;0;0;0;0;71.6;72;
18.04.2014;12:00:45;1;0;0;0;71.6;72;
18.04.2014;12:00:50;0;0;0;0;71.6;72;
18.04.2014;12:00:55;0;1;0;0;71.6;72;
18.04.2014;12:01:00;1;1;0;0;71.5;72;
18.04.2014;12:01:05;0;0;0;0;71.6;72;
18.04.2014;12:01:10;0;0;0;0;71.6;72;
18.04.2014;12:01:15;1;0;0;0;71.7;72;
18.04.2014;12:01:20;0;0;0;0;71.6;72;
18.04.2014;12:01:25;0;0;0;0;71.6;72;
18.04.2014;12:01:30;1;0;0;0;71.5;72;
18.04.2014;12:01:35;0;1;0;0;71.6;72;
18.04.2014;12:01:40;0;1;0;0;71.6;72;
18.04.2014;12:01:45;1;0;0;0;71.5;72;
18.04.2014;12:01:50;0;0;0;0;71.5;72;
18.04.2014;12:01:55;0;0;0;0;71.5;72;
18.04.2014;12:02:00;1;0;0;0;71.7;72;
18.04.2014;12:02:05;0;0;0;0;71.6;72;
18.04.2014;12:02:10;0;0;0;0;71.5;72;
18.04.2014;12:02:15;1;1;0;0;71.4;72;
18.04.2014;12:02:20;0;1;0;0;71.4;72;
18.04.2014;12:02:25;0;0;0;0;71.5;72;
18.04.2014;12:02:30;1;0;0;0;71.6;72;
18.04.2014;12:02:35;0;0;0;0;71.7;72;
18.04.2014;12:02:40;0;0;0;0;71.7;72;
18.04.2014;12:02:45;1;0;0;0;71.6;72;
18.04.2014;12:02:50;0;0;0;0;71.8;72;
18.04.2014;12:02:55;0;1;0;0;71.8;72;
18.04.2014;12:03:00;1;1;0;0;71.8;72;
18.04.2014;12:03:05;0;0;0;0;71.7;72;
18.04.2014;12:03:10;0;0;0;0;71.6;72;
18.04.2014;12:03:15;1;0;0;0;71.6;72;
18.04.2014;12:03:20;0;0;0;0;71.5;72;
18.04.2014;12:03:25;0;0;0;0;71.6;72;
18.04.2014;12:03:30;1;0;0;0;71.5;72;
18.04.2014;12:03:35;0;1;0;0;71.5;72;
18.04.2014;12:03:40;0;1;0;0;71.6;72;
18.04.2014;12:03:45;1;0;0;0;71.5;72;
18.04.2014;12:03:50;0;0;0;0;71.3;72;
18.04.2014;12:03:55;0;0;0;0;71.3;72;
18.04.2014;12:04:00;1;0;0;0;71.4;72;
18.04.2014;12:04:05;0;0;0;0;71.3;72;
18.04.2014;12:04:10;0;0;0;0;71.4;72;
18.04.2014;12:04:15;1;1;0;0;71.4;72;
18.04.2014;12:04:20;0;1;0;0;71.6;72;
18.04.2014;12:04:25;0;0;0;0;71.8;72;
18.04.2014;12:04:30;1;0;0;0;71.8;72;
18.04.2014;12:04:35;0;0;0;0;71.7;72;
18.04.2014;12:04:40;0;0;0;0;71.8;72;
18.04.2014;12:04:45;1;0;0;0;71.6;72;
18.04.2014;12:04:50;0;0;0;0;71.6;72;
18.04.2014;12:04:55;0;1;0;0;71.7;72;
18.04.2014;12:05:00;1;1;0;0;71.6;72;
18.04.2014;12:05:05;0;0;0;0;71.8;72;
18.04.2014;12:05:10;0;0;0;0;71.8;72;
18.04.2014;12:05:15;1;0;0;0;71.9;72;
18.04.2014;12:05:20;0;0;0;0;71.8;72;
18.04.2014;12:05:25;0;0;0;0;71.8;72;
18.04.2014;12:05:30;1;0;0;0;71.8;72;
18.04.2014;12:05:35;0;1;0;0;71.8;72;
18.04.2014;12:05:40;0;1;0;0;71.9;72;
18.04.2014;12:05:45;0;0;0;0;72;72;
18.04.2014;12:05:50;1;0;0;0;71.9;72;
18.04.2014;12:05:55;0;0;0;0;71.9;72;
18.04.2014;12:06:00;0;0;0;0;71.8;72;
18.04.2014;12:06:05;1;0;0;0;71.7;72;
18.04.2014;12:06:10;0;0;0;0;71.7;72;
18.04.2014;12:06:15;0;1;0;0;71.7;72;
18.04.2014;12:06:20;1;1;0;0;71.8;72;
18.04.2014;12:06:25;0;0;0;0;71.8;72;
18.04.2014;12:06:30;0;0;0;0;71.9;72;
18.04.2014;12:06:35;1;0;0;0;71.9;72;
18.04.2014;12:06:40;0;0;0;0;71.8;72;
18.04.2014;12:06:45;0;0;0;0;71.8;72;
18.04.2014;12:06:50;1;0;0;0;71.9;72;
18.04.2014;12:06:55;0;1;0;0;71.9;72;
18.04.2014;12:07:00;0;1;0;0;71.8;72;
18.04.2014;12:07:05;1;0;0;0;71.8;72;
18.04.2014;12:07:10;0;0;0;0;71.8;72;
18.04.2014;12:07:15;0;0;0;0;71.8;72;
18.04.2014;12:07:20;1;0;0;0;71.8;72;
18.04.2014;12:07:25;0;0;0;0;71.8;72;
18.04.2014;12:07:30;0;0;0;0;72;72;
18.04.2014;12:07:35;0;1;0;0;72;72;
18.04.2014;12:07:40;0;1;0;0;72;72;
18.04.2014;12:07:45;0;0;0;0;72;72;
18.04.2014;12:07:50;0;0;0;0;72;72;
18.04.2014;12:07:55;0;0;0;0;72;72;
18.04.2014;12:08:00;0;0;0;0;72;72;
18.04.2014;12:08:05;0;0;0;0;72;72;
18.04.2014;12:08:10;0;0;0;0;71.9;72;
18.04.2014;12:08:15;1;1;0;0;71.9;72;
18.04.2014;12:08:20;0;1;0;0;71.7;72;
18.04.2014;12:08:25;0;0;0;0;71.7;72;
18.04.2014;12:08:30;1;0;0;0;71.8;72;
18.04.2014;12:08:35;0;0;0;0;71.9;72;
18.04.2014;12:08:40;0;0;0;0;71.9;72;
18.04.2014;12:08:45;1;0;0;0;71.9;72;
18.04.2014;12:08:50;0;0;0;0;71.9;72;
18.04.2014;12:08:55;0;1;0;0;71.9;72;
18.04.2014;12:09:00;1;1;0;0;71.9;72;
18.04.2014;12:09:05;0;0;0;0;71.9;72;
18.04.2014;12:09:10;0;0;0;0;71.8;72;
18.04.2014;12:09:15;1;0;0;0;71.9;72;
18.04.2014;12:09:20;0;0;0;0;72;72;
18.04.2014;12:09:25;1;0;0;0;71.8;72;
18.04.2014;12:09:31;0;0;0;0;71.8;72;
18.04.2014;12:09:36;0;1;0;0;71.8;72;
18.04.2014;12:09:41;1;1;0;0;71.9;72;
18.04.2014;12:09:46;0;0;0;0;71.8;72;
18.04.2014;12:09:51;0;0;0;0;71.8;72;
18.04.2014;12:09:56;1;0;0;0;71.8;72;
18.04.2014;12:10:01;0;0;0;0;71.7;72;
18.04.2014;12:10:06;0;0;0;0;71.7;72;
18.04.2014;12:10:11;1;0;0;0;71.9;72;
18.04.2014;12:10:16;0;1;0;0;72;72;
18.04.2014;12:10:21;0;1;0;0;72;72;
18.04.2014;12:10:26;1;0;0;0;71.9;72;
18.04.2014;12:10:31;0;0;0;0;72.1;72;
18.04.2014;12:10:36;0;0;0;0;72;72;
18.04.2014;12:10:41;0;0;0;0;72.1;72;
18.04.2014;12:10:46;0;0;0;0;72;72;
18.04.2014;12:10:51;0;0;0;0;71.9;72;
18.04.2014;12:10:56;1;1;0;0;71.9;72;
18.04.2014;12:11:01;0;1;0;0;71.7;72;
18.04.2014;12:11:06;0;0;0;0;71.7;72;
18.04.2014;12:11:11;1;0;0;0;71.7;72;
18.04.2014;12:11:16;0;0;0;0;71.6;72;
18.04.2014;12:11:21;0;0;0;0;71.6;72;
18.04.2014;12:11:26;1;0;0;0;71.6;72;
18.04.2014;12:11:31;0;0;0;0;71.8;72;
18.04.2014;12:11:36;0;1;0;0;71.9;72;
18.04.2014;12:11:41;1;1;0;0;71.9;72;
18.04.2014;12:11:46;0;0;0;0;71.9;72;
18.04.2014;12:11:51;0;0;0;0;72;72;
18.04.2014;12:11:56;0;0;0;0;72;72;
18.04.2014;12:12:01;0;0;0;0;72.1;72;
18.04.2014;12:12:06;0;0;0;0;72;72;
18.04.2014;12:12:11;0;0;0;0;72;72;
18.04.2014;12:12:16;0;1;0;0;72.1;72;
18.04.2014;12:12:21;0;1;0;0;72;72;
18.04.2014;12:12:26;0;0;0;0;72;72;
18.04.2014;12:12:31;1;0;0;0;71.9;72;
18.04.2014;12:12:36;0;0;0;0;71.9;72;
18.04.2014;12:12:41;0;0;0;0;71.9;72;
18.04.2014;12:12:46;1;0;0;0;71.8;72;
18.04.2014;12:12:51;0;0;0;0;71.7;72;
18.04.2014;12:12:56;0;1;0;0;71.8;72;
18.04.2014;12:13:01;1;1;0;0;71.8;72;
18.04.2014;12:13:06;0;0;0;0;71.7;72;
18.04.2014;12:13:11;0;0;0;0;71.7;72;
18.04.2014;12:13:16;1;0;0;0;71.7;72;
18.04.2014;12:13:21;0;0;0;0;71.6;72;
18.04.2014;12:13:26;0;0;0;0;71.7;72;
18.04.2014;12:13:31;1;0;0;0;71.7;72;
18.04.2014;12:13:36;0;1;0;0;71.7;72;
18.04.2014;12:13:41;0;1;0;0;71.7;72;
18.04.2014;12:13:46;1;0;0;0;71.8;72;
18.04.2014;12:13:51;0;0;0;0;71.7;72;
18.04.2014;12:13:56;0;0;0;0;71.7;72;
18.04.2014;12:14:01;1;0;0;0;71.6;72;
18.04.2014;12:14:06;0;0;0;0;71.6;72;
18.04.2014;12:14:11;0;0;0;0;71.7;72;
18.04.2014;12:14:16;1;1;0;1;71.7;78;
18.04.2014;12:14:21;1;1;0;1;71.7;78;
18.04.2014;12:14:26;1;1;0;1;71.7;78;
18.04.2014;12:14:31;1;1;0;1;71.6;78;
18.04.2014;12:14:36;1;1;0;1;71.6;78;
18.04.2014;12:14:41;1;1;0;1;71.7;78;
18.04.2014;12:14:46;1;0;0;1;71.7;78;
18.04.2014;12:14:51;1;0;0;1;71.5;78;
18.04.2014;12:14:56;1;1;0;0;71.7;78;
18.04.2014;12:15:01;1;1;0;0;71.7;78;
18.04.2014;12:15:06;1;1;0;0;71.7;78;
18.04.2014;12:15:11;1;1;0;0;71.8;78;
18.04.2014;12:15:16;1;1;0;0;71.8;78;
18.04.2014;12:15:21;1;1;0;0;71.8;78;
18.04.2014;12:15:26;1;0;0;0;71.9;78;
18.04.2014;12:15:31;1;0;0;0;71.9;78;
18.04.2014;12:15:36;1;1;0;0;71.7;78;
18.04.2014;12:15:41;1;1;0;0;71.7;78;
18.04.2014;12:15:46;1;1;0;0;71.9;78;
18.04.2014;12:15:51;1;1;0;0;71.9;78;
18.04.2014;12:15:56;1;1;0;0;71.9;78;
18.04.2014;12:16:01;1;1;0;0;72;78;
18.04.2014;12:16:06;1;0;0;0;72.1;78;
18.04.2014;12:16:11;1;0;0;0;72;78;
18.04.2014;12:16:16;1;1;0;0;72.1;78;
18.04.2014;12:16:21;1;1;0;0;72;78;
18.04.2014;12:16:26;1;1;0;0;72.1;78;
18.04.2014;12:16:31;1;1;0;0;72.1;78;
18.04.2014;12:16:36;1;1;0;0;72.2;78;
18.04.2014;12:16:41;1;1;0;0;72.3;78;
18.04.2014;12:16:46;1;0;0;0;72.3;78;
18.04.2014;12:16:51;1;0;0;0;72.4;78;
18.04.2014;12:16:56;1;1;0;0;72.5;78;
18.04.2014;12:17:01;1;1;0;0;72.5;78;
18.04.2014;12:17:06;1;1;0;0;72.6;78;
18.04.2014;12:17:11;1;1;0;0;72.6;78;
18.04.2014;12:17:16;1;1;0;0;72.8;78;
18.04.2014;12:17:21;1;1;0;0;72.9;78;
18.04.2014;12:17:26;1;0;0;0;73;78;
18.04.2014;12:17:31;1;0;0;0;73.1;78;
18.04.2014;12:17:36;1;1;0;0;73.1;78;
18.04.2014;12:17:41;1;1;0;0;73.1;78;
18.04.2014;12:17:46;1;1;0;0;73.3;78;
18.04.2014;12:17:51;1;1;0;0;73.3;78;
18.04.2014;12:17:56;1;1;0;0;73.4;78;
18.04.2014;12:18:01;1;1;0;0;73.4;78;
18.04.2014;12:18:06;1;0;0;0;73.5;78;
18.04.2014;12:18:11;1;0;0;0;73.8;78;
18.04.2014;12:18:16;1;1;0;0;73.9;78;
18.04.2014;12:18:21;1;1;0;0;74;78;
18.04.2014;12:18:26;1;1;0;0;74;78;
18.04.2014;12:18:31;1;1;0;0;74;78;
18.04.2014;12:18:36;1;1;0;0;74.2;78;
18.04.2014;12:18:41;1;1;0;0;74.3;78;
18.04.2014;12:18:46;1;0;0;0;74.3;78;
18.04.2014;12:18:51;1;0;0;0;74.3;78;
18.04.2014;12:18:56;1;1;0;0;74.3;78;
18.04.2014;12:19:01;1;1;0;0;74.4;78;
18.04.2014;12:19:06;1;1;0;0;74.5;78;
18.04.2014;12:19:11;1;1;0;0;74.6;78;
18.04.2014;12:19:16;1;1;0;0;74.7;78;
18.04.2014;12:19:21;1;1;0;0;74.7;78;
18.04.2014;12:19:26;1;0;0;0;74.7;78;
18.04.2014;12:19:31;1;0;0;0;74.8;78;
18.04.2014;12:19:36;1;1;0;0;74.8;78;
18.04.2014;12:19:41;1;1;0;0;74.8;78;
18.04.2014;12:19:46;1;1;0;0;74.8;78;
18.04.2014;12:19:51;1;1;0;0;74.8;78;
18.04.2014;12:19:56;1;1;0;0;75.1;78;
18.04.2014;12:20:01;1;1;0;0;75.2;78;
18.04.2014;12:20:06;1;0;0;0;75.2;78;
18.04.2014;12:20:11;1;0;0;0;75.2;78;
18.04.2014;12:20:16;1;1;0;0;75.4;78;
18.04.2014;12:20:21;1;1;0;0;75.5;78;
18.04.2014;12:20:26;1;1;0;0;75.4;78;
18.04.2014;12:20:31;1;1;0;0;75.4;78;
18.04.2014;12:20:36;1;1;0;0;75.6;78;
18.04.2014;12:20:41;1;1;0;0;75.7;78;
18.04.2014;12:20:46;1;0;0;0;75.8;78;
18.04.2014;12:20:51;1;0;0;0;75.8;78;
18.04.2014;12:20:56;1;1;0;0;76;78;
18.04.2014;12:21:01;1;1;0;0;76;78;
18.04.2014;12:21:07;0;1;0;0;76;78;
18.04.2014;12:21:12;0;1;0;0;76;78;
18.04.2014;12:21:17;1;1;0;0;76.1;78;
18.04.2014;12:21:22;0;1;0;0;76.2;78;
18.04.2014;12:21:27;0;0;0;0;76.3;78;
18.04.2014;12:21:32;1;0;0;0;76.3;78;
18.04.2014;12:21:37;0;1;0;0;76.3;78;
18.04.2014;12:21:42;0;1;0;0;76.7;78;
18.04.2014;12:21:47;1;1;0;0;76.8;78;
18.04.2014;12:21:52;0;1;0;0;76.7;78;
18.04.2014;12:21:57;0;1;0;0;76.8;78;
18.04.2014;12:22:02;1;1;0;0;76.7;78;
18.04.2014;12:22:07;0;0;0;0;76.7;78;
18.04.2014;12:22:12;0;0;0;0;76.8;78;
18.04.2014;12:22:17;1;1;0;0;76.9;78;
18.04.2014;12:22:22;0;1;0;0;76.8;78;
18.04.2014;12:22:27;0;1;0;0;76.9;78;
18.04.2014;12:22:32;1;1;0;0;76.9;78;
18.04.2014;12:22:37;0;1;0;0;77.1;78;
18.04.2014;12:22:42;0;1;0;0;77.2;78;
18.04.2014;12:22:47;1;0;0;0;77.2;78;
18.04.2014;12:22:52;0;0;0;0;77.2;78;
18.04.2014;12:22:57;0;1;0;0;77.2;78;
18.04.2014;12:23:02;1;1;0;0;77.2;78;
18.04.2014;12:23:07;0;1;0;0;77.3;78;
18.04.2014;12:23:12;0;1;0;0;77.3;78;
18.04.2014;12:23:17;1;1;0;0;77.3;78;
18.04.2014;12:23:22;0;1;0;0;77.4;78;
18.04.2014;12:23:27;0;0;0;0;77.3;78;
18.04.2014;12:23:32;1;0;0;0;77.1;78;
18.04.2014;12:23:37;0;1;0;0;77.3;78;
18.04.2014;12:23:42;0;1;0;0;77.3;78;
18.04.2014;12:23:47;1;1;0;0;77.4;78;
18.04.2014;12:23:52;0;1;0;0;77.4;78;
18.04.2014;12:23:57;0;1;0;0;77.4;78;
18.04.2014;12:24:02;1;1;0;0;77.4;78;
18.04.2014;12:24:07;0;0;0;0;77.4;78;
18.04.2014;12:24:12;0;0;0;0;77.3;78;
18.04.2014;12:24:17;1;1;0;0;77.3;78;
18.04.2014;12:24:22;0;1;0;0;77.6;78;
18.04.2014;12:24:27;0;1;0;0;77.5;78;
18.04.2014;12:24:32;1;1;0;0;77.6;78;
18.04.2014;12:24:37;0;1;0;0;77.7;78;
18.04.2014;12:24:42;0;1;0;0;77.5;78;
18.04.2014;12:24:47;1;0;0;0;77.6;78;
18.04.2014;12:24:52;0;0;0;0;77.6;78;
18.04.2014;12:24:57;0;1;0;0;77.6;78;
18.04.2014;12:25:02;1;1;0;0;77.6;78;
18.04.2014;12:25:07;0;1;0;0;77.6;78;
18.04.2014;12:25:12;0;1;0;0;77.6;78;
18.04.2014;12:25:17;1;1;0;0;77.5;78;
18.04.2014;12:25:22;0;1;0;0;77.4;78;
18.04.2014;12:25:27;1;0;0;0;77.5;78;
18.04.2014;12:25:32;0;0;0;0;77.5;78;
18.04.2014;12:25:37;0;1;0;0;77.5;78;
18.04.2014;12:25:42;1;1;0;0;77.4;78;
18.04.2014;12:25:47;0;1;0;0;77.3;78;
18.04.2014;12:25:52;0;1;0;0;77.6;78;
18.04.2014;12:25:57;1;1;0;0;77.6;78;
18.04.2014;12:26:02;0;1;0;0;77.5;78;
18.04.2014;12:26:07;0;0;0;0;77.4;78;
18.04.2014;12:26:12;1;0;0;0;77.5;78;
18.04.2014;12:26:17;0;1;0;0;77.5;78;
18.04.2014;12:26:22;0;1;0;0;77.5;78;
18.04.2014;12:26:27;1;1;0;0;77.5;78;
18.04.2014;12:26:32;0;1;0;0;77.5;78;
18.04.2014;12:26:37;0;1;0;0;77.4;78;
18.04.2014;12:26:42;1;1;0;0;77.4;78;
18.04.2014;12:26:47;0;0;0;0;77.3;78;
18.04.2014;12:26:52;0;0;0;0;77.4;78;
18.04.2014;12:26:57;1;1;0;0;77.6;78;
18.04.2014;12:27:02;0;1;0;0;77.5;78;
18.04.2014;12:27:07;0;1;0;0;77.5;78;
18.04.2014;12:27:12;1;1;0;0;77.5;78;
18.04.2014;12:27:17;0;1;0;0;77.4;78;
18.04.2014;12:27:22;0;1;0;0;77.4;78;
18.04.2014;12:27:27;1;0;0;0;77.4;78;
18.04.2014;12:27:32;0;0;0;0;77.4;78;
18.04.2014;12:27:37;0;1;0;0;77.4;78;
18.04.2014;12:27:42;1;1;0;0;77.3;78;
18.04.2014;12:27:47;0;1;0;0;77.4;78;
18.04.2014;12:27:52;0;1;0;0;77.4;78;
18.04.2014;12:27:57;1;1;0;0;77.4;78;
18.04.2014;12:28:02;0;1;0;0;77.5;78;
18.04.2014;12:28:07;0;0;0;0;77.4;78;
18.04.2014;12:28:12;1;0;0;0;77.4;78;
18.04.2014;12:28:17;0;1;0;0;77.7;78;
18.04.2014;12:28:22;0;1;0;0;77.5;78;
18.04.2014;12:28:27;1;1;0;0;77.4;78;
18.04.2014;12:28:32;0;1;0;0;77.4;78;
18.04.2014;12:28:37;0;1;0;0;77.4;78;
18.04.2014;12:28:42;1;1;0;0;77.4;78;
18.04.2014;12:28:47;0;0;0;0;77.5;78;
18.04.2014;12:28:52;0;0;0;0;77.5;78;
18.04.2014;12:28:57;1;1;0;0;77.4;78;
18.04.2014;12:29:02;0;1;0;0;77.5;78;
18.04.2014;12:29:07;0;1;0;0;77.3;78;
18.04.2014;12:29:12;1;1;0;0;77.3;78;
18.04.2014;12:29:17;0;1;0;0;77.4;78;
18.04.2014;12:29:22;0;1;0;0;77.3;78;
18.04.2014;12:29:27;1;0;0;0;77.3;78;
18.04.2014;12:29:32;0;0;0;0;77.4;78;
18.04.2014;12:29:37;0;1;0;0;77.3;78;
18.04.2014;12:29:42;1;1;0;0;77.3;78;
18.04.2014;12:29:47;0;1;0;0;77.3;78;
18.04.2014;12:29:52;0;1;0;0;77.2;78;
18.04.2014;12:29:57;1;1;0;0;77.4;78;
18.04.2014;12:30:02;0;1;0;0;77.4;78;
18.04.2014;12:30:07;0;0;0;0;77.4;78;
18.04.2014;12:30:12;1;0;0;0;77.4;78;
18.04.2014;12:30:17;0;1;0;0;77.4;78;
18.04.2014;12:30:22;0;1;0;0;77.3;78;
18.04.2014;12:30:27;1;1;0;0;77.4;78;
18.04.2014;12:30:32;0;1;0;0;77.4;78;
18.04.2014;12:30:37;0;1;0;0;77.5;78;
18.04.2014;12:30:42;1;1;0;0;77.4;78;
18.04.2014;12:30:47;0;0;0;0;77.5;78;
18.04.2014;12:30:52;0;0;0;0;77.4;78;
18.04.2014;12:30:57;1;1;0;0;77.5;78;
18.04.2014;12:31:02;0;1;0;0;77.5;78;
18.04.2014;12:31:07;0;1;0;0;77.5;78;
18.04.2014;12:31:12;1;1;0;0;77.6;78;
18.04.2014;12:31:17;0;1;0;0;77.5;78;
18.04.2014;12:31:22;0;1;0;0;77.5;78;
18.04.2014;12:31:27;1;0;0;0;77.6;78;
18.04.2014;12:31:32;0;0;0;0;77.6;78;
18.04.2014;12:31:37;0;1;0;0;77.6;78;
18.04.2014;12:31:42;1;1;0;0;77.6;78;
18.04.2014;12:31:47;0;1;0;0;77.9;78;
18.04.2014;12:31:52;0;1;0;0;77.9;78;
18.04.2014;12:31:57;1;1;0;0;77.9;78;
18.04.2014;12:32:02;0;1;0;0;78;78;