19.04.2014;09:49:00;1;1;0;0;14.2;58;
19.04.2014;09:49:05;1;1;0;0;14.1;58;
19.04.2014;09:49:10;1;1;0;0;14.1;58;
19.04.2014;09:49:15;1;1;0;0;14.1;58;
19.04.2014;09:49:20;1;1;0;0;14.1;58;
19.04.2014;09:49:25;1;1;0;0;14.1;58;
19.04.2014;09:49:30;1;0;0;0;14.1;58;
19.04.2014;09:49:35;1;0;0;0;14.1;58;
19.04.2014;09:49:40;1;1;0;0;14.1;58;
19.04.2014;09:49:45;1;1;0;0;14.1;58;
19.04.2014;09:49:50;1;1;0;0;14.1;58;
19.04.2014;09:49:55;1;1;0;0;14.1;58;
19.04.2014;09:50:00;1;1;0;0;14.1;58;
19.04.2014;09:50:05;1;1;0;0;14.1;58;
19.04.2014;09:50:10;1;0;0;0;14.2;58;
19.04.2014;09:50:15;1;0;0;0;14.2;58;
19.04.2014;09:50:20;1;1;0;0;14.2;58;
19.04.2014;09:50:25;1;1;0;0;14.3;58;
19.04.2014;09:50:30;1;1;0;0;14.3;58;
19.04.2014;09:50:35;1;1;0;0;14.4;58;
19.04.2014;09:50:40;1;1;0;0;14.4;58;
19.04.2014;09:50:45;1;1;0;0;14.4;58;
19.04.2014;09:50:50;1;0;0;0;14.4;58;
19.04.2014;09:50:55;1;0;0;0;14.5;58;
19.04.2014;09:51:00;1;1;0;0;14.5;58;
19.04.2014;09:51:05;1;1;0;0;14.6;58;
19.04.2014;09:51:11;1;1;0;0;14.6;58;
19.04.2014;09:51:16;1;1;0;0;14.7;58;
19.04.2014;09:51:21;1;1;0;0;14.8;58;
19.04.2014;09:51:26;1;1;0;0;14.9;58;
19.04.2014;09:51:31;1;0;0;0;14.9;58;
19.04.2014;09:51:36;1;0;0;0;14.9;58;
19.04.2014;09:51:41;1;1;0;0;15;58;
19.04.2014;09:51:46;1;1;0;0;15.1;58;
19.04.2014;09:51:51;1;1;0;0;15.2;58;
19.04.2014;09:51:56;1;1;0;0;15.3;58;
19.04.2014;09:52:01;1;1;0;0;15.3;58;
19.04.2014;09:52:06;1;1;0;0;15.4;58;
19.04.2014;09:52:11;1;0;0;0;15.5;58;
19.04.2014;09:52:16;1;0;0;0;15.5;58;
19.04.2014;09:52:21;1;1;0;0;15.6;58;
19.04.2014;09:52:26;1;1;0;0;15.6;58;
19.04.2014;09:52:31;1;1;0;0;15.7;58;
19.04.2014;09:52:36;1;1;0;0;15.8;58;
19.04.2014;09:52:41;1;1;0;0;15.8;58;
19.04.2014;09:52:46;1;1;0;0;15.9;58;
19.04.2014;09:52:51;1;0;0;0;15.9;58;
19.04.2014;09:52:56;1;0;0;0;16.1;58;
19.04.2014;09:53:01;1;1;0;0;16.1;58;
19.04.2014;09:53:06;1;1;0;0;16.2;58;
19.04.2014;09:53:11;1;1;0;0;16.3;58;
19.04.2014;09:53:16;1;1;0;0;16.5;58;
19.04.2014;09:53:21;1;1;0;0;16.6;58;
19.04.2014;09:53:26;1;1;0;0;16.6;58;
19.04.2014;09:53:31;1;0;0;0;16.7;58;
19.04.2014;09:53:36;1;0;0;0;16.7;58;
19.04.2014;09:53:41;1;1;0;0;16.8;58;
19.04.2014;09:53:46;1;1;0;0;16.9;58;
19.04.2014;09:53:51;1;1;0;0;17;58;
19.04.2014;09:53:56;1;1;0;0;17.1;58;
19.04.2014;09:54:01;1;1;0;0;17.2;58;
19.04.2014;09:54:06;1;1;0;0;17.3;58;
19.04.2014;09:54:11;1;0;0;0;17.4;58;
19.04.2014;09:54:16;1;0;0;0;17.5;58;
19.04.2014;09:54:21;1;1;0;0;17.5;58;
19.04.2014;09:54:26;1;1;0;0;17.6;58;
19.04.2014;09:54:31;1;1;0;0;17.6;58;
19.04.2014;09:54:36;1;1;0;0;17.8;58;
19.04.2014;09:54:41;1;1;0;0;17.9;58;
19.04.2014;09:54:46;1;1;0;0;18;58;
19.04.2014;09:54:51;1;0;0;0;18.1;58;
19.04.2014;09:54:56;1;0;0;0;18.2;58;
19.04.2014;09:55:01;1;1;0;0;18.3;58;
19.04.2014;09:55:06;1;1;0;0;18.4;58;
19.04.2014;09:55:11;1;1;0;0;18.4;58;
19.04.2014;09:55:16;1;1;0;0;18.5;58;
19.04.2014;09:55:21;1;1;0;0;18.7;58;
19.04.2014;09:55:26;1;1;0;0;18.7;58;
19.04.2014;09:55:31;1;0;0;0;18.8;58;
19.04.2014;09:55:36;1;0;0;0;18.8;58;
19.04.2014;09:55:41;1;1;0;0;18.9;58;
19.04.2014;09:55:46;1;1;0;0;18.9;58;
19.04.2014;09:55:51;1;1;0;0;19;58;
19.04.2014;09:55:56;1;1;1;0;19.2;58;
19.04.2014;09:56:01;1;1;1;0;19.2;58;
19.04.2014;09:56:06;1;1;1;0;19.4;58;
19.04.2014;09:56:11;1;0;1;0;19.4;58;
19.04.2014;09:56:16;1;0;1;0;19.5;58;
19.04.2014;09:56:21;1;1;1;0;19.6;58;
19.04.2014;09:56:26;1;1;1;0;19.7;58;
19.04.2014;09:56:31;1;1;1;0;19.8;58;
19.04.2014;09:56:36;1;1;1;0;19.9;58;
19.04.2014;09:56:41;1;1;1;0;20.1;58;
19.04.2014;09:56:46;1;1;1;0;20.1;58;
19.04.2014;09:56:51;1;0;1;0;20.2;58;
19.04.2014;09:56:56;1;0;1;0;20.1;58;
19.04.2014;09:57:01;1;1;1;0;20.2;58;
19.04.2014;09:57:06;1;1;1;0;20.3;58;
19.04.2014;09:57:11;1;1;1;0;20.4;58;
19.04.2014;09:57:16;1;1;1;0;20.5;58;
19.04.2014;09:57:21;1;1;1;0;20.7;58;
19.04.2014;09:57:26;1;1;1;0;20.7;58;
19.04.2014;09:57:31;1;0;1;0;20.8;58;
19.04.2014;09:57:36;1;0;1;0;20.9;58;
19.04.2014;09:57:41;1;1;1;0;21;58;
19.04.2014;09:57:46;1;1;1;0;21.1;58;
19.04.2014;09:57:51;1;1;1;0;21.2;58;
19.04.2014;09:57:56;1;1;1;0;21.3;58;
19.04.2014;09:58:01;1;1;1;0;21.5;58;
19.04.2014;09:58:06;1;1;1;0;21.6;58;
19.04.2014;09:58:11;1;0;1;0;21.7;58;
19.04.2014;09:58:16;1;0;1;0;21.7;58;
19.04.2014;09:58:21;1;1;1;0;21.7;58;
19.04.2014;09:58:26;1;1;1;0;21.8;58;
19.04.2014;09:58:31;1;1;1;0;21.9;58;
19.04.2014;09:58:36;1;1;1;0;22;58;
19.04.2014;09:58:41;1;1;1;0;22.2;58;
19.04.2014;09:58:46;1;1;1;0;22.3;58;
19.04.2014;09:58:51;1;0;1;0;22.3;58;
19.04.2014;09:58:56;1;0;1;0;22.4;58;
19.04.2014;09:59:01;1;1;1;0;22.5;58;
19.04.2014;09:59:06;1;1;1;0;22.6;58;
19.04.2014;09:59:11;1;1;1;0;22.6;58;
19.04.2014;09:59:16;1;1;1;0;22.7;58;
19.04.2014;09:59:21;1;1;1;0;22.8;58;
19.04.2014;09:59:26;1;1;1;0;22.8;58;
19.04.2014;09:59:31;1;0;1;0;22.9;58;
19.04.2014;09:59:36;1;0;1;0;23;58;
19.04.2014;09:59:41;1;1;1;0;23.1;58;
19.04.2014;09:59:46;1;1;1;0;23.2;58;
19.04.2014;09:59:51;1;1;1;0;23.3;58;
19.04.2014;09:59:56;1;1;1;0;23.4;58;
19.04.2014;10:00:01;1;1;1;0;23.5;58;
19.04.2014;10:00:06;1;1;1;0;23.6;58;
19.04.2014;10:00:11;1;0;1;0;23.8;58;
19.04.2014;10:00:16;1;0;1;0;23.9;58;
19.04.2014;10:00:21;1;1;1;0;23.9;58;
19.04.2014;10:00:26;1;1;1;0;24;58;
19.04.2014;10:00:31;1;1;1;0;24.1;58;
19.04.2014;10:00:36;1;1;1;0;24.2;58;
19.04.2014;10:00:41;1;1;1;0;24.4;58;
19.04.2014;10:00:46;1;1;1;0;24.5;58;
19.04.2014;10:00:51;1;0;1;0;24.5;58;
19.04.2014;10:00:56;1;0;1;0;24.7;58;
19.04.2014;10:01:01;1;1;1;0;24.7;58;
19.04.2014;10:01:06;1;1;1;0;24.8;58;
19.04.2014;10:01:11;1;1;1;0;24.9;58;
19.04.2014;10:01:16;1;1;1;0;25;58;
19.04.2014;10:01:21;1;1;1;0;25.1;58;
19.04.2014;10:01:26;1;1;1;0;25.2;58;
19.04.2014;10:01:31;1;0;1;0;25.3;58;
19.04.2014;10:01:36;1;0;1;0;25.4;58;
19.04.2014;10:01:41;1;1;1;0;25.5;58;
19.04.2014;10:01:46;1;1;1;0;25.6;58;
19.04.2014;10:01:51;1;1;1;0;25.7;58;
19.04.2014;10:01:56;1;1;1;0;25.8;58;
19.04.2014;10:02:01;1;1;1;0;25.9;58;
19.04.2014;10:02:06;1;1;1;0;25.9;58;
19.04.2014;10:02:11;1;0;1;0;26;58;
19.04.2014;10:02:16;1;0;1;0;26.1;58;
19.04.2014;10:02:22;1;1;1;0;26.2;58;
19.04.2014;10:02:26;1;1;1;0;26.3;58;
19.04.2014;10:02:31;1;1;1;0;26.4;58;
19.04.2014;10:02:36;1;1;1;0;26.5;58;
19.04.2014;10:02:41;1;1;1;0;26.6;58;
19.04.2014;10:02:47;1;1;1;0;26.6;58;
19.04.2014;10:02:52;1;0;1;0;26.7;58;
19.04.2014;10:02:57;1;0;1;0;26.8;58;
19.04.2014;10:03:02;1;1;0;0;26.9;58;
19.04.2014;10:03:07;1;1;0;0;27;58;
19.04.2014;10:03:12;1;1;0;0;27;58;
19.04.2014;10:03:17;1;1;0;0;27.1;58;
19.04.2014;10:03:22;1;1;0;0;27.3;58;
19.04.2014;10:03:27;1;1;0;0;27.4;58;
19.04.2014;10:03:32;1;0;0;0;27.4;58;
19.04.2014;10:03:37;1;0;0;0;27.5;58;
19.04.2014;10:03:42;1;1;0;0;27.6;58;
19.04.2014;10:03:47;1;1;0;0;27.7;58;
19.04.2014;10:03:52;1;1;0;0;27.7;58;
19.04.2014;10:03:57;1;1;0;0;27.9;58;
19.04.2014;10:04:02;1;1;0;0;28.1;58;
19.04.2014;10:04:07;1;1;0;0;28.1;58;
19.04.2014;10:04:12;1;0;0;0;28.2;58;
19.04.2014;10:04:17;1;0;0;0;28.2;58;
19.04.2014;10:04:22;1;1;0;0;28.3;58;
19.04.2014;10:04:27;1;1;0;0;28.4;58;
19.04.2014;10:04:32;1;1;0;0;28.5;58;
19.04.2014;10:04:37;1;1;0;0;28.5;58;
19.04.2014;10:04:42;1;1;0;0;28.7;58;
19.04.2014;10:04:47;1;1;0;0;28.9;58;
19.04.2014;10:04:52;1;0;0;0;28.9;58;
19.04.2014;10:04:57;1;0;0;0;29.1;58;
19.04.2014;10:05:02;1;1;0;0;29.1;58;
19.04.2014;10:05:07;1;1;0;0;29.2;58;
19.04.2014;10:05:12;1;1;0;0;29.3;58;
19.04.2014;10:05:17;1;1;0;0;29.3;58;
19.04.2014;10:05:22;1;1;0;0;29.5;58;
19.04.2014;10:05:27;1;1;0;0;29.6;58;
19.04.2014;10:05:32;1;0;0;0;29.7;58;
19.04.2014;10:05:37;1;0;0;0;29.7;58;
19.04.2014;10:05:42;1;1;0;0;29.8;58;
19.04.2014;10:05:47;1;1;0;0;29.9;58;
19.04.2014;10:05:52;1;1;0;0;30;58;
19.04.2014;10:05:57;1;1;0;0;30.2;58;
19.04.2014;10:06:02;1;1;0;0;30.3;58;
19.04.2014;10:06:07;1;1;0;0;30.4;58;
19.04.2014;10:06:12;1;0;0;0;30.4;58;
19.04.2014;10:06:17;1;0;0;0;30.5;58;
19.04.2014;10:06:22;1;1;0;0;30.6;58;
19.04.2014;10:06:27;1;1;0;0;30.7;58;
19.04.2014;10:06:32;1;1;0;0;30.8;58;
19.04.2014;10:06:37;1;1;0;0;30.9;58;
19.04.2014;10:06:42;1;1;0;0;31.1;58;
19.04.2014;10:06:47;1;1;0;0;31.2;58;
19.04.2014;10:06:52;1;0;0;0;31.3;58;
19.04.2014;10:06:57;1;0;0;0;31.4;58;
19.04.2014;10:07:02;1;1;0;0;31.4;58;
19.04.2014;10:07:07;1;1;0;0;31.5;58;
19.04.2014;10:07:12;1;1;0;0;31.5;58;
19.04.2014;10:07:17;1;1;0;0;31.6;58;
19.04.2014;10:07:22;1;1;0;0;31.8;58;
19.04.2014;10:07:27;1;1;0;0;31.8;58;
19.04.2014;10:07:32;1;0;0;0;32;58;
19.04.2014;10:07:37;1;0;0;0;32;58;
19.04.2014;10:07:42;1;1;0;0;32.1;58;
19.04.2014;10:07:47;1;1;0;0;32.2;58;
19.04.2014;10:07:52;1;1;0;0;32.3;58;
19.04.2014;10:07:57;1;1;0;0;32.4;58;
19.04.2014;10:08:02;1;1;0;0;32.6;58;
19.04.2014;10:08:07;1;1;0;0;32.7;58;
19.04.2014;10:08:12;1;0;0;0;32.7;58;
19.04.2014;10:08:17;1;0;0;0;32.8;58;
19.04.2014;10:08:22;1;1;0;0;32.8;58;
19.04.2014;10:08:27;1;1;0;0;32.9;58;
19.04.2014;10:08:32;1;1;0;0;33;58;
19.04.2014;10:08:37;1;1;0;0;33.1;58;
19.04.2014;10:08:42;1;1;0;0;33.1;58;
19.04.2014;10:08:47;1;1;0;0;33.3;58;
19.04.2014;10:08:52;1;0;0;0;33.3;58;
19.04.2014;10:08:57;1;0;0;0;33.5;58;
19.04.2014;10:09:02;1;1;0;0;33.5;58;
19.04.2014;10:09:07;1;1;0;0;33.7;58;
19.04.2014;10:09:12;1;1;0;0;33.8;58;
19.04.2014;10:09:17;1;1;0;0;33.9;58;
19.04.2014;10:09:22;1;1;0;0;34.1;58;
19.04.2014;10:09:27;1;1;0;0;34.2;58;
19.04.2014;10:09:32;1;0;0;0;34.2;58;
19.04.2014;10:09:37;1;0;0;0;34.3;58;
19.04.2014;10:09:42;1;1;0;0;34.4;58;
19.04.2014;10:09:47;1;1;0;0;34.5;58;
19.04.2014;10:09:52;1;1;0;0;34.5;58;
19.04.2014;10:09:57;1;1;0;0;34.6;58;
19.04.2014;10:10:02;1;1;0;0;34.8;58;
19.04.2014;10:10:07;1;1;0;0;34.8;58;
19.04.2014;10:10:12;1;0;0;0;34.9;58;
19.04.2014;10:10:17;1;0;0;0;34.9;58;
19.04.2014;10:10:22;1;1;0;0;34.9;58;
19.04.2014;10:10:27;1;1;0;0;35;58;
19.04.2014;10:10:32;1;1;0;0;35.1;58;
19.04.2014;10:10:37;1;1;0;0;35.2;58;
19.04.2014;10:10:42;1;1;0;0;35.5;58;
19.04.2014;10:10:47;1;1;0;0;35.5;58;
19.04.2014;10:10:52;1;0;0;0;35.6;58;
19.04.2014;10:10:57;1;0;0;0;35.6;58;
19.04.2014;10:11:02;1;1;0;0;35.7;58;
19.04.2014;10:11:07;1;1;0;0;35.8;58;
19.04.2014;10:11:12;1;1;0;0;35.9;58;
19.04.2014;10:11:17;1;1;0;0;36;58;
19.04.2014;10:11:22;1;1;0;0;36.2;58;
19.04.2014;10:11:27;1;1;0;0;36.3;58;
19.04.2014;10:11:32;1;0;0;0;36.3;58;
19.04.2014;10:11:37;1;0;0;0;36.4;58;
19.04.2014;10:11:42;1;1;0;0;36.5;58;
19.04.2014;10:11:47;1;1;0;0;36.6;58;
19.04.2014;10:11:52;1;1;0;0;36.7;58;
19.04.2014;10:11:57;1;1;0;0;36.8;58;
19.04.2014;10:12:02;1;1;0;0;37;58;
19.04.2014;10:12:07;1;1;0;0;37.1;58;
19.04.2014;10:12:12;1;0;0;0;37.2;58;
19.04.2014;10:12:17;1;0;0;0;37.2;58;
19.04.2014;10:12:22;1;1;0;0;37.3;58;
19.04.2014;10:12:27;1;1;0;0;37.4;58;
19.04.2014;10:12:32;1;1;0;0;37.5;58;
19.04.2014;10:12:37;1;1;0;0;37.6;58;
19.04.2014;10:12:42;1;1;0;0;37.7;58;
19.04.2014;10:12:47;1;1;0;0;37.8;58;
19.04.2014;10:12:52;1;0;0;0;37.9;58;
19.04.2014;10:12:57;1;0;0;0;38;58;
19.04.2014;10:13:02;1;1;0;0;38.1;58;
19.04.2014;10:13:07;1;1;0;0;38.1;58;
19.04.2014;10:13:12;1;1;0;0;38.2;58;
19.04.2014;10:13:17;1;1;0;0;38.3;58;
19.04.2014;10:13:22;1;1;0;0;38.4;58;
19.04.2014;10:13:27;1;1;0;0;38.5;58;
19.04.2014;10:13:32;1;0;0;0;38.6;58;
19.04.2014;10:13:37;1;0;0;0;38.6;58;
19.04.2014;10:13:42;1;1;0;0;38.7;58;
19.04.2014;10:13:47;1;1;0;0;38.8;58;
19.04.2014;10:13:52;1;1;0;0;38.9;58;
19.04.2014;10:13:57;1;1;0;0;39;58;
19.04.2014;10:14:02;1;1;0;0;39.2;58;
19.04.2014;10:14:07;1;1;0;0;39.3;58;
19.04.2014;10:14:12;1;0;0;0;39.3;58;
19.04.2014;10:14:17;1;0;0;0;39.4;58;
19.04.2014;10:14:23;1;1;0;0;39.5;58;
19.04.2014;10:14:28;1;1;0;0;39.5;58;
19.04.2014;10:14:33;1;1;0;0;39.7;58;
19.04.2014;10:14:38;1;1;0;0;39.8;58;
19.04.2014;10:14:43;1;1;0;0;39.9;58;
19.04.2014;10:14:48;1;1;0;0;39.9;58;
19.04.2014;10:14:53;1;0;0;0;40;58;
19.04.2014;10:14:58;1;0;0;0;40.1;58;
19.04.2014;10:15:03;1;1;0;0;40.1;58;
19.04.2014;10:15:08;1;1;0;0;40.2;58;
19.04.2014;10:15:13;1;1;0;0;40.3;58;
19.04.2014;10:15:18;1;1;0;0;40.4;58;
19.04.2014;10:15:23;1;1;0;0;40.6;58;
19.04.2014;10:15:28;1;1;0;0;40.7;58;
19.04.2014;10:15:33;1;0;0;0;40.8;58;
19.04.2014;10:15:38;1;0;0;0;40.8;58;
19.04.2014;10:15:43;1;1;0;0;40.9;58;
19.04.2014;10:15:48;1;1;0;0;40.9;58;
19.04.2014;10:15:53;1;1;0;0;41;58;
19.04.2014;10:15:58;1;1;0;0;41.2;58;
19.04.2014;10:16:03;1;1;0;0;41.3;58;
19.04.2014;10:16:08;1;1;0;0;41.3;58;
19.04.2014;10:16:13;1;0;0;0;41.4;58;
19.04.2014;10:16:18;1;0;0;0;41.5;58;
19.04.2014;10:16:23;1;1;0;0;41.6;58;
19.04.2014;10:16:28;1;1;0;0;41.7;58;
19.04.2014;10:16:33;1;1;0;0;41.7;58;
19.04.2014;10:16:38;1;1;0;0;41.8;58;
19.04.2014;10:16:43;1;1;0;0;42;58;
19.04.2014;10:16:48;1;1;0;0;42.1;58;
19.04.2014;10:16:53;1;0;0;0;42.2;58;
19.04.2014;10:16:58;1;0;0;0;42.2;58;
19.04.2014;10:17:03;1;1;0;0;42.3;58;
19.04.2014;10:17:08;1;1;0;0;42.5;58;
19.04.2014;10:17:13;1;1;0;0;42.6;58;
19.04.2014;10:17:18;1;1;0;0;42.7;58;
19.04.2014;10:17:23;1;1;0;0;42.9;58;
19.04.2014;10:17:28;1;1;0;0;42.9;58;
19.04.2014;10:17:33;1;0;0;0;43;58;
19.04.2014;10:17:38;1;0;0;0;43;58;
19.04.2014;10:17:43;1;1;0;0;43;58;
19.04.2014;10:17:48;1;1;0;0;43.1;58;
19.04.2014;10:17:53;1;1;0;0;43.2;58;
19.04.2014;10:17:58;1;1;0;0;43.4;58;
19.04.2014;10:18:03;1;1;0;0;43.5;58;
19.04.2014;10:18:08;1;1;0;0;43.7;58;
19.04.2014;10:18:13;1;0;0;0;43.7;58;
19.04.2014;10:18:18;1;0;0;0;43.7;58;
19.04.2014;10:18:23;1;1;0;0;43.8;58;
19.04.2014;10:18:28;1;1;0;0;43.8;58;
19.04.2014;10:18:33;1;1;0;0;43.9;58;
19.04.2014;10:18:38;1;1;0;0;44;58;
19.04.2014;10:18:43;1;1;0;0;44.3;58;
19.04.2014;10:18:48;1;1;0;0;44.3;58;
19.04.2014;10:18:53;1;0;0;0;44.4;58;
19.04.2014;10:18:58;1;0;0;0;44.4;58;
19.04.2014;10:19:03;1;1;0;0;44.5;58;
19.04.2014;10:19:08;1;1;0;0;44.6;58;
19.04.2014;10:19:13;1;1;0;0;44.7;58;
19.04.2014;10:19:18;1;1;0;0;44.8;58;
19.04.2014;10:19:23;1;1;0;0;45;58;
19.04.2014;10:19:28;1;1;0;0;45.1;58;
19.04.2014;10:19:33;1;0;0;0;45.2;58;
19.04.2014;10:19:38;1;0;0;0;45.2;58;
19.04.2014;10:19:43;1;1;0;0;45.2;58;
19.04.2014;10:19:48;1;1;0;0;45.3;58;
19.04.2014;10:19:53;1;1;0;0;45.4;58;
19.04.2014;10:19:58;1;1;0;0;45.5;58;
19.04.2014;10:20:03;1;1;0;0;45.7;58;
19.04.2014;10:20:08;1;1;0;0;45.7;58;
19.04.2014;10:20:13;1;0;0;0;45.8;58;
19.04.2014;10:20:18;1;0;0;0;45.8;58;
19.04.2014;10:20:23;1;1;0;0;45.8;58;
19.04.2014;10:20:28;1;1;0;0;45.9;58;
19.04.2014;10:20:33;1;1;0;0;46.1;58;
19.04.2014;10:20:38;1;1;0;0;46.2;58;
19.04.2014;10:20:43;1;1;0;0;46.3;58;
19.04.2014;10:20:48;1;1;0;0;46.5;58;
19.04.2014;10:20:53;1;0;0;0;46.5;58;
19.04.2014;10:20:58;1;0;0;0;46.6;58;
19.04.2014;10:21:03;1;1;0;0;46.7;58;
19.04.2014;10:21:08;1;1;0;0;46.7;58;
19.04.2014;10:21:13;1;1;0;0;46.7;58;
19.04.2014;10:21:18;1;1;0;0;46.8;58;
19.04.2014;10:21:23;1;1;0;0;47;58;
19.04.2014;10:21:28;1;1;0;0;47.1;58;
19.04.2014;10:21:33;1;0;0;0;47.2;58;
19.04.2014;10:21:38;1;0;0;0;47.2;58;
19.04.2014;10:21:43;1;1;0;0;47.3;58;
19.04.2014;10:21:48;1;1;0;0;47.4;58;
19.04.2014;10:21:53;1;1;0;0;47.4;58;
19.04.2014;10:21:58;1;1;0;0;47.5;58;
19.04.2014;10:22:03;1;1;0;0;47.7;58;
19.04.2014;10:22:08;1;1;0;0;47.8;58;
19.04.2014;10:22:13;1;0;0;0;47.9;58;
19.04.2014;10:22:18;1;0;0;0;48;58;
19.04.2014;10:22:23;1;1;0;0;48.1;58;
19.04.2014;10:22:28;1;1;0;0;48.2;58;
19.04.2014;10:22:33;1;1;0;0;48.2;58;
19.04.2014;10:22:38;1;1;0;0;48.3;58;
19.04.2014;10:22:43;1;1;0;0;48.3;58;
19.04.2014;10:22:48;1;1;0;0;48.5;58;
19.04.2014;10:22:53;1;0;0;0;48.6;58;
19.04.2014;10:22:58;1;0;0;0;48.6;58;
19.04.2014;10:23:03;1;1;0;0;48.7;58;
19.04.2014;10:23:08;1;1;0;0;48.7;58;
19.04.2014;10:23:13;1;1;0;0;48.9;58;
19.04.2014;10:23:18;1;1;0;0;49;58;
19.04.2014;10:23:23;1;1;0;0;49;58;
19.04.2014;10:23:28;1;1;0;0;49.2;58;
19.04.2014;10:23:33;1;0;0;0;49.2;58;
19.04.2014;10:23:38;1;0;0;0;49.2;58;
19.04.2014;10:23:43;1;1;0;0;49.3;58;
19.04.2014;10:23:48;1;1;0;0;49.4;58;
19.04.2014;10:23:53;1;1;0;0;49.5;58;
19.04.2014;10:23:58;1;1;0;0;49.6;58;
19.04.2014;10:24:03;1;1;0;0;49.7;58;
19.04.2014;10:24:08;1;1;0;0;49.8;58;
19.04.2014;10:24:13;1;0;0;0;49.9;58;
19.04.2014;10:24:18;1;0;0;0;50.1;58;
19.04.2014;10:24:23;1;1;0;0;50.2;58;
19.04.2014;10:24:28;1;1;0;0;50.3;58;
19.04.2014;10:24:33;1;1;0;0;50.3;58;
19.04.2014;10:24:38;1;1;0;0;50.4;58;
19.04.2014;10:24:43;1;1;0;0;50.5;58;
19.04.2014;10:24:48;1;1;0;0;50.6;58;
19.04.2014;10:24:53;1;0;0;0;50.7;58;
19.04.2014;10:24:58;1;0;0;0;50.8;58;
19.04.2014;10:25:03;1;1;0;0;50.8;58;
19.04.2014;10:25:08;1;1;0;0;50.9;58;
19.04.2014;10:25:13;1;1;0;0;50.9;58;
19.04.2014;10:25:18;1;1;0;0;51;58;
19.04.2014;10:25:23;1;1;0;0;51;58;
19.04.2014;10:25:28;1;1;0;0;51.2;58;
19.04.2014;10:25:33;1;0;0;0;51.3;58;
19.04.2014;10:25:38;1;0;0;0;51.3;58;
19.04.2014;10:25:43;1;1;0;0;51.4;58;
19.04.2014;10:25:48;1;1;0;0;51.5;58;
19.04.2014;10:25:53;1;1;0;0;51.6;58;
19.04.2014;10:25:59;1;1;0;0;51.7;58;
19.04.2014;10:26:04;1;1;0;0;51.8;58;
19.04.2014;10:26:09;1;1;0;0;51.9;58;
19.04.2014;10:26:14;1;0;0;0;52;58;
19.04.2014;10:26:19;1;0;0;0;52.2;58;
19.04.2014;10:26:24;1;1;0;0;52.2;58;
19.04.2014;10:26:29;1;1;0;0;52.2;58;
19.04.2014;10:26:34;1;1;0;0;52.3;58;
19.04.2014;10:26:39;1;1;0;0;52.4;58;
19.04.2014;10:26:44;1;1;0;0;52.5;58;
19.04.2014;10:26:49;1;1;0;0;52.5;58;
19.04.2014;10:26:54;1;0;0;0;52.6;58;
19.04.2014;10:26:59;1;0;0;0;52.7;58;
19.04.2014;10:27:04;1;1;0;0;52.8;58;
19.04.2014;10:27:09;1;1;0;0;52.9;58;
19.04.2014;10:27:14;1;1;0;0;53;58;
19.04.2014;10:27:19;1;1;0;0;53;58;
19.04.2014;10:27:24;1;1;0;0;53.1;58;
19.04.2014;10:27:29;1;1;0;0;53.3;58;
19.04.2014;10:27:34;1;0;0;0;53.4;58;
19.04.2014;10:27:39;1;0;0;0;53.5;58;
19.04.2014;10:27:44;1;1;0;0;53.6;58;
19.04.2014;10:27:49;1;1;0;0;53.7;58;
19.04.2014;10:27:54;1;1;0;0;53.8;58;
19.04.2014;10:27:59;1;1;0;0;53.8;58;
19.04.2014;10:28:04;1;1;0;0;53.9;58;
19.04.2014;10:28:09;1;1;0;0;54;58;
19.04.2014;10:28:14;1;0;0;0;54.1;58;
19.04.2014;10:28:19;1;0;0;0;54.2;58;
19.04.2014;10:28:24;1;1;0;0;54.3;58;
19.04.2014;10:28:29;1;1;0;0;54.3;58;
19.04.2014;10:28:34;1;1;0;0;54.4;58;
19.04.2014;10:28:39;1;1;0;0;54.5;58;
19.04.2014;10:28:44;1;1;0;0;54.7;58;
19.04.2014;10:28:49;1;1;0;0;54.6;58;
19.04.2014;10:28:54;1;0;0;0;54.7;58;
19.04.2014;10:28:59;1;0;0;0;54.7;58;
19.04.2014;10:29:04;1;1;0;0;54.8;58;
19.04.2014;10:29:09;1;1;0;0;54.9;58;
19.04.2014;10:29:14;1;1;0;0;55;58;
19.04.2014;10:29:19;1;1;0;0;55;58;
19.04.2014;10:29:24;1;1;0;0;55.1;58;
19.04.2014;10:29:29;1;1;0;0;55.3;58;
19.04.2014;10:29:34;1;0;0;0;55.4;58;
19.04.2014;10:29:39;1;0;0;0;55.4;58;
19.04.2014;10:29:44;1;1;0;0;55.5;58;
19.04.2014;10:29:49;1;1;0;0;55.7;58;
19.04.2014;10:29:54;1;1;0;0;55.9;58;
19.04.2014;10:29:59;1;1;0;0;56;58;
19.04.2014;10:30:04;1;1;0;0;56;58;
19.04.2014;10:30:09;0;1;0;0;56.2;58;
19.04.2014;10:30:14;0;0;0;0;56.2;58;
19.04.2014;10:30:19;1;0;0;0;56.3;58;
19.04.2014;10:30:24;1;1;0;0;56.4;58;
19.04.2014;10:30:29;0;1;0;0;56.4;58;
19.04.2014;10:30:34;0;1;0;0;56.5;58;
19.04.2014;10:30:39;1;1;0;0;56.4;58;
19.04.2014;10:30:44;1;1;0;0;56.5;58;
19.04.2014;10:30:49;0;1;0;0;56.7;58;
19.04.2014;10:30:54;0;0;0;0;56.9;58;
19.04.2014;10:30:59;1;0;0;0;57;58;
19.04.2014;10:31:04;1;1;0;0;57;58;
19.04.2014;10:31:09;0;1;0;0;57;58;
19.04.2014;10:31:14;0;1;0;0;57.1;58;
19.04.2014;10:31:19;1;1;0;0;57.1;58;
19.04.2014;10:31:24;1;1;0;0;57.3;58;
19.04.2014;10:31:29;0;1;0;0;57.2;58;
19.04.2014;10:31:34;0;0;0;0;57.4;58;
19.04.2014;10:31:39;1;0;0;0;57.3;58;
19.04.2014;10:31:44;1;1;0;0;57.4;58;
19.04.2014;10:31:49;0;1;0;0;57.4;58;
19.04.2014;10:31:54;0;1;0;0;57.4;58;
19.04.2014;10:31:59;1;1;0;0;57.5;58;
19.04.2014;10:32:04;1;1;0;0;57.5;58;
19.04.2014;10:32:09;0;1;0;0;57.6;58;
19.04.2014;10:32:14;0;0;0;0;57.7;58;
19.04.2014;10:32:19;1;0;0;0;57.8;58;
19.04.2014;10:32:24;1;1;0;0;57.9;58;
19.04.2014;10:32:29;0;1;0;0;57.9;58;
19.04.2014;10:32:34;0;1;0;0;57.9;58;
19.04.2014;10:32:39;0;1;0;1;58;58;
19.04.2014;10:32:44;0;1;0;1;58;58;
19.04.2014;10:32:49;0;1;0;1;58;58;
19.04.2014;10:32:54;0;0;0;1;58.1;58;
19.04.2014;10:32:59;0;0;0;1;58.1;58;
19.04.2014;10:33:04;0;1;0;1;58.2;58;
19.04.2014;10:33:09;0;1;0;1;58.3;58;
19.04.2014;10:33:14;0;1;0;1;58.3;58;
19.04.2014;10:33:19;0;1;0;1;58.3;58;
19.04.2014;10:33:24;0;1;0;1;58.3;58;
19.04.2014;10:33:29;0;1;0;1;58.4;58;
19.04.2014;10:33:34;0;0;0;1;58.4;58;
19.04.2014;10:33:39;0;0;0;1;58.4;58;
19.04.2014;10:33:44;0;1;0;1;58.4;58;
19.04.2014;10:33:49;0;1;0;1;58.5;58;
19.04.2014;10:33:54;0;1;0;1;58.5;58;
19.04.2014;10:33:59;0;1;0;1;58.5;58;
19.04.2014;10:34:04;0;1;0;1;58.5;58;
19.04.2014;10:34:09;0;1;0;1;58.5;58;
19.04.2014;10:34:14;0;0;0;1;58.6;58;
19.04.2014;10:34:19;0;0;0;1;58.6;58;
19.04.2014;10:34:24;0;1;0;1;58.7;58;
19.04.2014;10:34:29;0;1;0;1;58.7;58;
19.04.2014;10:34:34;0;1;0;1;58.7;58;
19.04.2014;10:34:39;0;1;0;1;58.7;58;
19.04.2014;10:34:44;0;1;0;1;58.8;58;
19.04.2014;10:34:49;0;1;0;1;58.7;58;
19.04.2014;10:34:54;0;0;0;1;58.6;58;
19.04.2014;10:34:59;0;0;0;1;58.7;58;
19.04.2014;10:35:04;0;1;0;1;58.6;58;
19.04.2014;10:35:09;0;1;0;1;58.6;58;
19.04.2014;10:35:14;0;1;0;1;58.7;58;
19.04.2014;10:35:19;0;1;0;1;58.8;58;
19.04.2014;10:35:24;0;1;0;1;58.8;58;
19.04.2014;10:35:29;0;1;0;1;58.9;58;
19.04.2014;10:35:34;0;0;0;1;58.8;58;
19.04.2014;10:35:39;0;0;0;1;58.8;58;
19.04.2014;10:35:44;0;1;0;1;58.8;58;
19.04.2014;10:35:49;0;1;0;1;58.8;58;
19.04.2014;10:35:54;0;1;0;1;58.8;58;
19.04.2014;10:35:59;0;1;0;1;58.8;58;
19.04.2014;10:36:04;0;1;0;1;58.8;58;
19.04.2014;10:36:09;0;1;0;1;58.7;58;
19.04.2014;10:36:14;0;0;0;1;58.8;58;
19.04.2014;10:36:19;0;0;0;1;58.8;58;
19.04.2014;10:36:24;0;1;0;1;58.7;58;
19.04.2014;10:36:29;0;1;0;1;58.7;58;
19.04.2014;10:36:34;0;1;0;1;58.8;58;
19.04.2014;10:36:39;0;1;0;1;58.7;58;
19.04.2014;10:36:44;0;1;0;1;58.7;58;
19.04.2014;10:36:49;0;1;0;1;58.7;58;
19.04.2014;10:36:54;0;0;0;1;58.7;58;
19.04.2014;10:36:59;0;0;0;1;58.7;58;
19.04.2014;10:37:04;0;1;0;1;58.7;58;
19.04.2014;10:37:09;0;1;0;1;58.7;58;
19.04.2014;10:37:14;0;1;0;1;58.6;58;
19.04.2014;10:37:19;0;1;0;1;58.7;58;
19.04.2014;10:37:24;0;1;0;1;58.7;58;
19.04.2014;10:37:29;0;1;0;1;58.8;58;
19.04.2014;10:37:35;0;0;0;1;58.7;58;
19.04.2014;10:37:40;0;0;0;1;58.7;58;
19.04.2014;10:37:45;0;1;0;1;58.7;58;
19.04.2014;10:37:50;0;1;0;1;58.7;58;
19.04.2014;10:37:55;0;1;0;1;58.7;58;
19.04.2014;10:38:00;0;1;0;1;58.7;58;
19.04.2014;10:38:05;0;1;0;1;58.6;58;
19.04.2014;10:38:10;0;1;0;1;58.6;58;
19.04.2014;10:38:15;0;0;0;1;58.7;58;
19.04.2014;10:38:20;0;0;0;1;58.7;58;
19.04.2014;10:38:25;0;1;0;1;58.6;58;
19.04.2014;10:38:30;0;1;0;1;58.6;58;
19.04.2014;10:38:35;0;1;0;1;58.5;58;
19.04.2014;10:38:40;0;1;0;1;58.4;58;
19.04.2014;10:38:45;0;1;0;1;58.5;58;
19.04.2014;10:38:50;1;1;0;0;58.4;64;
19.04.2014;10:38:55;1;1;0;0;58.4;64;
19.04.2014;10:39:00;1;1;0;0;58.5;64;
19.04.2014;10:39:05;1;1;0;0;58.4;64;
19.04.2014;10:39:10;1;0;0;0;58.4;64;
19.04.2014;10:39:15;1;0;0;0;58.5;64;
19.04.2014;10:39:20;1;0;0;0;58.5;64;
19.04.2014;10:39:25;1;0;0;0;58.5;64;
19.04.2014;10:39:30;1;1;0;0;58.5;64;
19.04.2014;10:39:35;1;1;0;0;58.5;64;
19.04.2014;10:39:40;1;1;0;0;58.5;64;
19.04.2014;10:39:45;1;1;0;0;58.6;64;
19.04.2014;10:39:50;1;0;0;0;58.6;64;
19.04.2014;10:39:55;1;0;0;0;58.6;64;
19.04.2014;10:40:00;1;0;0;0;58.5;64;
19.04.2014;10:40:05;1;0;0;0;58.5;64;
19.04.2014;10:40:10;1;1;0;0;58.5;64;
19.04.2014;10:40:15;1;1;0;0;58.4;64;
19.04.2014;10:40:20;1;1;0;0;58.5;64;
19.04.2014;10:40:25;1;1;0;0;58.5;64;
19.04.2014;10:40:30;1;0;0;0;58.5;64;
19.04.2014;10:40:35;1;0;0;0;58.6;64;
19.04.2014;10:40:40;1;0;0;0;58.7;64;
19.04.2014;10:40:45;1;0;0;0;58.7;64;
19.04.2014;10:40:50;1;1;0;0;58.7;64;
19.04.2014;10:40:55;1;1;0;0;58.8;64;
19.04.2014;10:41:00;1;1;0;0;58.8;64;
19.04.2014;10:41:05;1;1;0;0;58.9;64;
19.04.2014;10:41:10;1;0;0;0;58.9;64;
19.04.2014;10:41:15;1;0;0;0;58.8;64;
19.04.2014;10:41:20;1;0;0;0;58.8;64;
19.04.2014;10:41:25;1;0;0;0;58.9;64;
19.04.2014;10:41:30;1;1;0;0;58.9;64;
19.04.2014;10:41:35;1;1;0;0;59;64;
19.04.2014;10:41:40;1;1;0;0;59;64;
19.04.2014;10:41:45;1;1;0;0;59.1;64;
19.04.2014;10:41:50;1;0;0;0;59.3;64;
19.04.2014;10:41:55;1;0;0;0;59.3;64;
19.04.2014;10:42:00;1;0;0;0;59.5;64;
19.04.2014;10:42:05;1;0;0;0;59.5;64;
19.04.2014;10:42:10;1;1;0;0;59.6;64;
19.04.2014;10:42:15;1;1;0;0;59.6;64;
19.04.2014;10:42:20;1;1;0;0;59.7;64;
19.04.2014;10:42:25;1;1;0;0;59.7;64;
19.04.2014;10:42:30;1;0;0;0;59.8;64;
19.04.2014;10:42:35;1;0;0;0;59.8;64;
19.04.2014;10:42:40;1;0;0;0;60;64;
19.04.2014;10:42:45;1;0;0;0;60;64;
19.04.2014;10:42:50;1;1;0;0;60;64;
19.04.2014;10:42:55;1;1;0;0;60.2;64;
19.04.2014;10:43:00;1;1;0;0;60.3;64;
19.04.2014;10:43:05;1;1;0;0;60.3;64;
19.04.2014;10:43:10;1;0;0;0;60.3;64;
19.04.2014;10:43:15;1;0;0;0;60.5;64;
19.04.2014;10:43:20;1;0;0;0;60.5;64;
19.04.2014;10:43:25;1;0;0;0;60.6;64;
19.04.2014;10:43:30;1;1;0;0;60.7;64;
19.04.2014;10:43:35;1;1;0;0;60.8;64;
19.04.2014;10:43:40;1;1;0;0;60.9;64;
19.04.2014;10:43:45;1;1;0;0;60.9;64;
19.04.2014;10:43:50;1;0;0;0;61;64;
19.04.2014;10:43:55;1;0;0;0;61;64;
19.04.2014;10:44:00;1;0;0;0;61.2;64;
19.04.2014;10:44:05;1;0;0;0;61.1;64;
19.04.2014;10:44:10;1;1;0;0;61.2;64;
19.04.2014;10:44:15;1;1;0;0;61.4;64;
19.04.2014;10:44:20;1;1;0;0;61.5;64;
19.04.2014;10:44:25;1;1;0;0;61.5;64;
19.04.2014;10:44:30;1;0;0;0;61.5;64;
19.04.2014;10:44:35;1;0;0;0;61.5;64;
19.04.2014;10:44:40;1;0;0;0;61.5;64;
19.04.2014;10:44:45;1;0;0;0;61.6;64;
19.04.2014;10:44:50;1;1;0;0;61.7;64;
19.04.2014;10:44:55;1;1;0;0;61.9;64;
19.04.2014;10:45:00;1;1;0;0;62;64;
19.04.2014;10:45:05;1;1;0;0;62;64;
19.04.2014;10:45:10;0;0;0;0;62.1;64;
19.04.2014;10:45:15;0;0;0;0;62.2;64;
19.04.2014;10:45:20;1;0;0;0;62.3;64;
19.04.2014;10:45:25;1;0;0;0;62.4;64;
19.04.2014;10:45:30;0;1;0;0;62.4;64;
19.04.2014;10:45:35;0;1;0;0;62.5;64;
19.04.2014;10:45:40;1;1;0;0;62.6;64;
19.04.2014;10:45:45;1;1;0;0;62.7;64;
19.04.2014;10:45:50;0;0;0;0;62.8;64;
19.04.2014;10:45:55;0;0;0;0;62.8;64;
19.04.2014;10:46:00;1;0;0;0;62.7;64;
19.04.2014;10:46:05;1;0;0;0;62.8;64;
19.04.2014;10:46:10;0;1;0;0;62.8;64;
19.04.2014;10:46:15;0;1;0;0;63;64;
19.04.2014;10:46:20;1;1;0;0;63;64;
19.04.2014;10:46:25;1;1;0;0;63;64;
19.04.2014;10:46:30;0;0;0;0;63.1;64;
19.04.2014;10:46:35;0;0;0;0;63.1;64;
19.04.2014;10:46:40;1;0;0;0;63.3;64;
19.04.2014;10:46:45;1;0;0;0;63.3;64;
19.04.2014;10:46:50;0;1;0;0;63.3;64;
19.04.2014;10:46:55;0;1;0;0;63.4;64;
19.04.2014;10:47:00;1;1;0;0;63.4;64;
19.04.2014;10:47:05;1;1;0;0;63.5;64;
19.04.2014;10:47:10;0;0;0;0;63.5;64;
19.04.2014;10:47:15;0;0;0;0;63.6;64;
19.04.2014;10:47:20;1;0;0;0;63.6;64;
19.04.2014;10:47:25;1;0;0;0;63.6;64;
19.04.2014;10:47:30;0;1;0;0;63.6;64;
19.04.2014;10:47:35;0;1;0;0;63.7;64;
19.04.2014;10:47:40;1;1;0;0;63.7;64;
19.04.2014;10:47:45;1;1;0;0;63.7;64;
19.04.2014;10:47:50;0;0;0;0;63.8;64;
19.04.2014;10:47:55;0;0;0;0;63.9;64;
19.04.2014;10:48:00;1;0;0;0;63.9;64;
19.04.2014;10:48:05;1;0;0;0;63.9;64;
19.04.2014;10:48:10;0;1;0;0;63.9;64;
19.04.2014;10:48:15;0;1;0;0;64;64;
19.04.2014;10:48:20;0;1;0;0;64.2;64;
19.04.2014;10:48:25;0;1;0;0;64.2;64;
19.04.2014;10:48:30;0;0;0;0;64.3;64;
19.04.2014;10:48:35;0;0;0;0;64.4;64;
19.04.2014;10:48:40;0;0;0;0;64.4;64;
19.04.2014;10:48:45;0;0;0;0;64.3;64;
19.04.2014;10:48:50;0;1;0;0;64.4;64;
19.04.2014;10:48:55;0;1;0;0;64.3;64;
19.04.2014;10:49:00;0;1;0;0;64.3;64;
19.04.2014;10:49:06;0;1;0;0;64.4;64;
19.04.2014;10:49:11;0;0;0;0;64.3;64;
19.04.2014;10:49:16;0;0;0;0;64.4;64;
19.04.2014;10:49:21;0;0;0;0;64.4;64;
19.04.2014;10:49:26;0;0;0;0;64.4;64;
19.04.2014;10:49:31;0;1;0;0;64.4;64;
19.04.2014;10:49:36;0;1;0;0;64.5;64;
19.04.2014;10:49:41;0;1;0;0;64.4;64;
19.04.2014;10:49:46;0;1;0;0;64.5;64;
19.04.2014;10:49:51;0;0;0;0;64.4;64;
19.04.2014;10:49:56;0;0;0;0;64.5;64;
19.04.2014;10:50:01;0;0;0;0;64.5;64;
19.04.2014;10:50:06;0;0;0;0;64.5;64;
19.04.2014;10:50:11;0;1;0;0;64.6;64;
19.04.2014;10:50:16;0;1;0;0;64.6;64;
19.04.2014;10:50:21;0;1;0;0;64.6;64;
19.04.2014;10:50:26;0;1;0;0;64.6;64;
19.04.2014;10:50:31;0;0;0;0;64.4;64;
19.04.2014;10:50:36;0;0;0;0;64.5;64;
19.04.2014;10:50:41;0;0;0;0;64.6;64;
19.04.2014;10:50:46;0;0;0;0;64.5;64;
19.04.2014;10:50:51;0;1;0;0;64.5;64;
19.04.2014;10:50:56;0;1;0;0;64.6;64;
19.04.2014;10:51:01;0;1;0;0;64.7;64;
19.04.2014;10:51:06;0;1;0;0;64.7;64;
19.04.2014;10:51:11;0;0;0;0;64.5;64;
19.04.2014;10:51:16;0;0;0;0;64.5;64;
19.04.2014;10:51:21;0;0;0;0;64.4;64;
19.04.2014;10:51:26;0;0;0;0;64.4;64;
19.04.2014;10:51:31;0;1;0;0;64.4;64;
19.04.2014;10:51:36;0;1;0;0;64.4;64;
19.04.2014;10:51:41;0;1;0;0;64.4;64;
19.04.2014;10:51:46;0;1;0;0;64.5;64;
19.04.2014;10:51:51;0;0;0;0;64.4;64;
19.04.2014;10:51:56;0;0;0;0;64.4;64;
19.04.2014;10:52:01;0;0;0;0;64.4;64;
19.04.2014;10:52:06;0;0;0;0;64.4;64;
19.04.2014;10:52:11;0;1;0;0;64.4;64;
19.04.2014;10:52:16;0;1;0;0;64.3;64;
19.04.2014;10:52:21;0;1;0;0;64.3;64;
19.04.2014;10:52:26;0;1;0;0;64.3;64;
19.04.2014;10:52:31;0;0;0;0;64.3;64;
19.04.2014;10:52:36;0;0;0;0;64.3;64;
19.04.2014;10:52:41;0;0;0;0;64.3;64;
19.04.2014;10:52:46;0;0;0;0;64.3;64;
19.04.2014;10:52:51;0;1;0;0;64.2;64;
19.04.2014;10:52:56;0;1;0;0;64.2;64;
19.04.2014;10:53:01;0;1;0;0;64.3;64;
19.04.2014;10:53:06;0;1;0;0;64.3;64;
19.04.2014;10:53:11;0;0;0;0;64.3;64;
19.04.2014;10:53:16;0;0;0;0;64.2;64;
19.04.2014;10:53:21;0;0;0;0;64.3;64;
19.04.2014;10:53:26;0;0;0;0;64.2;64;
19.04.2014;10:53:31;0;1;0;0;64.3;64;
19.04.2014;10:53:36;0;1;0;0;64.3;64;
19.04.2014;10:53:41;0;1;0;0;64.2;64;
19.04.2014;10:53:46;0;1;0;0;64.2;64;
19.04.2014;10:53:51;0;0;0;0;64.1;64;
19.04.2014;10:53:56;0;0;0;0;64.1;64;
19.04.2014;10:54:01;0;0;0;0;64.2;64;
19.04.2014;10:54:06;0;0;0;0;64.1;64;
19.04.2014;10:54:11;0;1;0;0;64;64;
19.04.2014;10:54:16;0;1;0;0;64;64;
19.04.2014;10:54:21;0;1;0;0;64.1;64;
19.04.2014;10:54:26;0;1;0;0;64.1;64;
19.04.2014;10:54:31;0;0;0;0;64.1;64;
19.04.2014;10:54:36;0;0;0;0;64;64;
19.04.2014;10:54:41;0;0;0;0;64;64;
19.04.2014;10:54:46;0;0;0;0;64;64;
19.04.2014;10:54:51;0;1;0;0;64;64;
19.04.2014;10:54:56;0;1;0;0;64;64;
19.04.2014;10:55:01;0;1;0;0;64;64;
19.04.2014;10:55:06;0;1;0;0;64;64;
19.04.2014;10:55:11;0;0;0;0;64;64;
19.04.2014;10:55:16;1;0;0;0;63.9;64;
19.04.2014;10:55:21;1;0;0;0;63.8;64;
19.04.2014;10:55:26;0;0;0;0;63.9;64;
19.04.2014;10:55:31;0;1;0;0;64;64;
19.04.2014;10:55:36;1;1;0;0;63.9;64;
19.04.2014;10:55:41;1;1;0;0;63.9;64;
19.04.2014;10:55:46;0;1;0;0;63.9;64;
19.04.2014;10:55:51;0;0;0;0;63.8;64;
19.04.2014;10:55:56;1;0;0;0;63.8;64;
19.04.2014;10:56:01;1;0;0;0;63.8;64;
19.04.2014;10:56:06;0;0;0;0;63.8;64;
19.04.2014;10:56:11;0;1;0;0;63.8;64;
19.04.2014;10:56:16;1;1;0;0;63.8;64;
19.04.2014;10:56:21;1;1;0;0;63.8;64;
19.04.2014;10:56:26;0;1;0;0;63.9;64;
19.04.2014;10:56:31;0;0;0;0;63.9;64;
19.04.2014;10:56:36;1;0;0;0;63.9;64;
19.04.2014;10:56:41;1;0;0;0;63.9;64;
19.04.2014;10:56:46;0;0;0;0;63.8;64;
19.04.2014;10:56:51;0;1;0;0;63.8;64;
19.04.2014;10:56:56;1;1;0;0;63.8;64;
19.04.2014;10:57:01;1;1;0;0;63.8;64;
19.04.2014;10:57:06;0;1;0;0;63.7;64;
19.04.2014;10:57:11;0;0;0;0;63.7;64;
19.04.2014;10:57:16;1;0;0;0;63.8;64;
19.04.2014;10:57:21;1;0;0;0;63.8;64;
19.04.2014;10:57:26;0;0;0;0;63.8;64;
19.04.2014;10:57:31;0;1;0;0;63.8;64;
19.04.2014;10:57:36;1;1;0;0;63.9;64;
19.04.2014;10:57:41;1;1;0;0;63.9;64;
19.04.2014;10:57:46;0;1;0;0;63.9;64;
19.04.2014;10:57:51;0;0;0;0;63.9;64;
19.04.2014;10:57:56;1;0;0;0;63.9;64;
19.04.2014;10:58:01;1;0;0;0;63.9;64;
19.04.2014;10:58:06;0;0;0;0;63.9;64;
19.04.2014;10:58:11;0;1;0;0;63.9;64;
19.04.2014;10:58:16;0;1;0;0;64;64;
19.04.2014;10:58:21;0;1;0;0;64;64;
19.04.2014;10:58:26;0;1;0;0;64;64;
19.04.2014;10:58:31;0;0;0;0;64;64;
19.04.2014;10:58:36;0;0;0;0;64;64;
19.04.2014;10:58:41;0;0;0;0;64;64;
19.04.2014;10:58:47;0;0;0;0;64.1;64;
19.04.2014;10:58:51;0;1;0;0;64.1;64;
19.04.2014;10:58:56;0;1;0;0;64;64;
19.04.2014;10:59:01;0;1;0;0;64;64;
19.04.2014;10:59:06;1;1;0;0;63.9;64;
19.04.2014;10:59:11;1;0;0;0;63.8;64;
19.04.2014;10:59:16;0;0;0;0;63.8;64;
19.04.2014;10:59:21;0;0;0;0;63.8;64;
19.04.2014;10:59:26;1;0;0;0;63.9;64;
19.04.2014;10:59:31;1;1;0;0;63.9;64;
19.04.2014;10:59:36;0;1;0;0;64;64;
19.04.2014;10:59:41;0;1;0;0;64;64;
19.04.2014;10:59:46;0;1;0;0;64.2;64;
19.04.2014;10:59:51;0;0;0;0;64.2;64;
19.04.2014;10:59:56;0;0;0;0;64.2;64;
19.04.2014;11:00:01;0;0;0;0;64.1;64;
19.04.2014;11:00:06;0;0;0;0;64.1;64;
19.04.2014;11:00:11;0;1;0;0;64.1;64;
19.04.2014;11:00:16;0;1;0;0;64.1;64;
19.04.2014;11:00:21;0;1;0;0;64.2;64;
19.04.2014;11:00:26;0;1;0;0;64.2;64;
19.04.2014;11:00:31;0;0;0;0;64.3;64;
19.04.2014;11:00:36;0;0;0;0;64.3;64;
19.04.2014;11:00:42;0;0;0;0;64.2;64;
19.04.2014;11:00:47;0;0;0;0;64.2;64;
19.04.2014;11:00:52;0;1;0;0;64.3;64;
19.04.2014;11:00:57;0;1;0;0;64.2;64;
19.04.2014;11:01:02;0;1;0;0;64.3;64;
19.04.2014;11:01:07;0;1;0;0;64.2;64;
19.04.2014;11:01:12;0;0;0;0;64.2;64;
19.04.2014;11:01:17;0;0;0;0;64.1;64;
19.04.2014;11:01:22;0;0;0;0;64.1;64;
19.04.2014;11:01:27;0;0;0;0;64.1;64;
19.04.2014;11:01:32;0;1;0;0;64.1;64;
19.04.2014;11:01:37;0;1;0;0;64.1;64;
19.04.2014;11:01:42;0;1;0;0;64.1;64;
19.04.2014;11:01:47;0;1;0;0;64.1;64;
19.04.2014;11:01:52;0;0;0;0;64;64;
19.04.2014;11:01:57;0;0;0;0;64.1;64;
19.04.2014;11:02:02;0;0;0;0;64.1;64;
19.04.2014;11:02:07;0;0;0;0;64.1;64;
19.04.2014;11:02:12;0;1;0;0;64;64;
19.04.2014;11:02:17;1;1;0;0;63.9;64;
19.04.2014;11:02:22;1;1;0;0;63.9;64;
19.04.2014;11:02:27;0;1;0;0;63.9;64;
19.04.2014;11:02:32;0;0;0;0;63.9;64;
19.04.2014;11:02:37;0;0;0;0;64.1;64;
19.04.2014;11:02:42;0;0;0;0;64;64;
19.04.2014;11:02:47;0;0;0;0;64;64;
19.04.2014;11:02:52;0;1;0;0;64;64;
19.04.2014;11:02:57;0;1;0;0;64;64;
19.04.2014;11:03:02;1;1;0;0;63.9;64;
19.04.2014;11:03:07;1;1;0;0;63.9;64;
19.04.2014;11:03:12;0;0;0;0;63.9;64;
19.04.2014;11:03:17;0;0;0;0;63.9;64;
19.04.2014;11:03:22;1;0;0;0;63.9;64;
19.04.2014;11:03:27;1;0;0;0;63.9;64;
19.04.2014;11:03:32;0;1;0;0;63.9;64;
19.04.2014;11:03:37;0;1;0;0;64;64;
19.04.2014;11:03:42;0;1;0;0;64;64;
19.04.2014;11:03:47;0;1;0;0;64;64;
19.04.2014;11:03:52;0;0;0;0;64;64;
19.04.2014;11:03:57;0;0;0;0;64;64;
19.04.2014;11:04:02;0;0;0;0;64;64;
19.04.2014;11:04:07;0;0;0;0;64;64;
19.04.2014;11:04:12;0;1;0;0;64.1;64;
19.04.2014;11:04:17;0;1;0;0;64;64;
19.04.2014;11:04:22;0;1;0;0;64;64;
19.04.2014;11:04:27;0;1;0;0;64;64;
19.04.2014;11:04:32;1;0;0;0;63.9;64;
19.04.2014;11:04:37;0;0;0;0;64.1;64;
19.04.2014;11:04:42;0;0;0;0;64.1;64;
19.04.2014;11:04:47;0;0;0;0;64.1;64;
19.04.2014;11:04:52;0;1;0;0;64;64;
19.04.2014;11:04:57;0;1;0;0;64;64;
19.04.2014;11:05:02;0;1;0;0;64;64;
19.04.2014;11:05:07;0;1;0;0;64;64;
19.04.2014;11:05:12;0;0;0;0;64;64;
19.04.2014;11:05:17;0;0;0;0;64.1;64;
19.04.2014;11:05:22;1;0;0;0;63.9;64;
19.04.2014;11:05:27;0;0;0;0;64;64;
19.04.2014;11:05:32;0;1;0;0;64;64;
19.04.2014;11:05:37;0;1;0;0;64;64;
19.04.2014;11:05:42;0;1;0;0;64;64;
19.04.2014;11:05:47;0;1;0;0;64;64;
19.04.2014;11:05:52;0;0;0;0;64.1;64;
19.04.2014;11:05:57;0;0;0;0;64;64;
19.04.2014;11:06:02;0;0;0;0;64;64;
19.04.2014;11:06:07;0;0;0;0;64;64;
19.04.2014;11:06:12;0;1;0;0;64;64;
19.04.2014;11:06:17;1;1;0;0;63.9;64;
19.04.2014;11:06:22;0;1;0;0;64;64;
19.04.2014;11:06:27;0;1;0;0;64;64;
19.04.2014;11:06:32;1;0;0;0;63.8;64;
19.04.2014;11:06:37;1;0;0;0;63.8;64;
19.04.2014;11:06:42;0;0;0;0;63.9;64;
19.04.2014;11:06:47;0;0;0;0;63.9;64;
19.04.2014;11:06:52;1;1;0;0;63.9;64;
19.04.2014;11:06:57;1;1;0;0;63.9;64;
19.04.2014;11:07:02;0;1;0;0;63.8;64;
19.04.2014;11:07:07;0;1;0;0;63.8;64;
19.04.2014;11:07:12;1;0;0;0;63.8;64;
19.04.2014;11:07:17;1;0;0;0;63.8;64;
19.04.2014;11:07:22;0;0;0;0;63.8;64;
19.04.2014;11:07:27;0;0;0;0;63.7;64;
19.04.2014;11:07:32;1;1;0;0;63.7;64;
19.04.2014;11:07:37;1;1;0;0;63.7;64;
19.04.2014;11:07:42;0;1;0;0;63.7;64;
19.04.2014;11:07:47;0;1;0;0;63.7;64;
19.04.2014;11:07:52;1;0;0;0;63.8;64;
19.04.2014;11:07:57;1;0;0;0;63.8;64;
19.04.2014;11:08:02;0;0;0;0;63.8;64;
19.04.2014;11:08:07;0;0;0;0;63.8;64;
19.04.2014;11:08:12;1;1;0;0;63.7;64;
19.04.2014;11:08:17;1;1;0;0;63.7;64;
19.04.2014;11:08:22;0;1;0;0;63.8;64;
19.04.2014;11:08:27;0;1;0;0;63.8;64;
19.04.2014;11:08:32;0;0;0;0;64;64;
19.04.2014;11:08:37;1;0;0;0;63.9;64;
19.04.2014;11:08:42;1;0;0;0;63.9;64;
19.04.2014;11:08:47;0;0;0;0;63.9;64;
19.04.2014;11:08:52;0;1;0;0;64;64;
19.04.2014;11:08:57;1;1;0;0;63.9;64;
19.04.2014;11:09:02;0;1;0;0;64;64;
19.04.2014;11:09:07;0;1;0;0;64.1;64;
19.04.2014;11:09:12;0;0;0;0;64.1;64;
19.04.2014;11:09:17;0;0;0;0;64;64;
19.04.2014;11:09:22;0;0;0;0;64;64;
19.04.2014;11:09:27;0;0;0;0;64;64;
19.04.2014;11:09:32;0;1;0;0;64.1;64;
19.04.2014;11:09:37;0;1;0;0;64;64;
19.04.2014;11:09:42;0;1;0;0;64;64;
19.04.2014;11:09:47;0;1;0;0;64;64;
19.04.2014;11:09:52;0;0;0;0;64.1;64;
19.04.2014;11:09:57;0;0;0;0;64.1;64;
19.04.2014;11:10:02;0;0;0;0;64.2;64;
19.04.2014;11:10:07;0;0;0;0;64.2;64;
19.04.2014;11:10:12;0;1;0;0;64.2;64;
19.04.2014;11:10:17;0;1;0;0;64.2;64;
19.04.2014;11:10:22;0;1;0;0;64.2;64;
19.04.2014;11:10:27;0;1;0;0;64.2;64;
19.04.2014;11:10:32;0;0;0;0;64.2;64;
19.04.2014;11:10:37;0;0;0;0;64.1;64;
19.04.2014;11:10:42;0;0;0;0;64.1;64;
19.04.2014;11:10:47;0;0;0;0;64.1;64;
19.04.2014;11:10:52;0;1;0;0;64.1;64;
19.04.2014;11:10:57;0;1;0;0;64.1;64;
19.04.2014;11:11:02;0;1;0;0;64;64;
19.04.2014;11:11:07;0;1;0;0;64.1;64;
19.04.2014;11:11:12;0;0;0;0;64.1;64;
19.04.2014;11:11:17;0;0;0;0;64.1;64;
19.04.2014;11:11:22;0;0;0;0;64;64;
19.04.2014;11:11:27;0;0;0;0;64;64;
19.04.2014;11:11:32;0;1;0;0;64;64;
19.04.2014;11:11:37;0;1;0;0;64;64;
19.04.2014;11:11:42;0;1;0;0;64;64;
19.04.2014;11:11:47;0;1;0;0;64;64;
19.04.2014;11:11:52;0;0;0;0;64.1;64;
19.04.2014;11:11:57;0;0;0;0;64.1;64;
19.04.2014;11:12:02;0;0;0;0;64.1;64;
19.04.2014;11:12:07;0;0;0;0;64;64;
19.04.2014;11:12:12;0;1;0;0;64;64;
19.04.2014;11:12:18;0;1;0;0;64;64;
19.04.2014;11:12:23;1;1;0;0;63.9;64;
19.04.2014;11:12:28;1;1;0;0;63.9;64;
19.04.2014;11:12:33;0;0;0;0;63.8;64;
19.04.2014;11:12:38;0;0;0;0;63.8;64;
19.04.2014;11:12:43;1;0;0;0;63.8;64;
19.04.2014;11:12:48;1;0;0;0;63.8;64;
19.04.2014;11:12:53;0;1;0;0;63.8;64;
19.04.2014;11:12:58;0;1;0;0;63.8;64;
19.04.2014;11:13:03;1;1;0;0;63.7;64;
19.04.2014;11:13:08;1;1;0;0;63.8;64;
19.04.2014;11:13:13;0;0;0;0;63.7;64;
19.04.2014;11:13:18;0;0;0;0;63.8;64;
19.04.2014;11:13:23;1;0;0;0;63.8;64;
19.04.2014;11:13:28;1;0;0;0;63.8;64;
19.04.2014;11:13:33;0;1;0;0;63.8;64;
19.04.2014;11:13:38;0;1;0;0;63.8;64;
19.04.2014;11:13:43;1;1;0;0;63.8;64;
19.04.2014;11:13:48;1;1;0;0;63.9;64;
19.04.2014;11:13:53;0;0;0;0;63.8;64;
19.04.2014;11:13:58;0;0;0;0;63.7;64;
19.04.2014;11:14:03;1;0;0;0;63.8;64;
19.04.2014;11:14:08;1;0;0;0;63.8;64;
19.04.2014;11:14:13;0;1;0;0;63.8;64;
19.04.2014;11:14:18;0;1;0;0;63.9;64;
19.04.2014;11:14:23;1;1;0;0;63.8;64;
19.04.2014;11:14:28;1;1;0;0;63.9;64;
19.04.2014;11:14:33;0;0;0;0;64;64;
19.04.2014;11:14:38;0;0;0;0;64;64;
19.04.2014;11:14:43;0;0;0;0;64;64;
19.04.2014;11:14:48;0;0;0;0;64.1;64;
19.04.2014;11:14:53;0;1;0;0;64.1;64;
19.04.2014;11:14:58;0;1;0;0;64.1;64;
19.04.2014;11:15:03;0;1;0;0;64.1;64;
19.04.2014;11:15:08;0;1;0;0;64.1;64;
19.04.2014;11:15:13;0;0;0;0;64.1;64;
19.04.2014;11:15:18;0;0;0;0;64;64;
19.04.2014;11:15:23;0;0;0;0;64;64;
19.04.2014;11:15:28;0;0;0;0;64;64;
19.04.2014;11:15:33;0;1;0;0;64.1;64;
19.04.2014;11:15:38;0;1;0;0;64.1;64;
19.04.2014;11:15:43;0;1;0;0;64.2;64;
19.04.2014;11:15:48;0;1;0;0;64.1;64;
19.04.2014;11:15:53;0;0;0;0;64.2;64;
19.04.2014;11:15:58;0;0;0;0;64.2;64;
19.04.2014;11:16:03;0;0;0;0;64.1;64;
19.04.2014;11:16:08;0;0;0;0;64.2;64;
19.04.2014;11:16:13;0;1;0;0;64.2;64;
19.04.2014;11:16:18;0;1;0;0;64.2;64;
19.04.2014;11:16:23;0;1;0;0;64.2;64;
19.04.2014;11:16:28;0;1;0;0;64.1;64;
19.04.2014;11:16:33;0;0;0;0;64.1;64;
19.04.2014;11:16:38;0;0;0;0;64.1;64;
19.04.2014;11:16:43;0;0;0;0;64.2;64;
19.04.2014;11:16:48;0;0;0;0;64.2;64;
19.04.2014;11:16:53;0;1;0;0;64.1;64;
19.04.2014;11:16:58;0;1;0;0;64.1;64;
19.04.2014;11:17:03;0;1;0;0;64;64;
19.04.2014;11:17:08;0;1;0;0;64;64;
19.04.2014;11:17:13;0;0;0;0;64.1;64;
19.04.2014;11:17:18;0;0;0;0;64.1;64;
19.04.2014;11:17:23;0;0;0;0;64.1;64;
19.04.2014;11:17:28;0;0;0;0;64;64;
19.04.2014;11:17:33;0;1;0;0;64.1;64;
19.04.2014;11:17:38;0;1;0;0;64.1;64;
19.04.2014;11:17:43;0;1;0;0;64.2;64;
19.04.2014;11:17:48;0;1;0;0;64.2;64;
19.04.2014;11:17:53;0;0;0;0;64.1;64;
19.04.2014;11:17:58;0;0;0;0;64.1;64;
19.04.2014;11:18:03;0;0;0;0;64;64;
19.04.2014;11:18:08;0;0;0;0;64;64;
19.04.2014;11:18:13;0;1;0;0;64;64;
19.04.2014;11:18:18;0;1;0;0;64;64;
19.04.2014;11:18:23;0;1;0;0;64;64;
19.04.2014;11:18:28;0;1;0;0;64;64;
19.04.2014;11:18:33;0;0;0;0;64;64;
19.04.2014;11:18:38;1;0;0;0;63.9;64;
19.04.2014;11:18:43;1;0;0;0;63.9;64;
19.04.2014;11:18:48;0;0;0;0;63.8;64;
19.04.2014;11:18:53;0;1;0;0;63.8;64;
19.04.2014;11:18:58;1;1;0;0;63.8;64;
19.04.2014;11:19:03;1;1;0;0;63.8;64;
19.04.2014;11:19:08;0;1;0;0;63.7;64;
19.04.2014;11:19:13;0;0;0;0;63.7;64;
19.04.2014;11:19:18;1;0;0;0;63.8;64;
19.04.2014;11:19:23;1;0;0;0;63.8;64;
19.04.2014;11:19:28;0;0;0;0;63.8;64;
19.04.2014;11:19:33;0;1;0;0;63.7;64;
19.04.2014;11:19:38;1;1;0;0;63.7;64;
19.04.2014;11:19:43;1;1;0;0;63.7;64;
19.04.2014;11:19:48;0;1;0;0;63.8;64;
19.04.2014;11:19:53;0;0;0;0;63.8;64;
19.04.2014;11:19:58;1;0;0;0;63.9;64;
19.04.2014;11:20:03;1;0;0;0;63.9;64;
19.04.2014;11:20:08;0;0;0;0;63.9;64;
19.04.2014;11:20:13;0;1;0;0;63.8;64;
19.04.2014;11:20:18;1;1;0;0;63.8;64;
19.04.2014;11:20:23;1;1;0;0;63.9;64;
19.04.2014;11:20:28;0;1;0;0;63.9;64;
19.04.2014;11:20:33;0;0;0;0;63.8;64;
19.04.2014;11:20:38;1;0;0;0;64;64;
19.04.2014;11:20:43;0;0;0;0;64;64;
19.04.2014;11:20:48;0;0;0;0;64;64;
19.04.2014;11:20:53;1;1;0;0;63.9;64;
19.04.2014;11:20:58;1;1;0;0;63.9;64;
19.04.2014;11:21:03;0;1;0;0;63.8;64;
19.04.2014;11:21:08;0;1;0;0;63.8;64;
19.04.2014;11:21:13;1;0;0;0;63.9;64;
19.04.2014;11:21:18;1;0;0;0;63.8;64;
19.04.2014;11:21:23;0;0;0;0;63.8;64;
19.04.2014;11:21:28;0;0;0;0;63.8;64;
19.04.2014;11:21:33;1;1;0;0;63.8;64;
19.04.2014;11:21:38;1;1;0;0;63.8;64;
19.04.2014;11:21:43;0;1;0;0;63.8;64;
19.04.2014;11:21:48;0;1;0;0;63.9;64;
19.04.2014;11:21:53;1;0;0;0;63.9;64;
19.04.2014;11:21:58;0;0;0;0;63.9;64;
19.04.2014;11:22:03;1;0;0;0;63.9;64;
19.04.2014;11:22:08;1;0;0;0;63.9;64;
19.04.2014;11:22:13;0;1;0;0;64;64;
19.04.2014;11:22:18;0;1;0;0;63.9;64;
19.04.2014;11:22:23;1;1;0;0;63.9;64;
19.04.2014;11:22:28;1;1;0;0;63.9;64;
19.04.2014;11:22:33;0;0;0;0;63.9;64;
19.04.2014;11:22:38;0;0;0;0;64;64;
19.04.2014;11:22:43;0;0;0;0;64;64;
19.04.2014;11:22:48;1;0;0;0;63.8;64;
19.04.2014;11:22:53;1;1;0;0;63.9;64;
19.04.2014;11:22:58;0;1;0;0;64;64;
19.04.2014;11:23:03;0;1;0;0;64;64;
19.04.2014;11:23:08;0;1;0;0;64;64;
19.04.2014;11:23:13;0;0;0;0;64.1;64;
19.04.2014;11:23:19;0;0;0;0;64;64;
19.04.2014;11:23:24;0;0;0;0;64.2;64;
19.04.2014;11:23:29;0;0;0;0;64.3;64;
19.04.2014;11:23:34;0;1;0;0;64.2;64;
19.04.2014;11:23:39;0;1;0;0;64.2;64;
19.04.2014;11:23:44;0;1;0;0;64.1;64;
19.04.2014;11:23:49;0;1;0;0;64.2;64;
19.04.2014;11:23:54;0;0;0;0;64.2;64;
19.04.2014;11:23:59;0;0;0;0;64.2;64;
19.04.2014;11:24:04;0;0;0;0;64.2;64;
19.04.2014;11:24:09;0;0;0;0;64.3;64;
19.04.2014;11:24:14;0;1;0;0;64.3;64;
19.04.2014;11:24:19;0;1;0;0;64.3;64;
19.04.2014;11:24:24;0;1;0;0;64.3;64;
19.04.2014;11:24:29;0;1;0;0;64.3;64;
19.04.2014;11:24:34;0;0;0;0;64.4;64;
19.04.2014;11:24:39;0;0;0;0;64.5;64;
19.04.2014;11:24:44;0;0;0;0;64.4;64;
19.04.2014;11:24:49;0;0;0;0;64.3;64;
19.04.2014;11:24:54;0;1;0;0;64.3;64;
19.04.2014;11:24:59;0;1;0;0;64.3;64;
19.04.2014;11:25:04;0;1;0;0;64.4;64;
19.04.2014;11:25:09;0;1;0;0;64.4;64;
19.04.2014;11:25:14;0;0;0;0;64.4;64;
19.04.2014;11:25:19;0;0;0;0;64.3;64;
19.04.2014;11:25:24;0;0;0;0;64.4;64;
19.04.2014;11:25:29;0;0;0;0;64.3;64;
19.04.2014;11:25:34;0;1;0;0;64.2;64;
19.04.2014;11:25:39;0;1;0;0;64.2;64;
19.04.2014;11:25:44;0;1;0;0;64.3;64;
19.04.2014;11:25:49;0;1;0;0;64.4;64;
19.04.2014;11:25:54;0;0;0;0;64.4;64;
19.04.2014;11:25:59;0;0;0;0;64.4;64;
19.04.2014;11:26:04;0;0;0;0;64.3;64;
19.04.2014;11:26:09;0;0;0;0;64.3;64;
19.04.2014;11:26:14;0;1;0;0;64.3;64;
19.04.2014;11:26:19;0;1;0;0;64.3;64;
19.04.2014;11:26:24;0;1;0;0;64.1;64;
19.04.2014;11:26:29;0;1;0;0;64.2;64;
19.04.2014;11:26:34;0;0;0;0;64.2;64;
19.04.2014;11:26:39;0;0;0;0;64.2;64;
19.04.2014;11:26:44;0;0;0;0;64.2;64;
19.04.2014;11:26:49;0;0;0;0;64.3;64;
19.04.2014;11:26:54;0;1;0;0;64.3;64;
19.04.2014;11:26:59;0;1;0;0;64.2;64;
19.04.2014;11:27:04;0;1;0;0;64.2;64;
19.04.2014;11:27:09;0;1;0;0;64.2;64;
19.04.2014;11:27:14;0;0;0;0;64.2;64;
19.04.2014;11:27:19;0;0;0;0;64;64;
19.04.2014;11:27:24;0;0;0;0;64;64;
19.04.2014;11:27:29;0;0;0;0;64.1;64;
19.04.2014;11:27:34;0;1;0;0;64.1;64;
19.04.2014;11:27:39;0;1;0;0;64.1;64;
19.04.2014;11:27:44;0;1;0;0;64;64;
19.04.2014;11:27:49;0;1;0;0;64;64;
19.04.2014;11:27:54;0;0;0;0;64.1;64;
19.04.2014;11:27:59;0;0;0;0;64.2;64;
19.04.2014;11:28:04;0;0;0;0;64.2;64;
19.04.2014;11:28:09;0;0;0;0;64.2;64;
19.04.2014;11:28:14;0;1;0;0;64.2;64;
19.04.2014;11:28:19;1;1;0;0;64.1;72;
19.04.2014;11:28:24;1;1;0;0;64;72;
19.04.2014;11:28:29;1;0;0;0;63.9;72;
19.04.2014;11:28:34;1;0;0;0;63.9;72;
19.04.2014;11:28:39;1;0;0;0;63.9;72;
19.04.2014;11:28:44;1;0;0;0;63.9;72;
19.04.2014;11:28:49;1;0;0;0;63.9;72;
19.04.2014;11:28:54;1;0;0;0;63.9;72;
19.04.2014;11:28:59;1;1;0;0;63.8;72;
19.04.2014;11:29:04;1;1;0;0;63.9;72;
19.04.2014;11:29:09;1;0;0;0;63.8;72;
19.04.2014;11:29:14;1;0;0;0;63.9;72;
19.04.2014;11:29:19;1;0;0;0;63.9;72;
19.04.2014;11:29:24;1;0;0;0;64;72;
19.04.2014;11:29:29;1;0;0;0;63.9;72;
19.04.2014;11:29:34;1;0;0;0;63.9;72;
19.04.2014;11:29:39;1;1;0;0;63.9;72;
19.04.2014;11:29:44;1;1;0;0;63.9;72;
19.04.2014;11:29:49;1;0;0;0;64;72;
19.04.2014;11:29:54;1;0;0;0;63.9;72;
19.04.2014;11:29:59;1;0;0;0;64;72;
19.04.2014;11:30:04;1;0;0;0;64;72;
19.04.2014;11:30:09;1;0;0;0;63.9;72;
19.04.2014;11:30:14;1;0;0;0;63.9;72;
19.04.2014;11:30:19;1;1;0;0;64;72;
19.04.2014;11:30:24;1;1;0;0;64;72;
19.04.2014;11:30:29;1;0;0;0;64;72;
19.04.2014;11:30:34;1;0;0;0;64.1;72;
19.04.2014;11:30:39;1;0;0;0;64.1;72;
19.04.2014;11:30:44;1;0;0;0;64.3;72;
19.04.2014;11:30:49;1;0;0;0;64.3;72;
19.04.2014;11:30:54;1;0;0;0;64.3;72;
19.04.2014;11:30:59;1;1;0;0;64.4;72;
19.04.2014;11:31:04;1;1;0;0;64.4;72;
19.04.2014;11:31:09;1;0;0;0;64.3;72;
19.04.2014;11:31:14;1;0;0;0;64.4;72;
19.04.2014;11:31:19;1;0;0;0;64.4;72;
19.04.2014;11:31:24;1;0;0;0;64.6;72;
19.04.2014;11:31:29;1;0;0;0;64.7;72;
19.04.2014;11:31:34;1;0;0;0;64.7;72;
19.04.2014;11:31:39;1;1;0;0;64.7;72;
19.04.2014;11:31:44;1;1;0;0;64.8;72;
19.04.2014;11:31:49;1;0;0;0;64.9;72;
19.04.2014;11:31:54;1;0;0;0;65.1;72;
19.04.2014;11:31:59;1;0;0;0;65.1;72;
19.04.2014;11:32:04;1;0;0;0;65.2;72;
19.04.2014;11:32:09;1;0;0;0;65.3;72;
19.04.2014;11:32:14;1;0;0;0;65.4;72;
19.04.2014;11:32:19;1;1;0;0;65.3;72;
19.04.2014;11:32:24;1;1;0;0;65.4;72;
19.04.2014;11:32:29;1;0;0;0;65.4;72;
19.04.2014;11:32:34;1;0;0;0;65.3;72;
19.04.2014;11:32:39;1;0;0;0;65.4;72;
19.04.2014;11:32:44;1;0;0;0;65.5;72;
19.04.2014;11:32:49;1;0;0;0;65.8;72;
19.04.2014;11:32:54;1;0;0;0;65.9;72;
19.04.2014;11:32:59;1;1;0;0;65.9;72;
19.04.2014;11:33:04;1;1;0;0;65.9;72;
19.04.2014;11:33:09;1;0;0;0;65.9;72;
19.04.2014;11:33:14;1;0;0;0;65.9;72;
19.04.2014;11:33:19;1;0;0;0;65.8;72;
19.04.2014;11:33:24;1;0;0;0;66;72;
19.04.2014;11:33:29;1;0;0;0;66;72;
19.04.2014;11:33:34;1;0;0;0;66.1;72;
19.04.2014;11:33:39;1;1;0;0;66.2;72;
19.04.2014;11:33:44;1;1;0;0;66.2;72;
19.04.2014;11:33:49;1;0;0;0;66.2;72;
19.04.2014;11:33:54;1;0;0;0;66.3;72;
19.04.2014;11:33:59;1;0;0;0;66.4;72;
19.04.2014;11:34:04;1;0;0;0;66.4;72;
19.04.2014;11:34:09;1;0;0;0;66.4;72;
19.04.2014;11:34:14;1;0;0;0;66.6;72;
19.04.2014;11:34:19;1;1;0;0;66.6;72;
19.04.2014;11:34:24;1;1;0;0;66.9;72;
19.04.2014;11:34:29;1;0;0;0;67.1;72;
19.04.2014;11:34:34;1;0;0;0;67.2;72;
19.04.2014;11:34:39;1;0;0;0;67.2;72;
19.04.2014;11:34:44;1;0;0;0;67.2;72;
19.04.2014;11:34:49;1;0;0;0;67.2;72;
19.04.2014;11:34:55;1;0;0;0;67.3;72;
19.04.2014;11:35:00;1;1;0;0;67.4;72;
19.04.2014;11:35:05;1;1;0;0;67.4;72;
19.04.2014;11:35:10;1;0;0;0;67.5;72;
19.04.2014;11:35:15;1;0;0;0;67.5;72;
19.04.2014;11:35:20;1;0;0;0;67.5;72;
19.04.2014;11:35:25;1;0;0;0;67.6;72;
19.04.2014;11:35:30;1;0;0;0;67.7;72;
19.04.2014;11:35:35;1;0;0;0;67.8;72;
19.04.2014;11:35:40;1;1;0;0;67.8;72;
19.04.2014;11:35:45;1;1;0;0;67.8;72;
19.04.2014;11:35:50;1;0;0;0;67.9;72;
19.04.2014;11:35:55;1;0;0;0;68.1;72;
19.04.2014;11:36:00;1;0;0;0;68.2;72;
19.04.2014;11:36:05;1;0;0;0;68.3;72;
19.04.2014;11:36:10;1;0;0;0;68.3;72;
19.04.2014;11:36:15;1;0;0;0;68.4;72;
19.04.2014;11:36:20;1;1;0;0;68.5;72;
19.04.2014;11:36:25;1;1;0;0;68.6;72;
19.04.2014;11:36:30;1;0;0;0;68.8;72;
19.04.2014;11:36:35;1;0;0;0;68.8;72;
19.04.2014;11:36:40;1;0;0;0;68.9;72;
19.04.2014;11:36:45;1;0;0;0;69;72;
19.04.2014;11:36:50;1;0;0;0;69;72;
19.04.2014;11:36:55;1;0;0;0;69;72;
19.04.2014;11:37:00;1;1;0;0;69;72;
19.04.2014;11:37:05;1;1;0;0;69.1;72;
19.04.2014;11:37:10;1;0;0;0;69.1;72;
19.04.2014;11:37:15;1;0;0;0;69.2;72;
19.04.2014;11:37:20;1;0;0;0;69.2;72;
19.04.2014;11:37:25;1;0;0;0;69.4;72;
19.04.2014;11:37:30;1;0;0;0;69.3;72;
19.04.2014;11:37:35;1;0;0;0;69.4;72;
19.04.2014;11:37:40;1;1;0;0;69.6;72;
19.04.2014;11:37:45;1;1;0;0;69.7;72;
19.04.2014;11:37:50;1;0;0;0;69.6;72;
19.04.2014;11:37:55;1;0;0;0;69.7;72;
19.04.2014;11:38:00;1;0;0;0;69.9;72;
19.04.2014;11:38:05;1;0;0;0;70;72;
19.04.2014;11:38:10;1;0;0;0;70.1;72;
19.04.2014;11:38:15;0;0;0;0;70.2;72;
19.04.2014;11:38:20;0;1;0;0;70.2;72;
19.04.2014;11:38:25;1;1;0;0;70.2;72;
19.04.2014;11:38:30;1;0;0;0;70.3;72;
19.04.2014;11:38:35;0;0;0;0;70.3;72;
19.04.2014;11:38:40;0;0;0;0;70.4;72;
19.04.2014;11:38:45;1;0;0;0;70.5;72;
19.04.2014;11:38:50;1;0;0;0;70.4;72;
19.04.2014;11:38:55;0;0;0;0;70.4;72;
19.04.2014;11:39:00;0;1;0;0;70.6;72;
19.04.2014;11:39:05;1;1;0;0;70.6;72;
19.04.2014;11:39:10;1;0;0;0;70.6;72;
19.04.2014;11:39:15;0;0;0;0;70.7;72;
19.04.2014;11:39:20;0;0;0;0;70.8;72;
19.04.2014;11:39:25;1;0;0;0;70.8;72;
19.04.2014;11:39:30;1;0;0;0;70.8;72;
19.04.2014;11:39:35;0;0;0;0;70.8;72;
19.04.2014;11:39:40;0;1;0;0;70.9;72;
19.04.2014;11:39:45;1;1;0;0;71.1;72;
19.04.2014;11:39:50;1;0;0;0;71.3;72;
19.04.2014;11:39:55;0;0;0;0;71.2;72;
19.04.2014;11:40:00;0;0;0;0;71.1;72;
19.04.2014;11:40:05;1;0;0;0;71.2;72;
19.04.2014;11:40:10;1;0;0;0;71.2;72;
19.04.2014;11:40:15;0;0;0;0;71.3;72;
19.04.2014;11:40:20;0;1;0;0;71.2;72;
19.04.2014;11:40:25;1;1;0;0;71.4;72;
19.04.2014;11:40:30;1;0;0;0;71.4;72;
19.04.2014;11:40:35;0;0;0;0;71.5;72;
19.04.2014;11:40:40;0;0;0;0;71.5;72;
19.04.2014;11:40:45;1;0;0;0;71.6;72;
19.04.2014;11:40:50;1;0;0;0;71.5;72;
19.04.2014;11:40:55;0;0;0;0;71.6;72;
19.04.2014;11:41:00;0;1;0;0;71.6;72;
19.04.2014;11:41:05;1;1;0;0;71.7;72;
19.04.2014;11:41:10;1;0;0;0;71.8;72;
19.04.2014;11:41:15;0;0;0;0;71.7;72;
19.04.2014;11:41:20;0;0;0;0;71.7;72;
19.04.2014;11:41:25;1;0;0;0;71.7;72;
19.04.2014;11:41:30;1;0;0;0;71.7;72;
19.04.2014;11:41:35;0;0;0;0;71.8;72;
19.04.2014;11:41:40;0;1;0;0;71.9;72;
19.04.2014;11:41:45;1;1;0;0;72;72;
19.04.2014;11:41:50;0;0;0;0;72;72;
19.04.2014;11:41:55;0;0;0;0;72;72;
19.04.2014;11:42:00;0;0;0;0;72;72;
19.04.2014;11:42:05;0;0;0;0;72;72;
19.04.2014;11:42:10;0;0;0;0;72.1;72;
19.04.2014;11:42:15;0;0;0;0;72.1;72;
19.04.2014;11:42:20;0;1;0;0;72.1;72;
19.04.2014;11:42:25;0;1;0;0;72.2;72;
19.04.2014;11:42:30;0;0;0;0;72.2;72;
19.04.2014;11:42:35;0;0;0;0;72.2;72;
19.04.2014;11:42:40;0;0;0;0;72.2;72;
19.04.2014;11:42:45;0;0;0;0;72.2;72;
19.04.2014;11:42:50;0;0;0;0;72.3;72;
19.04.2014;11:42:55;0;0;0;0;72.3;72;
19.04.2014;11:43:00;0;1;0;0;72.4;72;
19.04.2014;11:43:05;0;1;0;0;72.4;72;
19.04.2014;11:43:10;0;0;0;0;72.4;72;
19.04.2014;11:43:15;0;0;0;0;72.3;72;
19.04.2014;11:43:20;0;0;0;0;72.2;72;
19.04.2014;11:43:25;0;0;0;0;72.3;72;
19.04.2014;11:43:30;0;0;0;0;72.3;72;
19.04.2014;11:43:35;0;0;0;0;72.4;72;
19.04.2014;11:43:40;0;1;0;0;72.2;72;
19.04.2014;11:43:45;0;1;0;0;72.2;72;
19.04.2014;11:43:50;0;0;0;0;72.2;72;
19.04.2014;11:43:55;0;0;0;0;72.2;72;
19.04.2014;11:44:00;0;0;0;0;72.1;72;
19.04.2014;11:44:05;0;0;0;0;72.1;72;
19.04.2014;11:44:10;0;0;0;0;72.2;72;
19.04.2014;11:44:15;0;0;0;0;72.1;72;
19.04.2014;11:44:20;0;1;0;0;72.1;72;
19.04.2014;11:44:25;0;1;0;0;72.1;72;
19.04.2014;11:44:30;0;0;0;0;72.1;72;
19.04.2014;11:44:35;0;0;0;0;72.1;72;
19.04.2014;11:44:40;0;0;0;0;72;72;
19.04.2014;11:44:45;0;0;0;0;72;72;
19.04.2014;11:44:50;0;0;0;0;72.1;72;
19.04.2014;11:44:55;0;0;0;0;72.1;72;
19.04.2014;11:45:00;0;1;0;0;72;72;
19.04.2014;11:45:05;0;1;0;0;72.1;72;
19.04.2014;11:45:10;0;0;0;0;72;72;
19.04.2014;11:45:15;0;0;0;0;72.1;72;
19.04.2014;11:45:20;0;0;0;0;72;72;
19.04.2014;11:45:25;0;0;0;0;72.1;72;
19.04.2014;11:45:30;0;0;0;0;72;72;
19.04.2014;11:45:35;0;0;0;0;72;72;
19.04.2014;11:45:40;1;1;0;0;71.9;72;
19.04.2014;11:45:45;1;1;0;0;71.9;72;
19.04.2014;11:45:50;0;0;0;0;71.9;72;
19.04.2014;11:45:55;0;0;0;0;71.9;72;
19.04.2014;11:46:00;1;0;0;0;71.9;72;
19.04.2014;11:46:05;1;0;0;0;71.8;72;
19.04.2014;11:46:10;0;0;0;0;71.8;72;
19.04.2014;11:46:15;0;0;0;0;71.9;72;
19.04.2014;11:46:20;1;1;0;0;71.8;72;
19.04.2014;11:46:25;1;1;0;0;72;72;
19.04.2014;11:46:31;0;0;0;0;72.1;72;
19.04.2014;11:46:36;0;0;0;0;72;72;
19.04.2014;11:46:41;0;0;0;0;72;72;
19.04.2014;11:46:46;1;0;0;0;71.8;72;
19.04.2014;11:46:51;1;0;0;0;71.8;72;
19.04.2014;11:46:56;0;0;0;0;71.6;72;
19.04.2014;11:47:01;0;1;0;0;71.6;72;
19.04.2014;11:47:06;1;1;0;0;71.6;72;
19.04.2014;11:47:11;1;0;0;0;71.7;72;
19.04.2014;11:47:16;0;0;0;0;71.7;72;
19.04.2014;11:47:21;0;0;0;0;71.7;72;
19.04.2014;11:47:26;1;0;0;0;71.6;72;
19.04.2014;11:47:31;1;0;0;0;71.6;72;
19.04.2014;11:47:36;0;0;0;0;71.6;72;
19.04.2014;11:47:41;0;1;0;0;71.6;72;
19.04.2014;11:47:46;1;1;0;0;71.7;72;
19.04.2014;11:47:51;1;0;0;0;71.7;72;
19.04.2014;11:47:56;0;0;0;0;71.5;72;
19.04.2014;11:48:01;0;0;0;0;71.5;72;
19.04.2014;11:48:06;1;0;0;0;71.6;72;
19.04.2014;11:48:11;1;0;0;0;71.7;72;
19.04.2014;11:48:16;0;0;0;0;71.6;72;
19.04.2014;11:48:21;0;1;0;0;71.7;72;
19.04.2014;11:48:26;1;1;0;0;71.7;72;
19.04.2014;11:48:31;1;0;0;0;71.7;72;
19.04.2014;11:48:36;0;0;0;0;71.7;72;
19.04.2014;11:48:41;0;0;0;0;71.7;72;
19.04.2014;11:48:46;1;0;0;0;71.9;72;
19.04.2014;11:48:51;1;0;0;0;71.9;72;
19.04.2014;11:48:56;0;0;0;0;71.9;72;
19.04.2014;11:49:01;0;1;0;0;71.8;72;
19.04.2014;11:49:06;1;1;0;0;71.7;72;
19.04.2014;11:49:11;1;0;0;0;71.8;72;
19.04.2014;11:49:16;0;0;0;0;71.7;72;
19.04.2014;11:49:21;0;0;0;0;71.7;72;
19.04.2014;11:49:26;1;0;0;0;71.7;72;
19.04.2014;11:49:31;1;0;0;0;71.7;72;
19.04.2014;11:49:36;0;0;0;0;71.8;72;
19.04.2014;11:49:41;0;1;0;0;71.8;72;
19.04.2014;11:49:46;1;1;0;0;71.7;72;
19.04.2014;11:49:51;1;0;0;0;71.9;72;
19.04.2014;11:49:56;0;0;0;0;71.9;72;
19.04.2014;11:50:01;1;0;0;0;71.9;72;
19.04.2014;11:50:06;1;0;0;0;71.9;72;
19.04.2014;11:50:11;0;0;0;0;72;72;
19.04.2014;11:50:16;0;0;0;0;72;72;
19.04.2014;11:50:21;0;1;0;0;72;72;
19.04.2014;11:50:26;0;1;0;0;72.1;72;
19.04.2014;11:50:31;0;0;0;0;72.1;72;
19.04.2014;11:50:36;0;0;0;0;72.1;72;
19.04.2014;11:50:41;0;0;0;0;72;72;
19.04.2014;11:50:46;0;0;0;0;72.1;72;
19.04.2014;11:50:51;0;0;0;0;72.1;72;
19.04.2014;11:50:56;0;0;0;0;72.1;72;
19.04.2014;11:51:01;0;1;0;0;72.2;72;
19.04.2014;11:51:06;0;1;0;0;72.1;72;
19.04.2014;11:51:11;0;0;0;0;72.1;72;
19.04.2014;11:51:16;0;0;0;0;72.1;72;
19.04.2014;11:51:21;0;0;0;0;72.1;72;
19.04.2014;11:51:26;0;0;0;0;72;72;
19.04.2014;11:51:31;0;0;0;0;72;72;
19.04.2014;11:51:36;0;0;0;0;72.3;72;
19.04.2014;11:51:41;0;1;0;0;72.2;72;
19.04.2014;11:51:46;0;1;0;0;72.1;72;
19.04.2014;11:51:51;0;0;0;0;72.2;72;
19.04.2014;11:51:56;0;0;0;0;72;72;
19.04.2014;11:52:01;0;0;0;0;72.2;72;
19.04.2014;11:52:06;0;0;0;0;72.1;72;
19.04.2014;11:52:11;0;0;0;0;72;72;
19.04.2014;11:52:16;0;0;0;0;72.1;72;
19.04.2014;11:52:21;0;1;0;0;72.2;72;
19.04.2014;11:52:26;0;1;0;0;72.1;72;
19.04.2014;11:52:31;0;0;0;0;72.2;72;
19.04.2014;11:52:36;0;0;0;0;72.2;72;
19.04.2014;11:52:41;0;0;0;0;72;72;
19.04.2014;11:52:46;0;0;0;0;72;72;
19.04.2014;11:52:51;0;0;0;0;72.1;72;
19.04.2014;11:52:56;1;0;0;0;71.9;72;
19.04.2014;11:53:01;0;1;0;0;72;72;
19.04.2014;11:53:06;0;1;0;0;72.1;72;
19.04.2014;11:53:11;0;0;0;0;72.2;72;
19.04.2014;11:53:16;0;0;0;0;72;72;
19.04.2014;11:53:21;0;0;0;0;72;72;
19.04.2014;11:53:26;1;0;0;0;71.9;72;
19.04.2014;11:53:31;1;0;0;0;71.8;72;
19.04.2014;11:53:36;0;0;0;0;71.9;72;
19.04.2014;11:53:41;0;1;0;0;71.8;72;
19.04.2014;11:53:46;1;1;0;0;71.7;72;
19.04.2014;11:53:51;1;0;0;0;71.8;72;
19.04.2014;11:53:56;0;0;0;0;71.8;72;
19.04.2014;11:54:01;0;0;0;0;71.9;72;
19.04.2014;11:54:06;0;0;0;0;72;72;
19.04.2014;11:54:11;0;0;0;0;72;72;
19.04.2014;11:54:16;0;0;0;0;72.1;72;
19.04.2014;11:54:21;0;1;0;0;72;72;
19.04.2014;11:54:26;0;1;0;0;72;72;
19.04.2014;11:54:31;0;0;0;0;72;72;
19.04.2014;11:54:36;1;0;0;0;72;72;
19.04.2014;11:54:41;0;0;0;0;72;72;
19.04.2014;11:54:46;1;0;1;0;71.9;72;
19.04.2014;11:54:51;1;0;1;0;72;72;
19.04.2014;11:54:56;0;0;1;0;72;72;
19.04.2014;11:55:01;0;1;1;0;72;72;
19.04.2014;11:55:06;1;1;1;0;71.9;72;
19.04.2014;11:55:11;1;0;1;0;71.8;72;
19.04.2014;11:55:16;0;0;1;0;71.7;72;
19.04.2014;11:55:21;0;0;1;0;71.8;72;
19.04.2014;11:55:26;1;0;1;0;71.7;72;
19.04.2014;11:55:31;1;0;1;0;71.8;72;
19.04.2014;11:55:36;0;0;1;0;71.7;72;
19.04.2014;11:55:41;0;1;1;0;71.5;72;
19.04.2014;11:55:46;1;1;1;0;71.5;72;
19.04.2014;11:55:51;1;0;1;0;71.6;72;
19.04.2014;11:55:56;0;0;1;0;71.5;72;
19.04.2014;11:56:01;0;0;1;0;71.5;72;
19.04.2014;11:56:06;1;0;1;0;71.5;72;
19.04.2014;11:56:11;1;0;1;0;71.5;72;
19.04.2014;11:56:16;0;0;1;0;71.6;72;
19.04.2014;11:56:21;0;1;1;0;71.6;72;
19.04.2014;11:56:26;1;1;1;0;71.7;72;
19.04.2014;11:56:31;1;0;1;0;71.7;72;
19.04.2014;11:56:36;0;0;1;0;71.7;72;
19.04.2014;11:56:41;0;0;1;0;71.6;72;
19.04.2014;11:56:46;1;0;1;0;71.6;72;
19.04.2014;11:56:51;1;0;1;0;71.6;72;
19.04.2014;11:56:56;0;0;1;0;71.7;72;
19.04.2014;11:57:01;0;1;1;0;71.7;72;
19.04.2014;11:57:06;1;1;1;0;71.7;72;
19.04.2014;11:57:11;1;0;1;0;71.7;72;
19.04.2014;11:57:16;0;0;1;0;71.7;72;
19.04.2014;11:57:21;0;0;1;0;71.6;72;
19.04.2014;11:57:26;1;0;1;0;71.7;72;
19.04.2014;11:57:31;1;0;1;0;71.7;72;
19.04.2014;11:57:36;0;0;1;0;71.7;72;
19.04.2014;11:57:41;0;1;1;0;71.7;72;
19.04.2014;11:57:46;1;1;1;0;71.7;72;
19.04.2014;11:57:51;1;0;1;0;71.7;72;
19.04.2014;11:57:56;0;0;1;0;71.7;72;
19.04.2014;11:58:01;0;0;1;0;71.7;72;
19.04.2014;11:58:07;1;0;1;0;71.7;72;
19.04.2014;11:58:12;1;0;1;0;71.7;72;
19.04.2014;11:58:17;0;0;1;0;71.8;72;
19.04.2014;11:58:22;0;1;1;0;72;72;
19.04.2014;11:58:27;0;1;1;0;72;72;
19.04.2014;11:58:32;1;0;1;0;71.9;72;
19.04.2014;11:58:37;1;0;1;0;71.9;72;
19.04.2014;11:58:42;0;0;1;0;71.9;72;
19.04.2014;11:58:47;0;0;1;0;71.7;72;
19.04.2014;11:58:52;1;0;1;0;71.7;72;
19.04.2014;11:58:57;1;0;1;0;71.8;72;
19.04.2014;11:59:02;0;1;1;0;71.8;72;
19.04.2014;11:59:07;0;1;1;0;71.7;72;
19.04.2014;11:59:12;1;0;1;0;71.8;72;
19.04.2014;11:59:17;1;0;1;0;71.8;72;
19.04.2014;11:59:22;0;0;1;0;71.8;72;
19.04.2014;11:59:27;0;0;1;0;71.8;72;
19.04.2014;11:59:32;1;0;1;0;71.9;72;
19.04.2014;11:59:37;0;0;1;0;72;72;
19.04.2014;11:59:42;0;1;1;0;72;72;
19.04.2014;11:59:47;1;1;1;0;71.9;72;
19.04.2014;11:59:52;0;0;1;0;72;72;
19.04.2014;11:59:57;0;0;1;0;72;72;
19.04.2014;12:00:02;0;0;1;0;72.2;72;
19.04.2014;12:00:07;0;0;1;0;72.3;72;
19.04.2014;12:00:12;0;0;1;0;72.3;72;
19.04.2014;12:00:17;0;0;1;0;72.2;72;
19.04.2014;12:00:22;0;1;1;0;72.1;72;
19.04.2014;12:00:27;0;1;1;0;72.1;72;
19.04.2014;12:00:32;0;0;1;0;72.2;72;
19.04.2014;12:00:37;0;0;1;0;72.1;72;
19.04.2014;12:00:42;0;0;1;0;72.3;72;
19.04.2014;12:00:47;0;0;1;0;72.2;72;
19.04.2014;12:00:52;0;0;1;0;72.2;72;
19.04.2014;12:00:57;0;0;1;0;72.3;72;
19.04.2014;12:01:02;0;1;1;0;72.2;72;
19.04.2014;12:01:07;0;1;1;0;72.2;72;
19.04.2014;12:01:12;0;0;1;0;72.1;72;
19.04.2014;12:01:17;0;0;0;0;72;72;
19.04.2014;12:01:22;0;0;0;0;72.1;72;
19.04.2014;12:01:27;0;0;0;0;72.2;72;
19.04.2014;12:01:32;0;0;0;0;72.2;72;
19.04.2014;12:01:37;0;0;0;0;72.2;72;
19.04.2014;12:01:42;0;1;0;0;72.2;72;
19.04.2014;12:01:47;0;1;0;0;72.1;72;
19.04.2014;12:01:52;0;0;0;0;72;72;
19.04.2014;12:01:57;0;0;0;0;72.1;72;
19.04.2014;12:02:02;0;0;0;0;72;72;
19.04.2014;12:02:07;0;0;0;0;72;72;
19.04.2014;12:02:12;0;0;0;0;72;72;
19.04.2014;12:02:17;0;0;0;0;72.1;72;
19.04.2014;12:02:22;0;1;0;0;72.1;72;
19.04.2014;12:02:27;0;1;0;0;72;72;
19.04.2014;12:02:32;1;0;0;0;71.9;72;
19.04.2014;12:02:37;0;0;0;0;72;72;
19.04.2014;12:02:42;0;0;0;0;72;72;
19.04.2014;12:02:47;1;0;0;0;71.9;72;
19.04.2014;12:02:52;1;0;0;0;71.9;72;
19.04.2014;12:02:57;0;0;0;0;72.1;72;
19.04.2014;12:03:02;0;1;0;0;72.2;72;
19.04.2014;12:03:07;0;1;0;0;72.1;72;
19.04.2014;12:03:12;0;0;0;0;72.1;72;
19.04.2014;12:03:17;0;0;0;0;72;72;
19.04.2014;12:03:22;0;0;0;0;72.1;72;
19.04.2014;12:03:27;0;0;0;0;72.1;72;
19.04.2014;12:03:32;0;0;0;0;72.1;72;
19.04.2014;12:03:37;1;0;0;0;71.9;72;
19.04.2014;12:03:42;1;1;0;0;71.9;72;
19.04.2014;12:03:47;0;1;0;0;71.9;72;
19.04.2014;12:03:52;0;0;0;0;72;72;
19.04.2014;12:03:57;1;0;0;0;71.9;72;
19.04.2014;12:04:02;0;0;0;0;72;72;
19.04.2014;12:04:07;0;0;0;0;72.1;72;
19.04.2014;12:04:12;0;0;0;0;72.1;72;
19.04.2014;12:04:17;0;0;0;0;72.1;72;
19.04.2014;12:04:22;0;1;0;0;72;72;
19.04.2014;12:04:27;1;1;0;0;71.9;72;
19.04.2014;12:04:32;1;0;0;0;71.8;72;
19.04.2014;12:04:37;0;0;0;0;71.7;72;
19.04.2014;12:04:42;0;0;0;0;71.7;72;
19.04.2014;12:04:47;1;0;0;0;71.6;72;
19.04.2014;12:04:52;1;0;0;0;71.6;72;
19.04.2014;12:04:57;0;0;0;0;71.5;72;
19.04.2014;12:05:02;0;1;0;0;71.5;72;
19.04.2014;12:05:07;1;1;0;0;71.5;72;
19.04.2014;12:05:12;1;0;0;0;71.4;72;
19.04.2014;12:05:17;0;0;0;0;71.5;72;
19.04.2014;12:05:22;0;0;0;0;71.5;72;
19.04.2014;12:05:27;1;0;0;0;71.6;72;
19.04.2014;12:05:32;1;0;0;0;71.6;72;
19.04.2014;12:05:37;0;0;0;0;71.5;72;
19.04.2014;12:05:42;0;1;0;0;71.5;72;
19.04.2014;12:05:47;1;1;0;0;71.6;72;
19.04.2014;12:05:52;1;0;0;0;71.6;72;
19.04.2014;12:05:57;0;0;0;0;71.5;72;
19.04.2014;12:06:02;0;0;0;0;71.4;72;
19.04.2014;12:06:07;1;0;0;0;71.4;72;
19.04.2014;12:06:12;1;0;0;0;71.5;72;
19.04.2014;12:06:17;0;0;0;0;71.8;72;
19.04.2014;12:06:22;0;1;0;0;71.8;72;
19.04.2014;12:06:27;1;1;0;0;71.9;72;
19.04.2014;12:06:32;1;0;0;0;71.8;72;
19.04.2014;12:06:37;0;0;0;0;71.9;72;
19.04.2014;12:06:42;0;0;0;0;71.9;72;
19.04.2014;12:06:47;1;0;0;0;71.8;72;
19.04.2014;12:06:52;1;0;0;0;71.7;72;
19.04.2014;12:06:57;0;0;0;0;71.6;72;
19.04.2014;12:07:02;0;1;0;0;71.6;72;
19.04.2014;12:07:07;1;1;0;0;71.7;72;
19.04.2014;12:07:12;1;0;0;0;71.8;72;
19.04.2014;12:07:17;0;0;0;0;71.9;72;
19.04.2014;12:07:22;0;0;0;0;71.8;72;
19.04.2014;12:07:27;1;0;0;0;71.9;72;
19.04.2014;12:07:32;1;0;0;0;71.9;72;
19.04.2014;12:07:37;0;0;0;0;72;72;
19.04.2014;12:07:42;1;1;0;0;71.9;72;
19.04.2014;12:07:47;1;1;0;0;71.9;72;
19.04.2014;12:07:52;0;0;0;0;71.9;72;
19.04.2014;12:07:57;0;0;0;0;71.8;72;
19.04.2014;12:08:03;1;0;0;0;71.9;72;
19.04.2014;12:08:07;1;0;0;0;71.9;72;
19.04.2014;12:08:12;1;0;0;0;71.8;72;
19.04.2014;12:08:17;0;0;0;0;71.9;72;
19.04.2014;12:08:22;0;1;0;0;72;72;
19.04.2014;12:08:27;0;1;0;0;72.1;72;
19.04.2014;12:08:32;0;0;0;0;72.1;72;
19.04.2014;12:08:37;0;0;0;0;72.2;72;
19.04.2014;12:08:42;0;0;0;0;72.2;72;
19.04.2014;12:08:47;0;0;0;0;72.2;72;
19.04.2014;12:08:52;0;0;0;0;72.1;72;
19.04.2014;12:08:57;0;0;0;0;72.1;72;
19.04.2014;12:09:02;0;1;0;0;72.1;72;
19.04.2014;12:09:07;0;1;0;0;72.1;72;
19.04.2014;12:09:12;1;0;0;0;71.9;72;
19.04.2014;12:09:17;0;0;0;0;72;72;
19.04.2014;12:09:22;0;0;0;0;72;72;
19.04.2014;12:09:27;0;0;0;0;72.1;72;
19.04.2014;12:09:32;0;0;0;0;72.1;72;
19.04.2014;12:09:37;0;0;0;0;72.1;72;
19.04.2014;12:09:43;0;1;0;0;72.2;72;
19.04.2014;12:09:48;0;1;0;0;72.2;72;
19.04.2014;12:09:53;0;0;0;0;72.1;72;
19.04.2014;12:09:58;0;0;0;0;72.1;72;
19.04.2014;12:10:03;0;0;0;0;72.1;72;
19.04.2014;12:10:08;0;0;0;0;72.1;72;
19.04.2014;12:10:13;0;0;0;0;72.2;72;
19.04.2014;12:10:18;0;0;0;0;72.2;72;
19.04.2014;12:10:23;0;1;0;0;72.2;72;
19.04.2014;12:10:28;0;1;0;0;72.2;72;
19.04.2014;12:10:33;0;0;0;0;72.1;72;
19.04.2014;12:10:38;0;0;0;0;72.1;72;
19.04.2014;12:10:43;0;0;0;0;72.1;72;
19.04.2014;12:10:48;0;0;0;0;72.1;72;
19.04.2014;12:10:53;0;0;0;0;72.1;72;
19.04.2014;12:10:58;0;0;0;0;72;72;
19.04.2014;12:11:03;0;1;0;0;72;72;
19.04.2014;12:11:08;0;1;0;0;72;72;
19.04.2014;12:11:13;1;0;0;0;71.9;72;
19.04.2014;12:11:18;0;0;0;0;72;72;
19.04.2014;12:11:23;0;0;0;0;72.1;72;
19.04.2014;12:11:28;0;0;0;0;72;72;
19.04.2014;12:11:33;0;0;0;0;72;72;
19.04.2014;12:11:38;1;0;0;0;71.7;72;
19.04.2014;12:11:43;1;1;0;0;71.7;72;
19.04.2014;12:11:48;0;1;0;0;71.7;72;
19.04.2014;12:11:53;0;0;0;0;71.6;72;
19.04.2014;12:11:58;1;0;0;0;71.6;72;
19.04.2014;12:12:03;1;0;0;0;71.6;72;
19.04.2014;12:12:08;0;0;0;0;71.7;72;
19.04.2014;12:12:13;0;0;0;0;71.6;72;
19.04.2014;12:12:18;1;0;0;0;71.7;72;
19.04.2014;12:12:23;1;1;0;0;71.7;72;
19.04.2014;12:12:28;0;1;0;0;71.7;72;
19.04.2014;12:12:33;0;0;0;0;71.7;72;
19.04.2014;12:12:38;1;0;0;0;71.8;72;
19.04.2014;12:12:43;1;0;0;0;71.8;72;
19.04.2014;12:12:48;0;0;0;0;71.7;72;
19.04.2014;12:12:53;0;0;0;0;71.7;72;
19.04.2014;12:12:58;1;0;0;0;71.8;72;
19.04.2014;12:13:03;1;1;0;0;71.8;72;
19.04.2014;12:13:08;0;1;0;0;71.8;72;
19.04.2014;12:13:13;0;0;0;0;71.9;72;
19.04.2014;12:13:18;1;0;0;0;71.8;72;
19.04.2014;12:13:23;1;0;0;0;71.8;72;
19.04.2014;12:13:28;0;0;0;0;71.8;72;
19.04.2014;12:13:33;0;0;0;0;71.9;72;
19.04.2014;12:13:38;1;0;0;0;71.9;72;
19.04.2014;12:13:43;1;1;0;0;71.9;72;
19.04.2014;12:13:48;0;1;0;0;71.9;72;
19.04.2014;12:13:53;0;0;0;0;71.8;72;
19.04.2014;12:13:58;1;0;0;0;71.7;72;
19.04.2014;12:14:03;1;0;0;0;71.8;72;
19.04.2014;12:14:08;0;0;0;0;71.6;72;
19.04.2014;12:14:13;0;0;0;0;71.6;72;
19.04.2014;12:14:18;1;0;0;0;71.5;72;
19.04.2014;12:14:23;1;1;0;0;71.7;72;
19.04.2014;12:14:28;0;1;0;0;71.7;72;
19.04.2014;12:14:33;0;0;0;0;71.8;72;
19.04.2014;12:14:38;1;0;0;0;71.8;72;
19.04.2014;12:14:43;1;0;0;0;71.8;72;
19.04.2014;12:14:48;0;0;0;0;71.8;72;
19.04.2014;12:14:53;0;0;0;0;71.9;72;
19.04.2014;12:14:58;1;0;0;0;72;72;
19.04.2014;12:15:03;0;1;0;0;72;72;
19.04.2014;12:15:08;0;1;0;0;72;72;
19.04.2014;12:15:13;1;0;0;0;71.9;72;
19.04.2014;12:15:18;1;0;0;0;71.9;72;
19.04.2014;12:15:23;0;0;0;0;71.9;72;
19.04.2014;12:15:28;0;0;0;0;71.9;72;
19.04.2014;12:15:33;1;0;0;0;71.9;72;
19.04.2014;12:15:38;1;0;0;0;71.9;72;
19.04.2014;12:15:43;0;1;0;0;72;72;
19.04.2014;12:15:48;0;1;0;0;72;72;
19.04.2014;12:15:53;1;0;0;0;71.8;72;
19.04.2014;12:15:58;1;0;0;0;71.9;72;
19.04.2014;12:16:03;0;0;0;0;72;72;
19.04.2014;12:16:08;0;0;0;0;72;72;
19.04.2014;12:16:13;1;0;0;0;71.9;72;
19.04.2014;12:16:18;0;0;0;0;72;72;
19.04.2014;12:16:23;0;1;0;0;72;72;
19.04.2014;12:16:28;0;1;0;0;72;72;
19.04.2014;12:16:33;0;0;0;0;72.1;72;
19.04.2014;12:16:38;1;0;0;0;71.9;72;
19.04.2014;12:16:43;1;0;0;0;72;72;
19.04.2014;12:16:48;0;0;0;0;72.1;72;
19.04.2014;12:16:53;0;0;0;0;72.2;72;
19.04.2014;12:16:58;0;0;0;0;72.2;72;
19.04.2014;12:17:03;0;1;0;0;72.3;72;
19.04.2014;12:17:08;0;1;0;0;72.3;72;
19.04.2014;12:17:13;0;0;0;0;72.2;72;
19.04.2014;12:17:18;0;0;0;0;72.2;72;
19.04.2014;12:17:23;0;0;0;0;72.2;72;
19.04.2014;12:17:28;0;0;0;0;72.4;72;
19.04.2014;12:17:33;0;0;0;0;72.4;72;
19.04.2014;12:17:38;0;0;0;0;72.3;72;
19.04.2014;12:17:43;0;1;0;0;72.5;72;
19.04.2014;12:17:48;0;1;0;0;72.3;72;
19.04.2014;12:17:53;0;0;0;0;72.3;72;
19.04.2014;12:17:58;0;0;0;0;72.3;72;
19.04.2014;12:18:03;0;0;0;0;72.4;72;
19.04.2014;12:18:08;0;0;0;0;72.2;72;
19.04.2014;12:18:13;0;0;0;0;72.2;72;
19.04.2014;12:18:18;0;0;0;0;72.2;72;
19.04.2014;12:18:23;0;1;0;0;72.2;72;
19.04.2014;12:18:28;0;1;0;0;72.2;72;
19.04.2014;12:18:33;0;0;0;0;72.3;72;
19.04.2014;12:18:38;0;0;0;0;72.3;72;
19.04.2014;12:18:43;0;0;0;0;72.3;72;
19.04.2014;12:18:48;0;0;0;0;72.2;72;
19.04.2014;12:18:53;0;0;0;0;72.2;72;
19.04.2014;12:18:58;0;0;0;0;72.1;72;
19.04.2014;12:19:03;0;1;0;0;71.8;72;
19.04.2014;12:19:08;1;1;0;0;71.9;72;
19.04.2014;12:19:13;1;0;0;0;71.8;72;
19.04.2014;12:19:18;0;0;0;0;71.7;72;
19.04.2014;12:19:23;0;0;0;0;71.7;72;
19.04.2014;12:19:28;1;0;0;0;71.9;72;
19.04.2014;12:19:33;0;0;0;0;72.1;72;
19.04.2014;12:19:38;0;0;0;0;72;72;
19.04.2014;12:19:43;0;1;0;0;71.9;72;
19.04.2014;12:19:48;1;1;0;0;71.9;72;
19.04.2014;12:19:53;1;0;0;0;71.9;72;
19.04.2014;12:19:58;0;0;0;0;72;72;
19.04.2014;12:20:03;0;0;0;0;72;72;
19.04.2014;12:20:08;0;0;0;0;72;72;
19.04.2014;12:20:13;1;0;0;0;71.9;72;
19.04.2014;12:20:18;0;0;0;0;72;72;
19.04.2014;12:20:23;1;1;0;0;71.9;72;
19.04.2014;12:20:28;1;1;0;0;71.9;72;
19.04.2014;12:20:33;0;0;0;0;71.9;72;
19.04.2014;12:20:38;0;0;0;0;71.9;72;
19.04.2014;12:20:43;1;0;0;0;71.8;72;
19.04.2014;12:20:48;1;0;0;0;71.9;72;
19.04.2014;12:20:53;0;0;0;0;71.9;72;
19.04.2014;12:20:58;0;0;0;0;72;72;
19.04.2014;12:21:03;0;1;0;0;72.1;72;
19.04.2014;12:21:08;0;1;0;0;72;72;
19.04.2014;12:21:13;0;0;0;0;72;72;
19.04.2014;12:21:19;1;0;0;0;71.9;72;
19.04.2014;12:21:24;1;0;0;0;71.8;72;
19.04.2014;12:21:29;0;0;0;0;71.8;72;
19.04.2014;12:21:34;0;0;0;0;71.7;72;
19.04.2014;12:21:39;1;0;0;0;71.8;72;
19.04.2014;12:21:44;1;1;0;0;71.8;72;
19.04.2014;12:21:49;0;0;0;0;71.8;72;
