19.04.2014;20:36:26;1;1;0;0;25.3;58;
19.04.2014;20:36:31;1;1;0;0;25.4;58;
19.04.2014;20:36:36;1;1;0;0;25.5;58;
19.04.2014;20:36:41;1;1;0;0;25.6;58;
19.04.2014;20:36:46;1;1;0;0;25.7;58;
19.04.2014;20:36:51;1;1;0;0;25.8;58;
19.04.2014;20:36:56;1;0;0;0;25.9;58;
19.04.2014;20:37:01;1;0;0;0;26;58;
19.04.2014;20:37:06;1;1;0;0;26.1;58;
19.04.2014;20:37:11;1;1;0;0;26.2;58;
19.04.2014;20:37:16;1;1;0;0;26.3;58;
19.04.2014;20:37:21;1;1;0;0;26.4;58;
19.04.2014;20:37:26;1;1;0;0;26.5;58;
19.04.2014;20:37:31;1;1;0;0;26.6;58;
19.04.2014;20:37:36;1;0;0;0;26.7;58;
19.04.2014;20:37:41;1;0;0;0;26.8;58;
19.04.2014;20:37:46;1;1;0;0;26.9;58;
19.04.2014;20:37:51;1;1;0;0;27;58;
19.04.2014;20:37:56;1;1;0;0;27.1;58;
19.04.2014;20:38:01;1;1;0;0;27.2;58;
19.04.2014;20:38:06;1;1;0;0;27.3;58;
19.04.2014;20:38:11;1;1;0;0;27.4;58;
19.04.2014;20:38:16;1;0;0;0;27.5;58;
19.04.2014;20:38:21;1;0;0;0;27.6;58;
19.04.2014;20:38:26;1;1;0;0;27.7;58;
19.04.2014;20:38:31;1;1;0;0;27.8;58;
19.04.2014;20:38:36;1;1;0;0;27.9;58;
19.04.2014;20:38:41;1;1;0;0;28;58;
19.04.2014;20:38:46;1;1;0;0;28.1;58;
19.04.2014;20:38:51;1;1;0;0;28.2;58;
19.04.2014;20:38:56;1;0;0;0;28.3;58;
19.04.2014;20:39:01;1;0;0;0;28.4;58;
19.04.2014;20:39:06;1;1;0;0;28.5;58;
19.04.2014;20:39:11;1;1;0;0;28.6;58;
19.04.2014;20:39:16;1;1;0;0;28.7;58;
19.04.2014;20:39:21;1;1;0;0;28.8;58;
19.04.2014;20:39:26;1;1;0;0;28.9;58;
19.04.2014;20:39:31;1;1;0;0;29;58;
19.04.2014;20:39:36;1;0;0;0;29.1;58;
19.04.2014;20:39:41;1;0;0;0;29.2;58;
19.04.2014;20:39:46;1;1;0;0;29.3;58;
19.04.2014;20:39:51;1;1;0;0;29.4;58;
19.04.2014;20:39:56;1;1;0;0;29.5;58;
19.04.2014;20:40:01;1;1;0;0;29.6;58;
19.04.2014;20:40:06;1;1;0;0;29.7;58;
19.04.2014;20:40:11;1;1;0;0;29.8;58;
19.04.2014;20:40:16;1;0;0;0;29.9;58;
19.04.2014;20:40:21;1;0;0;0;30;58;
19.04.2014;20:40:26;1;1;0;0;30.1;58;
19.04.2014;20:40:31;1;1;0;0;30.2;58;
19.04.2014;20:40:36;1;1;0;0;30.3;58;
19.04.2014;20:40:41;1;1;0;0;30.4;58;
19.04.2014;20:40:46;1;1;0;0;30.5;58;
19.04.2014;20:40:51;1;1;0;0;30.6;58;
19.04.2014;20:40:56;1;0;0;0;30.7;58;
19.04.2014;20:41:01;1;0;0;0;30.8;58;
19.04.2014;20:41:06;1;1;0;0;30.9;58;
19.04.2014;20:41:11;1;1;0;0;31;58;
19.04.2014;20:41:16;1;1;0;0;31.1;58;
19.04.2014;20:41:21;1;1;0;0;31.2;58;
19.04.2014;20:41:26;1;1;0;0;31.3;58;
19.04.2014;20:41:31;1;1;0;0;31.4;58;
19.04.2014;20:41:36;1;0;0;0;31.5;58;
19.04.2014;20:41:41;1;0;0;0;31.6;58;
19.04.2014;20:41:46;1;1;0;0;31.7;58;
19.04.2014;20:41:51;1;1;0;0;31.8;58;
19.04.2014;20:41:56;1;1;0;0;31.9;58;
19.04.2014;20:42:01;1;1;0;0;32;58;
19.04.2014;20:42:06;1;1;0;0;32.1;58;
19.04.2014;20:42:11;1;1;0;0;32.2;58;
19.04.2014;20:42:16;1;0;0;0;32.3;58;
19.04.2014;20:42:21;1;0;0;0;32.4;58;
19.04.2014;20:42:26;1;1;0;0;32.5;58;
19.04.2014;20:42:31;1;1;0;0;32.6;58;
19.04.2014;20:42:36;1;1;0;0;32.7;58;
19.04.2014;20:42:41;1;1;0;0;32.8;58;
19.04.2014;20:42:46;1;1;0;0;32.9;58;
19.04.2014;20:42:51;1;1;0;0;33;58;
19.04.2014;20:42:56;1;0;0;0;33.1;58;
19.04.2014;20:43:01;1;0;0;0;33.2;58;
19.04.2014;20:43:06;1;1;0;0;33.3;58;
19.04.2014;20:43:11;1;1;0;0;33.4;58;
19.04.2014;20:43:16;1;1;0;0;33.5;58;
19.04.2014;20:43:21;1;1;0;0;33.6;58;
19.04.2014;20:43:26;1;1;0;0;33.7;58;
19.04.2014;20:43:31;1;1;0;0;33.8;58;
19.04.2014;20:43:36;1;0;0;0;33.9;58;
19.04.2014;20:43:41;1;0;0;0;34;58;
19.04.2014;20:43:46;1;1;0;0;34.1;58;
19.04.2014;20:43:51;1;1;0;0;34.2;58;
19.04.2014;20:43:56;1;1;0;0;34.3;58;
19.04.2014;20:44:01;1;1;0;0;34.4;58;
19.04.2014;20:44:06;1;1;0;0;34.5;58;
19.04.2014;20:44:11;1;1;0;0;34.6;58;
19.04.2014;20:44:16;1;0;0;0;34.7;58;
19.04.2014;20:44:21;1;0;0;0;34.8;58;
19.04.2014;20:44:26;1;1;0;0;34.9;58;
19.04.2014;20:44:31;1;1;0;0;35;58;
19.04.2014;20:44:36;1;1;0;0;35.1;58;
19.04.2014;20:44:41;1;1;0;0;35.2;58;
19.04.2014;20:44:46;1;1;0;0;35.3;58;
19.04.2014;20:44:51;1;1;0;0;35.4;58;
19.04.2014;20:44:56;1;0;0;0;35.5;58;
19.04.2014;20:45:01;1;0;0;0;35.6;58;
19.04.2014;20:45:06;1;1;0;0;35.7;58;
19.04.2014;20:45:11;1;1;0;0;35.8;58;
19.04.2014;20:45:16;1;1;0;0;35.9;58;
19.04.2014;20:45:21;1;1;0;0;36;58;
19.04.2014;20:45:26;1;1;0;0;36.1;58;
19.04.2014;20:45:31;1;1;0;0;36.2;58;
19.04.2014;20:45:36;1;0;0;0;36.3;58;
19.04.2014;20:45:41;1;0;0;0;36.4;58;
19.04.2014;20:45:46;1;1;0;0;36.5;58;
19.04.2014;20:45:51;1;1;0;0;36.6;58;
19.04.2014;20:45:56;1;1;0;0;36.7;58;
19.04.2014;20:46:01;1;1;0;0;36.8;58;
19.04.2014;20:46:06;1;1;0;0;36.9;58;
19.04.2014;20:46:11;1;1;0;0;37;58;
19.04.2014;20:46:16;1;0;0;0;37.1;58;
19.04.2014;20:46:21;1;0;0;0;37.2;58;
19.04.2014;20:46:26;1;1;0;0;37.3;58;
19.04.2014;20:46:31;1;1;0;0;37.4;58;
19.04.2014;20:46:36;1;1;0;0;37.5;58;
19.04.2014;20:46:41;1;1;0;0;37.6;58;
19.04.2014;20:46:46;1;1;0;0;37.7;58;
19.04.2014;20:46:51;1;1;0;0;37.8;58;
19.04.2014;20:46:56;1;0;0;0;37.9;58;
19.04.2014;20:47:01;1;0;0;0;38;58;
19.04.2014;20:47:06;1;1;0;0;38.1;58;
19.04.2014;20:47:11;1;1;0;0;38.2;58;
19.04.2014;20:47:16;1;1;0;0;38.3;58;
19.04.2014;20:47:21;1;1;0;0;38.4;58;
19.04.2014;20:47:26;1;1;0;0;38.5;58;
19.04.2014;20:47:31;1;1;0;0;38.6;58;
19.04.2014;20:47:36;1;0;0;0;38.7;58;
19.04.2014;20:47:41;1;0;0;0;38.8;58;
19.04.2014;20:47:46;1;1;0;0;38.9;58;
19.04.2014;20:47:51;1;1;0;0;39;58;
19.04.2014;20:47:56;1;1;0;0;39.1;58;
19.04.2014;20:48:01;1;1;0;0;39.2;58;
19.04.2014;20:48:06;1;1;0;0;39.3;58;
19.04.2014;20:48:11;1;1;0;0;39.4;58;
19.04.2014;20:48:16;1;0;0;0;39.5;58;
19.04.2014;20:48:21;1;0;0;0;39.6;58;
19.04.2014;20:48:26;1;1;0;0;39.7;58;
19.04.2014;20:48:31;1;1;0;0;39.8;58;
19.04.2014;20:48:36;1;1;0;0;39.9;58;
19.04.2014;20:48:41;1;1;0;0;40;58;
19.04.2014;20:48:46;1;1;0;0;40.1;58;
19.04.2014;20:48:51;1;1;0;0;40.2;58;
19.04.2014;20:48:56;1;0;0;0;40.3;58;
19.04.2014;20:49:01;1;0;0;0;40.4;58;
19.04.2014;20:49:06;1;1;0;0;40.5;58;
19.04.2014;20:49:11;1;1;0;0;40.6;58;
19.04.2014;20:49:16;1;1;0;0;40.7;58;
19.04.2014;20:49:21;1;1;0;0;40.8;58;
19.04.2014;20:49:26;1;1;0;0;40.9;58;
19.04.2014;20:49:31;1;1;0;0;41;58;
19.04.2014;20:49:36;1;0;0;0;41.1;58;
19.04.2014;20:49:41;1;0;0;0;41.2;58;
19.04.2014;20:49:46;1;1;0;0;41.3;58;
19.04.2014;20:49:51;1;1;0;0;41.4;58;
19.04.2014;20:49:56;1;1;0;0;41.5;58;
19.04.2014;20:50:01;1;1;0;0;41.6;58;
19.04.2014;20:50:06;1;1;0;0;41.7;58;
19.04.2014;20:50:11;1;1;0;0;41.8;58;
19.04.2014;20:50:16;1;0;0;0;41.9;58;
19.04.2014;20:50:21;1;0;0;0;42;58;
19.04.2014;20:50:26;1;1;0;0;42.1;58;
19.04.2014;20:50:31;1;1;0;0;42.2;58;
19.04.2014;20:50:36;1;1;0;0;42.3;58;
19.04.2014;20:50:41;1;1;0;0;42.4;58;
19.04.2014;20:50:46;1;1;0;0;42.5;58;
19.04.2014;20:50:51;1;1;0;0;42.6;58;
19.04.2014;20:50:56;1;0;0;0;42.7;58;
19.04.2014;20:51:01;1;0;0;0;42.8;58;
19.04.2014;20:51:06;1;1;0;0;42.9;58;
19.04.2014;20:51:11;1;1;0;0;43;58;
19.04.2014;20:51:16;1;1;0;0;43.1;58;
19.04.2014;20:51:21;1;1;0;0;43.2;58;
19.04.2014;20:51:26;1;1;0;0;43.3;58;
19.04.2014;20:51:31;1;1;0;0;43.4;58;
19.04.2014;20:51:36;1;0;0;0;43.5;58;
19.04.2014;20:51:41;1;0;0;0;43.6;58;
19.04.2014;20:51:46;1;1;0;0;43.7;58;
19.04.2014;20:51:51;1;1;0;0;43.8;58;
19.04.2014;20:51:56;1;1;0;0;43.9;58;
19.04.2014;20:52:01;1;1;0;0;44;58;
19.04.2014;20:52:06;1;1;0;0;44.1;58;
19.04.2014;20:52:11;1;1;0;0;44.2;58;
19.04.2014;20:52:16;1;0;0;0;44.3;58;
19.04.2014;20:52:21;1;0;0;0;44.4;58;
19.04.2014;20:52:26;1;1;0;0;44.5;58;
19.04.2014;20:52:31;1;1;0;0;44.6;58;
19.04.2014;20:52:36;1;1;0;0;44.7;58;
19.04.2014;20:52:41;1;1;0;0;44.8;58;
19.04.2014;20:52:46;1;1;0;0;44.9;58;
19.04.2014;20:52:51;1;1;0;0;45;58;
19.04.2014;20:52:56;1;0;0;0;45.1;58;
19.04.2014;20:53:01;1;0;0;0;45.2;58;
19.04.2014;20:53:06;1;1;0;0;45.3;58;
19.04.2014;20:53:11;1;1;0;0;45.4;58;
19.04.2014;20:53:16;1;1;0;0;45.5;58;
19.04.2014;20:53:21;1;1;0;0;45.6;58;
19.04.2014;20:53:26;1;1;0;0;45.7;58;
19.04.2014;20:53:31;1;1;0;0;45.8;58;
19.04.2014;20:53:36;1;0;0;0;45.9;58;
19.04.2014;20:53:41;1;0;0;0;46;58;
19.04.2014;20:53:46;1;1;0;0;46.1;58;
19.04.2014;20:53:51;1;1;0;0;46.2;58;
19.04.2014;20:53:56;1;1;0;0;46.3;58;
19.04.2014;20:54:01;1;1;0;0;46.4;58;
19.04.2014;20:54:06;1;1;0;0;46.5;58;
19.04.2014;20:54:11;1;1;0;0;46.6;58;
19.04.2014;20:54:16;1;0;0;0;46.7;58;
19.04.2014;20:54:21;1;0;0;0;46.8;58;
19.04.2014;20:54:26;1;1;0;0;46.9;58;
19.04.2014;20:54:31;1;1;0;0;47;58;
19.04.2014;20:54:36;1;1;0;0;47.1;58;
19.04.2014;20:54:41;1;1;0;0;47.2;58;
19.04.2014;20:54:46;1;1;0;0;47.3;58;
19.04.2014;20:54:51;1;1;0;0;47.4;58;
19.04.2014;20:54:56;1;0;0;0;47.5;58;
19.04.2014;20:55:01;1;0;0;0;47.6;58;
19.04.2014;20:55:06;1;1;0;0;47.7;58;
19.04.2014;20:55:11;1;1;0;0;47.8;58;
19.04.2014;20:55:16;1;1;0;0;47.9;58;
19.04.2014;20:55:21;1;1;0;0;48;58;
19.04.2014;20:55:26;1;1;0;0;48.1;58;
19.04.2014;20:55:31;1;1;0;0;48.2;58;
19.04.2014;20:55:36;1;0;0;0;48.3;58;
19.04.2014;20:55:41;1;0;0;0;48.4;58;
19.04.2014;20:55:46;1;1;0;0;48.5;58;
19.04.2014;20:55:51;1;1;0;0;48.6;58;
19.04.2014;20:55:56;1;1;0;0;48.7;58;
19.04.2014;20:56:01;1;1;0;0;48.8;58;
19.04.2014;20:56:06;1;1;0;0;48.9;58;
19.04.2014;20:56:11;1;1;0;0;49;58;
19.04.2014;20:56:16;1;0;0;0;49.1;58;
19.04.2014;20:56:21;1;0;0;0;49.2;58;
19.04.2014;20:56:26;1;1;0;0;49.3;58;
19.04.2014;20:56:31;1;1;0;0;49.4;58;
19.04.2014;20:56:36;1;1;0;0;49.5;58;
19.04.2014;20:56:41;1;1;0;0;49.6;58;
19.04.2014;20:56:46;1;1;0;0;49.7;58;
19.04.2014;20:56:51;1;1;0;0;49.8;58;
19.04.2014;20:56:56;1;0;0;0;49.9;58;
19.04.2014;20:57:01;1;0;0;0;50;58;
19.04.2014;20:57:06;1;1;0;0;50.1;58;
19.04.2014;20:57:11;1;1;0;0;50.2;58;
19.04.2014;20:57:16;1;1;0;0;50.3;58;
19.04.2014;20:57:21;1;1;0;0;50.4;58;
19.04.2014;20:57:26;1;1;0;0;50.5;58;
19.04.2014;20:57:31;1;1;0;0;50.6;58;
19.04.2014;20:57:36;1;0;0;0;50.7;58;
19.04.2014;20:57:41;1;0;0;0;50.8;58;
19.04.2014;20:57:46;1;1;0;0;50.9;58;
19.04.2014;20:57:51;1;1;0;0;51;58;
19.04.2014;20:57:56;1;1;0;0;51.1;58;
19.04.2014;20:58:01;1;1;0;0;51.2;58;
19.04.2014;20:58:06;1;1;0;0;51.3;58;
19.04.2014;20:58:11;1;1;0;0;51.4;58;
19.04.2014;20:58:16;1;0;0;0;51.5;58;
19.04.2014;20:58:21;1;0;0;0;51.6;58;
19.04.2014;20:58:26;1;1;0;0;51.7;58;
19.04.2014;20:58:31;1;1;0;0;51.8;58;
19.04.2014;20:58:36;1;1;0;0;51.9;58;
19.04.2014;20:58:41;1;1;0;0;52;58;
19.04.2014;20:58:46;1;1;0;0;52.1;58;
19.04.2014;20:58:51;1;1;0;0;52.2;58;
19.04.2014;20:58:56;1;0;0;0;52.3;58;
19.04.2014;20:59:01;1;0;0;0;52.4;58;
19.04.2014;20:59:06;1;1;0;0;52.5;58;
19.04.2014;20:59:11;1;1;0;0;52.6;58;
19.04.2014;20:59:16;1;1;0;0;52.7;58;
19.04.2014;20:59:21;1;1;0;0;52.8;58;
19.04.2014;20:59:26;1;1;0;0;52.9;58;
19.04.2014;20:59:31;1;1;0;0;53;58;
19.04.2014;20:59:36;1;0;0;0;53.1;58;
19.04.2014;20:59:41;1;0;0;0;53.2;58;
19.04.2014;20:59:46;1;1;0;0;53.3;58;
19.04.2014;20:59:51;1;1;0;0;53.4;58;
19.04.2014;20:59:56;1;1;0;0;53.5;58;
19.04.2014;21:00:01;1;1;0;0;53.6;58;
19.04.2014;21:00:06;1;1;0;0;53.7;58;
19.04.2014;21:00:11;1;1;0;0;53.8;58;
19.04.2014;21:00:16;1;0;0;0;53.9;58;
19.04.2014;21:00:21;1;0;0;0;54;58;
19.04.2014;21:00:26;1;1;0;0;54.1;58;
19.04.2014;21:00:31;1;1;0;0;54.2;58;
19.04.2014;21:00:36;1;1;0;0;54.3;58;
19.04.2014;21:00:41;1;1;0;0;54.4;58;
19.04.2014;21:00:46;1;1;0;0;54.5;58;
19.04.2014;21:00:51;1;1;0;0;54.6;58;
19.04.2014;21:00:56;1;0;0;0;54.7;58;
19.04.2014;21:01:01;1;0;0;0;54.8;58;
19.04.2014;21:01:06;1;1;0;0;54.9;58;
19.04.2014;21:01:11;1;1;0;0;55;58;
19.04.2014;21:01:16;1;1;0;0;55.1;58;
19.04.2014;21:01:21;1;1;0;0;55.2;58;
19.04.2014;21:01:26;1;1;0;0;55.3;58;
19.04.2014;21:01:31;1;1;0;0;55.4;58;
19.04.2014;21:01:36;1;0;0;0;55.5;58;
19.04.2014;21:01:41;1;0;0;0;55.6;58;
19.04.2014;21:01:46;1;1;0;0;55.7;58;
19.04.2014;21:01:51;1;1;0;0;55.8;58;
19.04.2014;21:01:56;1;1;0;0;55.9;58;
19.04.2014;21:02:01;1;1;0;0;56;58;
19.04.2014;21:02:06;1;1;0;0;56.1;58;
19.04.2014;21:02:11;0;1;0;0;56.2;58;
19.04.2014;21:02:16;0;0;0;0;56.1;58;
19.04.2014;21:02:21;1;0;0;0;56.1;58;
19.04.2014;21:02:26;1;1;0;0;56.2;58;
19.04.2014;21:02:31;0;1;0;0;56.3;58;
19.04.2014;21:02:36;0;1;0;0;56.2;58;
19.04.2014;21:02:41;1;1;0;0;56.2;58;
19.04.2014;21:02:46;1;1;0;0;56.3;58;
19.04.2014;21:02:51;0;1;0;0;56.4;58;
19.04.2014;21:02:56;0;0;0;0;56.3;58;
19.04.2014;21:03:01;1;0;0;0;56.3;58;
19.04.2014;21:03:06;1;1;0;0;56.4;58;
19.04.2014;21:03:11;0;1;0;0;56.5;58;
19.04.2014;21:03:16;0;1;0;0;56.4;58;
19.04.2014;21:03:21;1;1;0;0;56.4;58;
19.04.2014;21:03:26;1;1;0;0;56.5;58;
19.04.2014;21:03:31;0;1;0;0;56.6;58;
19.04.2014;21:03:36;0;0;0;0;56.5;58;
19.04.2014;21:03:41;1;0;0;0;56.5;58;
19.04.2014;21:03:46;1;1;0;0;56.6;58;
19.04.2014;21:03:51;0;1;0;0;56.7;58;
19.04.2014;21:03:56;0;1;0;0;56.6;58;
19.04.2014;21:04:01;1;1;0;0;56.6;58;
19.04.2014;21:04:06;1;1;0;0;56.7;58;
19.04.2014;21:04:11;0;1;0;0;56.8;58;
19.04.2014;21:04:16;0;0;0;0;56.7;58;
19.04.2014;21:04:21;1;0;0;0;56.7;58;
19.04.2014;21:04:26;1;1;0;0;56.8;58;
19.04.2014;21:04:31;0;1;0;0;56.9;58;
19.04.2014;21:04:36;0;1;0;0;56.8;58;
19.04.2014;21:04:41;1;1;0;0;56.8;58;
19.04.2014;21:04:46;1;1;0;0;56.9;58;
19.04.2014;21:04:51;0;1;0;0;57;58;
19.04.2014;21:04:56;0;0;0;0;56.9;58;
19.04.2014;21:05:01;1;0;0;0;56.9;58;
19.04.2014;21:05:06;1;1;0;0;57;58;
19.04.2014;21:05:11;0;1;0;0;57.1;58;
19.04.2014;21:05:16;0;1;0;0;57;58;
19.04.2014;21:05:21;1;1;0;0;57;58;
19.04.2014;21:05:26;1;1;0;0;57.1;58;
19.04.2014;21:05:31;0;1;0;0;57.2;58;
19.04.2014;21:05:36;0;0;0;0;57.1;58;
19.04.2014;21:05:41;1;0;0;0;57.1;58;
19.04.2014;21:05:46;1;1;0;0;57.2;58;
19.04.2014;21:05:51;0;1;0;0;57.3;58;
19.04.2014;21:05:56;0;1;0;0;57.2;58;
19.04.2014;21:06:01;1;1;0;0;57.2;58;
19.04.2014;21:06:06;1;1;0;0;57.3;58;
19.04.2014;21:06:11;0;1;0;0;57.4;58;
19.04.2014;21:06:16;0;0;0;0;57.3;58;
19.04.2014;21:06:21;1;0;0;0;57.3;58;
19.04.2014;21:06:26;1;1;0;0;57.4;58;
19.04.2014;21:06:31;0;1;0;0;57.5;58;
19.04.2014;21:06:36;0;1;0;0;57.4;58;
19.04.2014;21:06:41;1;1;0;0;57.4;58;
19.04.2014;21:06:46;1;1;0;0;57.5;58;
19.04.2014;21:06:51;0;1;0;0;57.6;58;
19.04.2014;21:06:56;0;0;0;0;57.5;58;
19.04.2014;21:07:01;1;0;0;0;57.5;58;
19.04.2014;21:07:06;1;1;0;0;57.6;58;
19.04.2014;21:07:11;0;1;0;0;57.7;58;
19.04.2014;21:07:16;0;1;0;0;57.6;58;
19.04.2014;21:07:21;1;1;0;0;57.6;58;
19.04.2014;21:07:26;1;1;0;0;57.7;58;
19.04.2014;21:07:31;0;1;0;0;57.8;58;
19.04.2014;21:07:36;0;0;0;0;57.7;58;
19.04.2014;21:07:41;1;0;0;0;57.7;58;
19.04.2014;21:07:46;1;1;0;0;57.8;58;
19.04.2014;21:07:51;0;1;0;0;57.9;58;
19.04.2014;21:07:56;0;1;0;0;57.8;58;
19.04.2014;21:08:01;1;1;0;0;57.8;58;
19.04.2014;21:08:06;1;1;0;0;57.9;58;
19.04.2014;21:08:11;0;1;0;0;58;58;
19.04.2014;21:08:16;1;1;0;0;58.1;64;
19.04.2014;21:08:21;1;1;0;0;58.2;64;
19.04.2014;21:08:26;1;1;0;0;58.3;64;
19.04.2014;21:08:31;1;1;0;0;58.4;64;
19.04.2014;21:08:36;1;0;0;0;58.5;64;
19.04.2014;21:08:41;1;0;0;0;58.6;64;
19.04.2014;21:08:46;1;0;0;0;58.7;64;
19.04.2014;21:08:51;1;0;0;0;58.8;64;
19.04.2014;21:08:56;1;1;0;0;58.9;64;
19.04.2014;21:09:01;1;1;0;0;59;64;
19.04.2014;21:09:06;1;1;0;0;59.1;64;
19.04.2014;21:09:11;1;1;0;0;59.2;64;
19.04.2014;21:09:16;1;0;0;0;59.3;64;
19.04.2014;21:09:21;1;0;0;0;59.4;64;
19.04.2014;21:09:26;1;0;0;0;59.5;64;
19.04.2014;21:09:31;1;0;0;0;59.6;64;
19.04.2014;21:09:36;1;1;0;0;59.7;64;
19.04.2014;21:09:41;1;1;0;0;59.8;64;
19.04.2014;21:09:46;1;1;0;0;59.9;64;
19.04.2014;21:09:51;1;1;0;0;60;64;
19.04.2014;21:09:56;1;0;0;0;60.1;64;
19.04.2014;21:10:01;1;0;0;0;60.2;64;
19.04.2014;21:10:06;1;0;0;0;60.3;64;
19.04.2014;21:10:11;1;0;0;0;60.4;64;
19.04.2014;21:10:16;1;1;0;0;60.5;64;
19.04.2014;21:10:21;1;1;0;0;60.6;64;
19.04.2014;21:10:26;1;1;0;0;60.7;64;
19.04.2014;21:10:31;1;1;0;0;60.8;64;
19.04.2014;21:10:36;1;0;0;0;60.9;64;
19.04.2014;21:10:41;1;0;0;0;61;64;
19.04.2014;21:10:46;1;0;0;0;61.1;64;
19.04.2014;21:10:51;1;0;0;0;61.2;64;
19.04.2014;21:10:56;1;1;0;0;61.3;64;
19.04.2014;21:11:01;1;1;0;0;61.4;64;
19.04.2014;21:11:06;1;1;0;0;61.5;64;
19.04.2014;21:11:11;1;1;0;0;61.6;64;
19.04.2014;21:11:16;1;0;0;0;61.7;64;
19.04.2014;21:11:21;1;0;0;0;61.8;64;
19.04.2014;21:11:26;1;0;0;0;61.9;64;
19.04.2014;21:11:31;1;0;0;0;62;64;
19.04.2014;21:11:36;1;1;0;0;62.1;64;
19.04.2014;21:11:41;0;1;0;0;62.2;64;
19.04.2014;21:11:46;0;1;0;0;62.1;64;
19.04.2014;21:11:51;1;1;0;0;62.1;64;
19.04.2014;21:11:56;1;0;0;0;62.2;64;
19.04.2014;21:12:01;0;0;0;0;62.3;64;
19.04.2014;21:12:06;0;0;0;0;62.2;64;
19.04.2014;21:12:11;1;0;0;0;62.2;64;
19.04.2014;21:12:16;1;1;0;0;62.3;64;
19.04.2014;21:12:21;0;1;0;0;62.4;64;
19.04.2014;21:12:26;0;1;0;0;62.3;64;
19.04.2014;21:12:31;1;1;0;0;62.3;64;
19.04.2014;21:12:36;1;0;0;0;62.4;64;
19.04.2014;21:12:41;0;0;0;0;62.5;64;
19.04.2014;21:12:46;0;0;0;0;62.4;64;
19.04.2014;21:12:51;1;0;0;0;62.4;64;
19.04.2014;21:12:56;1;1;0;0;62.5;64;
19.04.2014;21:13:01;0;1;0;0;62.6;64;
19.04.2014;21:13:06;0;1;0;0;62.5;64;
19.04.2014;21:13:11;1;1;0;0;62.5;64;
19.04.2014;21:13:16;1;0;0;0;62.6;64;
19.04.2014;21:13:21;0;0;0;0;62.7;64;
19.04.2014;21:13:26;0;0;0;0;62.6;64;
19.04.2014;21:13:31;1;0;0;0;62.6;64;
19.04.2014;21:13:36;1;1;0;0;62.7;64;
19.04.2014;21:13:41;0;1;0;0;62.8;64;
19.04.2014;21:13:46;0;1;0;0;62.7;64;
19.04.2014;21:13:51;1;1;0;0;62.7;64;
19.04.2014;21:13:56;1;0;0;0;62.8;64;
19.04.2014;21:14:01;0;0;0;0;62.9;64;
19.04.2014;21:14:06;0;0;0;0;62.8;64;
19.04.2014;21:14:11;1;0;0;0;62.8;64;
19.04.2014;21:14:16;1;1;0;0;62.9;64;
19.04.2014;21:14:21;0;1;0;0;63;64;
19.04.2014;21:14:26;0;1;0;0;62.9;64;
19.04.2014;21:14:31;1;1;0;0;62.9;64;
19.04.2014;21:14:36;1;0;0;0;63;64;
19.04.2014;21:14:41;0;0;0;0;63.1;64;
19.04.2014;21:14:46;0;0;0;0;63;64;
19.04.2014;21:14:51;1;0;0;0;63;64;
19.04.2014;21:14:56;1;1;0;0;63.1;64;
19.04.2014;21:15:01;0;1;0;0;63.2;64;
19.04.2014;21:15:06;0;1;0;0;63.1;64;
19.04.2014;21:15:11;1;1;0;0;63.1;64;
19.04.2014;21:15:16;1;0;0;0;63.2;64;
19.04.2014;21:15:21;0;0;0;0;63.3;64;
19.04.2014;21:15:26;0;0;0;0;63.2;64;
19.04.2014;21:15:31;1;0;0;0;63.2;64;
19.04.2014;21:15:36;1;1;0;0;63.3;64;
19.04.2014;21:15:41;0;1;0;0;63.4;64;
19.04.2014;21:15:46;0;1;0;0;63.3;64;
19.04.2014;21:15:51;1;1;0;0;63.3;64;
19.04.2014;21:15:56;1;0;0;0;63.4;64;
19.04.2014;21:16:01;0;0;0;0;63.5;64;
19.04.2014;21:16:06;0;0;0;0;63.4;64;
19.04.2014;21:16:11;1;0;0;0;63.4;64;
19.04.2014;21:16:16;1;1;0;0;63.5;64;
19.04.2014;21:16:21;0;1;0;0;63.6;64;
19.04.2014;21:16:26;0;1;0;0;63.5;64;
19.04.2014;21:16:31;1;1;0;0;63.5;64;
19.04.2014;21:16:36;1;0;0;0;63.6;64;
19.04.2014;21:16:41;0;0;0;0;63.7;64;
19.04.2014;21:16:46;0;0;0;0;63.6;64;
19.04.2014;21:16:51;1;0;0;0;63.6;64;
19.04.2014;21:16:56;1;1;0;0;63.7;64;
19.04.2014;21:17:01;0;1;0;0;63.8;64;
19.04.2014;21:17:06;0;1;0;0;63.7;64;
19.04.2014;21:17:11;1;1;0;0;63.7;64;
19.04.2014;21:17:16;1;0;0;0;63.8;64;
19.04.2014;21:17:21;0;0;0;0;63.9;64;
19.04.2014;21:17:26;0;0;0;0;63.8;64;
19.04.2014;21:17:31;1;0;0;0;63.8;64;
19.04.2014;21:17:36;1;1;0;0;63.9;64;
19.04.2014;21:17:41;0;1;0;0;64;64;
19.04.2014;21:17:46;1;1;0;0;63.9;64;
19.04.2014;21:17:51;0;1;0;0;64;64;
19.04.2014;21:17:56;0;0;0;0;64;64;
19.04.2014;21:18:01;1;0;0;0;63.9;64;
19.04.2014;21:18:06;0;0;0;0;64;64;
19.04.2014;21:18:11;0;0;0;0;64;64;
19.04.2014;21:18:16;1;1;0;0;63.9;64;
19.04.2014;21:18:21;0;1;0;0;64;64;
19.04.2014;21:18:26;0;1;0;0;64;64;
19.04.2014;21:18:31;1;1;0;0;63.9;64;
19.04.2014;21:18:36;0;0;0;0;64;64;
19.04.2014;21:18:41;0;0;0;0;64;64;
19.04.2014;21:18:46;1;0;0;0;63.9;64;
19.04.2014;21:18:51;0;0;0;0;64;64;
19.04.2014;21:18:56;0;1;0;0;64;64;
19.04.2014;21:19:01;1;1;0;0;63.9;64;
19.04.2014;21:19:06;0;1;0;0;64;64;
19.04.2014;21:19:11;0;1;0;0;64;64;
19.04.2014;21:19:16;1;0;0;0;63.9;64;
19.04.2014;21:19:21;0;0;0;0;64;64;
19.04.2014;21:19:26;0;0;0;0;64;64;
19.04.2014;21:19:31;1;0;0;0;63.9;64;
19.04.2014;21:19:36;0;1;0;0;64;64;
19.04.2014;21:19:41;0;1;0;0;64;64;
19.04.2014;21:19:46;1;1;0;0;63.9;64;
19.04.2014;21:19:51;0;1;0;0;64;64;
19.04.2014;21:19:56;0;0;0;0;64;64;
19.04.2014;21:20:01;1;0;0;0;63.9;64;
19.04.2014;21:20:06;0;0;0;0;64;64;
19.04.2014;21:20:11;0;0;0;0;64;64;
19.04.2014;21:20:16;1;1;0;0;63.9;64;
19.04.2014;21:20:21;0;1;0;0;64;64;
19.04.2014;21:20:26;0;1;0;0;64;64;
19.04.2014;21:20:31;1;1;0;0;63.9;64;
19.04.2014;21:20:36;0;0;0;0;64;64;
19.04.2014;21:20:41;0;0;0;0;64;64;
19.04.2014;21:20:46;1;0;0;0;63.9;64;
19.04.2014;21:20:51;0;0;0;0;64;64;
19.04.2014;21:20:56;0;1;0;0;64;64;
19.04.2014;21:21:01;1;1;0;0;63.9;64;
19.04.2014;21:21:06;0;1;0;0;64;64;
19.04.2014;21:21:11;0;1;0;0;64;64;
19.04.2014;21:21:16;1;0;0;0;63.9;64;
19.04.2014;21:21:21;0;0;0;0;64;64;
19.04.2014;21:21:26;0;0;0;0;64;64;
19.04.2014;21:21:31;1;0;0;0;63.9;64;
19.04.2014;21:21:36;0;1;0;0;64;64;
19.04.2014;21:21:41;0;1;0;0;64;64;
19.04.2014;21:21:46;1;1;0;0;63.9;64;
19.04.2014;21:21:51;0;1;0;0;64;64;
19.04.2014;21:21:56;0;0;0;0;64;64;
19.04.2014;21:22:01;1;0;0;0;63.9;64;
19.04.2014;21:22:06;0;0;0;0;64;64;
19.04.2014;21:22:11;0;0;0;0;64;64;
19.04.2014;21:22:16;1;1;0;0;63.9;64;
19.04.2014;21:22:21;0;1;0;0;64;64;
19.04.2014;21:22:26;0;1;0;0;64;64;
19.04.2014;21:22:31;1;1;0;0;63.9;64;
19.04.2014;21:22:36;0;0;0;0;64;64;
19.04.2014;21:22:41;0;0;0;0;64;64;
19.04.2014;21:22:46;1;0;0;0;63.9;64;
19.04.2014;21:22:51;0;0;0;0;64;64;
19.04.2014;21:22:56;0;1;0;0;64;64;
19.04.2014;21:23:01;1;1;0;0;63.9;64;
19.04.2014;21:23:06;0;1;0;0;64;64;
19.04.2014;21:23:11;0;1;0;0;64;64;
19.04.2014;21:23:16;1;0;0;0;63.9;64;
19.04.2014;21:23:21;0;0;0;0;64;64;
19.04.2014;21:23:26;0;0;0;0;64;64;
19.04.2014;21:23:31;1;0;0;0;63.9;64;
19.04.2014;21:23:36;0;1;0;0;64;64;
19.04.2014;21:23:41;0;1;0;0;64;64;
19.04.2014;21:23:46;1;1;0;0;63.9;64;
19.04.2014;21:23:51;0;1;0;0;64;64;
19.04.2014;21:23:56;0;0;0;0;64;64;
19.04.2014;21:24:01;1;0;0;0;63.9;64;
19.04.2014;21:24:06;0;0;0;0;64;64;
19.04.2014;21:24:11;0;0;0;0;64;64;
19.04.2014;21:24:16;1;1;0;0;63.9;64;
19.04.2014;21:24:21;0;1;0;0;64;64;
19.04.2014;21:24:26;0;1;0;0;64;64;
19.04.2014;21:24:31;1;1;0;0;63.9;64;
19.04.2014;21:24:36;0;0;0;0;64;64;
19.04.2014;21:24:41;0;0;0;0;64;64;
19.04.2014;21:24:46;1;0;0;0;63.9;64;
19.04.2014;21:24:51;0;0;0;0;64;64;
19.04.2014;21:24:56;0;1;0;0;64;64;
19.04.2014;21:25:01;1;1;0;0;63.9;64;
19.04.2014;21:25:06;0;1;0;0;64;64;
19.04.2014;21:25:11;0;1;0;0;64;64;
19.04.2014;21:25:16;1;0;0;0;63.9;64;
19.04.2014;21:25:21;0;0;0;0;64;64;
19.04.2014;21:25:26;0;0;0;0;64;64;
19.04.2014;21:25:31;1;0;0;0;63.9;64;
19.04.2014;21:25:36;0;1;0;0;64;64;
19.04.2014;21:25:41;0;1;0;0;64;64;
19.04.2014;21:25:46;1;1;0;0;63.9;64;
19.04.2014;21:25:51;0;1;0;0;64;64;
19.04.2014;21:25:56;0;0;0;0;64;64;
19.04.2014;21:26:01;1;0;0;0;63.9;64;
19.04.2014;21:26:06;0;0;0;0;64;64;
19.04.2014;21:26:11;0;0;0;0;64;64;
19.04.2014;21:26:16;1;1;0;0;63.9;64;
19.04.2014;21:26:21;0;1;0;0;64;64;
19.04.2014;21:26:26;0;1;0;0;64;64;
19.04.2014;21:26:31;1;1;0;0;63.9;64;
19.04.2014;21:26:36;0;0;0;0;64;64;
19.04.2014;21:26:41;0;0;0;0;64;64;
19.04.2014;21:26:46;1;0;0;0;63.9;64;
19.04.2014;21:26:51;0;0;0;0;64;64;
19.04.2014;21:26:56;0;1;0;0;64;64;
19.04.2014;21:27:01;1;1;0;0;63.9;64;
19.04.2014;21:27:06;0;1;0;0;64;64;
19.04.2014;21:27:11;0;1;0;0;64;64;
19.04.2014;21:27:16;1;0;0;0;63.9;64;
19.04.2014;21:27:21;0;0;0;0;64;64;
19.04.2014;21:27:26;0;0;0;0;64;64;
19.04.2014;21:27:31;1;0;0;0;63.9;64;
19.04.2014;21:27:36;0;1;0;0;64;64;
19.04.2014;21:27:41;0;1;0;0;64;64;
19.04.2014;21:27:46;1;1;0;0;63.9;64;
19.04.2014;21:27:51;0;1;0;0;64;64;
19.04.2014;21:27:56;0;0;0;0;64;64;
19.04.2014;21:28:01;1;0;0;0;63.9;64;
19.04.2014;21:28:06;0;0;0;0;64;64;
19.04.2014;21:28:11;0;0;0;0;64;64;
19.04.2014;21:28:16;1;1;0;0;63.9;64;
19.04.2014;21:28:21;0;1;0;0;64;64;
19.04.2014;21:28:26;0;1;0;0;64;64;
19.04.2014;21:28:31;1;1;0;0;63.9;64;
19.04.2014;21:28:36;0;0;0;0;64;64;
19.04.2014;21:28:41;0;0;0;0;64;64;
19.04.2014;21:28:46;1;0;0;0;63.9;64;
19.04.2014;21:28:51;0;0;0;0;64;64;
19.04.2014;21:28:56;0;1;0;0;64;64;
19.04.2014;21:29:01;1;1;0;0;63.9;64;
19.04.2014;21:29:06;0;1;0;0;64;64;
19.04.2014;21:29:11;0;1;0;0;64;64;
19.04.2014;21:29:16;1;0;0;0;63.9;64;
19.04.2014;21:29:21;0;0;0;0;64;64;
19.04.2014;21:29:26;0;0;0;0;64;64;
19.04.2014;21:29:31;1;0;0;0;63.9;64;
19.04.2014;21:29:36;0;1;0;0;64;64;
19.04.2014;21:29:41;0;1;0;0;64;64;
19.04.2014;21:29:46;1;1;0;0;63.9;64;
19.04.2014;21:29:51;0;1;0;0;64;64;
19.04.2014;21:29:56;0;0;0;0;64;64;
19.04.2014;21:30:01;1;0;0;0;63.9;64;
19.04.2014;21:30:06;0;0;0;0;64;64;
19.04.2014;21:30:11;0;0;0;0;64;64;
19.04.2014;21:30:16;1;1;0;0;63.9;64;
19.04.2014;21:30:21;0;1;0;0;64;64;
19.04.2014;21:30:26;0;1;0;0;64;64;
19.04.2014;21:30:31;1;1;0;0;63.9;64;
19.04.2014;21:30:36;0;0;0;0;64;64;
19.04.2014;21:30:41;0;0;0;0;64;64;
19.04.2014;21:30:46;1;0;0;0;63.9;64;
19.04.2014;21:30:51;0;0;0;0;64;64;
19.04.2014;21:30:56;0;1;0;0;64;64;
19.04.2014;21:31:01;1;1;0;0;63.9;64;
19.04.2014;21:31:06;0;1;0;0;64;64;
19.04.2014;21:31:11;0;1;0;0;64;64;
19.04.2014;21:31:16;1;0;0;0;63.9;64;
19.04.2014;21:31:21;0;0;0;0;64;64;
19.04.2014;21:31:26;0;0;0;0;64;64;
19.04.2014;21:31:31;1;0;0;0;63.9;64;
19.04.2014;21:31:36;0;1;0;0;64;64;
19.04.2014;21:31:41;0;1;0;0;64;64;
19.04.2014;21:31:46;1;1;0;0;63.9;64;
19.04.2014;21:31:51;0;1;0;0;64;64;
19.04.2014;21:31:56;0;0;0;0;64;64;
19.04.2014;21:32:01;1;0;0;0;63.9;64;
19.04.2014;21:32:06;0;0;0;0;64;64;
19.04.2014;21:32:11;0;0;0;0;64;64;
19.04.2014;21:32:16;1;1;0;0;63.9;64;
19.04.2014;21:32:21;0;1;0;0;64;64;
19.04.2014;21:32:26;0;1;0;0;64;64;
19.04.2014;21:32:31;1;1;0;0;63.9;64;
19.04.2014;21:32:36;0;0;0;0;64;64;
19.04.2014;21:32:41;0;0;0;0;64;64;
19.04.2014;21:32:46;1;0;0;0;63.9;64;
19.04.2014;21:32:51;0;0;0;0;64;64;
19.04.2014;21:32:56;0;1;0;0;64;64;
19.04.2014;21:33:01;1;1;0;0;63.9;64;
19.04.2014;21:33:06;0;1;0;0;64;64;
19.04.2014;21:33:11;0;1;0;0;64;64;
19.04.2014;21:33:16;1;0;0;0;63.9;64;
19.04.2014;21:33:21;0;0;0;0;64;64;
19.04.2014;21:33:26;0;0;0;0;64;64;
19.04.2014;21:33:31;1;0;0;0;63.9;64;
19.04.2014;21:33:36;0;1;0;0;64;64;
19.04.2014;21:33:41;0;1;0;0;64;64;
19.04.2014;21:33:46;1;1;0;0;63.9;64;
19.04.2014;21:33:51;0;1;0;0;64;64;
19.04.2014;21:33:56;0;0;0;0;64;64;
19.04.2014;21:34:01;1;0;0;0;63.9;64;
19.04.2014;21:34:06;0;0;0;0;64;64;
19.04.2014;21:34:11;0;0;0;0;64;64;
19.04.2014;21:34:16;1;1;0;0;63.9;64;
19.04.2014;21:34:21;0;1;0;0;64;64;
19.04.2014;21:34:26;0;1;0;0;64;64;
19.04.2014;21:34:31;1;1;0;0;63.9;64;
19.04.2014;21:34:36;0;0;0;0;64;64;
19.04.2014;21:34:41;0;0;0;0;64;64;
19.04.2014;21:34:46;1;0;0;0;63.9;64;
19.04.2014;21:34:51;0;0;0;0;64;64;
19.04.2014;21:34:56;0;1;0;0;64;64;
19.04.2014;21:35:01;1;1;0;0;63.9;64;
19.04.2014;21:35:06;0;1;0;0;64;64;
19.04.2014;21:35:11;0;1;0;0;64;64;
19.04.2014;21:35:16;1;0;0;0;63.9;64;
19.04.2014;21:35:21;0;0;0;0;64;64;
19.04.2014;21:35:26;0;0;0;0;64;64;
19.04.2014;21:35:31;1;0;0;0;63.9;64;
19.04.2014;21:35:36;0;1;0;0;64;64;
19.04.2014;21:35:41;0;1;0;0;64;64;
19.04.2014;21:35:46;1;1;0;0;63.9;64;
19.04.2014;21:35:51;0;1;0;0;64;64;
19.04.2014;21:35:56;0;0;0;0;64;64;
19.04.2014;21:36:01;1;0;0;0;63.9;64;
19.04.2014;21:36:06;0;0;0;0;64;64;
19.04.2014;21:36:11;0;0;0;0;64;64;
19.04.2014;21:36:16;1;1;0;0;63.9;64;
19.04.2014;21:36:21;0;1;0;0;64;64;
19.04.2014;21:36:26;0;1;0;0;64;64;
19.04.2014;21:36:31;1;1;0;0;63.9;64;
19.04.2014;21:36:36;0;0;0;0;64;64;
19.04.2014;21:36:41;0;0;0;0;64;64;
19.04.2014;21:36:46;1;0;0;0;63.9;64;
19.04.2014;21:36:51;0;0;0;0;64;64;
19.04.2014;21:36:56;0;1;0;0;64;64;
19.04.2014;21:37:01;1;1;0;0;63.9;64;
19.04.2014;21:37:06;0;1;0;0;64;64;
19.04.2014;21:37:11;0;1;0;0;64;64;
19.04.2014;21:37:16;1;0;0;0;63.9;64;
19.04.2014;21:37:21;0;0;0;0;64;64;
19.04.2014;21:37:26;0;0;0;0;64;64;
19.04.2014;21:37:31;1;0;0;0;63.9;64;
19.04.2014;21:37:36;0;1;0;0;64;64;
19.04.2014;21:37:41;0;1;0;0;64;64;
19.04.2014;21:37:46;1;1;0;0;63.9;64;
19.04.2014;21:37:51;0;1;0;0;64;64;
19.04.2014;21:37:56;0;0;0;0;64;64;
19.04.2014;21:38:01;1;0;0;0;63.9;64;
19.04.2014;21:38:06;0;0;0;0;64;64;
19.04.2014;21:38:11;0;0;0;0;64;64;
19.04.2014;21:38:16;1;1;0;0;63.9;64;
19.04.2014;21:38:21;0;1;0;0;64;64;
19.04.2014;21:38:26;0;1;0;0;64;64;
19.04.2014;21:38:31;1;1;0;0;63.9;64;
19.04.2014;21:38:36;0;0;0;0;64;64;
19.04.2014;21:38:41;0;0;0;0;64;64;
19.04.2014;21:38:46;1;0;0;0;63.9;64;
19.04.2014;21:38:51;0;0;0;0;64;64;
19.04.2014;21:38:56;0;1;0;0;64;64;
19.04.2014;21:39:01;1;1;0;0;63.9;64;
19.04.2014;21:39:06;0;1;0;0;64;64;
19.04.2014;21:39:11;0;1;0;0;64;64;
19.04.2014;21:39:16;1;0;0;0;63.9;64;
19.04.2014;21:39:21;0;0;0;0;64;64;
19.04.2014;21:39:26;0;0;0;0;64;64;
19.04.2014;21:39:31;1;0;0;0;63.9;64;
19.04.2014;21:39:36;0;1;0;0;64;64;
19.04.2014;21:39:41;0;1;0;0;64;64;
19.04.2014;21:39:46;1;1;0;0;63.9;64;
19.04.2014;21:39:51;0;1;0;0;64;64;
19.04.2014;21:39:56;0;0;0;0;64;64;
19.04.2014;21:40:01;1;0;0;0;63.9;64;
19.04.2014;21:40:06;0;0;0;0;64;64;
19.04.2014;21:40:11;0;0;0;0;64;64;
19.04.2014;21:40:16;1;1;0;0;63.9;64;
19.04.2014;21:40:21;0;1;0;0;64;64;
19.04.2014;21:40:26;0;1;0;0;64;64;
19.04.2014;21:40:31;1;1;0;0;63.9;64;
19.04.2014;21:40:36;0;0;0;0;64;64;
19.04.2014;21:40:41;0;0;0;0;64;64;
19.04.2014;21:40:46;1;0;0;0;63.9;64;
19.04.2014;21:40:51;0;0;0;0;64;64;
19.04.2014;21:40:56;0;1;0;0;64;64;
19.04.2014;21:41:01;1;1;0;0;63.9;64;
19.04.2014;21:41:06;0;1;0;0;64;64;
19.04.2014;21:41:11;0;1;0;0;64;64;
19.04.2014;21:41:16;1;0;0;0;63.9;64;
19.04.2014;21:41:21;0;0;0;0;64;64;
19.04.2014;21:41:26;0;0;0;0;64;64;
19.04.2014;21:41:31;1;0;0;0;63.9;64;
19.04.2014;21:41:36;0;1;0;0;64;64;
19.04.2014;21:41:41;0;1;0;0;64;64;
19.04.2014;21:41:46;1;1;0;0;63.9;64;
19.04.2014;21:41:51;0;1;0;0;64;64;
19.04.2014;21:41:56;0;0;0;0;64;64;
19.04.2014;21:42:01;1;0;0;0;63.9;64;
19.04.2014;21:42:06;0;0;0;0;64;64;
19.04.2014;21:42:11;0;0;0;0;64;64;
19.04.2014;21:42:16;1;1;0;0;63.9;64;
19.04.2014;21:42:21;0;1;0;0;64;64;
19.04.2014;21:42:26;0;1;0;0;64;64;
19.04.2014;21:42:31;1;1;0;0;63.9;64;
19.04.2014;21:42:36;0;0;0;0;64;64;
19.04.2014;21:42:41;0;0;0;0;64;64;
19.04.2014;21:42:46;1;0;0;0;63.9;64;
19.04.2014;21:42:51;0;0;0;0;64;64;
19.04.2014;21:42:56;0;1;0;0;64;64;
19.04.2014;21:43:01;1;1;0;0;63.9;64;
19.04.2014;21:43:06;0;1;0;0;64;64;
19.04.2014;21:43:11;0;1;0;0;64;64;
19.04.2014;21:43:16;1;0;0;0;63.9;64;
19.04.2014;21:43:21;0;0;0;0;64;64;
19.04.2014;21:43:26;0;0;0;0;64;64;
19.04.2014;21:43:31;1;0;0;0;63.9;64;
19.04.2014;21:43:36;0;1;0;0;64;64;
19.04.2014;21:43:41;0;1;0;0;64;64;
19.04.2014;21:43:46;1;1;0;0;63.9;64;
19.04.2014;21:43:51;0;1;0;0;64;64;
19.04.2014;21:43:56;0;0;0;0;64;64;
19.04.2014;21:44:01;1;0;0;0;63.9;64;
19.04.2014;21:44:06;0;0;0;0;64;64;
19.04.2014;21:44:11;0;0;0;0;64;64;
19.04.2014;21:44:16;1;1;0;0;63.9;64;
19.04.2014;21:44:21;0;1;0;0;64;64;
19.04.2014;21:44:26;0;1;0;0;64;64;
19.04.2014;21:44:31;1;1;0;0;63.9;64;
19.04.2014;21:44:36;0;0;0;0;64;64;
19.04.2014;21:44:41;0;0;0;0;64;64;
19.04.2014;21:44:46;1;0;0;0;63.9;64;
19.04.2014;21:44:51;0;0;0;0;64;64;
19.04.2014;21:44:56;0;1;0;0;64;64;
19.04.2014;21:45:01;1;1;0;0;63.9;64;
19.04.2014;21:45:06;0;1;0;0;64;64;
19.04.2014;21:45:11;0;1;0;0;64;64;
19.04.2014;21:45:16;1;0;0;0;63.9;64;
19.04.2014;21:45:21;0;0;0;0;64;64;
19.04.2014;21:45:26;0;0;0;0;64;64;
19.04.2014;21:45:31;1;0;0;0;63.9;64;
19.04.2014;21:45:36;0;1;0;0;64;64;
19.04.2014;21:45:41;0;1;0;0;64;64;
19.04.2014;21:45:46;1;1;0;0;63.9;64;
19.04.2014;21:45:51;0;1;0;0;64;64;
19.04.2014;21:45:56;0;0;0;0;64;64;
19.04.2014;21:46:01;1;0;0;0;63.9;64;
19.04.2014;21:46:06;0;0;0;0;64;64;
19.04.2014;21:46:11;0;0;0;0;64;64;
19.04.2014;21:46:16;1;1;0;0;63.9;64;
19.04.2014;21:46:21;0;1;0;0;64;64;
19.04.2014;21:46:26;0;1;0;0;64;64;
19.04.2014;21:46:31;1;1;0;0;63.9;64;
19.04.2014;21:46:36;0;0;0;0;64;64;
19.04.2014;21:46:41;0;0;0;0;64;64;
19.04.2014;21:46:46;1;0;0;0;63.9;64;
19.04.2014;21:46:51;0;0;0;0;64;64;
19.04.2014;21:46:56;0;1;0;0;64;64;
19.04.2014;21:47:01;1;1;0;0;63.9;64;
19.04.2014;21:47:06;0;1;0;0;64;64;
19.04.2014;21:47:11;0;1;0;0;64;64;
19.04.2014;21:47:16;1;0;0;0;63.9;64;
19.04.2014;21:47:21;0;0;0;0;64;64;
19.04.2014;21:47:26;0;0;0;0;64;64;
19.04.2014;21:47:31;1;0;0;0;63.9;64;
19.04.2014;21:47:36;0;1;0;0;64;64;
19.04.2014;21:47:41;0;1;0;0;64;64;
19.04.2014;21:47:46;1;1;0;0;63.9;64;
19.04.2014;21:47:51;0;1;0;0;64;64;
19.04.2014;21:47:56;0;0;0;0;64;64;
19.04.2014;21:48:01;1;0;0;0;63.9;64;
19.04.2014;21:48:06;0;0;0;0;64;64;
19.04.2014;21:48:11;0;0;0;0;64;64;
19.04.2014;21:48:16;1;1;0;0;63.9;64;
19.04.2014;21:48:21;0;1;0;0;64;64;
19.04.2014;21:48:26;0;1;0;0;64;64;
19.04.2014;21:48:31;1;1;0;0;63.9;64;
19.04.2014;21:48:36;0;0;0;0;64;64;
19.04.2014;21:48:41;0;0;0;0;64;64;
19.04.2014;21:48:46;1;0;0;0;63.9;64;
19.04.2014;21:48:51;0;0;0;0;64;64;
19.04.2014;21:48:56;0;1;0;0;64;64;
19.04.2014;21:49:01;1;1;0;0;63.9;64;
19.04.2014;21:49:06;0;1;0;0;64;64;
19.04.2014;21:49:11;0;1;0;0;64;64;
19.04.2014;21:49:16;1;0;0;0;63.9;64;
19.04.2014;21:49:21;0;0;0;0;64;64;
19.04.2014;21:49:26;0;0;0;0;64;64;
19.04.2014;21:49:31;1;0;0;0;63.9;64;
19.04.2014;21:49:36;0;1;0;0;64;64;
19.04.2014;21:49:41;0;1;0;0;64;64;
19.04.2014;21:49:46;1;1;0;0;63.9;64;
19.04.2014;21:49:51;0;1;0;0;64;64;
19.04.2014;21:49:56;0;0;0;0;64;64;
19.04.2014;21:50:01;1;0;0;0;63.9;64;
19.04.2014;21:50:06;0;0;0;0;64;64;
19.04.2014;21:50:11;0;0;0;0;64;64;
19.04.2014;21:50:16;1;1;0;0;63.9;64;
19.04.2014;21:50:21;0;1;0;0;64;64;
19.04.2014;21:50:26;0;1;0;0;64;64;
19.04.2014;21:50:31;1;1;0;0;63.9;64;
19.04.2014;21:50:36;0;0;0;0;64;64;
19.04.2014;21:50:41;0;0;0;0;64;64;
19.04.2014;21:50:46;1;0;0;0;63.9;64;
19.04.2014;21:50:51;0;0;0;0;64;64;
19.04.2014;21:50:56;0;1;0;0;64;64;
19.04.2014;21:51:01;1;1;0;0;63.9;64;
19.04.2014;21:51:06;0;1;0;0;64;64;
19.04.2014;21:51:11;0;1;0;0;64;64;
19.04.2014;21:51:16;1;0;0;0;63.9;64;
19.04.2014;21:51:21;0;0;0;0;64;64;
19.04.2014;21:51:26;0;0;0;0;64;64;
19.04.2014;21:51:31;1;0;0;0;63.9;64;
19.04.2014;21:51:36;0;1;0;0;64;64;
19.04.2014;21:51:41;0;1;0;0;64;64;
19.04.2014;21:51:46;1;1;0;0;63.9;64;
19.04.2014;21:51:51;0;1;0;0;64;64;
19.04.2014;21:51:56;0;0;0;0;64;64;
19.04.2014;21:52:01;1;0;0;0;63.9;64;
19.04.2014;21:52:06;0;0;0;0;64;64;
19.04.2014;21:52:11;0;0;0;0;64;64;
19.04.2014;21:52:16;1;1;0;0;63.9;64;
19.04.2014;21:52:21;0;1;0;0;64;64;
19.04.2014;21:52:26;0;1;0;0;64;64;
19.04.2014;21:52:31;1;1;0;0;63.9;64;
19.04.2014;21:52:36;0;0;0;0;64;64;
19.04.2014;21:52:41;0;0;0;0;64;64;
19.04.2014;21:52:46;1;0;0;0;63.9;64;
19.04.2014;21:52:51;0;0;0;0;64;64;
19.04.2014;21:52:56;0;1;0;0;64;64;
19.04.2014;21:53:01;1;1;0;0;63.9;64;
19.04.2014;21:53:06;0;1;0;0;64;64;
19.04.2014;21:53:11;0;1;0;0;64;64;
19.04.2014;21:53:16;1;0;0;0;63.9;64;
19.04.2014;21:53:21;0;0;0;0;64;64;
19.04.2014;21:53:26;0;0;0;0;64;64;
19.04.2014;21:53:31;1;0;0;0;63.9;64;
19.04.2014;21:53:36;0;1;0;0;64;64;
19.04.2014;21:53:41;0;1;0;0;64;64;
19.04.2014;21:53:46;1;1;0;0;63.9;64;
19.04.2014;21:53:51;0;1;0;0;64;64;
19.04.2014;21:53:56;0;0;0;0;64;64;
19.04.2014;21:54:01;1;0;0;0;63.9;64;
19.04.2014;21:54:06;0;0;0;0;64;64;
19.04.2014;21:54:11;0;0;0;0;64;64;
19.04.2014;21:54:16;1;1;0;0;63.9;64;
19.04.2014;21:54:21;0;1;0;0;64;64;
19.04.2014;21:54:26;0;1;0;0;64;64;
19.04.2014;21:54:31;1;1;0;0;63.9;64;
19.04.2014;21:54:36;0;0;0;0;64;64;
19.04.2014;21:54:41;0;0;0;0;64;64;
19.04.2014;21:54:46;1;0;0;0;63.9;64;
19.04.2014;21:54:51;0;0;0;0;64;64;
19.04.2014;21:54:56;0;1;0;0;64;64;
19.04.2014;21:55:01;1;1;0;0;63.9;64;
19.04.2014;21:55:06;0;1;0;0;64;64;
19.04.2014;21:55:11;0;1;0;0;64;64;
19.04.2014;21:55:16;1;0;0;0;63.9;64;
19.04.2014;21:55:21;0;0;0;0;64;64;
19.04.2014;21:55:26;0;0;0;0;64;64;
19.04.2014;21:55:31;1;0;0;0;63.9;64;
19.04.2014;21:55:36;0;1;0;0;64;64;
19.04.2014;21:55:41;0;1;0;0;64;64;
19.04.2014;21:55:46;1;1;0;0;63.9;64;
19.04.2014;21:55:51;0;1;0;0;64;64;
19.04.2014;21:55:56;0;0;0;0;64;64;
19.04.2014;21:56:01;1;0;0;0;63.9;64;
19.04.2014;21:56:06;0;0;0;0;64;64;
19.04.2014;21:56:11;0;0;0;0;64;64;
19.04.2014;21:56:16;1;1;0;0;63.9;64;
19.04.2014;21:56:21;0;1;0;0;64;64;
19.04.2014;21:56:26;0;1;0;0;64;64;
19.04.2014;21:56:31;1;1;0;0;63.9;64;
19.04.2014;21:56:36;0;0;0;0;64;64;
19.04.2014;21:56:41;0;0;0;0;64;64;
19.04.2014;21:56:46;1;0;0;0;63.9;64;
19.04.2014;21:56:51;0;0;0;0;64;64;
19.04.2014;21:56:56;0;1;0;0;64;64;
19.04.2014;21:57:01;1;1;0;0;63.9;64;
19.04.2014;21:57:06;0;1;0;0;64;64;
19.04.2014;21:57:11;0;1;0;0;64;64;
19.04.2014;21:57:16;1;0;0;0;63.9;64;
19.04.2014;21:57:21;0;0;0;0;64;64;
19.04.2014;21:57:26;0;0;0;0;64;64;
19.04.2014;21:57:31;1;0;0;0;63.9;64;
19.04.2014;21:57:36;0;1;0;0;64;64;
19.04.2014;21:57:41;0;1;0;0;64;64;
19.04.2014;21:57:46;1;1;0;0;64.1;72;
19.04.2014;21:57:51;1;1;0;0;64.2;72;
19.04.2014;21:57:56;1;0;0;0;64.3;72;
19.04.2014;21:58:01;1;0;0;0;64.4;72;
19.04.2014;21:58:06;1;0;0;0;64.5;72;
19.04.2014;21:58:11;1;0;0;0;64.6;72;
19.04.2014;21:58:16;1;0;0;0;64.7;72;
19.04.2014;21:58:21;1;0;0;0;64.8;72;
19.04.2014;21:58:26;1;1;0;0;64.9;72;
19.04.2014;21:58:31;1;1;0;0;65;72;
19.04.2014;21:58:36;1;0;0;0;65.1;72;
19.04.2014;21:58:41;1;0;0;0;65.2;72;
19.04.2014;21:58:46;1;0;0;0;65.3;72;
19.04.2014;21:58:51;1;0;0;0;65.4;72;
19.04.2014;21:58:56;1;0;0;0;65.5;72;
19.04.2014;21:59:01;1;0;0;0;65.6;72;
19.04.2014;21:59:06;1;1;0;0;65.7;72;
19.04.2014;21:59:11;1;1;0;0;65.8;72;
19.04.2014;21:59:16;1;0;0;0;65.9;72;
19.04.2014;21:59:21;1;0;0;0;66;72;
19.04.2014;21:59:26;1;0;0;0;66.1;72;
19.04.2014;21:59:31;1;0;0;0;66.2;72;
19.04.2014;21:59:36;1;0;0;0;66.3;72;
19.04.2014;21:59:41;1;0;0;0;66.4;72;
19.04.2014;21:59:46;1;1;0;0;66.5;72;
19.04.2014;21:59:51;1;1;0;0;66.6;72;
19.04.2014;21:59:56;1;0;0;0;66.7;72;
19.04.2014;22:00:01;1;0;0;0;66.8;72;
19.04.2014;22:00:06;1;0;0;0;66.9;72;
19.04.2014;22:00:11;1;0;0;0;67;72;
19.04.2014;22:00:16;1;0;0;0;67.1;72;
19.04.2014;22:00:21;1;0;0;0;67.2;72;
19.04.2014;22:00:26;1;1;0;0;67.3;72;
19.04.2014;22:00:31;1;1;0;0;67.4;72;
19.04.2014;22:00:36;1;0;0;0;67.5;72;
19.04.2014;22:00:41;1;0;0;0;67.6;72;
19.04.2014;22:00:46;1;0;0;0;67.7;72;
19.04.2014;22:00:51;1;0;0;0;67.8;72;
19.04.2014;22:00:56;1;0;0;0;67.9;72;
19.04.2014;22:01:01;1;0;0;0;68;72;
19.04.2014;22:01:06;1;1;0;0;68.1;72;
19.04.2014;22:01:11;1;1;0;0;68.2;72;
19.04.2014;22:01:16;1;0;0;0;68.3;72;
19.04.2014;22:01:21;1;0;0;0;68.4;72;
19.04.2014;22:01:26;1;0;0;0;68.5;72;
19.04.2014;22:01:31;1;0;0;0;68.6;72;
19.04.2014;22:01:36;1;0;0;0;68.7;72;
19.04.2014;22:01:41;1;0;0;0;68.8;72;
19.04.2014;22:01:46;1;1;0;0;68.9;72;
19.04.2014;22:01:51;1;1;0;0;69;72;
19.04.2014;22:01:56;1;0;0;0;69.1;72;
19.04.2014;22:02:01;1;0;0;0;69.2;72;
19.04.2014;22:02:06;1;0;0;0;69.3;72;
19.04.2014;22:02:11;1;0;0;0;69.4;72;
19.04.2014;22:02:16;1;0;0;0;69.5;72;
19.04.2014;22:02:21;1;0;0;0;69.6;72;
19.04.2014;22:02:26;1;1;0;0;69.7;72;
19.04.2014;22:02:31;1;1;0;0;69.8;72;
19.04.2014;22:02:36;1;0;0;0;69.9;72;
19.04.2014;22:02:41;1;0;0;0;70;72;
19.04.2014;22:02:46;1;0;0;0;70.1;72;
19.04.2014;22:02:51;0;0;0;0;70.2;72;
19.04.2014;22:02:56;0;0;0;0;70.1;72;
19.04.2014;22:03:01;1;0;0;0;70.1;72;
19.04.2014;22:03:06;1;1;0;0;70.2;72;
19.04.2014;22:03:11;0;1;0;0;70.3;72;
19.04.2014;22:03:16;0;0;0;0;70.2;72;
19.04.2014;22:03:21;1;0;0;0;70.2;72;
19.04.2014;22:03:26;1;0;0;0;70.3;72;
19.04.2014;22:03:31;0;0;0;0;70.4;72;
19.04.2014;22:03:36;0;0;0;0;70.3;72;
19.04.2014;22:03:41;1;0;0;0;70.3;72;
19.04.2014;22:03:46;1;1;0;0;70.4;72;
19.04.2014;22:03:51;0;1;0;0;70.5;72;
19.04.2014;22:03:56;0;0;0;0;70.4;72;
19.04.2014;22:04:01;1;0;0;0;70.4;72;
19.04.2014;22:04:06;1;0;0;0;70.5;72;
19.04.2014;22:04:11;0;0;0;0;70.6;72;
19.04.2014;22:04:16;0;0;0;0;70.5;72;
19.04.2014;22:04:21;1;0;0;0;70.5;72;
19.04.2014;22:04:26;1;1;0;0;70.6;72;
19.04.2014;22:04:31;0;1;0;0;70.7;72;
19.04.2014;22:04:36;0;0;0;0;70.6;72;
19.04.2014;22:04:41;1;0;0;0;70.6;72;
19.04.2014;22:04:46;1;0;0;0;70.7;72;
19.04.2014;22:04:51;0;0;0;0;70.8;72;
19.04.2014;22:04:56;0;0;0;0;70.7;72;
19.04.2014;22:05:01;1;0;0;0;70.7;72;
19.04.2014;22:05:06;1;1;0;0;70.8;72;
19.04.2014;22:05:11;0;1;0;0;70.9;72;
19.04.2014;22:05:16;0;0;0;0;70.8;72;
19.04.2014;22:05:21;1;0;0;0;70.8;72;
19.04.2014;22:05:26;1;0;0;0;70.9;72;
19.04.2014;22:05:31;0;0;0;0;71;72;
19.04.2014;22:05:36;0;0;0;0;70.9;72;
19.04.2014;22:05:41;1;0;0;0;70.9;72;
19.04.2014;22:05:46;1;1;0;0;71;72;
19.04.2014;22:05:51;0;1;0;0;71.1;72;
19.04.2014;22:05:56;0;0;0;0;71;72;
19.04.2014;22:06:01;1;0;0;0;71;72;
19.04.2014;22:06:06;1;0;0;0;71.1;72;
19.04.2014;22:06:11;0;0;0;0;71.2;72;
19.04.2014;22:06:16;0;0;0;0;71.1;72;
19.04.2014;22:06:21;1;0;0;0;71.1;72;
19.04.2014;22:06:26;1;1;0;0;71.2;72;
19.04.2014;22:06:31;0;1;0;0;71.3;72;
19.04.2014;22:06:36;0;0;0;0;71.2;72;
19.04.2014;22:06:41;1;0;0;0;71.2;72;
19.04.2014;22:06:46;1;0;0;0;71.3;72;
19.04.2014;22:06:51;0;0;0;0;71.4;72;
19.04.2014;22:06:56;0;0;0;0;71.3;72;
19.04.2014;22:07:01;1;0;0;0;71.3;72;
19.04.2014;22:07:06;1;1;0;0;71.4;72;
19.04.2014;22:07:11;0;1;0;0;71.5;72;
19.04.2014;22:07:16;0;0;0;0;71.4;72;
19.04.2014;22:07:21;1;0;0;0;71.4;72;
19.04.2014;22:07:26;1;0;0;0;71.5;72;
19.04.2014;22:07:31;0;0;0;0;71.6;72;
19.04.2014;22:07:36;0;0;0;0;71.5;72;
19.04.2014;22:07:41;1;0;0;0;71.5;72;
19.04.2014;22:07:46;1;1;0;0;71.6;72;
19.04.2014;22:07:51;0;1;0;0;71.7;72;
19.04.2014;22:07:56;0;0;0;0;71.6;72;
19.04.2014;22:08:01;1;0;0;0;71.6;72;
19.04.2014;22:08:06;1;0;0;0;71.7;72;
19.04.2014;22:08:11;0;0;0;0;71.8;72;
19.04.2014;22:08:16;0;0;0;0;71.7;72;
19.04.2014;22:08:21;1;0;0;0;71.7;72;
19.04.2014;22:08:26;1;1;0;0;71.8;72;
19.04.2014;22:08:31;0;1;0;0;71.9;72;
19.04.2014;22:08:36;0;0;0;0;71.8;72;
19.04.2014;22:08:41;1;0;0;0;71.8;72;
19.04.2014;22:08:46;1;0;0;0;71.9;72;
19.04.2014;22:08:51;0;1;0;0;72;72;
19.04.2014;22:08:56;1;1;0;0;71.9;72;
19.04.2014;22:09:01;0;0;0;0;72;72;
19.04.2014;22:09:06;0;0;0;0;72;72;
19.04.2014;22:09:11;1;0;0;0;71.9;72;
19.04.2014;22:09:16;0;0;0;0;72;72;
19.04.2014;22:09:21;0;0;0;0;72;72;
19.04.2014;22:09:26;1;0;0;0;71.9;72;
19.04.2014;22:09:31;0;1;0;0;72;72;
19.04.2014;22:09:36;0;1;0;0;72;72;
19.04.2014;22:09:41;1;0;0;0;71.9;72;
19.04.2014;22:09:46;0;0;0;0;72;72;
19.04.2014;22:09:51;0;0;0;0;72;72;
19.04.2014;22:09:56;1;0;0;0;71.9;72;
19.04.2014;22:10:01;0;0;0;0;72;72;
19.04.2014;22:10:06;0;0;0;0;72;72;
19.04.2014;22:10:11;1;1;0;0;71.9;72;
19.04.2014;22:10:16;0;1;0;0;72;72;
19.04.2014;22:10:21;0;0;0;0;72;72;
19.04.2014;22:10:26;1;0;0;0;71.9;72;
19.04.2014;22:10:31;0;0;0;0;72;72;
19.04.2014;22:10:36;0;0;0;0;72;72;
19.04.2014;22:10:41;1;0;0;0;71.9;72;
19.04.2014;22:10:46;0;0;0;0;72;72;
19.04.2014;22:10:51;0;1;0;0;72;72;
19.04.2014;22:10:56;1;1;0;0;71.9;72;
19.04.2014;22:11:01;0;0;0;0;72;72;
19.04.2014;22:11:06;0;0;0;0;72;72;
19.04.2014;22:11:11;1;0;0;0;71.9;72;
19.04.2014;22:11:16;0;0;0;0;72;72;
19.04.2014;22:11:21;0;0;0;0;72;72;
19.04.2014;22:11:26;1;0;0;0;71.9;72;
19.04.2014;22:11:31;0;1;0;0;72;72;
19.04.2014;22:11:36;0;1;0;0;72;72;
19.04.2014;22:11:41;1;0;0;0;71.9;72;
19.04.2014;22:11:46;0;0;0;0;72;72;
19.04.2014;22:11:51;0;0;0;0;72;72;
19.04.2014;22:11:56;1;0;0;0;71.9;72;
19.04.2014;22:12:01;0;0;0;0;72;72;
19.04.2014;22:12:06;0;0;0;0;72;72;
19.04.2014;22:12:11;1;1;0;0;71.9;72;
19.04.2014;22:12:16;0;1;0;0;72;72;
19.04.2014;22:12:21;0;0;0;0;72;72;
19.04.2014;22:12:26;1;0;0;0;71.9;72;
19.04.2014;22:12:31;0;0;0;0;72;72;
19.04.2014;22:12:36;0;0;0;0;72;72;
19.04.2014;22:12:41;1;0;0;0;71.9;72;
19.04.2014;22:12:46;0;0;0;0;72;72;
19.04.2014;22:12:51;0;1;0;0;72;72;
19.04.2014;22:12:56;1;1;0;0;71.9;72;
19.04.2014;22:13:01;0;0;0;0;72;72;
19.04.2014;22:13:06;0;0;0;0;72;72;
19.04.2014;22:13:11;1;0;0;0;71.9;72;
19.04.2014;22:13:16;0;0;0;0;72;72;
19.04.2014;22:13:21;0;0;0;0;72;72;
19.04.2014;22:13:26;1;0;0;0;71.9;72;
19.04.2014;22:13:31;0;1;0;0;72;72;
19.04.2014;22:13:36;0;1;0;0;72;72;
19.04.2014;22:13:41;1;0;0;0;71.9;72;
19.04.2014;22:13:46;0;0;0;0;72;72;
19.04.2014;22:13:51;0;0;0;0;72;72;
19.04.2014;22:13:56;1;0;0;0;71.9;72;
19.04.2014;22:14:01;0;0;0;0;72;72;
19.04.2014;22:14:06;0;0;0;0;72;72;
19.04.2014;22:14:11;1;1;0;0;71.9;72;
19.04.2014;22:14:16;0;1;0;0;72;72;
19.04.2014;22:14:21;0;0;0;0;72;72;
19.04.2014;22:14:26;1;0;0;0;71.9;72;
19.04.2014;22:14:31;0;0;0;0;72;72;
19.04.2014;22:14:36;0;0;0;0;72;72;
19.04.2014;22:14:41;1;0;0;0;71.9;72;
19.04.2014;22:14:46;0;0;0;0;72;72;
19.04.2014;22:14:51;0;1;0;0;72;72;
19.04.2014;22:14:56;1;1;0;0;71.9;72;
19.04.2014;22:15:01;0;0;0;0;72;72;
19.04.2014;22:15:06;0;0;0;0;72;72;
19.04.2014;22:15:11;1;0;0;0;71.9;72;
19.04.2014;22:15:16;0;0;0;0;72;72;
19.04.2014;22:15:21;0;0;0;0;72;72;
19.04.2014;22:15:26;1;0;0;0;71.9;72;
19.04.2014;22:15:31;0;1;0;0;72;72;
19.04.2014;22:15:36;0;1;0;0;72;72;
19.04.2014;22:15:41;1;0;0;0;71.9;72;
19.04.2014;22:15:46;0;0;0;0;72;72;
19.04.2014;22:15:51;0;0;0;0;72;72;
19.04.2014;22:15:56;1;0;0;0;71.9;72;
19.04.2014;22:16:01;0;0;0;0;72;72;
19.04.2014;22:16:06;0;0;0;0;72;72;
19.04.2014;22:16:11;1;1;0;0;71.9;72;
19.04.2014;22:16:16;0;1;0;0;72;72;
19.04.2014;22:16:21;0;0;0;0;72;72;
19.04.2014;22:16:26;1;0;0;0;71.9;72;
19.04.2014;22:16:31;0;0;0;0;72;72;
19.04.2014;22:16:36;0;0;0;0;72;72;
19.04.2014;22:16:41;1;0;0;0;71.9;72;
19.04.2014;22:16:46;0;0;0;0;72;72;
19.04.2014;22:16:51;0;1;0;0;72;72;
19.04.2014;22:16:56;1;1;0;0;71.9;72;
19.04.2014;22:17:01;0;0;0;0;72;72;
19.04.2014;22:17:06;0;0;0;0;72;72;
19.04.2014;22:17:11;1;0;0;0;71.9;72;
19.04.2014;22:17:16;0;0;0;0;72;72;
19.04.2014;22:17:21;0;0;0;0;72;72;
19.04.2014;22:17:26;1;0;0;0;71.9;72;
19.04.2014;22:17:31;0;1;0;0;72;72;
19.04.2014;22:17:36;0;1;0;0;72;72;
19.04.2014;22:17:41;1;0;0;0;71.9;72;
19.04.2014;22:17:46;0;0;0;0;72;72;
19.04.2014;22:17:51;0;0;0;0;72;72;
19.04.2014;22:17:56;1;0;0;0;71.9;72;
19.04.2014;22:18:01;0;0;0;0;72;72;
19.04.2014;22:18:06;0;0;0;0;72;72;
19.04.2014;22:18:11;1;1;0;0;71.9;72;
19.04.2014;22:18:16;0;1;0;0;72;72;
19.04.2014;22:18:21;0;0;0;0;72;72;
19.04.2014;22:18:26;1;0;0;0;71.9;72;
19.04.2014;22:18:31;0;0;0;0;72;72;
19.04.2014;22:18:36;0;0;0;0;72;72;
19.04.2014;22:18:41;1;0;0;0;71.9;72;
19.04.2014;22:18:46;0;0;0;0;72;72;
19.04.2014;22:18:51;0;1;0;0;72;72;
19.04.2014;22:18:56;1;1;0;0;71.9;72;
19.04.2014;22:19:01;0;0;0;0;72;72;
19.04.2014;22:19:06;0;0;0;0;72;72;
19.04.2014;22:19:11;1;0;0;0;71.9;72;
19.04.2014;22:19:16;0;0;0;0;72;72;
19.04.2014;22:19:21;0;0;0;0;72;72;
19.04.2014;22:19:26;1;0;0;0;71.9;72;
19.04.2014;22:19:31;0;1;0;0;72;72;
19.04.2014;22:19:36;0;1;0;0;72;72;
19.04.2014;22:19:41;1;0;0;0;71.9;72;
19.04.2014;22:19:46;0;0;0;0;72;72;
19.04.2014;22:19:51;0;0;0;0;72;72;
19.04.2014;22:19:56;1;0;0;0;71.9;72;
19.04.2014;22:20:01;0;0;0;0;72;72;
19.04.2014;22:20:06;0;0;0;0;72;72;
19.04.2014;22:20:11;1;1;0;0;71.9;72;
19.04.2014;22:20:16;0;1;0;0;72;72;
19.04.2014;22:20:21;0;0;0;0;72;72;
19.04.2014;22:20:26;1;0;0;0;71.9;72;
19.04.2014;22:20:31;0;0;0;0;72;72;
19.04.2014;22:20:36;0;0;0;0;72;72;
19.04.2014;22:20:41;1;0;0;0;71.9;72;
19.04.2014;22:20:46;0;0;0;0;72;72;
19.04.2014;22:20:51;0;1;0;0;72;72;
19.04.2014;22:20:56;1;1;0;0;71.9;72;
19.04.2014;22:21:01;0;0;0;0;72;72;
19.04.2014;22:21:06;0;0;0;0;72;72;
19.04.2014;22:21:11;1;0;0;0;71.9;72;
19.04.2014;22:21:16;0;0;0;0;72;72;
19.04.2014;22:21:21;0;0;0;0;72;72;
19.04.2014;22:21:26;1;0;0;0;71.9;72;
19.04.2014;22:21:31;0;1;0;0;72;72;
19.04.2014;22:21:36;0;1;0;0;72;72;
19.04.2014;22:21:41;1;0;0;0;71.9;72;
19.04.2014;22:21:46;0;0;0;0;72;72;
19.04.2014;22:21:51;0;0;0;0;72;72;
19.04.2014;22:21:56;1;0;0;0;71.9;72;
19.04.2014;22:22:01;0;0;0;0;72;72;
19.04.2014;22:22:06;0;0;0;0;72;72;
19.04.2014;22:22:11;1;1;0;0;71.9;72;
19.04.2014;22:22:16;0;1;0;0;72;72;
19.04.2014;22:22:21;0;0;0;0;72;72;
19.04.2014;22:22:26;1;0;0;0;71.9;72;
19.04.2014;22:22:31;0;0;0;0;72;72;
19.04.2014;22:22:36;0;0;0;0;72;72;
19.04.2014;22:22:41;1;0;0;0;71.9;72;
19.04.2014;22:22:46;0;0;0;0;72;72;
19.04.2014;22:22:51;0;1;0;0;72;72;
19.04.2014;22:22:56;1;1;0;0;71.9;72;
19.04.2014;22:23:01;0;0;0;0;72;72;
19.04.2014;22:23:06;0;0;0;0;72;72;
19.04.2014;22:23:11;1;0;0;0;71.9;72;
19.04.2014;22:23:16;0;0;0;0;72;72;
19.04.2014;22:23:21;0;0;0;0;72;72;
19.04.2014;22:23:26;1;0;0;0;71.9;72;
19.04.2014;22:23:31;0;1;0;0;72;72;
19.04.2014;22:23:36;0;1;0;0;72;72;
19.04.2014;22:23:41;1;0;0;0;71.9;72;
19.04.2014;22:23:46;0;0;0;0;72;72;
19.04.2014;22:23:51;0;0;0;0;72;72;
19.04.2014;22:23:56;1;0;0;0;71.9;72;
19.04.2014;22:24:01;0;0;0;0;72;72;
19.04.2014;22:24:06;0;0;0;0;72;72;
19.04.2014;22:24:11;1;1;0;0;71.9;72;
19.04.2014;22:24:16;0;1;0;0;72;72;
19.04.2014;22:24:21;0;0;0;0;72;72;
19.04.2014;22:24:26;1;0;0;0;71.9;72;
19.04.2014;22:24:31;0;0;0;0;72;72;
19.04.2014;22:24:36;0;0;0;0;72;72;
19.04.2014;22:24:41;1;0;0;0;71.9;72;
19.04.2014;22:24:46;0;0;0;0;72;72;
19.04.2014;22:24:51;0;1;0;0;72;72;
19.04.2014;22:24:56;1;1;0;0;71.9;72;
19.04.2014;22:25:01;0;0;0;0;72;72;
19.04.2014;22:25:06;0;0;0;0;72;72;
19.04.2014;22:25:11;1;0;0;0;71.9;72;
19.04.2014;22:25:16;0;0;0;0;72;72;
19.04.2014;22:25:21;0;0;0;0;72;72;
19.04.2014;22:25:26;1;0;0;0;71.9;72;
19.04.2014;22:25:31;0;1;0;0;72;72;
19.04.2014;22:25:36;0;1;0;0;72;72;
19.04.2014;22:25:41;1;0;0;0;71.9;72;
19.04.2014;22:25:46;0;0;0;0;72;72;
19.04.2014;22:25:51;0;0;0;0;72;72;
19.04.2014;22:25:56;1;0;0;0;71.9;72;
19.04.2014;22:26:01;0;0;0;0;72;72;
19.04.2014;22:26:06;0;0;0;0;72;72;
19.04.2014;22:26:11;1;1;0;0;71.9;72;
19.04.2014;22:26:16;0;1;0;0;72;72;
19.04.2014;22:26:21;0;0;0;0;72;72;
19.04.2014;22:26:26;1;0;0;0;71.9;72;
19.04.2014;22:26:31;0;0;0;0;72;72;
19.04.2014;22:26:36;0;0;0;0;72;72;
19.04.2014;22:26:41;1;0;0;0;71.9;72;
19.04.2014;22:26:46;0;0;0;0;72;72;
19.04.2014;22:26:51;0;1;0;0;72;72;
19.04.2014;22:26:56;1;1;0;0;71.9;72;
19.04.2014;22:27:01;0;0;0;0;72;72;
19.04.2014;22:27:06;0;0;0;0;72;72;
19.04.2014;22:27:11;1;0;0;0;71.9;72;
19.04.2014;22:27:16;0;0;0;0;72;72;
19.04.2014;22:27:21;0;0;0;0;72;72;
19.04.2014;22:27:26;1;0;0;0;71.9;72;
19.04.2014;22:27:31;0;1;0;0;72;72;
19.04.2014;22:27:36;0;1;0;0;72;72;
19.04.2014;22:27:41;1;0;0;0;71.9;72;
19.04.2014;22:27:46;0;0;0;0;72;72;
19.04.2014;22:27:51;0;0;0;0;72;72;
19.04.2014;22:27:56;1;0;0;0;71.9;72;
19.04.2014;22:28:01;0;0;0;0;72;72;
19.04.2014;22:28:06;0;0;0;0;72;72;
19.04.2014;22:28:11;1;1;0;0;71.9;72;
19.04.2014;22:28:16;0;1;0;0;72;72;
19.04.2014;22:28:21;0;0;0;0;72;72;
19.04.2014;22:28:26;1;0;0;0;71.9;72;
19.04.2014;22:28:31;0;0;0;0;72;72;
19.04.2014;22:28:36;0;0;0;0;72;72;
19.04.2014;22:28:41;1;0;0;0;71.9;72;
19.04.2014;22:28:46;0;0;0;0;72;72;
19.04.2014;22:28:51;0;1;0;0;72;72;
19.04.2014;22:28:56;1;1;0;0;71.9;72;
19.04.2014;22:29:01;0;0;0;0;72;72;
19.04.2014;22:29:06;0;0;0;0;72;72;
19.04.2014;22:29:11;1;0;0;0;71.9;72;
19.04.2014;22:29:16;0;0;0;0;72;72;
19.04.2014;22:29:21;0;0;0;0;72;72;
19.04.2014;22:29:26;1;0;0;0;71.9;72;
19.04.2014;22:29:31;0;1;0;0;72;72;
19.04.2014;22:29:36;0;1;0;0;72;72;
19.04.2014;22:29:41;1;0;0;0;71.9;72;
19.04.2014;22:29:46;0;0;0;0;72;72;
19.04.2014;22:29:51;0;0;0;0;72;72;
19.04.2014;22:29:56;1;0;0;0;71.9;72;
19.04.2014;22:30:01;0;0;0;0;72;72;
19.04.2014;22:30:06;0;0;0;0;72;72;
19.04.2014;22:30:11;1;1;0;0;71.9;72;
19.04.2014;22:30:16;0;1;0;0;72;72;
19.04.2014;22:30:21;0;0;0;0;72;72;
19.04.2014;22:30:26;1;0;0;0;71.9;72;
19.04.2014;22:30:31;0;0;0;0;72;72;
19.04.2014;22:30:36;0;0;0;0;72;72;
19.04.2014;22:30:41;1;0;0;0;71.9;72;
19.04.2014;22:30:46;0;0;0;0;72;72;
19.04.2014;22:30:51;0;1;0;0;72;72;
19.04.2014;22:30:56;1;1;0;0;71.9;72;
19.04.2014;22:31:01;0;0;0;0;72;72;
19.04.2014;22:31:06;0;0;0;0;72;72;
19.04.2014;22:31:11;1;0;0;0;71.9;72;
19.04.2014;22:31:16;0;0;0;0;72;72;
19.04.2014;22:31:21;0;0;0;0;72;72;
19.04.2014;22:31:26;1;0;0;0;71.9;72;
19.04.2014;22:31:31;0;1;0;0;72;72;
19.04.2014;22:31:36;0;1;0;0;72;72;
19.04.2014;22:31:41;1;0;0;0;71.9;72;
19.04.2014;22:31:46;0;0;0;0;72;72;
19.04.2014;22:31:51;0;0;0;0;72;72;
19.04.2014;22:31:56;1;0;0;0;71.9;72;
19.04.2014;22:32:01;0;0;0;0;72;72;
19.04.2014;22:32:06;0;0;0;0;72;72;
19.04.2014;22:32:11;1;1;0;0;71.9;72;
19.04.2014;22:32:16;0;1;0;0;72;72;
19.04.2014;22:32:21;0;0;0;0;72;72;
19.04.2014;22:32:26;1;0;0;0;71.9;72;
19.04.2014;22:32:31;0;0;0;0;72;72;
19.04.2014;22:32:36;0;0;0;0;72;72;
19.04.2014;22:32:41;1;0;0;0;71.9;72;
19.04.2014;22:32:46;0;0;0;0;72;72;
19.04.2014;22:32:51;0;1;0;0;72;72;
19.04.2014;22:32:56;1;1;0;0;71.9;72;
19.04.2014;22:33:01;0;0;0;0;72;72;
19.04.2014;22:33:06;0;0;0;0;72;72;
19.04.2014;22:33:11;1;0;0;0;71.9;72;
19.04.2014;22:33:16;0;0;0;0;72;72;
19.04.2014;22:33:21;0;0;0;0;72;72;
19.04.2014;22:33:26;1;0;0;0;71.9;72;
19.04.2014;22:33:31;0;1;0;0;72;72;
19.04.2014;22:33:36;0;1;0;0;72;72;
19.04.2014;22:33:41;1;0;0;0;71.9;72;
19.04.2014;22:33:46;0;0;0;0;72;72;
19.04.2014;22:33:51;0;0;0;0;72;72;
19.04.2014;22:33:56;1;0;0;0;71.9;72;
19.04.2014;22:34:01;0;0;0;0;72;72;
19.04.2014;22:34:06;0;0;0;0;72;72;
19.04.2014;22:34:11;1;1;0;0;71.9;72;
19.04.2014;22:34:16;0;1;0;0;72;72;
19.04.2014;22:34:21;0;0;0;0;72;72;
19.04.2014;22:34:26;1;0;0;0;71.9;72;
19.04.2014;22:34:31;0;0;0;0;72;72;
19.04.2014;22:34:36;0;0;0;0;72;72;
19.04.2014;22:34:41;1;0;0;0;71.9;72;
19.04.2014;22:34:46;0;0;0;0;72;72;
19.04.2014;22:34:51;0;1;0;0;72;72;
19.04.2014;22:34:56;1;1;0;0;71.9;72;
19.04.2014;22:35:01;0;0;0;0;72;72;
19.04.2014;22:35:06;0;0;0;0;72;72;
19.04.2014;22:35:11;1;0;0;0;71.9;72;
19.04.2014;22:35:16;0;0;0;0;72;72;
19.04.2014;22:35:21;0;0;0;0;72;72;
19.04.2014;22:35:26;1;0;0;0;71.9;72;
19.04.2014;22:35:31;0;1;0;0;72;72;
19.04.2014;22:35:36;0;1;0;0;72;72;
19.04.2014;22:35:41;1;0;0;0;71.9;72;
19.04.2014;22:35:46;0;0;0;0;72;72;
19.04.2014;22:35:51;0;0;0;0;72;72;
19.04.2014;22:35:56;1;0;0;0;71.9;72;
19.04.2014;22:36:01;0;0;0;0;72;72;
19.04.2014;22:36:06;0;0;0;0;72;72;
19.04.2014;22:36:11;1;1;0;0;71.9;72;
19.04.2014;22:36:16;0;1;0;0;72;72;
19.04.2014;22:36:21;0;0;0;0;72;72;
19.04.2014;22:36:26;1;0;0;0;71.9;72;
19.04.2014;22:36:31;0;0;0;0;72;72;
19.04.2014;22:36:36;0;0;0;0;72;72;
19.04.2014;22:36:41;1;0;0;0;71.9;72;
19.04.2014;22:36:46;0;0;0;0;72;72;
19.04.2014;22:36:51;0;1;0;0;72;72;
19.04.2014;22:36:56;1;1;0;0;71.9;72;
19.04.2014;22:37:01;0;0;0;0;72;72;
19.04.2014;22:37:06;0;0;0;0;72;72;
19.04.2014;22:37:11;1;0;0;0;71.9;72;
19.04.2014;22:37:16;0;0;0;0;72;72;
19.04.2014;22:37:21;0;0;0;0;72;72;
19.04.2014;22:37:26;1;0;0;0;71.9;72;
19.04.2014;22:37:31;0;1;0;0;72;72;
19.04.2014;22:37:36;0;1;0;0;72;72;
19.04.2014;22:37:41;1;0;0;0;71.9;72;
19.04.2014;22:37:46;0;0;0;0;72;72;
19.04.2014;22:37:51;0;0;0;0;72;72;
19.04.2014;22:37:56;1;0;0;0;71.9;72;
19.04.2014;22:38:01;0;0;0;0;72;72;
19.04.2014;22:38:06;0;0;0;0;72;72;
19.04.2014;22:38:11;1;1;0;0;71.9;72;
19.04.2014;22:38:16;0;1;0;0;72;72;
19.04.2014;22:38:21;0;0;0;0;72;72;
19.04.2014;22:38:26;1;0;0;0;71.9;72;
19.04.2014;22:38:31;0;0;0;0;72;72;
19.04.2014;22:38:36;0;0;0;0;72;72;
19.04.2014;22:38:41;1;0;0;0;71.9;72;
19.04.2014;22:38:46;0;0;0;0;72;72;
19.04.2014;22:38:51;0;1;0;0;72;72;
19.04.2014;22:38:56;1;1;0;0;71.9;72;
19.04.2014;22:39:01;0;0;0;0;72;72;
19.04.2014;22:39:06;0;0;0;0;72;72;
19.04.2014;22:39:11;1;0;0;0;71.9;72;
19.04.2014;22:39:16;0;0;0;0;72;72;
19.04.2014;22:39:21;0;0;0;0;72;72;
19.04.2014;22:39:26;1;0;0;0;71.9;72;
19.04.2014;22:39:31;0;1;0;0;72;72;
19.04.2014;22:39:36;0;1;0;0;72;72;
19.04.2014;22:39:41;1;0;0;0;71.9;72;
19.04.2014;22:39:46;0;0;0;0;72;72;
19.04.2014;22:39:51;0;0;0;0;72;72;
19.04.2014;22:39:56;1;0;0;0;71.9;72;
19.04.2014;22:40:01;0;0;0;0;72;72;
19.04.2014;22:40:06;0;0;0;0;72;72;
19.04.2014;22:40:11;1;1;0;0;71.9;72;
19.04.2014;22:40:16;0;1;0;0;72;72;
19.04.2014;22:40:21;0;0;0;0;72;72;
19.04.2014;22:40:26;1;0;0;0;71.9;72;
19.04.2014;22:40:31;0;0;0;0;72;72;
19.04.2014;22:40:36;0;0;0;0;72;72;
19.04.2014;22:40:41;1;0;0;0;71.9;72;
19.04.2014;22:40:46;0;0;0;0;72;72;
19.04.2014;22:40:51;0;1;0;0;72;72;
19.04.2014;22:40:56;1;1;0;0;71.9;72;
19.04.2014;22:41:01;0;0;0;0;72;72;
19.04.2014;22:41:06;0;0;0;0;72;72;
19.04.2014;22:41:11;1;0;0;0;71.9;72;
19.04.2014;22:41:16;0;0;0;0;72;72;
19.04.2014;22:41:21;0;0;0;0;72;72;
19.04.2014;22:41:26;1;0;0;0;71.9;72;
19.04.2014;22:41:31;0;1;0;0;72;72;
19.04.2014;22:41:36;0;1;0;0;72;72;
19.04.2014;22:41:41;1;0;0;0;71.9;72;
19.04.2014;22:41:46;0;0;0;0;72;72;
19.04.2014;22:41:51;0;0;0;0;72;72;
19.04.2014;22:41:56;1;0;0;0;71.9;72;
19.04.2014;22:42:01;0;0;0;0;72;72;
19.04.2014;22:42:06;0;0;0;0;72;72;
19.04.2014;22:42:11;1;1;0;0;71.9;72;
19.04.2014;22:42:16;0;1;0;0;72;72;
19.04.2014;22:42:21;0;0;0;0;72;72;
19.04.2014;22:42:26;1;0;0;0;71.9;72;
19.04.2014;22:42:31;0;0;0;0;72;72;
19.04.2014;22:42:36;0;0;0;0;72;72;
19.04.2014;22:42:41;1;0;0;0;71.9;72;
19.04.2014;22:42:46;0;0;0;0;72;72;
19.04.2014;22:42:51;0;1;0;0;72;72;
19.04.2014;22:42:56;1;1;0;0;71.9;72;
19.04.2014;22:43:01;0;0;0;0;72;72;
19.04.2014;22:43:06;0;0;0;0;72;72;
19.04.2014;22:43:11;1;0;0;0;71.9;72;
19.04.2014;22:43:16;0;0;0;0;72;72;
19.04.2014;22:43:21;0;0;0;0;72;72;
19.04.2014;22:43:26;1;0;0;0;71.9;72;
19.04.2014;22:43:31;0;1;0;0;72;72;
19.04.2014;22:43:36;0;1;0;0;72;72;
19.04.2014;22:43:41;1;0;0;0;71.9;72;
19.04.2014;22:43:46;0;0;0;0;72;72;
19.04.2014;22:43:51;0;0;0;0;72;72;
19.04.2014;22:43:56;1;0;0;0;71.9;72;
19.04.2014;22:44:01;0;0;0;0;72;72;
19.04.2014;22:44:06;0;0;0;0;72;72;
19.04.2014;22:44:11;1;1;0;0;71.9;72;
19.04.2014;22:44:16;0;1;0;0;72;72;
19.04.2014;22:44:21;0;0;0;0;72;72;
19.04.2014;22:44:26;1;0;0;0;71.9;72;
19.04.2014;22:44:31;0;0;0;0;72;72;
19.04.2014;22:44:36;0;0;0;0;72;72;
19.04.2014;22:44:41;1;0;0;0;71.9;72;
19.04.2014;22:44:46;0;0;0;0;72;72;
19.04.2014;22:44:51;0;1;0;0;72;72;
19.04.2014;22:44:56;1;1;0;0;71.9;72;
19.04.2014;22:45:01;0;0;0;0;72;72;
19.04.2014;22:45:06;0;0;0;0;72;72;
19.04.2014;22:45:11;1;0;0;0;71.9;72;
19.04.2014;22:45:16;0;0;0;0;72;72;
19.04.2014;22:45:21;0;0;0;0;72;72;
19.04.2014;22:45:26;1;0;0;0;71.9;72;
19.04.2014;22:45:31;0;1;0;0;72;72;
19.04.2014;22:45:36;0;1;0;0;72;72;
19.04.2014;22:45:41;1;0;0;0;71.9;72;
19.04.2014;22:45:46;0;0;0;0;72;72;
19.04.2014;22:45:51;0;0;0;0;72;72;
19.04.2014;22:45:56;1;0;0;0;71.9;72;
19.04.2014;22:46:01;0;0;0;0;72;72;
19.04.2014;22:46:06;0;0;0;0;72;72;
19.04.2014;22:46:11;1;1;0;0;71.9;72;
19.04.2014;22:46:16;0;1;0;0;72;72;
19.04.2014;22:46:21;0;0;0;0;72;72;
19.04.2014;22:46:26;1;0;0;0;71.9;72;
19.04.2014;22:46:31;0;0;0;0;72;72;
19.04.2014;22:46:36;0;0;0;0;72;72;
19.04.2014;22:46:41;1;0;0;0;71.9;72;
19.04.2014;22:46:46;0;0;0;0;72;72;
19.04.2014;22:46:51;0;1;0;0;72;72;
19.04.2014;22:46:56;1;1;0;0;71.9;72;
19.04.2014;22:47:01;0;0;0;0;72;72;
19.04.2014;22:47:06;0;0;0;0;72;72;
19.04.2014;22:47:11;1;0;0;0;71.9;72;
19.04.2014;22:47:16;0;0;0;0;72;72;
19.04.2014;22:47:21;0;0;0;0;72;72;
19.04.2014;22:47:26;1;0;0;0;71.9;72;
19.04.2014;22:47:31;0;1;0;0;72;72;
19.04.2014;22:47:36;0;1;0;0;72;72;
19.04.2014;22:47:41;1;0;0;0;71.9;72;
19.04.2014;22:47:46;0;0;0;0;72;72;
19.04.2014;22:47:51;0;0;0;0;72;72;
19.04.2014;22:47:56;1;0;0;0;71.9;72;
19.04.2014;22:48:01;0;0;0;0;72;72;
19.04.2014;22:48:06;0;0;0;0;72;72;
19.04.2014;22:48:11;1;1;0;0;71.9;72;
19.04.2014;22:48:16;0;1;0;0;72;72;
19.04.2014;22:48:21;0;0;0;0;72;72;
19.04.2014;22:48:26;1;0;0;0;71.9;72;
19.04.2014;22:48:31;0;0;0;0;72;72;
19.04.2014;22:48:36;0;0;0;0;72;72;
19.04.2014;22:48:41;1;0;0;0;71.9;72;
19.04.2014;22:48:46;0;0;0;0;72;72;
19.04.2014;22:48:51;0;1;0;0;72;72;
19.04.2014;22:48:56;1;1;0;0;72.1;78;
19.04.2014;22:49:01;1;1;0;0;72.2;78;
19.04.2014;22:49:06;1;1;0;0;72.3;78;
19.04.2014;22:49:11;1;1;0;0;72.4;78;
19.04.2014;22:49:16;1;1;0;0;72.5;78;
19.04.2014;22:49:21;1;1;0;0;72.6;78;
19.04.2014;22:49:26;1;0;0;0;72.7;78;
19.04.2014;22:49:31;1;0;0;0;72.8;78;
19.04.2014;22:49:36;1;1;0;0;72.9;78;
19.04.2014;22:49:41;1;1;0;0;73;78;
19.04.2014;22:49:46;1;1;0;0;73.1;78;
19.04.2014;22:49:51;1;1;0;0;73.2;78;
19.04.2014;22:49:56;1;1;0;0;73.3;78;
19.04.2014;22:50:01;1;1;0;0;73.4;78;
19.04.2014;22:50:06;1;0;0;0;73.5;78;
19.04.2014;22:50:11;1;0;0;0;73.6;78;
19.04.2014;22:50:16;1;1;0;0;73.7;78;
19.04.2014;22:50:21;1;1;0;0;73.8;78;
19.04.2014;22:50:26;1;1;0;0;73.9;78;
19.04.2014;22:50:31;1;1;0;0;74;78;
19.04.2014;22:50:36;1;1;0;0;74.1;78;
19.04.2014;22:50:41;1;1;0;0;74.2;78;
19.04.2014;22:50:46;1;0;0;0;74.3;78;
19.04.2014;22:50:51;1;0;0;0;74.4;78;
19.04.2014;22:50:56;1;1;0;0;74.5;78;
19.04.2014;22:51:01;1;1;0;0;74.6;78;
19.04.2014;22:51:06;1;1;0;0;74.7;78;
19.04.2014;22:51:11;1;1;0;0;74.8;78;
19.04.2014;22:51:16;1;1;0;0;74.9;78;
19.04.2014;22:51:21;1;1;0;0;75;78;
19.04.2014;22:51:26;1;0;0;0;75.1;78;
19.04.2014;22:51:31;1;0;0;0;75.2;78;
19.04.2014;22:51:36;1;1;0;0;75.3;78;
19.04.2014;22:51:41;1;1;0;0;75.4;78;
19.04.2014;22:51:46;1;1;0;0;75.5;78;
19.04.2014;22:51:51;1;1;0;0;75.6;78;
19.04.2014;22:51:56;1;1;0;0;75.7;78;
19.04.2014;22:52:01;1;1;0;0;75.8;78;
19.04.2014;22:52:06;1;0;0;0;75.9;78;
19.04.2014;22:52:11;1;0;0;0;76;78;
19.04.2014;22:52:16;1;1;0;0;76.1;78;
19.04.2014;22:52:21;0;1;0;0;76.2;78;
19.04.2014;22:52:26;0;1;0;0;76.1;78;
19.04.2014;22:52:31;1;1;0;0;76.1;78;
19.04.2014;22:52:36;1;1;0;0;76.2;78;
19.04.2014;22:52:41;0;1;0;0;76.3;78;
19.04.2014;22:52:46;0;0;0;0;76.2;78;
19.04.2014;22:52:51;1;0;0;0;76.2;78;
19.04.2014;22:52:56;1;1;0;0;76.3;78;
19.04.2014;22:53:01;0;1;0;0;76.4;78;
19.04.2014;22:53:06;0;1;0;0;76.3;78;
19.04.2014;22:53:11;1;1;0;0;76.3;78;
19.04.2014;22:53:16;1;1;0;0;76.4;78;
19.04.2014;22:53:21;0;1;0;0;76.5;78;
19.04.2014;22:53:26;0;0;0;0;76.4;78;
19.04.2014;22:53:31;1;0;0;0;76.4;78;
19.04.2014;22:53:36;1;1;0;0;76.5;78;
19.04.2014;22:53:41;0;1;0;0;76.6;78;
19.04.2014;22:53:46;0;1;0;0;76.5;78;
19.04.2014;22:53:51;1;1;0;0;76.5;78;
19.04.2014;22:53:56;1;1;0;0;76.6;78;
19.04.2014;22:54:01;0;1;0;0;76.7;78;
19.04.2014;22:54:06;0;0;0;0;76.6;78;
19.04.2014;22:54:11;1;0;0;0;76.6;78;
19.04.2014;22:54:16;1;1;0;0;76.7;78;
19.04.2014;22:54:21;0;1;0;0;76.8;78;
19.04.2014;22:54:26;0;1;0;0;76.7;78;
19.04.2014;22:54:31;1;1;0;0;76.7;78;
19.04.2014;22:54:36;1;1;0;0;76.8;78;
19.04.2014;22:54:41;0;1;0;0;76.9;78;
19.04.2014;22:54:46;0;0;0;0;76.8;78;
19.04.2014;22:54:51;1;0;0;0;76.8;78;
19.04.2014;22:54:56;1;1;0;0;76.9;78;
19.04.2014;22:55:01;0;1;0;0;77;78;
19.04.2014;22:55:06;0;1;0;0;76.9;78;
19.04.2014;22:55:11;1;1;0;0;76.9;78;
19.04.2014;22:55:16;1;1;0;0;77;78;
19.04.2014;22:55:21;0;1;0;0;77.1;78;
19.04.2014;22:55:26;0;0;0;0;77;78;
19.04.2014;22:55:31;1;0;0;0;77;78;
19.04.2014;22:55:36;1;1;0;0;77.1;78;
19.04.2014;22:55:41;0;1;0;0;77.2;78;
19.04.2014;22:55:46;0;1;0;0;77.1;78;
19.04.2014;22:55:51;1;1;0;0;77.1;78;
19.04.2014;22:55:56;1;1;0;0;77.2;78;
19.04.2014;22:56:01;0;1;0;0;77.3;78;
19.04.2014;22:56:06;0;0;0;0;77.2;78;
19.04.2014;22:56:11;1;0;0;0;77.2;78;
19.04.2014;22:56:16;1;1;0;0;77.3;78;
19.04.2014;22:56:21;0;1;0;0;77.4;78;
19.04.2014;22:56:26;0;1;0;0;77.3;78;
19.04.2014;22:56:31;1;1;0;0;77.3;78;
19.04.2014;22:56:36;1;1;0;0;77.4;78;
19.04.2014;22:56:41;0;1;0;0;77.5;78;
19.04.2014;22:56:46;0;0;0;0;77.4;78;
19.04.2014;22:56:51;1;0;0;0;77.4;78;
19.04.2014;22:56:56;1;1;0;0;77.5;78;
19.04.2014;22:57:01;0;1;0;0;77.6;78;
19.04.2014;22:57:06;0;1;0;0;77.5;78;
19.04.2014;22:57:11;1;1;0;0;77.5;78;
19.04.2014;22:57:16;1;1;0;0;77.6;78;
19.04.2014;22:57:21;0;1;0;0;77.7;78;
19.04.2014;22:57:26;0;0;0;0;77.6;78;
19.04.2014;22:57:31;1;0;0;0;77.6;78;
19.04.2014;22:57:36;1;1;0;0;77.7;78;
19.04.2014;22:57:41;0;1;0;0;77.8;78;
19.04.2014;22:57:46;0;1;0;0;77.7;78;
19.04.2014;22:57:51;1;1;0;0;77.7;78;
19.04.2014;22:57:56;1;1;0;0;77.8;78;
19.04.2014;22:58:01;0;1;0;0;77.9;78;
19.04.2014;22:58:06;0;0;0;0;77.8;78;
19.04.2014;22:58:11;1;0;0;0;77.8;78;
19.04.2014;22:58:16;1;1;0;0;77.9;78;
19.04.2014;22:58:21;0;1;0;1;78;78;
19.04.2014;22:58:26;1;1;0;1;77.9;78;
19.04.2014;22:58:31;0;1;0;1;78;78;
19.04.2014;22:58:36;0;1;0;1;78;78;
19.04.2014;22:58:41;1;1;0;1;77.9;78;
19.04.2014;22:58:46;0;0;0;1;78;78;
19.04.2014;22:58:51;0;0;0;1;78;78;
19.04.2014;22:58:56;1;1;0;1;77.9;78;
19.04.2014;22:59:01;0;1;0;1;78;78;
19.04.2014;22:59:06;0;1;0;1;78;78;
19.04.2014;22:59:11;1;1;0;1;77.9;78;
19.04.2014;22:59:16;0;1;0;1;78;78;
19.04.2014;22:59:21;0;1;0;1;78;78;
19.04.2014;22:59:26;1;0;0;1;77.9;78;
19.04.2014;22:59:31;0;0;0;1;78;78;
19.04.2014;22:59:36;0;1;0;1;78;78;
19.04.2014;22:59:41;1;1;0;1;77.9;78;
19.04.2014;22:59:46;0;1;0;1;78;78;
19.04.2014;22:59:51;0;1;0;1;78;78;
19.04.2014;22:59:56;1;1;0;1;77.9;78;
19.04.2014;23:00:01;0;1;0;1;78;78;
19.04.2014;23:00:06;0;0;0;1;78;78;
19.04.2014;23:00:11;1;0;0;1;77.9;78;
19.04.2014;23:00:16;0;1;0;1;78;78;
19.04.2014;23:00:21;0;1;0;1;78;78;
19.04.2014;23:00:26;1;1;0;1;77.9;78;
19.04.2014;23:00:31;0;1;0;1;78;78;
19.04.2014;23:00:36;0;1;0;1;78;78;
19.04.2014;23:00:41;1;1;0;1;77.9;78;
19.04.2014;23:00:46;0;0;0;1;78;78;
19.04.2014;23:00:51;0;0;0;1;78;78;
19.04.2014;23:00:56;1;1;0;1;77.9;78;
19.04.2014;23:01:01;0;1;0;1;78;78;
19.04.2014;23:01:06;0;1;0;1;78;78;
19.04.2014;23:01:11;1;1;0;1;77.9;78;
19.04.2014;23:01:16;0;1;0;1;78;78;
19.04.2014;23:01:21;0;1;0;1;78;78;
19.04.2014;23:01:26;1;0;0;1;77.9;78;
19.04.2014;23:01:31;0;0;0;1;78;78;
19.04.2014;23:01:36;0;1;0;1;78;78;
19.04.2014;23:01:41;1;1;0;1;77.9;78;
19.04.2014;23:01:46;0;1;0;1;78;78;
19.04.2014;23:01:51;0;1;0;1;78;78;
19.04.2014;23:01:56;1;1;0;1;77.9;78;
19.04.2014;23:02:01;0;1;0;1;78;78;
19.04.2014;23:02:06;0;0;0;1;78;78;
19.04.2014;23:02:11;1;0;0;1;77.9;78;
19.04.2014;23:02:16;0;1;0;1;78;78;
19.04.2014;23:02:21;0;1;0;1;78;78;
19.04.2014;23:02:26;1;1;0;1;77.9;78;
19.04.2014;23:02:31;0;1;0;1;78;78;
19.04.2014;23:02:36;0;1;0;1;78;78;
19.04.2014;23:02:41;1;1;0;1;77.9;78;
19.04.2014;23:02:46;0;0;0;1;78;78;
19.04.2014;23:02:51;0;0;0;1;78;78;
19.04.2014;23:02:56;1;1;0;1;77.9;78;
19.04.2014;23:03:01;0;1;0;1;78;78;
19.04.2014;23:03:06;0;1;0;1;78;78;
19.04.2014;23:03:11;1;1;0;1;77.9;78;
19.04.2014;23:03:16;0;1;0;1;78;78;
19.04.2014;23:03:21;0;1;0;1;78;78;
19.04.2014;23:03:26;1;0;0;1;77.9;78;
19.04.2014;23:03:31;0;0;0;1;78;78;
19.04.2014;23:03:36;0;1;0;1;78;78;
19.04.2014;23:03:41;1;1;0;1;77.9;78;
19.04.2014;23:03:46;0;1;0;1;78;78;
19.04.2014;23:03:51;0;1;0;1;78;78;
19.04.2014;23:03:56;1;1;0;1;77.9;78;
19.04.2014;23:04:01;0;1;0;1;78;78;
19.04.2014;23:04:06;0;0;0;1;78;78;
19.04.2014;23:04:11;1;0;0;1;77.9;78;
19.04.2014;23:04:16;0;1;0;1;78;78;
19.04.2014;23:04:21;0;1;0;1;78;78;
19.04.2014;23:04:26;1;1;0;1;77.9;78;
19.04.2014;23:04:31;0;1;0;1;78;78;
19.04.2014;23:04:36;0;1;0;1;78;78;
19.04.2014;23:04:41;1;1;0;1;77.9;78;
19.04.2014;23:04:46;0;0;0;1;78;78;
19.04.2014;23:04:51;0;0;0;1;78;78;
19.04.2014;23:04:56;1;1;0;1;77.9;78;
19.04.2014;23:05:01;0;1;0;1;78;78;
19.04.2014;23:05:06;0;1;0;1;78;78;
19.04.2014;23:05:11;1;1;0;1;77.9;78;
19.04.2014;23:05:16;0;1;0;1;78;78;
19.04.2014;23:05:21;0;1;0;1;78;78;
19.04.2014;23:05:26;1;0;0;1;77.9;78;
19.04.2014;23:05:31;0;0;0;1;78;78;
19.04.2014;23:05:36;0;1;0;1;78;78;
19.04.2014;23:05:41;0;0;0;0;77.9;78;
