21.04.2014;13:05:46;1;1;0;0;28.4;58;
21.04.2014;13:05:51;1;1;0;0;28.5;58;
21.04.2014;13:05:56;1;1;0;0;28.6;58;
21.04.2014;13:06:01;1;1;0;0;28.6;58;
21.04.2014;13:06:06;1;1;0;0;28.8;58;
21.04.2014;13:06:11;1;0;0;0;28.9;58;
21.04.2014;13:06:16;1;0;0;0;29.1;58;
21.04.2014;13:06:21;1;1;0;0;29.2;58;
21.04.2014;13:06:26;1;1;0;0;29.3;58;
21.04.2014;13:06:31;1;1;0;0;29.5;58;
21.04.2014;13:06:37;1;1;0;0;29.5;58;
21.04.2014;13:06:42;1;1;0;0;29.7;58;
21.04.2014;13:06:47;1;1;0;0;29.8;58;
21.04.2014;13:06:52;1;0;0;0;30;58;
21.04.2014;13:06:57;1;0;0;0;30.1;58;
21.04.2014;13:07:02;1;1;0;0;30.2;58;
21.04.2014;13:07:07;1;1;0;0;30.3;58;
21.04.2014;13:07:12;1;1;0;0;30.4;58;
21.04.2014;13:07:17;1;1;0;0;30.5;58;
21.04.2014;13:07:22;1;1;0;0;30.6;58;
21.04.2014;13:07:27;1;1;0;0;30.7;58;
21.04.2014;13:07:32;1;0;0;0;30.8;58;
21.04.2014;13:07:37;1;0;0;0;30.9;58;
21.04.2014;13:07:42;1;1;0;0;30.9;58;
21.04.2014;13:07:47;1;1;0;0;31;58;
21.04.2014;13:07:52;1;1;0;0;31.2;58;
21.04.2014;13:07:57;1;1;0;0;31.3;58;
21.04.2014;13:08:02;1;1;0;0;31.4;58;
21.04.2014;13:08:07;1;1;0;0;31.5;58;
21.04.2014;13:08:12;1;0;0;0;31.7;58;
21.04.2014;13:08:17;1;0;0;0;31.8;58;
21.04.2014;13:08:22;1;1;0;0;31.8;58;
21.04.2014;13:08:27;1;1;0;0;31.9;58;
21.04.2014;13:08:32;1;1;0;0;32;58;
21.04.2014;13:08:37;1;1;0;0;32.1;58;
21.04.2014;13:08:42;1;1;0;0;32.2;58;
21.04.2014;13:08:47;1;1;0;0;32.3;58;
21.04.2014;13:08:52;1;0;0;0;32.4;58;
21.04.2014;13:08:57;1;0;0;0;32.5;58;
21.04.2014;13:09:02;1;1;0;0;32.5;58;
21.04.2014;13:09:07;1;1;0;0;32.6;58;
21.04.2014;13:09:12;1;1;0;0;32.7;58;
21.04.2014;13:09:17;1;1;0;0;32.8;58;
21.04.2014;13:09:22;1;1;0;0;32.9;58;
21.04.2014;13:09:27;1;1;0;0;33;58;
21.04.2014;13:09:32;1;0;0;0;33.1;58;
21.04.2014;13:09:37;1;0;0;0;33.3;58;
21.04.2014;13:09:42;1;1;0;0;33.4;58;
21.04.2014;13:09:47;1;1;0;0;33.5;58;
21.04.2014;13:09:52;1;1;0;0;33.6;58;
21.04.2014;13:09:57;1;1;0;0;33.7;58;
21.04.2014;13:10:02;1;1;0;0;33.8;58;
21.04.2014;13:10:07;1;1;0;0;33.9;58;
21.04.2014;13:10:12;1;0;0;0;33.9;58;
21.04.2014;13:10:17;1;0;0;0;34.1;58;
21.04.2014;13:10:22;1;1;0;0;34.2;58;
21.04.2014;13:10:27;1;1;0;0;34.3;58;
21.04.2014;13:10:32;1;1;0;0;34.4;58;
21.04.2014;13:10:37;1;1;0;0;34.6;58;
21.04.2014;13:10:42;1;1;0;0;34.6;58;
21.04.2014;13:10:47;1;1;0;0;34.7;58;
21.04.2014;13:10:52;1;0;0;0;34.8;58;
21.04.2014;13:10:57;1;0;0;0;34.9;58;
21.04.2014;13:11:02;1;1;0;0;35.1;58;
21.04.2014;13:11:07;1;1;0;0;35.2;58;
21.04.2014;13:11:12;1;1;0;0;35.3;58;
21.04.2014;13:11:17;1;1;0;0;35.4;58;
21.04.2014;13:11:22;1;1;0;0;35.4;58;
21.04.2014;13:11:27;1;1;0;0;35.5;58;
21.04.2014;13:11:32;1;0;0;0;35.6;58;
21.04.2014;13:11:37;1;0;0;0;35.8;58;
21.04.2014;13:11:42;1;1;0;0;35.9;58;
21.04.2014;13:11:47;1;1;0;0;36;58;
21.04.2014;13:11:52;1;1;0;0;36.1;58;
21.04.2014;13:11:57;1;1;0;0;36.2;58;
21.04.2014;13:12:02;1;1;0;0;36.3;58;
21.04.2014;13:12:07;1;1;0;0;36.3;58;
21.04.2014;13:12:12;1;0;0;0;36.4;58;
21.04.2014;13:12:17;1;0;0;0;36.7;58;
21.04.2014;13:12:22;1;1;0;0;36.7;58;
21.04.2014;13:12:27;1;1;0;0;36.8;58;
21.04.2014;13:12:32;1;1;0;0;36.9;58;
21.04.2014;13:12:37;1;1;0;0;37.1;58;
21.04.2014;13:12:42;1;1;0;0;37.1;58;
21.04.2014;13:12:47;1;1;0;0;37.3;58;
21.04.2014;13:12:52;1;0;0;0;37.3;58;
21.04.2014;13:12:57;1;0;0;0;37.5;58;
21.04.2014;13:13:02;1;1;0;0;37.5;58;
21.04.2014;13:13:07;1;1;0;0;37.6;58;
21.04.2014;13:13:12;1;1;0;0;37.7;58;
21.04.2014;13:13:17;1;1;0;0;37.7;58;
21.04.2014;13:13:22;1;1;0;0;37.8;58;
21.04.2014;13:13:27;1;1;0;0;37.9;58;
21.04.2014;13:13:32;1;0;0;0;38.1;58;
21.04.2014;13:13:37;1;0;0;0;38.2;58;
21.04.2014;13:13:42;1;1;0;0;38.3;58;
21.04.2014;13:13:47;1;1;0;0;38.4;58;
21.04.2014;13:13:52;1;1;0;0;38.5;58;
21.04.2014;13:13:57;1;1;0;0;38.6;58;
21.04.2014;13:14:02;1;1;0;0;38.6;58;
21.04.2014;13:14:07;1;1;0;0;38.8;58;
21.04.2014;13:14:12;1;0;0;0;38.9;58;
21.04.2014;13:14:17;1;0;0;0;39.1;58;
21.04.2014;13:14:22;1;1;0;0;39.2;58;
21.04.2014;13:14:27;1;1;0;0;39.3;58;
21.04.2014;13:14:32;1;1;0;0;39.3;58;
21.04.2014;13:14:37;1;1;0;0;39.4;58;
21.04.2014;13:14:42;1;1;0;0;39.5;58;
21.04.2014;13:14:47;1;1;0;0;39.6;58;
21.04.2014;13:14:52;1;0;0;0;39.6;58;
21.04.2014;13:14:57;1;0;0;0;39.8;58;
21.04.2014;13:15:02;1;1;0;0;39.9;58;
21.04.2014;13:15:07;1;1;0;0;40;58;
21.04.2014;13:15:12;1;1;0;0;40.1;58;
21.04.2014;13:15:17;1;1;0;0;40.3;58;
21.04.2014;13:15:22;1;1;0;0;40.4;58;
21.04.2014;13:15:27;1;1;0;0;40.5;58;
21.04.2014;13:15:32;1;0;0;0;40.5;58;
21.04.2014;13:15:37;1;0;0;0;40.7;58;
21.04.2014;13:15:42;1;1;0;0;40.8;58;
21.04.2014;13:15:47;1;1;0;0;40.9;58;
21.04.2014;13:15:52;1;1;0;0;41;58;
21.04.2014;13:15:57;1;1;0;0;41.1;58;
21.04.2014;13:16:02;1;1;0;0;41.2;58;
21.04.2014;13:16:07;1;1;0;0;41.2;58;
21.04.2014;13:16:12;1;0;0;0;41.3;58;
21.04.2014;13:16:17;1;0;0;0;41.4;58;
21.04.2014;13:16:22;1;1;0;0;41.6;58;
21.04.2014;13:16:27;1;1;0;0;41.7;58;
21.04.2014;13:16:32;1;1;0;0;41.7;58;
21.04.2014;13:16:37;1;1;0;0;41.9;58;
21.04.2014;13:16:42;1;1;0;0;41.9;58;
21.04.2014;13:16:47;1;1;0;0;42;58;
21.04.2014;13:16:52;1;0;0;0;42.1;58;
21.04.2014;13:16:57;1;0;0;0;42.2;58;
21.04.2014;13:17:02;1;1;0;0;42.4;58;
21.04.2014;13:17:07;1;1;0;0;42.4;58;
21.04.2014;13:17:12;1;1;0;0;42.5;58;
21.04.2014;13:17:17;1;1;0;0;42.6;58;
21.04.2014;13:17:22;1;1;0;0;42.7;58;
21.04.2014;13:17:27;1;1;0;0;42.8;58;
21.04.2014;13:17:32;1;0;0;0;42.8;58;
21.04.2014;13:17:37;1;0;0;0;42.9;58;
21.04.2014;13:17:42;1;1;0;0;43.2;58;
21.04.2014;13:17:47;1;1;0;0;43.2;58;
21.04.2014;13:17:52;1;1;0;0;43.3;58;
21.04.2014;13:17:57;1;1;0;0;43.4;58;
21.04.2014;13:18:02;1;1;0;0;43.5;58;
21.04.2014;13:18:07;1;1;0;0;43.6;58;
21.04.2014;13:18:13;1;0;0;0;43.7;58;
21.04.2014;13:18:18;1;0;0;0;43.8;58;
21.04.2014;13:18:23;1;1;0;0;43.9;58;
21.04.2014;13:18:28;1;1;0;0;44;58;
21.04.2014;13:18:33;1;1;0;0;44.1;58;
21.04.2014;13:18:38;1;1;0;0;44.1;58;
21.04.2014;13:18:43;1;1;0;0;44.2;58;
21.04.2014;13:18:48;1;1;0;0;44.3;58;
21.04.2014;13:18:53;1;0;0;0;44.4;58;
21.04.2014;13:18:58;1;0;0;0;44.4;58;
21.04.2014;13:19:03;1;1;0;0;44.6;58;
21.04.2014;13:19:08;1;1;0;0;44.8;58;
21.04.2014;13:19:13;1;1;0;0;44.9;58;
21.04.2014;13:19:18;1;1;0;0;45;58;
21.04.2014;13:19:23;1;1;0;0;45.1;58;
21.04.2014;13:19:28;1;1;0;0;45.1;58;
21.04.2014;13:19:33;1;0;0;0;45.2;58;
21.04.2014;13:19:38;1;0;0;0;45.3;58;
21.04.2014;13:19:43;1;1;0;0;45.3;58;
21.04.2014;13:19:48;1;1;0;0;45.3;58;
21.04.2014;13:19:53;1;1;0;0;45.4;58;
21.04.2014;13:19:58;1;1;0;0;45.6;58;
21.04.2014;13:20:03;1;1;0;0;45.7;58;
21.04.2014;13:20:08;1;1;0;0;45.9;58;
21.04.2014;13:20:13;1;0;0;0;45.9;58;
21.04.2014;13:20:18;1;0;0;0;46;58;
21.04.2014;13:20:23;1;1;0;0;46.1;58;
21.04.2014;13:20:28;1;1;0;0;46.3;58;
21.04.2014;13:20:33;1;1;0;0;46.4;58;
21.04.2014;13:20:38;1;1;0;0;46.6;58;
21.04.2014;13:20:43;1;1;0;0;46.7;58;
21.04.2014;13:20:48;1;1;0;0;46.8;58;
21.04.2014;13:20:53;1;0;0;0;46.8;58;
21.04.2014;13:20:58;1;0;0;0;47;58;
21.04.2014;13:21:03;1;1;0;0;47.1;58;
21.04.2014;13:21:08;1;1;0;0;47.2;58;
21.04.2014;13:21:13;1;1;0;0;47.3;58;
21.04.2014;13:21:18;1;1;0;0;47.4;58;
21.04.2014;13:21:23;1;1;0;0;47.4;58;
21.04.2014;13:21:28;1;1;0;0;47.4;58;
21.04.2014;13:21:33;1;0;0;0;47.6;58;
21.04.2014;13:21:38;1;0;0;0;47.7;58;
21.04.2014;13:21:43;1;1;0;0;47.8;58;
21.04.2014;13:21:48;1;1;0;0;47.9;58;
21.04.2014;13:21:53;1;1;0;0;48;58;
21.04.2014;13:21:58;1;1;0;0;48.2;58;
21.04.2014;13:22:03;1;1;0;0;48.3;58;
21.04.2014;13:22:08;1;1;0;0;48.5;58;
21.04.2014;13:22:13;1;0;0;0;48.5;58;
21.04.2014;13:22:18;1;0;0;0;48.6;58;
21.04.2014;13:22:23;1;1;0;0;48.7;58;
21.04.2014;13:22:28;1;1;0;0;48.8;58;
21.04.2014;13:22:33;1;1;0;0;48.9;58;
21.04.2014;13:22:38;1;1;0;0;48.9;58;
21.04.2014;13:22:43;1;1;0;0;49;58;
21.04.2014;13:22:48;1;1;0;0;49.1;58;
21.04.2014;13:22:53;1;0;0;0;49.2;58;
21.04.2014;13:22:58;1;0;0;0;49.2;58;
21.04.2014;13:23:03;1;1;0;0;49.4;58;
21.04.2014;13:23:08;1;1;0;0;49.4;58;
21.04.2014;13:23:13;1;1;0;0;49.5;58;
21.04.2014;13:23:18;1;1;0;0;49.6;58;
21.04.2014;13:23:23;1;1;0;0;49.7;58;
21.04.2014;13:23:28;1;1;1;0;49.8;58;
21.04.2014;13:23:33;1;0;1;0;49.9;58;
21.04.2014;13:23:38;1;0;1;0;50.1;58;
21.04.2014;13:23:43;1;1;1;0;50.2;58;
21.04.2014;13:23:48;1;1;1;0;50.2;58;
21.04.2014;13:23:53;1;1;1;0;50.3;58;
21.04.2014;13:23:58;1;1;1;0;50.4;58;
21.04.2014;13:24:03;1;1;1;0;50.5;58;
21.04.2014;13:24:08;1;1;1;0;50.6;58;
21.04.2014;13:24:13;1;0;1;0;50.7;58;
21.04.2014;13:24:18;1;0;1;0;50.8;58;
21.04.2014;13:24:23;1;1;1;0;50.9;58;
21.04.2014;13:24:28;1;1;1;0;51.1;58;
21.04.2014;13:24:33;1;1;1;0;51.2;58;
21.04.2014;13:24:38;1;1;1;0;51.3;58;
21.04.2014;13:24:43;1;1;1;0;51.3;58;
21.04.2014;13:24:48;1;1;1;0;51.5;58;
21.04.2014;13:24:53;1;0;1;0;51.5;58;
21.04.2014;13:24:58;1;0;1;0;51.7;58;
21.04.2014;13:25:03;1;1;1;0;51.8;58;
21.04.2014;13:25:08;1;1;1;0;51.9;58;
21.04.2014;13:25:13;1;1;1;0;51.9;58;
21.04.2014;13:25:18;1;1;1;0;52;58;
21.04.2014;13:25:23;1;1;1;0;52.1;58;
21.04.2014;13:25:28;1;1;1;0;52.2;58;
21.04.2014;13:25:33;1;0;1;0;52.2;58;
21.04.2014;13:25:38;1;0;1;0;52.4;58;
21.04.2014;13:25:43;1;1;1;0;52.6;58;
21.04.2014;13:25:48;1;1;1;0;52.6;58;
21.04.2014;13:25:53;1;1;1;0;52.7;58;
21.04.2014;13:25:58;1;1;1;0;52.8;58;
21.04.2014;13:26:03;1;1;1;0;52.8;58;
21.04.2014;13:26:08;1;1;1;0;53;58;
21.04.2014;13:26:13;1;0;1;0;53;58;
21.04.2014;13:26:18;1;0;1;0;53.1;58;
21.04.2014;13:26:23;1;1;1;0;53.2;58;
21.04.2014;13:26:28;1;1;1;0;53.4;58;
21.04.2014;13:26:33;1;1;1;0;53.4;58;
21.04.2014;13:26:38;1;1;1;0;53.5;58;
21.04.2014;13:26:43;1;1;1;0;53.7;58;
21.04.2014;13:26:48;1;1;1;0;53.7;58;
21.04.2014;13:26:53;1;0;1;0;53.9;58;
21.04.2014;13:26:58;1;0;1;0;54;58;
21.04.2014;13:27:03;1;1;1;0;54.1;58;
21.04.2014;13:27:08;1;1;1;0;54.2;58;
21.04.2014;13:27:13;1;1;1;0;54.3;58;
21.04.2014;13:27:18;1;1;1;0;54.4;58;
21.04.2014;13:27:23;1;1;1;0;54.5;58;
21.04.2014;13:27:28;1;1;1;0;54.6;58;
21.04.2014;13:27:33;1;0;1;0;54.6;58;
21.04.2014;13:27:38;1;0;1;0;54.8;58;
21.04.2014;13:27:43;1;1;1;0;54.9;58;
21.04.2014;13:27:48;1;1;1;0;55;58;
21.04.2014;13:27:53;1;1;1;0;55.1;58;
21.04.2014;13:27:58;1;1;1;0;55.1;58;
21.04.2014;13:28:03;1;1;1;0;55.1;58;
21.04.2014;13:28:08;1;1;1;0;55.2;58;
21.04.2014;13:28:13;1;0;1;0;55.3;58;
21.04.2014;13:28:18;1;0;1;0;55.4;58;
21.04.2014;13:28:23;1;1;1;0;55.5;58;
21.04.2014;13:28:28;1;1;1;0;55.7;58;
21.04.2014;13:28:33;1;1;1;0;55.8;58;
21.04.2014;13:28:38;1;1;1;0;55.9;58;
21.04.2014;13:28:43;1;1;1;0;56.1;58;
21.04.2014;13:28:48;1;1;1;0;56.1;58;
21.04.2014;13:28:53;0;0;1;0;56.3;58;
21.04.2014;13:28:58;0;0;1;0;56.5;58;
21.04.2014;13:29:03;1;1;1;0;56.5;58;
21.04.2014;13:29:08;0;1;1;0;56.5;58;
21.04.2014;13:29:13;0;1;1;0;56.5;58;
21.04.2014;13:29:18;1;1;1;0;56.6;58;
21.04.2014;13:29:23;1;1;1;0;56.6;58;
21.04.2014;13:29:28;0;1;1;0;56.7;58;
21.04.2014;13:29:33;0;0;1;0;56.8;58;
21.04.2014;13:29:38;1;0;1;0;56.9;58;
21.04.2014;13:29:44;0;1;1;0;57.1;58;
21.04.2014;13:29:49;0;1;1;0;57.2;58;
21.04.2014;13:29:54;1;1;1;0;57.3;58;
21.04.2014;13:29:59;1;1;1;0;57.3;58;
21.04.2014;13:30:04;0;1;1;0;57.5;58;
21.04.2014;13:30:09;0;1;1;0;57.5;58;
21.04.2014;13:30:14;1;0;1;0;57.6;58;
21.04.2014;13:30:19;1;0;1;0;57.6;58;
21.04.2014;13:30:24;0;1;1;0;57.7;58;
21.04.2014;13:30:29;0;1;1;0;57.7;58;
21.04.2014;13:30:34;1;1;1;0;57.6;58;
21.04.2014;13:30:39;0;1;1;0;57.6;58;
21.04.2014;13:30:44;0;1;1;0;57.8;58;
21.04.2014;13:30:49;1;1;1;0;57.8;58;
21.04.2014;13:30:54;1;0;1;0;57.9;58;
21.04.2014;13:30:59;0;0;1;0;57.9;58;
21.04.2014;13:31:04;0;1;1;1;58.1;58;
21.04.2014;13:31:09;0;1;1;1;58.1;58;
21.04.2014;13:31:14;0;1;1;1;58.1;58;
21.04.2014;13:31:19;0;1;1;1;58;58;
21.04.2014;13:31:24;0;1;1;1;58.1;58;
21.04.2014;13:31:29;0;1;1;1;58.2;58;
21.04.2014;13:31:34;0;0;1;1;58.2;58;
21.04.2014;13:31:39;0;0;1;1;58.2;58;
21.04.2014;13:31:44;0;1;1;1;58.3;58;
21.04.2014;13:31:49;0;1;1;1;58.4;58;
21.04.2014;13:31:54;0;1;1;1;58.4;58;
21.04.2014;13:31:59;0;1;1;1;58.3;58;
21.04.2014;13:32:04;0;1;1;1;58.3;58;
21.04.2014;13:32:09;0;1;1;1;58.4;58;
21.04.2014;13:32:14;0;0;1;1;58.5;58;
21.04.2014;13:32:19;0;0;1;1;58.5;58;
21.04.2014;13:32:24;1;1;1;0;58.6;64;
21.04.2014;13:32:29;1;1;1;0;58.7;64;
21.04.2014;13:32:34;1;1;1;0;58.7;64;
21.04.2014;13:32:39;1;1;1;0;58.7;64;
21.04.2014;13:32:44;1;0;1;0;58.7;64;
21.04.2014;13:32:49;1;0;1;0;58.8;64;
21.04.2014;13:32:54;1;0;1;0;58.8;64;
21.04.2014;13:32:59;1;0;1;0;58.8;64;
21.04.2014;13:33:04;1;1;1;0;58.9;64;
21.04.2014;13:33:09;1;1;1;0;58.8;64;
21.04.2014;13:33:14;1;1;1;0;58.9;64;
21.04.2014;13:33:19;1;1;1;0;59;64;
21.04.2014;13:33:24;1;0;1;0;59;64;
21.04.2014;13:33:29;1;0;1;0;59;64;
21.04.2014;13:33:34;1;0;1;0;59;64;
21.04.2014;13:33:39;1;0;1;0;59;64;
21.04.2014;13:33:44;1;1;1;0;59.1;64;
21.04.2014;13:33:49;1;1;1;0;59.1;64;
21.04.2014;13:33:54;1;1;1;0;59.2;64;
21.04.2014;13:33:59;1;1;1;0;59.2;64;
21.04.2014;13:34:04;1;0;1;0;59.2;64;
21.04.2014;13:34:09;1;0;1;0;59.3;64;
21.04.2014;13:34:14;1;0;1;0;59.3;64;
21.04.2014;13:34:19;1;0;1;0;59.5;64;
21.04.2014;13:34:24;1;1;1;0;59.6;64;
21.04.2014;13:34:29;1;1;1;0;59.7;64;
21.04.2014;13:34:34;1;1;1;0;59.8;64;
21.04.2014;13:34:39;1;1;1;0;59.8;64;
21.04.2014;13:34:44;1;0;1;0;59.8;64;
21.04.2014;13:34:49;1;0;1;0;59.8;64;
21.04.2014;13:34:54;1;0;1;0;59.8;64;
21.04.2014;13:34:59;1;0;1;0;59.9;64;
21.04.2014;13:35:04;1;1;1;0;60.1;64;
21.04.2014;13:35:09;1;1;1;0;60.2;64;
21.04.2014;13:35:14;1;1;1;0;60.2;64;
21.04.2014;13:35:19;1;1;1;0;60.3;64;
21.04.2014;13:35:24;1;0;1;0;60.3;64;
21.04.2014;13:35:29;1;0;1;0;60.5;64;
21.04.2014;13:35:34;1;0;1;0;60.5;64;
21.04.2014;13:35:39;1;0;1;0;60.6;64;
21.04.2014;13:35:44;1;1;1;0;60.9;64;
21.04.2014;13:35:49;1;1;1;0;60.9;64;
21.04.2014;13:35:54;1;1;1;0;60.9;64;
21.04.2014;13:35:59;1;1;1;0;61;64;
21.04.2014;13:36:04;1;0;1;0;61;64;
21.04.2014;13:36:09;1;0;1;0;61.1;64;
21.04.2014;13:36:14;1;0;1;0;61.2;64;
21.04.2014;13:36:19;1;0;1;0;61.2;64;
21.04.2014;13:36:24;1;1;1;0;61.4;64;
21.04.2014;13:36:29;1;1;1;0;61.4;64;
21.04.2014;13:36:34;1;1;1;0;61.5;64;
21.04.2014;13:36:39;1;1;1;0;61.6;64;
21.04.2014;13:36:44;1;0;1;0;61.7;64;
21.04.2014;13:36:49;1;0;1;0;61.7;64;
21.04.2014;13:36:54;1;0;1;0;61.7;64;
21.04.2014;13:36:59;1;0;1;0;61.7;64;
21.04.2014;13:37:04;1;1;1;0;62;64;
21.04.2014;13:37:09;1;1;1;0;62.1;64;
21.04.2014;13:37:14;0;1;1;0;62.2;64;
21.04.2014;13:37:19;0;1;1;0;62.3;64;
21.04.2014;13:37:24;1;0;1;0;62.3;64;
21.04.2014;13:37:29;1;0;1;0;62.5;64;
21.04.2014;13:37:34;0;0;1;0;62.6;64;
21.04.2014;13:37:39;0;0;1;0;62.7;64;
21.04.2014;13:37:44;1;1;1;0;62.7;64;
21.04.2014;13:37:49;0;1;1;0;62.8;64;
21.04.2014;13:37:54;0;1;1;0;62.9;64;
21.04.2014;13:37:59;1;1;1;0;62.8;64;
21.04.2014;13:38:04;1;0;1;0;63;64;
21.04.2014;13:38:09;0;0;1;0;62.9;64;
21.04.2014;13:38:14;0;0;1;0;62.9;64;
21.04.2014;13:38:19;1;0;1;0;63.1;64;
21.04.2014;13:38:24;0;1;1;0;63.2;64;
21.04.2014;13:38:29;0;1;1;0;63.3;64;
21.04.2014;13:38:34;1;1;1;0;63.3;64;
21.04.2014;13:38:39;1;1;1;0;63.4;64;
21.04.2014;13:38:44;0;0;1;0;63.5;64;
21.04.2014;13:38:49;0;0;1;0;63.5;64;
21.04.2014;13:38:54;1;0;0;0;63.5;64;
21.04.2014;13:38:59;1;0;0;0;63.5;64;
21.04.2014;13:39:04;0;1;0;0;63.6;64;
21.04.2014;13:39:09;0;1;0;0;63.7;64;
21.04.2014;13:39:14;1;1;0;0;63.8;64;
21.04.2014;13:39:19;0;1;0;0;63.8;64;
21.04.2014;13:39:24;0;0;0;0;63.9;64;
21.04.2014;13:39:29;1;0;0;0;63.9;64;
21.04.2014;13:39:34;0;1;0;0;64;64;
21.04.2014;13:39:39;0;1;0;0;64;64;
21.04.2014;13:39:44;0;1;0;0;64;64;
21.04.2014;13:39:49;0;1;0;0;64.1;64;
21.04.2014;13:39:54;0;0;0;0;64.1;64;
21.04.2014;13:39:59;0;0;0;0;64.2;64;
21.04.2014;13:40:04;0;0;0;0;64.1;64;
21.04.2014;13:40:09;0;0;0;0;64.2;64;
21.04.2014;13:40:14;0;1;0;0;64.3;64;
21.04.2014;13:40:19;0;1;0;0;64.3;64;
21.04.2014;13:40:24;0;1;0;0;64.3;64;
21.04.2014;13:40:29;0;1;0;0;64.3;64;
21.04.2014;13:40:34;0;0;0;0;64.4;64;
21.04.2014;13:40:39;0;0;0;0;64.3;64;
21.04.2014;13:40:44;0;0;0;0;64.3;64;
21.04.2014;13:40:49;0;0;0;0;64.4;64;
21.04.2014;13:40:54;0;1;0;0;64.4;64;
21.04.2014;13:40:59;0;1;0;0;64.4;64;
21.04.2014;13:41:04;0;1;0;0;64.4;64;
21.04.2014;13:41:09;0;1;0;0;64.6;64;
21.04.2014;13:41:14;0;0;0;0;64.6;64;
21.04.2014;13:41:20;0;0;0;0;64.6;64;
21.04.2014;13:41:25;0;0;0;0;64.6;64;
21.04.2014;13:41:30;0;0;0;0;64.7;64;
21.04.2014;13:41:35;0;1;0;0;64.7;64;
21.04.2014;13:41:40;0;1;0;0;64.8;64;
21.04.2014;13:41:45;0;1;0;0;64.8;64;
21.04.2014;13:41:50;0;1;0;0;64.7;64;
21.04.2014;13:41:55;0;0;0;0;64.6;64;
21.04.2014;13:42:00;0;0;0;0;64.6;64;
21.04.2014;13:42:05;0;0;0;0;64.6;64;
21.04.2014;13:42:10;0;0;0;0;64.6;64;
21.04.2014;13:42:15;0;1;0;0;64.6;64;
21.04.2014;13:42:20;0;1;0;0;64.7;64;
21.04.2014;13:42:25;0;1;0;0;64.7;64;
21.04.2014;13:42:30;0;1;0;0;64.8;64;
21.04.2014;13:42:35;0;0;0;0;64.7;64;
21.04.2014;13:42:40;0;0;0;0;64.6;64;
21.04.2014;13:42:45;0;0;0;0;64.6;64;
21.04.2014;13:42:50;0;0;0;0;64.6;64;
21.04.2014;13:42:55;0;1;0;0;64.6;64;
21.04.2014;13:43:00;0;1;0;0;64.7;64;
21.04.2014;13:43:05;0;1;0;0;64.7;64;
21.04.2014;13:43:10;0;1;0;0;64.7;64;
21.04.2014;13:43:15;0;0;0;0;64.7;64;
21.04.2014;13:43:20;0;0;0;0;64.7;64;
21.04.2014;13:43:25;0;0;0;0;64.7;64;
21.04.2014;13:43:30;0;0;0;0;64.6;64;
21.04.2014;13:43:35;0;1;0;0;64.7;64;
21.04.2014;13:43:40;0;1;0;0;64.7;64;
21.04.2014;13:43:45;0;1;0;0;64.6;64;
21.04.2014;13:43:50;0;1;0;0;64.5;64;
21.04.2014;13:43:55;0;0;0;0;64.5;64;
21.04.2014;13:44:00;0;0;0;0;64.6;64;
21.04.2014;13:44:05;0;0;0;0;64.5;64;
21.04.2014;13:44:10;0;0;0;0;64.5;64;
21.04.2014;13:44:15;0;1;0;0;64.6;64;
21.04.2014;13:44:20;0;1;0;0;64.5;64;
21.04.2014;13:44:25;0;1;0;0;64.4;64;
21.04.2014;13:44:30;0;1;0;0;64.3;64;
21.04.2014;13:44:35;0;0;0;0;64.4;64;
21.04.2014;13:44:40;0;0;0;0;64.4;64;
21.04.2014;13:44:45;0;0;0;0;64.3;64;
21.04.2014;13:44:50;0;0;0;0;64.2;64;
21.04.2014;13:44:55;0;1;0;0;64.2;64;
21.04.2014;13:45:00;0;1;0;0;64.3;64;
21.04.2014;13:45:05;0;1;0;0;64.3;64;
21.04.2014;13:45:10;0;1;0;0;64.3;64;
21.04.2014;13:45:15;0;0;0;0;64.3;64;
21.04.2014;13:45:20;0;0;0;0;64.3;64;
21.04.2014;13:45:25;0;0;0;0;64.2;64;
21.04.2014;13:45:30;0;0;0;0;64.1;64;
21.04.2014;13:45:35;0;1;0;0;64.1;64;
21.04.2014;13:45:40;0;1;0;0;64.1;64;
21.04.2014;13:45:45;0;1;0;0;64;64;
21.04.2014;13:45:50;0;1;0;0;64.1;64;
21.04.2014;13:45:55;0;0;0;0;64.1;64;
21.04.2014;13:46:00;0;0;0;0;64;64;
21.04.2014;13:46:05;0;0;0;0;64;64;
21.04.2014;13:46:10;1;0;0;0;63.9;64;
21.04.2014;13:46:15;1;1;0;0;63.9;64;
21.04.2014;13:46:20;0;1;0;0;64;64;
21.04.2014;13:46:25;0;1;0;0;64;64;
21.04.2014;13:46:30;0;1;0;0;64;64;
21.04.2014;13:46:35;0;0;0;0;64;64;
21.04.2014;13:46:40;1;0;0;0;63.9;64;
21.04.2014;13:46:45;0;0;0;0;63.9;64;
21.04.2014;13:46:50;0;0;0;0;64;64;
21.04.2014;13:46:55;0;1;0;0;64;64;
21.04.2014;13:47:00;1;1;0;0;63.9;64;
21.04.2014;13:47:05;1;1;0;0;63.9;64;
21.04.2014;13:47:10;0;1;0;0;63.9;64;
21.04.2014;13:47:15;0;0;0;0;64;64;
21.04.2014;13:47:20;1;0;0;0;63.9;64;
21.04.2014;13:47:25;0;0;0;0;64;64;
21.04.2014;13:47:30;1;0;0;0;63.9;64;
21.04.2014;13:47:35;1;1;0;0;63.9;64;
21.04.2014;13:47:40;0;1;0;0;63.7;64;
21.04.2014;13:47:45;0;1;0;0;63.6;64;
21.04.2014;13:47:50;1;1;0;0;63.7;64;
21.04.2014;13:47:55;0;0;0;0;63.8;64;
21.04.2014;13:48:00;0;0;0;0;63.7;64;
21.04.2014;13:48:05;1;0;0;0;63.7;64;
21.04.2014;13:48:10;1;0;0;0;63.7;64;
21.04.2014;13:48:15;0;1;0;0;63.8;64;
21.04.2014;13:48:20;0;1;0;0;63.8;64;
21.04.2014;13:48:25;1;1;0;0;63.8;64;
21.04.2014;13:48:30;1;1;0;0;63.9;64;
21.04.2014;13:48:35;0;0;0;0;63.9;64;
21.04.2014;13:48:40;0;0;0;0;63.9;64;
21.04.2014;13:48:45;1;0;0;0;63.9;64;
21.04.2014;13:48:50;0;0;0;0;63.9;64;
21.04.2014;13:48:55;0;1;0;0;63.9;64;
21.04.2014;13:49:00;0;1;0;0;64;64;
21.04.2014;13:49:05;0;1;0;0;64.1;64;
21.04.2014;13:49:10;0;1;0;0;64.1;64;
21.04.2014;13:49:15;0;0;0;0;64;64;
21.04.2014;13:49:20;0;0;0;0;64.1;64;
21.04.2014;13:49:25;0;0;0;0;64.2;64;
21.04.2014;13:49:30;0;0;0;0;64.1;64;
21.04.2014;13:49:35;0;1;0;0;64.1;64;
21.04.2014;13:49:40;0;1;0;0;64.1;64;
21.04.2014;13:49:45;0;1;0;0;64;64;
21.04.2014;13:49:50;0;1;0;0;64.1;64;
21.04.2014;13:49:55;0;0;0;0;64.1;64;
21.04.2014;13:50:00;0;0;0;0;64;64;
21.04.2014;13:50:05;0;0;0;0;64;64;
21.04.2014;13:50:10;0;0;0;0;64.1;64;
21.04.2014;13:50:15;0;1;0;0;64;64;
21.04.2014;13:50:20;0;1;0;0;64;64;
21.04.2014;13:50:25;0;1;0;0;64;64;
21.04.2014;13:50:30;0;1;0;0;64;64;
21.04.2014;13:50:35;0;0;0;0;64.1;64;
21.04.2014;13:50:40;0;0;0;0;64;64;
21.04.2014;13:50:45;0;0;0;0;64;64;
21.04.2014;13:50:50;1;0;0;0;63.9;64;
21.04.2014;13:50:55;0;1;0;0;64;64;
21.04.2014;13:51:00;0;1;0;0;64;64;
21.04.2014;13:51:05;0;1;0;0;64.1;64;
21.04.2014;13:51:10;0;1;0;0;64.1;64;
21.04.2014;13:51:15;0;0;0;0;64.1;64;
21.04.2014;13:51:20;0;0;0;0;64;64;
21.04.2014;13:51:25;0;0;0;0;64;64;
21.04.2014;13:51:30;0;0;0;0;64.1;64;
21.04.2014;13:51:35;0;1;0;0;64.1;64;
21.04.2014;13:51:40;0;1;0;0;64;64;
21.04.2014;13:51:45;0;1;0;0;64.1;64;
21.04.2014;13:51:50;0;1;0;0;64;64;
21.04.2014;13:51:55;0;0;0;0;64.1;64;
21.04.2014;13:52:00;0;0;0;0;63.9;64;
21.04.2014;13:52:05;1;0;0;0;63.9;64;
21.04.2014;13:52:10;0;0;0;0;64;64;
21.04.2014;13:52:15;1;1;0;0;63.9;64;
21.04.2014;13:52:20;1;1;0;0;63.9;64;
21.04.2014;13:52:25;0;1;0;0;63.9;64;
21.04.2014;13:52:30;0;1;0;0;63.9;64;
21.04.2014;13:52:35;0;0;0;0;64;64;
21.04.2014;13:52:40;0;0;0;0;64;64;
21.04.2014;13:52:45;0;0;0;0;64;64;
21.04.2014;13:52:50;0;0;0;0;64;64;
21.04.2014;13:52:56;1;1;0;0;63.9;64;
21.04.2014;13:53:01;1;1;0;0;63.8;64;
21.04.2014;13:53:06;0;1;0;0;63.9;64;
21.04.2014;13:53:11;0;1;0;0;63.8;64;
21.04.2014;13:53:16;1;0;0;0;63.8;64;
21.04.2014;13:53:21;0;0;0;0;63.9;64;
21.04.2014;13:53:26;0;0;0;0;63.8;64;
21.04.2014;13:53:31;1;0;0;0;63.8;64;
21.04.2014;13:53:36;1;1;0;0;63.9;64;
21.04.2014;13:53:41;0;1;0;0;63.9;64;
21.04.2014;13:53:46;0;1;0;0;63.8;64;
21.04.2014;13:53:51;1;1;0;0;63.8;64;
21.04.2014;13:53:56;0;0;0;0;63.9;64;
21.04.2014;13:54:01;0;0;0;0;63.8;64;
21.04.2014;13:54:06;0;0;0;0;64;64;
21.04.2014;13:54:11;0;0;0;0;63.9;64;
21.04.2014;13:54:16;1;1;0;0;63.9;64;
21.04.2014;13:54:21;0;1;0;0;64;64;
21.04.2014;13:54:26;1;1;0;0;63.8;64;
21.04.2014;13:54:31;1;1;0;0;63.9;64;
21.04.2014;13:54:36;0;0;0;0;63.9;64;
21.04.2014;13:54:41;0;0;0;0;64;64;
21.04.2014;13:54:46;0;0;0;0;64.1;64;
21.04.2014;13:54:51;0;0;0;0;64;64;
21.04.2014;13:54:56;0;1;0;0;64;64;
21.04.2014;13:55:01;0;1;0;0;64.1;64;
21.04.2014;13:55:06;0;1;0;0;64.1;64;
21.04.2014;13:55:11;0;1;0;0;64;64;
21.04.2014;13:55:16;1;0;0;0;63.9;64;
21.04.2014;13:55:21;0;0;0;0;64;64;
21.04.2014;13:55:26;0;0;0;0;64;64;
21.04.2014;13:55:31;0;0;0;0;64;64;
21.04.2014;13:55:36;0;1;0;0;64;64;
21.04.2014;13:55:41;0;1;0;0;64;64;
21.04.2014;13:55:46;0;1;0;0;64.1;64;
21.04.2014;13:55:51;0;1;0;0;64.1;64;
21.04.2014;13:55:56;0;0;0;0;64;64;
21.04.2014;13:56:01;0;0;0;0;64.1;64;
21.04.2014;13:56:06;0;0;0;0;63.9;64;
21.04.2014;13:56:11;1;0;0;0;63.8;64;
21.04.2014;13:56:16;0;1;0;0;63.9;64;
21.04.2014;13:56:21;0;1;0;0;63.9;64;
21.04.2014;13:56:26;0;1;0;0;64;64;
21.04.2014;13:56:31;1;1;0;0;63.9;64;
21.04.2014;13:56:36;0;0;0;0;64;64;
21.04.2014;13:56:41;1;0;0;0;63.9;64;
21.04.2014;13:56:46;0;0;0;0;63.9;64;
21.04.2014;13:56:51;0;0;0;0;64;64;
21.04.2014;13:56:56;0;1;0;0;64.1;64;
21.04.2014;13:57:01;0;1;0;0;64.1;64;
21.04.2014;13:57:06;0;1;0;0;64.1;64;
21.04.2014;13:57:11;0;1;0;0;64.2;64;
21.04.2014;13:57:16;0;0;0;0;64.2;64;
21.04.2014;13:57:21;0;0;0;0;64.3;64;
21.04.2014;13:57:26;0;0;0;0;64.2;64;
21.04.2014;13:57:31;0;0;0;0;64.2;64;
21.04.2014;13:57:36;0;1;0;0;64.2;64;
21.04.2014;13:57:41;0;1;0;0;64.1;64;
21.04.2014;13:57:46;0;1;0;0;64;64;
21.04.2014;13:57:51;0;1;0;0;64.2;64;
21.04.2014;13:57:56;0;0;0;0;64.2;64;
21.04.2014;13:58:01;0;0;0;0;64.2;64;
21.04.2014;13:58:06;0;0;0;0;64.2;64;
21.04.2014;13:58:11;0;0;0;0;64.2;64;
21.04.2014;13:58:16;0;1;0;0;64.2;64;
21.04.2014;13:58:21;0;1;0;0;64.2;64;
21.04.2014;13:58:26;0;1;0;0;64.1;64;
21.04.2014;13:58:31;0;1;0;0;64.2;64;
21.04.2014;13:58:36;0;0;0;0;64.2;64;
21.04.2014;13:58:41;0;0;0;0;64.2;64;
21.04.2014;13:58:46;0;0;0;0;64.2;64;
21.04.2014;13:58:51;0;0;0;0;64.2;64;
21.04.2014;13:58:56;0;1;0;0;64.1;64;
21.04.2014;13:59:01;0;1;0;0;64.1;64;
21.04.2014;13:59:06;0;1;0;0;64.1;64;
21.04.2014;13:59:11;0;1;0;0;64;64;
21.04.2014;13:59:16;0;0;0;0;64;64;
21.04.2014;13:59:21;0;0;0;0;64.1;64;
21.04.2014;13:59:26;0;0;0;0;64.1;64;
21.04.2014;13:59:31;0;0;0;0;64.1;64;
21.04.2014;13:59:36;0;1;0;0;64.1;64;
21.04.2014;13:59:41;0;1;0;0;64.1;64;
21.04.2014;13:59:46;0;1;0;0;64.1;64;
21.04.2014;13:59:51;0;1;0;0;64.1;64;
21.04.2014;13:59:56;0;0;0;0;64;64;
21.04.2014;14:00:01;0;0;0;0;64;64;
21.04.2014;14:00:06;0;0;0;0;64;64;
21.04.2014;14:00:11;0;0;0;0;64;64;
21.04.2014;14:00:16;1;1;0;0;63.9;64;
21.04.2014;14:00:21;1;1;0;0;63.9;64;
21.04.2014;14:00:26;0;1;0;0;63.9;64;
21.04.2014;14:00:31;0;1;0;0;63.9;64;
21.04.2014;14:00:36;0;0;0;0;64;64;
21.04.2014;14:00:41;1;0;0;0;63.9;64;
21.04.2014;14:00:46;0;0;0;0;63.9;64;
21.04.2014;14:00:51;0;0;0;0;63.8;64;
21.04.2014;14:00:56;1;1;0;0;63.9;64;
21.04.2014;14:01:01;1;1;0;0;63.7;64;
21.04.2014;14:01:06;0;1;0;0;63.7;64;
21.04.2014;14:01:11;0;1;0;0;63.7;64;
21.04.2014;14:01:16;1;0;0;0;63.7;64;
21.04.2014;14:01:21;0;0;0;0;63.7;64;
21.04.2014;14:01:26;0;0;0;0;63.7;64;
21.04.2014;14:01:31;1;0;0;0;63.7;64;
21.04.2014;14:01:36;1;1;0;0;63.6;64;
21.04.2014;14:01:41;0;1;0;0;63.6;64;
21.04.2014;14:01:46;0;1;0;0;63.7;64;
21.04.2014;14:01:51;1;1;0;0;63.8;64;
21.04.2014;14:01:56;1;0;0;0;63.7;64;
21.04.2014;14:02:01;0;0;0;0;63.8;64;
21.04.2014;14:02:06;0;0;0;0;63.9;64;
21.04.2014;14:02:11;1;0;0;0;63.9;64;
21.04.2014;14:02:16;0;1;0;0;63.8;64;
21.04.2014;14:02:21;0;1;0;0;63.9;64;
21.04.2014;14:02:26;1;1;0;0;63.9;64;
21.04.2014;14:02:31;1;1;0;0;63.9;64;
21.04.2014;14:02:36;0;0;0;0;64;64;
21.04.2014;14:02:41;1;0;0;0;63.9;64;
21.04.2014;14:02:46;1;0;0;0;63.9;64;
21.04.2014;14:02:51;0;0;0;0;63.8;64;
21.04.2014;14:02:56;0;1;0;0;63.7;64;
21.04.2014;14:03:01;1;1;0;0;63.8;64;
21.04.2014;14:03:06;0;1;0;0;63.8;64;
21.04.2014;14:03:11;0;1;0;0;63.8;64;
21.04.2014;14:03:16;1;0;0;0;63.9;64;
21.04.2014;14:03:21;1;0;0;0;63.9;64;
21.04.2014;14:03:26;0;0;0;0;63.9;64;
21.04.2014;14:03:31;0;0;0;0;63.9;64;
21.04.2014;14:03:36;0;1;0;0;64.1;64;
21.04.2014;14:03:41;0;1;0;0;64.1;64;
21.04.2014;14:03:46;0;1;0;0;64.1;64;
21.04.2014;14:03:51;0;1;0;0;64.1;64;
21.04.2014;14:03:56;0;0;0;0;64.1;64;
21.04.2014;14:04:01;0;0;0;0;64.1;64;
21.04.2014;14:04:06;0;0;0;0;64.1;64;
21.04.2014;14:04:11;0;0;0;0;64.1;64;
21.04.2014;14:04:16;0;1;0;0;64.2;64;
21.04.2014;14:04:21;0;1;0;0;64.2;64;
21.04.2014;14:04:26;0;1;0;0;64.1;64;
21.04.2014;14:04:32;0;1;0;0;64.1;64;
21.04.2014;14:04:37;0;0;0;0;64.1;64;
21.04.2014;14:04:42;0;0;0;0;64.1;64;
21.04.2014;14:04:47;0;0;0;0;64.1;64;
21.04.2014;14:04:52;0;0;0;0;64.1;64;
21.04.2014;14:04:57;0;1;0;0;64.2;64;
21.04.2014;14:05:02;0;1;0;0;64.3;64;
21.04.2014;14:05:07;0;1;0;0;64.2;64;
21.04.2014;14:05:12;0;1;0;0;64.3;64;
21.04.2014;14:05:17;0;0;0;0;64.3;64;
21.04.2014;14:05:22;0;0;0;0;64.3;64;
21.04.2014;14:05:27;0;0;0;0;64.1;64;
21.04.2014;14:05:32;0;0;0;0;64.2;64;
21.04.2014;14:05:37;0;1;0;0;64.2;64;
21.04.2014;14:05:42;0;1;0;0;64.2;64;
21.04.2014;14:05:47;0;1;0;0;64.3;64;
21.04.2014;14:05:52;0;1;0;0;64.3;64;
21.04.2014;14:05:57;0;0;0;0;64.3;64;
21.04.2014;14:06:02;0;0;0;0;64.3;64;
21.04.2014;14:06:07;0;0;0;0;64.2;64;
21.04.2014;14:06:12;0;0;0;0;64.2;64;
21.04.2014;14:06:17;0;1;0;0;64.3;64;
21.04.2014;14:06:22;0;1;0;0;64.2;64;
21.04.2014;14:06:27;0;1;0;0;64.2;64;
21.04.2014;14:06:32;0;1;0;0;64.1;64;
21.04.2014;14:06:37;0;0;0;0;64.1;64;
21.04.2014;14:06:42;0;0;0;0;64;64;
21.04.2014;14:06:47;0;0;0;0;64.1;64;
21.04.2014;14:06:52;0;0;0;0;64.1;64;
21.04.2014;14:06:57;0;1;0;0;64.2;64;
21.04.2014;14:07:02;0;1;0;0;64.1;64;
21.04.2014;14:07:07;0;1;0;0;64.2;64;
21.04.2014;14:07:12;0;1;0;0;64.1;64;
21.04.2014;14:07:17;0;0;0;0;64.1;64;
21.04.2014;14:07:22;0;0;0;0;64.1;64;
21.04.2014;14:07:27;0;0;0;0;64;64;
21.04.2014;14:07:32;0;0;0;0;64;64;
21.04.2014;14:07:37;0;1;0;0;64.1;64;
21.04.2014;14:07:42;0;1;0;0;64;64;
21.04.2014;14:07:47;1;1;0;0;63.9;64;
21.04.2014;14:07:52;0;1;0;0;64;64;
21.04.2014;14:07:57;1;0;0;0;63.9;64;
21.04.2014;14:08:02;1;0;0;0;63.8;64;
21.04.2014;14:08:07;0;0;0;0;63.8;64;
21.04.2014;14:08:12;0;0;0;0;63.8;64;
21.04.2014;14:08:17;1;1;0;0;63.8;64;
21.04.2014;14:08:22;0;1;0;0;63.8;64;
21.04.2014;14:08:27;0;1;0;0;63.9;64;
21.04.2014;14:08:32;1;1;0;0;63.8;64;
21.04.2014;14:08:37;1;0;0;0;63.8;64;
21.04.2014;14:08:42;0;0;0;0;63.8;64;
21.04.2014;14:08:47;0;0;0;0;63.7;64;
21.04.2014;14:08:52;1;0;0;0;63.8;64;
21.04.2014;14:08:57;0;1;0;0;63.8;64;
21.04.2014;14:09:02;0;1;0;0;63.8;64;
21.04.2014;14:09:07;1;1;0;0;63.7;64;
21.04.2014;14:09:12;1;1;0;0;63.7;64;
21.04.2014;14:09:17;0;0;0;0;63.8;64;
21.04.2014;14:09:22;0;0;0;0;63.7;64;
21.04.2014;14:09:27;1;0;0;0;63.7;64;
21.04.2014;14:09:32;1;0;0;0;63.8;64;
21.04.2014;14:09:37;0;1;0;0;63.7;64;
21.04.2014;14:09:42;0;1;0;0;63.8;64;
21.04.2014;14:09:47;1;1;0;0;63.8;64;
21.04.2014;14:09:52;0;1;0;0;63.7;64;
21.04.2014;14:09:57;0;0;0;0;63.8;64;
21.04.2014;14:10:02;1;0;0;0;63.8;64;
21.04.2014;14:10:07;1;0;0;0;63.8;64;
21.04.2014;14:10:12;0;0;0;0;63.9;64;
21.04.2014;14:10:17;0;1;0;0;63.9;64;
21.04.2014;14:10:22;1;1;0;0;63.9;64;
21.04.2014;14:10:27;0;1;0;0;63.9;64;
21.04.2014;14:10:32;0;1;0;0;63.9;64;
21.04.2014;14:10:37;1;0;0;0;63.9;64;
21.04.2014;14:10:42;1;0;0;0;63.9;64;
21.04.2014;14:10:47;0;0;0;0;64;64;
21.04.2014;14:10:52;0;0;0;0;64.2;64;
21.04.2014;14:10:57;0;1;0;0;64.2;64;
21.04.2014;14:11:02;0;1;0;0;64.1;64;
21.04.2014;14:11:07;0;1;0;0;64.1;64;
21.04.2014;14:11:12;0;1;0;0;64.1;64;
21.04.2014;14:11:17;0;0;0;0;64.1;64;
21.04.2014;14:11:22;0;0;0;0;64.1;64;
21.04.2014;14:11:27;0;0;0;0;64.2;64;
21.04.2014;14:11:32;0;0;0;0;64.2;64;
21.04.2014;14:11:37;0;1;0;0;64.4;64;
21.04.2014;14:11:42;0;1;0;0;64.3;64;
21.04.2014;14:11:47;0;1;0;0;64.6;64;
21.04.2014;14:11:52;0;1;0;0;64.5;64;
21.04.2014;14:11:57;0;0;0;0;64.4;64;
21.04.2014;14:12:02;0;0;0;0;64.4;64;
21.04.2014;14:12:07;0;0;0;0;64.4;64;
21.04.2014;14:12:12;0;0;0;0;64.4;64;
21.04.2014;14:12:17;0;1;0;0;64.3;64;
21.04.2014;14:12:22;0;1;0;0;64.4;64;
21.04.2014;14:12:27;0;1;0;0;64.4;64;
21.04.2014;14:12:32;0;1;0;0;64.4;64;
21.04.2014;14:12:37;0;0;0;0;64.3;64;
21.04.2014;14:12:42;0;0;0;0;64.3;64;
21.04.2014;14:12:47;0;0;0;0;64.3;64;
21.04.2014;14:12:52;0;0;0;0;64.3;64;
21.04.2014;14:12:57;0;1;0;0;64.1;64;
21.04.2014;14:13:02;0;1;0;0;64.2;64;
21.04.2014;14:13:07;0;1;0;0;64.3;64;
21.04.2014;14:13:12;0;1;0;0;64.4;64;
21.04.2014;14:13:17;0;0;0;0;64.4;64;
21.04.2014;14:13:22;0;0;0;0;64.3;64;
21.04.2014;14:13:27;0;0;0;0;64.3;64;
21.04.2014;14:13:32;0;0;0;0;64.2;64;
21.04.2014;14:13:37;0;1;0;0;64.2;64;
21.04.2014;14:13:42;0;1;0;0;64.2;64;
21.04.2014;14:13:47;0;1;0;0;64.1;64;
21.04.2014;14:13:52;0;1;0;0;64.2;64;
21.04.2014;14:13:57;0;0;0;0;64.2;64;
21.04.2014;14:14:02;0;0;0;0;64.2;64;
21.04.2014;14:14:07;0;0;0;0;64.2;64;
21.04.2014;14:14:12;0;0;0;0;64.1;64;
21.04.2014;14:14:17;0;1;0;0;64;64;
21.04.2014;14:14:22;0;1;0;0;64;64;
21.04.2014;14:14:27;0;1;0;0;64.1;64;
21.04.2014;14:14:32;0;1;0;0;64.2;64;
21.04.2014;14:14:37;0;0;0;0;64.1;64;
21.04.2014;14:14:42;0;0;0;0;64;64;
21.04.2014;14:14:47;0;0;0;0;64.1;64;
21.04.2014;14:14:52;0;0;0;0;64;64;
21.04.2014;14:14:57;0;1;0;0;64.1;64;
21.04.2014;14:15:02;0;1;0;0;64;64;
21.04.2014;14:15:07;0;1;0;0;63.9;64;
21.04.2014;14:15:12;1;1;0;0;63.9;64;
21.04.2014;14:15:17;0;0;0;0;64;64;
21.04.2014;14:15:22;0;0;0;0;64;64;
21.04.2014;14:15:27;1;0;0;0;63.9;64;
21.04.2014;14:15:32;0;0;0;0;64;64;
21.04.2014;14:15:37;1;1;0;0;63.8;64;
21.04.2014;14:15:42;1;1;0;0;63.9;64;
21.04.2014;14:15:47;0;1;0;0;63.9;64;
21.04.2014;14:15:52;0;1;0;0;63.8;64;
21.04.2014;14:15:57;1;0;0;0;63.9;64;
21.04.2014;14:16:02;0;0;0;0;63.9;64;
21.04.2014;14:16:08;0;0;0;0;63.8;64;
21.04.2014;14:16:13;1;0;0;0;63.9;64;
21.04.2014;14:16:18;1;1;0;0;63.8;64;
21.04.2014;14:16:23;0;1;0;0;63.8;64;
21.04.2014;14:16:28;0;1;0;0;63.8;64;
21.04.2014;14:16:33;1;1;0;0;63.8;64;
21.04.2014;14:16:38;0;0;0;0;63.8;64;
21.04.2014;14:16:43;0;0;0;0;63.8;64;
21.04.2014;14:16:48;1;0;0;0;63.9;64;
21.04.2014;14:16:53;1;0;0;0;63.8;64;
21.04.2014;14:16:58;0;1;0;0;63.7;64;
21.04.2014;14:17:03;0;1;0;0;63.6;64;
21.04.2014;14:17:08;1;1;0;0;63.6;64;
21.04.2014;14:17:13;0;1;0;0;63.7;64;
21.04.2014;14:17:18;0;0;0;0;63.7;64;
21.04.2014;14:17:23;1;0;0;0;63.7;64;
21.04.2014;14:17:28;1;0;0;0;63.7;64;
21.04.2014;14:17:33;0;0;0;0;63.6;64;
21.04.2014;14:17:38;0;1;0;0;63.7;64;
21.04.2014;14:17:43;1;1;0;0;63.8;64;
21.04.2014;14:17:48;1;1;0;0;63.8;64;
21.04.2014;14:17:53;0;1;0;0;63.8;64;
21.04.2014;14:17:58;0;0;0;0;63.8;64;
21.04.2014;14:18:03;1;0;0;0;63.9;64;
21.04.2014;14:18:08;0;0;0;0;63.9;64;
21.04.2014;14:18:13;0;0;0;0;63.8;64;
21.04.2014;14:18:18;1;1;0;0;63.8;64;
21.04.2014;14:18:23;1;1;0;0;63.8;64;
21.04.2014;14:18:28;0;1;0;0;63.9;64;
21.04.2014;14:18:33;0;1;0;0;63.9;64;
21.04.2014;14:18:38;1;0;0;0;63.9;64;
21.04.2014;14:18:43;0;0;0;0;64;64;
21.04.2014;14:18:48;0;0;0;0;64.1;64;
21.04.2014;14:18:53;0;0;0;0;64.1;64;
21.04.2014;14:18:58;0;1;0;0;64;64;
21.04.2014;14:19:03;0;1;0;0;64;64;
21.04.2014;14:19:08;0;1;0;0;64;64;
21.04.2014;14:19:13;0;1;0;0;64;64;
21.04.2014;14:19:18;0;0;0;0;64;64;
21.04.2014;14:19:23;0;0;0;0;64;64;
21.04.2014;14:19:28;0;0;0;0;64.1;64;
21.04.2014;14:19:33;0;0;0;0;64.1;64;
21.04.2014;14:19:38;1;1;0;0;64.1;72;
21.04.2014;14:19:43;1;1;0;0;64.1;72;
21.04.2014;14:19:48;1;0;0;0;64.1;72;
21.04.2014;14:19:53;1;0;0;0;64.1;72;
21.04.2014;14:19:58;1;0;0;0;64.1;72;
21.04.2014;14:20:03;1;0;0;0;64.1;72;
21.04.2014;14:20:08;1;0;0;0;64.1;72;
21.04.2014;14:20:13;1;0;0;0;64.2;72;
21.04.2014;14:20:18;1;1;0;0;64.3;72;
21.04.2014;14:20:23;1;1;0;0;64.3;72;
21.04.2014;14:20:28;1;0;0;0;64.3;72;
21.04.2014;14:20:33;1;0;0;0;64.3;72;
21.04.2014;14:20:38;1;0;0;0;64.3;72;
21.04.2014;14:20:43;1;0;0;0;64.4;72;
21.04.2014;14:20:48;1;0;0;0;64.4;72;
21.04.2014;14:20:53;1;0;0;0;64.4;72;
21.04.2014;14:20:58;1;1;0;0;64.5;72;
21.04.2014;14:21:03;1;1;0;0;64.5;72;
21.04.2014;14:21:08;1;0;0;0;64.6;72;
21.04.2014;14:21:13;1;0;0;0;64.6;72;
21.04.2014;14:21:18;1;0;0;0;64.6;72;
21.04.2014;14:21:23;1;0;0;0;64.7;72;
21.04.2014;14:21:28;1;0;0;0;64.7;72;
21.04.2014;14:21:33;1;0;0;0;64.8;72;
21.04.2014;14:21:38;1;1;0;0;64.8;72;
21.04.2014;14:21:43;1;1;0;0;64.8;72;
21.04.2014;14:21:48;1;0;0;0;64.7;72;
21.04.2014;14:21:53;1;0;0;0;64.8;72;
21.04.2014;14:21:58;1;0;0;0;65;72;
21.04.2014;14:22:03;1;0;0;0;65.1;72;
21.04.2014;14:22:08;1;0;0;0;65.1;72;
21.04.2014;14:22:13;1;0;0;0;65.1;72;
21.04.2014;14:22:18;1;1;0;0;65.2;72;
21.04.2014;14:22:23;1;1;0;0;65.2;72;
21.04.2014;14:22:28;1;0;0;0;65.2;72;
21.04.2014;14:22:33;1;0;0;0;65.3;72;
21.04.2014;14:22:38;1;0;0;0;65.3;72;
21.04.2014;14:22:43;1;0;0;0;65.4;72;
21.04.2014;14:22:48;1;0;0;0;65.4;72;
21.04.2014;14:22:53;1;0;0;0;65.5;72;
21.04.2014;14:22:58;1;1;0;0;65.5;72;
21.04.2014;14:23:03;1;1;0;0;65.8;72;
21.04.2014;14:23:08;1;0;0;0;65.8;72;
21.04.2014;14:23:13;1;0;0;0;65.9;72;
21.04.2014;14:23:18;1;0;0;0;65.9;72;
21.04.2014;14:23:23;1;0;0;0;66.1;72;
21.04.2014;14:23:28;1;0;0;0;66.2;72;
21.04.2014;14:23:33;1;0;0;0;66.3;72;
21.04.2014;14:23:38;1;1;0;0;66.4;72;
21.04.2014;14:23:43;1;1;0;0;66.6;72;
21.04.2014;14:23:48;1;0;0;0;66.7;72;
21.04.2014;14:23:53;1;0;0;0;66.7;72;
21.04.2014;14:23:58;1;0;0;0;66.8;72;
21.04.2014;14:24:03;1;0;0;0;66.9;72;
21.04.2014;14:24:08;1;0;0;0;66.9;72;
21.04.2014;14:24:13;1;0;0;0;66.9;72;
21.04.2014;14:24:18;1;1;0;0;66.9;72;
21.04.2014;14:24:23;1;1;0;0;67.2;72;
21.04.2014;14:24:28;1;0;0;0;67.2;72;
21.04.2014;14:24:33;1;0;0;0;67.4;72;
21.04.2014;14:24:38;1;0;0;0;67.4;72;
21.04.2014;14:24:43;1;0;0;0;67.4;72;
21.04.2014;14:24:48;1;0;0;0;67.4;72;
21.04.2014;14:24:53;1;0;0;0;67.5;72;
21.04.2014;14:24:58;1;1;0;0;67.8;72;
21.04.2014;14:25:03;1;1;0;0;68;72;
21.04.2014;14:25:08;1;0;0;0;68.2;72;
21.04.2014;14:25:13;1;0;0;0;68.2;72;
21.04.2014;14:25:18;1;0;0;0;68.1;72;
21.04.2014;14:25:23;1;0;0;0;68.2;72;
21.04.2014;14:25:28;1;0;0;0;68.3;72;
21.04.2014;14:25:33;1;0;0;0;68.3;72;
21.04.2014;14:25:38;1;1;0;0;68.4;72;
21.04.2014;14:25:43;1;1;0;0;68.7;72;
21.04.2014;14:25:48;1;0;0;0;68.7;72;
21.04.2014;14:25:53;1;0;0;0;68.7;72;
21.04.2014;14:25:58;1;0;0;0;68.7;72;
21.04.2014;14:26:03;1;0;0;0;68.9;72;
21.04.2014;14:26:08;1;0;0;0;68.9;72;
21.04.2014;14:26:13;1;0;0;0;69;72;
21.04.2014;14:26:18;1;1;0;0;69;72;
21.04.2014;14:26:23;1;1;0;0;69;72;
21.04.2014;14:26:28;1;0;0;0;69.2;72;
21.04.2014;14:26:33;1;0;0;0;69.3;72;
21.04.2014;14:26:38;1;0;0;0;69.4;72;
21.04.2014;14:26:43;1;0;0;0;69.5;72;
21.04.2014;14:26:48;1;0;0;0;69.5;72;
21.04.2014;14:26:53;1;0;0;0;69.6;72;
21.04.2014;14:26:58;1;1;0;0;69.5;72;
21.04.2014;14:27:03;1;1;0;0;69.6;72;
21.04.2014;14:27:08;1;0;0;0;69.7;72;
21.04.2014;14:27:13;1;0;0;0;69.9;72;
21.04.2014;14:27:18;1;0;0;0;70;72;
21.04.2014;14:27:23;1;0;0;0;70.1;72;
21.04.2014;14:27:28;0;0;0;0;70;72;
21.04.2014;14:27:33;0;0;0;0;70.2;72;
21.04.2014;14:27:38;1;1;0;0;70.2;72;
21.04.2014;14:27:44;1;1;0;0;70.3;72;
21.04.2014;14:27:49;0;0;0;0;70.5;72;
21.04.2014;14:27:54;0;0;0;0;70.6;72;
21.04.2014;14:27:59;1;0;0;0;70.6;72;
21.04.2014;14:28:04;0;0;0;0;70.6;72;
21.04.2014;14:28:09;0;0;0;0;70.7;72;
21.04.2014;14:28:14;1;0;0;0;70.7;72;
21.04.2014;14:28:19;1;1;0;0;70.8;72;
21.04.2014;14:28:24;0;1;0;0;70.8;72;
21.04.2014;14:28:29;0;0;0;0;71;72;
21.04.2014;14:28:34;1;0;0;0;71.1;72;
21.04.2014;14:28:39;0;0;0;0;71.2;72;
21.04.2014;14:28:44;0;0;0;0;71.2;72;
21.04.2014;14:28:49;1;0;0;0;71.3;72;
21.04.2014;14:28:54;1;0;0;0;71.3;72;
21.04.2014;14:28:59;0;1;0;0;71.5;72;
21.04.2014;14:29:04;0;1;0;0;71.5;72;
21.04.2014;14:29:09;1;0;0;0;71.3;72;
21.04.2014;14:29:14;0;0;0;0;71.4;72;
21.04.2014;14:29:19;0;0;0;0;71.4;72;
21.04.2014;14:29:24;1;0;0;0;71.4;72;
21.04.2014;14:29:29;1;0;0;0;71.4;72;
21.04.2014;14:29:34;0;0;0;0;71.5;72;
21.04.2014;14:29:39;0;1;0;0;71.5;72;
21.04.2014;14:29:44;1;1;0;0;71.8;72;
21.04.2014;14:29:49;1;0;0;0;71.8;72;
21.04.2014;14:29:54;0;0;0;0;71.9;72;
21.04.2014;14:29:59;0;0;0;0;71.9;72;
21.04.2014;14:30:04;0;0;0;0;72;72;
21.04.2014;14:30:09;0;1;0;0;72;72;
21.04.2014;14:30:14;1;1;0;0;71.9;72;
21.04.2014;14:30:19;1;0;0;0;71.9;72;
21.04.2014;14:30:24;0;0;0;0;72;72;
21.04.2014;14:30:29;0;0;0;0;72;72;
21.04.2014;14:30:34;0;0;0;0;72.1;72;
21.04.2014;14:30:39;0;0;0;0;72.1;72;
21.04.2014;14:30:44;0;0;0;0;72.1;72;
21.04.2014;14:30:49;0;1;0;0;72.1;72;
21.04.2014;14:30:54;0;1;0;0;72.1;72;
21.04.2014;14:30:59;0;0;0;0;72.2;72;
21.04.2014;14:31:04;0;0;0;0;72.2;72;
21.04.2014;14:31:09;0;0;0;0;72.1;72;
21.04.2014;14:31:14;0;0;0;0;72.3;72;
21.04.2014;14:31:19;0;0;0;0;72.4;72;
21.04.2014;14:31:24;0;1;0;0;72.2;72;
21.04.2014;14:31:29;0;1;0;0;72.2;72;
21.04.2014;14:31:34;0;0;0;0;72.2;72;
21.04.2014;14:31:39;0;0;0;0;72.1;72;
21.04.2014;14:31:44;0;0;0;0;72.2;72;
21.04.2014;14:31:49;0;0;0;0;72.2;72;
21.04.2014;14:31:54;0;0;0;0;72.4;72;
21.04.2014;14:31:59;0;0;0;0;72.4;72;
21.04.2014;14:32:04;0;1;0;0;72.4;72;
21.04.2014;14:32:09;0;1;0;0;72.3;72;
21.04.2014;14:32:14;0;0;0;0;72.3;72;
21.04.2014;14:32:19;0;0;0;0;72.4;72;
21.04.2014;14:32:24;0;0;0;0;72.5;72;
21.04.2014;14:32:29;0;0;0;0;72.5;72;
21.04.2014;14:32:34;0;0;0;0;72.4;72;
21.04.2014;14:32:39;0;0;0;0;72.5;72;
21.04.2014;14:32:44;0;1;0;0;72.4;72;
21.04.2014;14:32:49;0;1;0;0;72.5;72;
21.04.2014;14:32:54;0;0;0;0;72.6;72;
21.04.2014;14:32:59;0;0;0;0;72.5;72;
21.04.2014;14:33:04;0;0;0;0;72.4;72;
21.04.2014;14:33:09;0;0;0;0;72.3;72;
21.04.2014;14:33:14;0;0;0;0;72.3;72;
21.04.2014;14:33:19;0;0;0;0;72.3;72;
21.04.2014;14:33:24;0;1;0;0;72.3;72;
21.04.2014;14:33:29;0;1;0;0;72.2;72;
21.04.2014;14:33:34;0;0;0;0;72.2;72;
21.04.2014;14:33:39;0;0;0;0;72.2;72;
21.04.2014;14:33:44;0;0;0;0;72.1;72;
21.04.2014;14:33:49;0;0;0;0;72.2;72;
21.04.2014;14:33:54;0;0;0;0;72.2;72;
21.04.2014;14:33:59;0;0;0;0;72.1;72;
21.04.2014;14:34:04;0;1;0;0;72.1;72;
21.04.2014;14:34:09;0;1;0;0;72.1;72;
21.04.2014;14:34:14;0;0;0;0;72;72;
21.04.2014;14:34:19;1;0;0;0;71.9;72;
21.04.2014;14:34:24;1;0;0;0;71.9;72;
21.04.2014;14:34:29;0;0;0;0;71.8;72;
21.04.2014;14:34:34;0;0;0;0;71.9;72;
21.04.2014;14:34:39;1;0;0;0;71.9;72;
21.04.2014;14:34:44;1;1;0;0;71.9;72;
21.04.2014;14:34:49;0;1;0;0;71.9;72;
21.04.2014;14:34:54;0;0;0;0;72;72;
21.04.2014;14:34:59;1;0;0;0;71.9;72;
21.04.2014;14:35:04;0;0;0;0;72;72;
21.04.2014;14:35:09;0;0;0;0;72;72;
21.04.2014;14:35:14;0;0;0;0;72;72;
21.04.2014;14:35:19;0;0;0;0;71.9;72;
21.04.2014;14:35:24;1;1;0;0;71.8;72;
21.04.2014;14:35:29;0;1;0;0;71.9;72;
21.04.2014;14:35:34;0;0;0;0;71.9;72;
21.04.2014;14:35:39;1;0;0;0;71.8;72;
21.04.2014;14:35:44;1;0;0;0;71.9;72;
21.04.2014;14:35:49;0;0;0;0;71.9;72;
21.04.2014;14:35:54;0;0;0;0;71.9;72;
21.04.2014;14:35:59;1;0;0;0;71.9;72;
21.04.2014;14:36:04;0;1;0;0;71.9;72;
21.04.2014;14:36:09;0;1;0;0;71.8;72;
21.04.2014;14:36:14;1;0;0;0;71.7;72;
21.04.2014;14:36:19;1;0;0;0;71.7;72;
21.04.2014;14:36:24;0;0;0;0;71.7;72;
21.04.2014;14:36:29;0;0;0;0;71.6;72;
21.04.2014;14:36:34;1;0;0;0;71.6;72;
21.04.2014;14:36:39;1;0;0;0;71.6;72;
21.04.2014;14:36:44;0;1;0;0;71.6;72;
21.04.2014;14:36:49;1;1;0;0;71.6;72;
21.04.2014;14:36:54;1;0;0;0;71.6;72;
21.04.2014;14:36:59;0;0;0;0;71.7;72;
21.04.2014;14:37:04;0;0;0;0;71.7;72;
21.04.2014;14:37:09;1;0;0;0;71.7;72;
21.04.2014;14:37:14;1;0;0;0;71.7;72;
21.04.2014;14:37:19;0;0;0;0;71.8;72;
21.04.2014;14:37:24;0;1;0;0;71.8;72;
21.04.2014;14:37:29;1;1;0;0;71.7;72;
21.04.2014;14:37:34;0;0;0;0;71.7;72;
21.04.2014;14:37:39;0;0;0;0;71.6;72;
21.04.2014;14:37:44;1;0;0;0;71.7;72;
21.04.2014;14:37:49;1;0;0;0;71.7;72;
21.04.2014;14:37:54;0;0;0;0;71.7;72;
21.04.2014;14:37:59;0;0;0;0;71.8;72;
21.04.2014;14:38:04;1;1;0;0;71.9;72;
21.04.2014;14:38:09;0;1;0;0;71.9;72;
21.04.2014;14:38:14;0;0;0;0;72;72;
21.04.2014;14:38:19;0;0;0;0;72;72;
21.04.2014;14:38:24;0;0;0;0;72.1;72;
21.04.2014;14:38:29;0;0;0;0;72.1;72;
21.04.2014;14:38:34;0;0;0;0;72.1;72;
21.04.2014;14:38:39;0;0;0;0;72;72;
21.04.2014;14:38:44;0;1;0;0;72;72;
21.04.2014;14:38:49;0;1;0;0;72;72;
21.04.2014;14:38:54;0;0;0;0;72;72;
21.04.2014;14:38:59;0;0;0;0;72;72;
21.04.2014;14:39:04;0;0;0;0;72;72;
21.04.2014;14:39:09;0;0;0;0;72;72;
21.04.2014;14:39:14;0;0;0;0;72;72;
21.04.2014;14:39:20;1;0;0;0;71.9;72;
21.04.2014;14:39:25;0;1;0;0;72.1;72;
21.04.2014;14:39:30;0;1;0;0;72.1;72;
21.04.2014;14:39:35;0;0;0;0;72.1;72;
21.04.2014;14:39:40;0;0;0;0;72;72;
21.04.2014;14:39:45;1;0;0;0;71.9;72;
21.04.2014;14:39:50;0;0;0;0;72;72;
21.04.2014;14:39:55;0;0;0;0;72.1;72;
21.04.2014;14:40:00;0;0;0;0;72.2;72;
21.04.2014;14:40:05;0;1;0;0;72.1;72;
21.04.2014;14:40:10;0;1;0;0;72.1;72;
21.04.2014;14:40:15;0;0;0;0;72;72;
21.04.2014;14:40:20;0;0;0;0;72.1;72;
21.04.2014;14:40:25;0;0;0;0;72;72;
21.04.2014;14:40:30;1;0;0;0;71.9;72;
21.04.2014;14:40:35;1;0;0;0;71.7;72;
21.04.2014;14:40:40;0;0;0;0;71.7;72;
21.04.2014;14:40:45;0;1;0;0;71.8;72;
21.04.2014;14:40:50;1;1;0;0;72;72;
21.04.2014;14:40:55;0;0;0;0;72;72;
21.04.2014;14:41:00;0;0;0;0;72.1;72;
21.04.2014;14:41:05;0;0;0;0;72.2;72;
21.04.2014;14:41:10;0;0;0;0;72.1;72;
21.04.2014;14:41:15;0;0;0;0;72;72;
21.04.2014;14:41:20;0;0;0;0;72;72;
21.04.2014;14:41:25;1;1;0;0;71.9;72;
21.04.2014;14:41:30;0;1;0;0;71.9;72;
21.04.2014;14:41:35;0;0;0;0;72;72;
21.04.2014;14:41:40;0;0;0;0;72;72;
21.04.2014;14:41:45;1;0;0;0;71.9;72;
21.04.2014;14:41:50;1;0;0;0;71.8;72;
21.04.2014;14:41:55;0;0;0;0;71.9;72;
21.04.2014;14:42:00;0;0;0;0;71.9;72;
21.04.2014;14:42:05;1;1;0;0;71.9;72;
21.04.2014;14:42:10;0;1;0;0;71.8;72;
21.04.2014;14:42:15;0;0;0;0;71.7;72;
21.04.2014;14:42:20;1;0;0;0;71.7;72;
21.04.2014;14:42:25;0;0;0;0;72;72;
21.04.2014;14:42:30;1;0;0;0;71.9;72;
21.04.2014;14:42:35;0;0;0;0;72;72;
21.04.2014;14:42:40;0;0;0;0;72.1;72;
21.04.2014;14:42:45;0;1;0;0;72.1;72;
21.04.2014;14:42:50;0;1;0;0;72;72;
21.04.2014;14:42:55;0;0;0;0;72;72;
21.04.2014;14:43:00;1;0;0;0;71.9;72;
21.04.2014;14:43:05;0;0;0;0;72;72;
21.04.2014;14:43:10;1;0;0;0;71.9;72;
21.04.2014;14:43:15;1;0;0;0;71.9;72;
21.04.2014;14:43:20;0;0;0;0;71.7;72;
21.04.2014;14:43:25;0;1;0;0;71.8;72;
21.04.2014;14:43:30;1;1;0;0;71.7;72;
21.04.2014;14:43:35;0;0;0;0;71.8;72;
21.04.2014;14:43:40;0;0;0;0;71.8;72;
21.04.2014;14:43:45;1;0;0;0;71.7;72;
21.04.2014;14:43:50;1;0;0;0;71.7;72;
21.04.2014;14:43:55;0;0;0;0;71.7;72;
21.04.2014;14:44:00;0;0;0;0;71.8;72;
21.04.2014;14:44:05;1;1;0;0;71.8;72;
21.04.2014;14:44:10;1;1;0;0;71.9;72;
21.04.2014;14:44:15;0;0;0;0;71.9;72;
21.04.2014;14:44:20;0;0;0;0;72;72;
21.04.2014;14:44:25;1;0;0;0;71.8;72;
21.04.2014;14:44:30;1;0;0;0;71.9;72;
21.04.2014;14:44:35;0;0;0;0;71.9;72;
21.04.2014;14:44:40;0;0;0;0;71.8;72;
21.04.2014;14:44:45;1;1;0;0;71.8;72;
21.04.2014;14:44:50;0;1;0;0;71.9;72;
21.04.2014;14:44:55;0;0;0;0;72;72;
21.04.2014;14:45:00;0;0;0;0;72.1;72;
21.04.2014;14:45:05;0;0;0;0;72.1;72;
21.04.2014;14:45:10;0;0;0;0;72.2;72;
21.04.2014;14:45:15;0;0;0;0;72;72;
21.04.2014;14:45:20;1;0;0;0;71.9;72;
21.04.2014;14:45:25;1;1;0;0;71.8;72;
21.04.2014;14:45:30;0;1;0;0;72;72;
21.04.2014;14:45:35;0;0;0;0;72;72;
21.04.2014;14:45:40;0;0;0;0;72.1;72;
21.04.2014;14:45:45;0;0;0;0;72.1;72;
21.04.2014;14:45:50;0;0;0;0;72.1;72;
21.04.2014;14:45:55;0;0;0;0;72.2;72;
21.04.2014;14:46:00;0;0;0;0;72.2;72;
21.04.2014;14:46:05;0;1;0;0;72.1;72;
21.04.2014;14:46:10;0;1;0;0;71.9;72;
21.04.2014;14:46:15;1;0;0;0;71.9;72;
21.04.2014;14:46:20;0;0;0;0;71.9;72;
21.04.2014;14:46:25;1;0;0;0;71.9;72;
21.04.2014;14:46:30;1;0;0;0;71.9;72;
21.04.2014;14:46:35;0;0;0;0;71.9;72;
21.04.2014;14:46:40;0;0;0;0;72;72;
21.04.2014;14:46:45;0;1;0;0;72;72;
21.04.2014;14:46:50;0;1;0;0;72;72;
21.04.2014;14:46:55;0;0;0;0;72;72;
21.04.2014;14:47:00;0;0;0;0;72.1;72;
21.04.2014;14:47:05;0;0;0;0;72;72;
21.04.2014;14:47:10;0;0;0;0;72;72;
21.04.2014;14:47:15;0;0;0;0;72.1;72;
21.04.2014;14:47:20;0;0;0;0;72.1;72;
21.04.2014;14:47:25;0;1;0;0;72.1;72;
21.04.2014;14:47:30;0;1;0;0;72.1;72;
21.04.2014;14:47:35;0;0;0;0;72;72;
21.04.2014;14:47:40;0;0;0;0;72;72;
21.04.2014;14:47:45;1;0;0;0;71.9;72;
21.04.2014;14:47:50;0;0;0;0;71.9;72;
21.04.2014;14:47:55;0;0;0;0;72;72;
21.04.2014;14:48:00;1;0;0;0;71.9;72;
21.04.2014;14:48:05;0;1;0;0;72;72;
21.04.2014;14:48:10;0;1;0;0;72;72;
21.04.2014;14:48:15;0;0;0;0;71.9;72;
21.04.2014;14:48:20;1;0;0;0;71.9;72;
21.04.2014;14:48:25;0;0;0;0;71.9;72;
21.04.2014;14:48:30;0;0;0;0;71.9;72;
21.04.2014;14:48:35;1;0;0;0;71.9;72;
21.04.2014;14:48:40;0;0;0;0;72;72;
21.04.2014;14:48:45;1;1;0;0;71.9;72;
21.04.2014;14:48:50;1;1;0;0;71.9;72;
21.04.2014;14:48:55;0;0;0;0;71.8;72;
21.04.2014;14:49:00;0;0;0;0;71.8;72;
21.04.2014;14:49:05;1;0;0;0;71.9;72;
21.04.2014;14:49:10;0;0;0;0;71.9;72;
21.04.2014;14:49:15;0;0;0;0;72;72;
21.04.2014;14:49:20;1;0;0;0;71.9;72;
21.04.2014;14:49:25;1;1;0;0;71.9;72;
21.04.2014;14:49:30;0;1;0;0;71.8;72;
21.04.2014;14:49:35;0;0;0;0;71.8;72;
21.04.2014;14:49:40;1;0;0;0;71.9;72;
21.04.2014;14:49:45;0;0;0;0;72;72;
21.04.2014;14:49:50;1;0;0;0;71.9;72;
21.04.2014;14:49:55;1;0;0;0;71.9;72;
21.04.2014;14:50:00;0;0;0;0;71.9;72;
21.04.2014;14:50:05;0;1;0;0;72;72;
21.04.2014;14:50:10;0;1;0;0;72.2;72;
21.04.2014;14:50:15;0;0;0;0;72.1;72;
21.04.2014;14:50:20;0;0;0;0;72.1;72;
21.04.2014;14:50:25;0;0;0;0;72.1;72;
21.04.2014;14:50:30;0;0;0;0;72;72;
21.04.2014;14:50:35;0;0;0;0;72.1;72;
21.04.2014;14:50:40;0;0;0;0;72.1;72;
21.04.2014;14:50:45;0;1;0;0;72.2;72;
21.04.2014;14:50:50;0;1;0;0;72.2;72;
21.04.2014;14:50:56;0;0;0;0;72;72;
21.04.2014;14:51:01;0;0;0;0;72;72;
21.04.2014;14:51:06;0;0;0;0;72;72;
21.04.2014;14:51:11;0;0;0;0;72.1;72;
21.04.2014;14:51:16;0;0;0;0;72.1;72;
21.04.2014;14:51:21;0;0;0;0;72.1;72;
21.04.2014;14:51:26;0;1;0;0;72;72;
21.04.2014;14:51:31;0;1;0;0;72;72;
21.04.2014;14:51:36;1;0;0;0;72;72;
21.04.2014;14:51:41;0;0;0;0;72;72;
21.04.2014;14:51:46;1;0;0;0;71.9;72;
21.04.2014;14:51:51;1;0;0;0;71.9;72;
21.04.2014;14:51:56;0;0;0;0;72;72;
21.04.2014;14:52:01;1;0;0;0;71.9;72;
21.04.2014;14:52:06;0;1;0;0;72;72;
21.04.2014;14:52:11;0;1;0;0;72.1;72;
21.04.2014;14:52:16;0;0;0;0;72.1;72;
21.04.2014;14:52:21;0;0;0;0;72;72;
21.04.2014;14:52:26;0;0;0;0;72;72;
21.04.2014;14:52:31;1;0;0;0;71.9;72;
21.04.2014;14:52:36;1;0;0;0;72;72;
21.04.2014;14:52:41;0;0;0;0;72.1;72;
21.04.2014;14:52:46;0;1;0;0;72.1;72;
21.04.2014;14:52:51;1;1;0;0;71.9;72;
21.04.2014;14:52:56;1;0;0;0;71.9;72;
21.04.2014;14:53:01;0;0;0;0;71.9;72;
21.04.2014;14:53:06;0;0;0;0;71.8;72;
21.04.2014;14:53:11;1;0;0;0;71.8;72;
21.04.2014;14:53:16;0;0;0;0;71.8;72;
21.04.2014;14:53:21;0;0;0;0;71.7;72;
21.04.2014;14:53:26;1;1;0;0;71.7;72;
21.04.2014;14:53:31;1;1;0;0;71.7;72;
21.04.2014;14:53:36;0;0;0;0;71.6;72;
21.04.2014;14:53:41;0;0;0;0;71.8;72;
21.04.2014;14:53:46;1;0;0;0;71.8;72;
21.04.2014;14:53:51;0;0;0;0;71.7;72;
21.04.2014;14:53:56;0;0;0;0;71.7;72;
21.04.2014;14:54:01;1;0;0;0;71.7;72;
21.04.2014;14:54:06;1;1;0;0;71.7;72;
21.04.2014;14:54:11;0;1;0;0;71.7;72;
21.04.2014;14:54:16;0;0;0;0;71.8;72;
21.04.2014;14:54:21;1;0;0;0;71.7;72;
21.04.2014;14:54:26;0;0;0;0;71.7;72;
21.04.2014;14:54:31;0;0;0;0;71.8;72;
21.04.2014;14:54:36;1;0;0;0;71.9;72;
21.04.2014;14:54:41;1;0;0;0;71.9;72;
21.04.2014;14:54:46;0;1;0;0;71.9;72;
21.04.2014;14:54:51;0;1;0;0;72;72;
21.04.2014;14:54:56;0;0;0;0;72.1;72;
21.04.2014;14:55:01;0;0;0;0;72;72;
21.04.2014;14:55:06;0;0;0;0;72.2;72;
21.04.2014;14:55:11;0;0;0;0;72.1;72;
21.04.2014;14:55:16;0;0;0;0;72;72;
21.04.2014;14:55:21;0;0;0;0;72;72;
21.04.2014;14:55:26;0;1;0;0;72;72;
21.04.2014;14:55:31;1;1;0;0;71.9;72;
21.04.2014;14:55:36;1;0;0;0;71.9;72;
21.04.2014;14:55:41;0;0;0;0;72;72;
21.04.2014;14:55:46;0;0;0;0;72;72;
21.04.2014;14:55:51;1;0;0;0;71.9;72;
21.04.2014;14:55:56;0;0;0;0;72;72;
21.04.2014;14:56:01;0;0;0;0;72;72;
21.04.2014;14:56:06;0;1;0;0;72.1;72;
21.04.2014;14:56:11;0;1;0;0;72.1;72;
21.04.2014;14:56:16;0;0;0;0;72;72;
21.04.2014;14:56:21;0;0;0;0;72.1;72;
21.04.2014;14:56:26;0;0;0;0;72.1;72;
21.04.2014;14:56:31;0;0;0;0;72.1;72;
21.04.2014;14:56:36;0;0;0;0;72.2;72;
21.04.2014;14:56:41;0;0;0;0;72.3;72;
21.04.2014;14:56:46;0;1;0;0;72.2;72;
21.04.2014;14:56:51;0;1;0;0;72.2;72;
21.04.2014;14:56:56;0;0;0;0;72.2;72;
21.04.2014;14:57:01;0;0;0;0;72.2;72;
21.04.2014;14:57:06;0;0;0;0;72.1;72;
21.04.2014;14:57:11;0;0;0;0;72.1;72;
21.04.2014;14:57:16;0;0;0;0;72;72;
21.04.2014;14:57:21;0;0;0;0;72;72;
21.04.2014;14:57:26;1;1;0;0;71.9;72;
21.04.2014;14:57:31;1;1;0;0;71.9;72;
21.04.2014;14:57:36;0;0;0;0;71.9;72;
21.04.2014;14:57:41;0;0;0;0;71.7;72;
21.04.2014;14:57:46;1;0;0;0;71.7;72;
21.04.2014;14:57:51;0;0;0;0;71.7;72;
21.04.2014;14:57:56;0;0;0;0;71.8;72;
21.04.2014;14:58:01;1;0;0;0;71.9;72;
21.04.2014;14:58:06;0;1;0;0;72;72;
21.04.2014;14:58:11;1;1;0;0;71.9;72;
21.04.2014;14:58:16;1;0;0;0;71.9;72;
21.04.2014;14:58:21;0;0;0;0;71.8;72;
21.04.2014;14:58:26;0;0;0;0;71.8;72;
21.04.2014;14:58:31;1;0;0;0;71.8;72;
21.04.2014;14:58:36;0;0;0;0;71.9;72;
21.04.2014;14:58:41;0;0;0;0;71.7;72;
21.04.2014;14:58:46;1;1;0;0;71.8;72;
21.04.2014;14:58:51;1;1;0;0;71.7;72;
21.04.2014;14:58:56;0;0;0;0;71.6;72;
21.04.2014;14:59:01;0;0;0;0;71.7;72;
21.04.2014;14:59:06;1;0;0;0;71.7;72;
21.04.2014;14:59:11;0;0;0;0;71.6;72;
21.04.2014;14:59:16;0;0;0;0;71.6;72;
21.04.2014;14:59:21;1;0;0;0;71.8;72;
21.04.2014;14:59:26;1;1;0;0;71.7;72;
21.04.2014;14:59:31;0;1;0;0;71.8;72;
21.04.2014;14:59:36;0;0;0;0;71.8;72;
21.04.2014;14:59:41;1;0;0;0;71.8;72;
21.04.2014;14:59:46;0;0;0;0;71.9;72;
21.04.2014;14:59:51;0;0;0;0;71.9;72;
21.04.2014;14:59:56;1;0;0;0;71.9;72;
21.04.2014;15:00:01;1;0;0;0;71.9;72;
21.04.2014;15:00:06;0;1;0;0;71.9;72;
21.04.2014;15:00:11;0;1;0;0;71.9;72;
21.04.2014;15:00:16;1;0;0;0;71.8;72;
21.04.2014;15:00:21;1;0;0;0;71.8;72;
21.04.2014;15:00:26;0;0;0;0;72;72;
21.04.2014;15:00:31;0;0;0;0;72;72;
21.04.2014;15:00:36;0;0;0;0;72;72;
21.04.2014;15:00:41;0;0;0;0;72;72;
21.04.2014;15:00:46;0;1;0;0;72;72;
21.04.2014;15:00:51;1;1;0;0;71.9;72;
21.04.2014;15:00:56;1;0;0;0;71.9;72;
21.04.2014;15:01:01;0;0;0;0;71.8;72;
21.04.2014;15:01:06;0;0;0;0;72;72;
21.04.2014;15:01:11;0;0;0;0;72.1;72;
21.04.2014;15:01:16;0;0;0;0;72;72;
21.04.2014;15:01:21;0;0;0;0;72;72;
21.04.2014;15:01:26;0;1;0;0;72;72;
21.04.2014;15:01:31;0;1;0;0;72;72;
21.04.2014;15:01:36;0;0;0;0;72;72;
21.04.2014;15:01:41;0;0;0;0;72.1;72;
21.04.2014;15:01:46;0;0;0;0;72.1;72;
21.04.2014;15:01:51;0;0;0;0;72.1;72;
21.04.2014;15:01:56;0;0;0;0;72.1;72;
21.04.2014;15:02:01;0;0;0;0;72;72;
21.04.2014;15:02:06;0;1;0;0;72;72;
21.04.2014;15:02:11;1;1;0;0;71.9;72;
21.04.2014;15:02:16;0;0;0;0;72.1;72;
21.04.2014;15:02:21;0;0;0;0;72.1;72;
21.04.2014;15:02:26;0;0;0;0;72.2;72;
21.04.2014;15:02:32;0;0;0;0;72.1;72;
21.04.2014;15:02:37;0;0;0;0;72;72;
21.04.2014;15:02:42;0;0;0;0;72;72;
21.04.2014;15:02:47;0;1;0;0;72.1;72;
21.04.2014;15:02:52;0;1;0;0;72.1;72;
21.04.2014;15:02:57;0;0;0;0;72;72;
21.04.2014;15:03:02;1;0;0;0;71.9;72;
21.04.2014;15:03:07;0;0;0;0;72.1;72;
21.04.2014;15:03:12;0;0;0;0;72.1;72;
21.04.2014;15:03:17;0;0;0;0;72.1;72;
21.04.2014;15:03:22;0;0;0;0;72.1;72;
21.04.2014;15:03:27;0;1;0;0;72;72;
21.04.2014;15:03:32;0;1;0;0;72;72;
21.04.2014;15:03:37;0;0;0;0;72.1;72;
21.04.2014;15:03:42;0;0;0;0;72;72;
21.04.2014;15:03:47;0;0;0;0;72;72;
21.04.2014;15:03:52;1;0;0;0;71.9;72;
21.04.2014;15:03:57;0;0;0;0;71.9;72;
21.04.2014;15:04:02;0;0;0;0;71.9;72;
21.04.2014;15:04:07;1;1;0;0;71.9;72;
21.04.2014;15:04:12;1;1;0;0;71.9;72;
21.04.2014;15:04:17;0;0;0;0;71.9;72;
21.04.2014;15:04:22;0;0;0;0;71.9;72;
21.04.2014;15:04:27;1;0;0;0;71.9;72;
21.04.2014;15:04:32;1;0;0;0;71.8;72;
21.04.2014;15:04:37;0;0;0;0;71.8;72;
21.04.2014;15:04:42;0;0;0;0;71.8;72;
21.04.2014;15:04:47;1;1;0;0;71.8;72;
21.04.2014;15:04:52;0;1;0;0;71.6;72;
21.04.2014;15:04:57;0;0;0;0;71.6;72;
21.04.2014;15:05:02;1;0;0;0;71.6;72;
21.04.2014;15:05:07;1;0;0;0;71.6;72;
21.04.2014;15:05:12;0;0;0;0;71.7;72;
21.04.2014;15:05:17;0;0;0;0;71.6;72;
21.04.2014;15:05:22;1;0;0;0;71.7;72;
21.04.2014;15:05:27;0;1;0;0;71.7;72;
21.04.2014;15:05:32;0;1;0;0;71.8;72;
21.04.2014;15:05:37;1;0;0;0;71.7;72;
21.04.2014;15:05:42;1;0;0;0;71.6;72;
21.04.2014;15:05:47;0;0;0;0;71.7;72;
21.04.2014;15:05:52;0;0;0;0;71.7;72;
21.04.2014;15:05:57;1;0;0;0;71.7;72;
21.04.2014;15:06:02;0;0;0;0;71.6;72;
21.04.2014;15:06:07;0;1;0;0;71.7;72;
21.04.2014;15:06:12;1;1;0;0;71.7;72;
21.04.2014;15:06:17;1;0;0;0;71.7;72;
21.04.2014;15:06:22;0;0;0;0;71.8;72;
21.04.2014;15:06:27;0;0;0;0;71.9;72;
21.04.2014;15:06:32;1;0;0;0;71.9;72;
21.04.2014;15:06:37;1;0;0;0;71.8;72;
21.04.2014;15:06:42;0;0;0;0;71.8;72;
21.04.2014;15:06:47;0;1;0;0;71.8;72;
21.04.2014;15:06:52;1;1;0;0;71.9;72;
21.04.2014;15:06:57;0;0;0;0;71.9;72;
21.04.2014;15:07:02;0;0;0;0;71.8;72;
21.04.2014;15:07:07;1;0;0;0;71.7;72;
21.04.2014;15:07:12;1;0;0;0;71.8;72;
21.04.2014;15:07:17;0;0;0;0;71.9;72;
21.04.2014;15:07:22;1;0;0;0;71.8;72;
21.04.2014;15:07:27;1;1;0;0;71.7;72;
21.04.2014;15:07:32;0;1;0;0;71.7;72;
21.04.2014;15:07:37;0;0;0;0;71.6;72;
21.04.2014;15:07:42;1;0;0;0;71.7;72;
21.04.2014;15:07:47;1;0;0;0;71.8;72;
21.04.2014;15:07:52;0;0;0;0;71.8;72;
21.04.2014;15:07:57;0;0;0;0;72;72;
21.04.2014;15:08:02;0;0;0;0;72.1;72;
21.04.2014;15:08:07;0;1;0;0;72.1;72;
21.04.2014;15:08:12;0;1;0;0;72.1;72;
21.04.2014;15:08:17;0;0;0;0;72.2;72;
21.04.2014;15:08:22;0;0;0;0;72.2;72;
21.04.2014;15:08:27;0;0;0;0;72.2;72;
21.04.2014;15:08:32;0;0;0;0;72.1;72;
21.04.2014;15:08:37;0;0;0;0;72.2;72;
21.04.2014;15:08:42;0;0;0;0;72.2;72;
21.04.2014;15:08:47;0;1;0;0;72.2;72;
21.04.2014;15:08:52;0;1;0;0;72.1;72;
21.04.2014;15:08:57;0;0;0;0;72.1;72;
21.04.2014;15:09:02;0;0;0;0;72.1;72;
21.04.2014;15:09:07;0;0;0;0;72.1;72;
21.04.2014;15:09:12;0;0;0;0;72.2;72;
21.04.2014;15:09:17;0;0;0;0;72;72;
21.04.2014;15:09:22;0;0;0;0;72;72;
21.04.2014;15:09:27;0;1;0;0;72.1;72;
21.04.2014;15:09:32;0;1;0;0;72.2;72;
21.04.2014;15:09:37;0;0;0;0;72.2;72;
21.04.2014;15:09:42;0;0;0;0;72.2;72;
21.04.2014;15:09:47;0;0;0;0;72.2;72;
21.04.2014;15:09:52;0;0;0;0;72.1;72;
21.04.2014;15:09:57;0;0;0;0;72.1;72;
21.04.2014;15:10:02;0;0;0;0;72;72;
21.04.2014;15:10:07;1;1;0;0;72;78;
21.04.2014;15:10:12;1;1;0;0;72;78;
21.04.2014;15:10:17;1;1;0;0;72.1;78;
21.04.2014;15:10:22;1;1;0;0;72.1;78;
21.04.2014;15:10:27;1;1;0;0;72;78;
21.04.2014;15:10:32;1;1;0;0;72;78;
21.04.2014;15:10:37;1;0;0;0;72;78;
21.04.2014;15:10:42;1;0;0;0;72;78;
21.04.2014;15:10:47;1;1;0;0;72;78;
21.04.2014;15:10:52;1;1;0;0;72;78;
21.04.2014;15:10:57;1;1;0;0;71.9;78;
21.04.2014;15:11:02;1;1;0;0;71.9;78;
21.04.2014;15:11:07;1;1;0;0;71.7;78;
21.04.2014;15:11:12;1;1;0;0;71.8;78;
21.04.2014;15:11:17;1;0;0;0;71.7;78;
21.04.2014;15:11:22;1;0;0;0;71.8;78;
21.04.2014;15:11:27;1;1;0;0;71.9;78;
21.04.2014;15:11:32;1;1;0;0;71.8;78;
21.04.2014;15:11:37;1;1;0;0;71.9;78;
21.04.2014;15:11:42;1;1;0;0;71.9;78;
21.04.2014;15:11:47;1;1;0;0;72.1;78;
21.04.2014;15:11:52;1;1;0;0;72.1;78;
21.04.2014;15:11:57;1;0;0;0;72;78;
21.04.2014;15:12:02;1;0;0;0;72;78;
21.04.2014;15:12:07;1;1;0;0;72.1;78;
21.04.2014;15:12:12;1;1;0;0;72.1;78;
21.04.2014;15:12:17;1;1;0;0;72.2;78;
21.04.2014;15:12:22;1;1;0;0;72.2;78;
21.04.2014;15:12:27;1;1;0;0;72.3;78;
21.04.2014;15:12:32;1;1;0;0;72.4;78;
21.04.2014;15:12:37;1;0;0;0;72.5;78;
21.04.2014;15:12:42;1;0;0;0;72.5;78;
21.04.2014;15:12:47;1;1;0;0;72.6;78;
21.04.2014;15:12:52;1;1;0;0;72.6;78;
21.04.2014;15:12:57;1;1;0;0;72.7;78;
21.04.2014;15:13:02;1;1;0;0;72.8;78;
21.04.2014;15:13:07;1;1;0;0;72.8;78;
21.04.2014;15:13:12;1;1;0;0;72.9;78;
21.04.2014;15:13:17;1;0;0;0;73.1;78;
21.04.2014;15:13:22;1;0;0;0;73.1;78;
21.04.2014;15:13:27;1;1;0;0;73.3;78;
21.04.2014;15:13:32;1;1;0;0;73.3;78;
21.04.2014;15:13:37;1;1;0;0;73.6;78;
21.04.2014;15:13:42;1;1;0;0;73.7;78;
21.04.2014;15:13:47;1;1;0;0;73.7;78;
21.04.2014;15:13:52;1;1;0;0;73.7;78;
21.04.2014;15:13:57;1;0;0;0;73.7;78;
21.04.2014;15:14:03;1;0;0;0;73.6;78;
21.04.2014;15:14:08;1;1;0;0;73.6;78;
21.04.2014;15:14:13;1;1;0;0;73.7;78;
21.04.2014;15:14:18;1;1;0;0;73.8;78;
21.04.2014;15:14:23;1;1;0;0;73.8;78;
21.04.2014;15:14:28;1;1;0;0;73.9;78;
21.04.2014;15:14:33;1;1;0;0;74.1;78;
21.04.2014;15:14:38;1;0;0;0;74.2;78;
21.04.2014;15:14:43;1;0;0;0;74.3;78;
21.04.2014;15:14:48;1;1;0;0;74.3;78;
21.04.2014;15:14:53;1;1;0;0;74.3;78;
21.04.2014;15:14:58;1;1;0;0;74.4;78;
21.04.2014;15:15:03;1;1;0;0;74.5;78;
21.04.2014;15:15:08;1;1;0;0;74.4;78;
21.04.2014;15:15:13;1;1;0;0;74.5;78;
21.04.2014;15:15:18;1;0;0;0;74.6;78;
21.04.2014;15:15:23;1;0;0;0;74.6;78;
21.04.2014;15:15:28;1;1;0;0;74.7;78;
21.04.2014;15:15:33;1;1;0;0;74.8;78;
21.04.2014;15:15:38;1;1;0;0;74.8;78;
21.04.2014;15:15:43;1;1;0;0;74.9;78;
21.04.2014;15:15:48;1;1;0;0;75;78;
21.04.2014;15:15:53;1;1;0;0;75.1;78;
21.04.2014;15:15:58;1;0;0;0;75;78;
21.04.2014;15:16:03;1;0;0;0;75.2;78;
21.04.2014;15:16:08;1;1;0;0;75.2;78;
21.04.2014;15:16:13;1;1;0;0;75.2;78;
21.04.2014;15:16:18;1;1;0;0;75.2;78;
21.04.2014;15:16:23;1;1;0;0;75.3;78;
21.04.2014;15:16:28;1;1;0;0;75.4;78;
21.04.2014;15:16:33;1;1;0;0;75.5;78;
21.04.2014;15:16:38;1;0;0;0;75.7;78;
21.04.2014;15:16:43;1;0;0;0;75.8;78;
21.04.2014;15:16:48;1;1;0;0;75.7;78;
21.04.2014;15:16:53;1;1;0;0;75.8;78;
21.04.2014;15:16:58;1;1;0;0;75.8;78;
21.04.2014;15:17:03;1;1;0;0;76;78;
21.04.2014;15:17:08;1;1;0;0;76.1;78;
21.04.2014;15:17:13;0;1;0;0;76.2;78;
21.04.2014;15:17:18;0;0;0;0;76.4;78;
21.04.2014;15:17:23;1;0;0;0;76.5;78;
21.04.2014;15:17:28;0;1;0;0;76.6;78;
21.04.2014;15:17:33;0;1;0;0;76.6;78;
21.04.2014;15:17:38;1;1;0;0;76.7;78;
21.04.2014;15:17:43;1;1;0;0;76.8;78;
21.04.2014;15:17:48;0;1;0;0;76.8;78;
21.04.2014;15:17:53;0;1;0;0;77;78;
21.04.2014;15:17:58;1;0;0;0;76.9;78;
21.04.2014;15:18:03;1;0;0;0;77.1;78;
21.04.2014;15:18:08;0;1;0;0;77.1;78;
21.04.2014;15:18:13;0;1;0;0;77.1;78;
21.04.2014;15:18:18;1;1;0;0;77.2;78;
21.04.2014;15:18:23;0;1;0;0;77.3;78;
21.04.2014;15:18:28;0;1;0;0;77.4;78;
21.04.2014;15:18:33;1;1;0;0;77.5;78;
21.04.2014;15:18:38;1;0;0;0;77.4;78;
21.04.2014;15:18:43;0;0;0;0;77.5;78;
21.04.2014;15:18:48;0;1;0;0;77.5;78;
21.04.2014;15:18:53;1;1;0;0;77.5;78;
21.04.2014;15:18:58;0;1;0;0;77.6;78;
21.04.2014;15:19:03;0;1;0;0;77.5;78;
21.04.2014;15:19:08;1;1;0;0;77.5;78;
21.04.2014;15:19:13;1;1;0;0;77.5;78;
21.04.2014;15:19:18;0;0;0;0;77.5;78;
21.04.2014;15:19:23;0;0;0;0;77.6;78;
21.04.2014;15:19:28;1;1;0;0;77.6;78;
21.04.2014;15:19:33;0;1;0;0;77.5;78;
21.04.2014;15:19:38;0;1;0;0;77.6;78;
21.04.2014;15:19:43;1;1;0;0;77.7;78;
21.04.2014;15:19:48;1;1;0;0;77.8;78;
21.04.2014;15:19:53;0;1;0;0;77.9;78;
21.04.2014;15:19:58;0;0;0;0;77.9;78;
21.04.2014;15:20:03;1;0;0;0;77.9;78;
21.04.2014;15:20:08;1;1;0;0;77.8;78;
21.04.2014;15:20:13;0;1;0;0;77.8;78;
21.04.2014;15:20:18;0;1;0;0;77.9;78;
21.04.2014;15:20:23;1;1;0;0;77.8;78;
21.04.2014;15:20:28;0;1;0;0;77.9;78;
21.04.2014;15:20:33;0;1;0;0;77.9;78;
21.04.2014;15:20:38;1;0;0;0;77.8;78;
21.04.2014;15:20:43;1;0;0;0;77.9;78;
21.04.2014;15:20:48;0;1;0;0;78;78;
21.04.2014;15:20:53;0;1;0;1;78;78;
21.04.2014;15:20:58;0;1;0;1;78.1;78;
21.04.2014;15:21:03;0;1;0;1;78.1;78;
21.04.2014;15:21:08;0;1;0;1;78.3;78;
21.04.2014;15:21:13;0;1;0;1;78.2;78;
21.04.2014;15:21:18;0;0;0;1;78.2;78;
21.04.2014;15:21:23;0;0;0;1;78;78;
21.04.2014;15:21:28;0;1;0;1;78;78;
21.04.2014;15:21:33;0;1;0;1;78;78;
21.04.2014;15:21:38;0;1;0;1;78;78;
21.04.2014;15:21:43;0;1;0;1;78.1;78;
21.04.2014;15:21:48;0;1;0;1;78.3;78;
21.04.2014;15:21:53;0;1;0;1;78.4;78;
21.04.2014;15:21:58;0;0;0;1;78.4;78;
21.04.2014;15:22:03;0;0;0;1;78.4;78;
21.04.2014;15:22:08;0;1;0;1;78.3;78;
21.04.2014;15:22:13;0;1;0;1;78.4;78;
21.04.2014;15:22:18;0;1;0;1;78.2;78;
21.04.2014;15:22:23;0;1;0;1;78.2;78;
21.04.2014;15:22:28;0;1;0;1;78.2;78;
21.04.2014;15:22:33;0;1;0;1;78.2;78;
21.04.2014;15:22:38;0;0;0;1;78.1;78;
21.04.2014;15:22:43;0;0;0;1;78.1;78;
21.04.2014;15:22:48;0;1;0;1;78.1;78;
21.04.2014;15:22:53;0;1;0;1;78.1;78;
21.04.2014;15:22:58;0;1;0;1;78;78;
21.04.2014;15:23:03;0;1;0;1;78;78;
21.04.2014;15:23:08;0;1;0;1;78;78;
21.04.2014;15:23:13;0;1;0;1;78;78;
21.04.2014;15:23:18;0;0;0;1;78.2;78;
21.04.2014;15:23:23;0;0;0;0;78.2;78;
