20.04.2014;10:26:33;1;1;0;0;21.1;58;
20.04.2014;10:26:38;1;1;0;0;21.2;58;
20.04.2014;10:26:43;1;1;0;0;21.3;58;
20.04.2014;10:26:48;1;1;0;0;21.4;58;
20.04.2014;10:26:53;1;1;0;0;21.5;58;
20.04.2014;10:26:58;1;0;0;0;21.6;58;
20.04.2014;10:27:03;1;0;0;0;21.7;58;
20.04.2014;10:27:08;1;1;0;0;21.8;58;
20.04.2014;10:27:13;1;1;0;0;21.9;58;
20.04.2014;10:27:18;1;1;0;0;22;58;
20.04.2014;10:27:23;1;1;0;0;22.1;58;
20.04.2014;10:27:28;1;1;0;0;22.2;58;
20.04.2014;10:27:33;1;1;0;0;22.3;58;
20.04.2014;10:27:38;1;0;0;0;22.4;58;
20.04.2014;10:27:43;1;0;0;0;22.5;58;
20.04.2014;10:27:48;1;1;0;0;22.6;58;
20.04.2014;10:27:53;1;1;0;0;22.7;58;
20.04.2014;10:27:58;1;1;0;0;22.8;58;
20.04.2014;10:28:03;1;1;0;0;22.9;58;
20.04.2014;10:28:08;1;1;0;0;23;58;
20.04.2014;10:28:13;1;1;0;0;23.1;58;
20.04.2014;10:28:18;1;0;0;0;23.2;58;
20.04.2014;10:28:23;1;0;0;0;23.3;58;
20.04.2014;10:28:28;1;1;0;0;23.4;58;
20.04.2014;10:28:33;1;1;0;0;23.5;58;
20.04.2014;10:28:38;1;1;0;0;23.6;58;
20.04.2014;10:28:43;1;1;0;0;23.7;58;
20.04.2014;10:28:48;1;1;0;0;23.8;58;
20.04.2014;10:28:53;1;1;0;0;23.9;58;
20.04.2014;10:28:58;1;0;0;0;24;58;
20.04.2014;10:29:03;1;0;0;0;24.1;58;
20.04.2014;10:29:08;1;1;0;0;24.2;58;
20.04.2014;10:29:13;1;1;0;0;24.3;58;
20.04.2014;10:29:18;1;1;0;0;24.4;58;
20.04.2014;10:29:23;1;1;0;0;24.5;58;
20.04.2014;10:29:28;1;1;0;0;24.6;58;
20.04.2014;10:29:33;1;1;0;0;24.7;58;
20.04.2014;10:29:38;1;0;0;0;24.8;58;
20.04.2014;10:29:43;1;0;0;0;24.9;58;
20.04.2014;10:29:48;1;1;0;0;25;58;
20.04.2014;10:29:53;1;1;0;0;25.1;58;
20.04.2014;10:29:58;1;1;0;0;25.2;58;
20.04.2014;10:30:03;1;1;0;0;25.3;58;
20.04.2014;10:30:08;1;1;0;0;25.4;58;
20.04.2014;10:30:13;1;1;0;0;25.5;58;
20.04.2014;10:30:18;1;0;0;0;25.6;58;
20.04.2014;10:30:23;1;0;0;0;25.7;58;
20.04.2014;10:30:28;1;1;0;0;25.8;58;
20.04.2014;10:30:33;1;1;0;0;25.9;58;
20.04.2014;10:30:38;1;1;0;0;26;58;
20.04.2014;10:30:43;1;1;0;0;26.1;58;
20.04.2014;10:30:48;1;1;0;0;26.2;58;
20.04.2014;10:30:53;1;1;0;0;26.3;58;
20.04.2014;10:30:58;1;0;0;0;26.4;58;
20.04.2014;10:31:03;1;0;0;0;26.5;58;
20.04.2014;10:31:08;1;1;0;0;26.6;58;
20.04.2014;10:31:13;1;1;0;0;26.7;58;
20.04.2014;10:31:18;1;1;0;0;26.8;58;
20.04.2014;10:31:23;1;1;0;0;26.9;58;
20.04.2014;10:31:28;1;1;0;0;27;58;
20.04.2014;10:31:33;1;1;0;0;27.1;58;
20.04.2014;10:31:38;1;0;0;0;27.2;58;
20.04.2014;10:31:43;1;0;0;0;27.3;58;
20.04.2014;10:31:48;1;1;0;0;27.4;58;
20.04.2014;10:31:53;1;1;0;0;27.5;58;
20.04.2014;10:31:58;1;1;0;0;27.6;58;
20.04.2014;10:32:03;1;1;0;0;27.7;58;
20.04.2014;10:32:08;1;1;0;0;27.8;58;
20.04.2014;10:32:13;1;1;0;0;27.9;58;
20.04.2014;10:32:18;1;0;0;0;28;58;
20.04.2014;10:32:23;1;0;0;0;28.1;58;
20.04.2014;10:32:28;1;1;0;0;28.2;58;
20.04.2014;10:32:33;1;1;0;0;28.3;58;
20.04.2014;10:32:38;1;1;0;0;28.4;58;
20.04.2014;10:32:43;1;1;0;0;28.5;58;
20.04.2014;10:32:48;1;1;0;0;28.6;58;
20.04.2014;10:32:53;1;1;0;0;28.7;58;
20.04.2014;10:32:58;1;0;0;0;28.8;58;
20.04.2014;10:33:03;1;0;0;0;28.9;58;
20.04.2014;10:33:08;1;1;0;0;29;58;
20.04.2014;10:33:13;1;1;0;0;29.1;58;
20.04.2014;10:33:18;1;1;0;0;29.2;58;
20.04.2014;10:33:23;1;1;0;0;29.3;58;
20.04.2014;10:33:28;1;1;0;0;29.4;58;
20.04.2014;10:33:33;1;1;0;0;29.5;58;
20.04.2014;10:33:38;1;0;0;0;29.6;58;
20.04.2014;10:33:43;1;0;0;0;29.7;58;
20.04.2014;10:33:48;1;1;0;0;29.8;58;
20.04.2014;10:33:53;1;1;0;0;29.9;58;
20.04.2014;10:33:58;1;1;0;0;30;58;
20.04.2014;10:34:03;1;1;0;0;30.1;58;
20.04.2014;10:34:08;1;1;0;0;30.2;58;
20.04.2014;10:34:13;1;1;0;0;30.3;58;
20.04.2014;10:34:18;1;0;0;0;30.4;58;
20.04.2014;10:34:23;1;0;0;0;30.5;58;
20.04.2014;10:34:28;1;1;0;0;30.6;58;
20.04.2014;10:34:33;1;1;0;0;30.7;58;
20.04.2014;10:34:38;1;1;0;0;30.8;58;
20.04.2014;10:34:43;1;1;0;0;30.9;58;
20.04.2014;10:34:48;1;1;0;0;31;58;
20.04.2014;10:34:53;1;1;0;0;31.1;58;
20.04.2014;10:34:58;1;0;0;0;31.2;58;
20.04.2014;10:35:03;1;0;0;0;31.3;58;
20.04.2014;10:35:08;1;0;0;0;31.4;58;
20.04.2014;10:35:13;1;1;0;0;31.5;58;
20.04.2014;10:35:18;1;1;0;0;31.6;58;
20.04.2014;10:35:23;1;1;0;0;31.7;58;
20.04.2014;10:35:28;1;1;0;0;31.8;58;
20.04.2014;10:35:33;1;1;0;0;31.9;58;
20.04.2014;10:35:38;1;1;0;0;32;58;
20.04.2014;10:35:43;1;0;0;0;32.1;58;
20.04.2014;10:35:48;1;0;0;0;32.2;58;
20.04.2014;10:35:53;1;1;0;0;32.3;58;
20.04.2014;10:35:58;1;1;0;0;32.4;58;
20.04.2014;10:36:03;1;1;0;0;32.5;58;
20.04.2014;10:36:08;1;1;0;0;32.6;58;
20.04.2014;10:36:13;1;1;0;0;32.7;58;
20.04.2014;10:36:18;1;1;0;0;32.8;58;
20.04.2014;10:36:23;1;0;0;0;32.9;58;
20.04.2014;10:36:28;1;0;0;0;33;58;
20.04.2014;10:36:33;1;1;0;0;33.1;58;
20.04.2014;10:36:38;1;1;0;0;33.2;58;
20.04.2014;10:36:43;1;1;0;0;33.3;58;
20.04.2014;10:36:48;1;1;0;0;33.4;58;
20.04.2014;10:36:53;1;1;0;0;33.5;58;
20.04.2014;10:36:58;1;1;0;0;33.6;58;
20.04.2014;10:37:03;1;0;0;0;33.7;58;
20.04.2014;10:37:08;1;0;0;0;33.8;58;
20.04.2014;10:37:13;1;1;0;0;33.9;58;
20.04.2014;10:37:18;1;1;0;0;34;58;
20.04.2014;10:37:23;1;1;0;0;34.1;58;
20.04.2014;10:37:28;1;1;0;0;34.2;58;
20.04.2014;10:37:33;1;1;0;0;34.3;58;
20.04.2014;10:37:38;1;1;0;0;34.4;58;
20.04.2014;10:37:43;1;0;0;0;34.5;58;
20.04.2014;10:37:48;1;0;0;0;34.6;58;
20.04.2014;10:37:53;1;1;0;0;34.7;58;
20.04.2014;10:37:58;1;1;0;0;34.8;58;
20.04.2014;10:38:03;1;1;0;0;34.9;58;
20.04.2014;10:38:08;1;1;0;0;35;58;
20.04.2014;10:38:13;1;1;0;0;35.1;58;
20.04.2014;10:38:18;1;1;0;0;35.2;58;
20.04.2014;10:38:23;1;0;0;0;35.3;58;
20.04.2014;10:38:28;1;0;0;0;35.4;58;
20.04.2014;10:38:33;1;1;0;0;35.5;58;
20.04.2014;10:38:38;1;1;0;0;35.6;58;
20.04.2014;10:38:43;1;1;0;0;35.7;58;
20.04.2014;10:38:48;1;1;0;0;35.8;58;
20.04.2014;10:38:53;1;1;0;0;35.9;58;
20.04.2014;10:38:58;1;1;0;0;36;58;
20.04.2014;10:39:03;1;0;0;0;36.1;58;
20.04.2014;10:39:08;1;0;0;0;36.2;58;
20.04.2014;10:39:13;1;1;0;0;36.3;58;
20.04.2014;10:39:18;1;1;0;0;36.4;58;
20.04.2014;10:39:23;1;1;0;0;36.5;58;
20.04.2014;10:39:28;1;1;0;0;36.6;58;
20.04.2014;10:39:33;1;1;0;0;36.7;58;
20.04.2014;10:39:38;1;1;0;0;36.8;58;
20.04.2014;10:39:43;1;0;0;0;36.9;58;
20.04.2014;10:39:48;1;0;0;0;37;58;
20.04.2014;10:39:53;1;1;0;0;37.1;58;
20.04.2014;10:39:58;1;1;0;0;37.2;58;
20.04.2014;10:40:03;1;1;0;0;37.3;58;
20.04.2014;10:40:08;1;1;0;0;37.4;58;
20.04.2014;10:40:13;1;1;0;0;37.5;58;
20.04.2014;10:40:18;1;1;0;0;37.6;58;
20.04.2014;10:40:23;1;0;0;0;37.7;58;
20.04.2014;10:40:28;1;0;0;0;37.8;58;
20.04.2014;10:40:33;1;1;0;0;37.9;58;
20.04.2014;10:40:38;1;1;0;0;38;58;
20.04.2014;10:40:43;1;1;0;0;38.1;58;
20.04.2014;10:40:48;1;1;0;0;38.2;58;
20.04.2014;10:40:53;1;1;0;0;38.3;58;
20.04.2014;10:40:58;1;1;0;0;38.4;58;
20.04.2014;10:41:03;1;0;0;0;38.5;58;
20.04.2014;10:41:08;1;0;0;0;38.6;58;
20.04.2014;10:41:13;1;1;0;0;38.7;58;
20.04.2014;10:41:18;1;1;0;0;38.8;58;
20.04.2014;10:41:23;1;1;0;0;38.9;58;
20.04.2014;10:41:28;1;1;0;0;39;58;
20.04.2014;10:41:33;1;1;0;0;39.1;58;
20.04.2014;10:41:38;1;1;0;0;39.2;58;
20.04.2014;10:41:43;1;0;0;0;39.3;58;
20.04.2014;10:41:48;1;0;0;0;39.4;58;
20.04.2014;10:41:53;1;1;0;0;39.5;58;
20.04.2014;10:41:58;1;1;0;0;39.6;58;
20.04.2014;10:42:03;1;1;0;0;39.7;58;
20.04.2014;10:42:08;1;1;0;0;39.8;58;
20.04.2014;10:42:13;1;1;0;0;39.9;58;
20.04.2014;10:42:18;1;1;0;0;40;58;
20.04.2014;10:42:23;1;0;0;0;40.1;58;
20.04.2014;10:42:28;1;0;0;0;40.2;58;
20.04.2014;10:42:33;1;1;0;0;40.3;58;
20.04.2014;10:42:38;1;1;0;0;40.4;58;
20.04.2014;10:42:43;1;1;0;0;40.5;58;
20.04.2014;10:42:48;1;1;0;0;40.6;58;
20.04.2014;10:42:53;1;1;0;0;40.7;58;
20.04.2014;10:42:58;1;1;0;0;40.8;58;
20.04.2014;10:43:03;1;0;0;0;40.9;58;
20.04.2014;10:43:08;1;0;0;0;41;58;
20.04.2014;10:43:13;1;1;0;0;41.1;58;
20.04.2014;10:43:18;1;1;0;0;41.2;58;
20.04.2014;10:43:23;1;1;0;0;41.3;58;
20.04.2014;10:43:28;1;1;0;0;41.4;58;
20.04.2014;10:43:33;1;1;0;0;41.5;58;
20.04.2014;10:43:38;1;1;0;0;41.6;58;
20.04.2014;10:43:43;1;0;0;0;41.7;58;
20.04.2014;10:43:48;1;0;0;0;41.8;58;
20.04.2014;10:43:53;1;1;0;0;41.9;58;
20.04.2014;10:43:58;1;1;0;0;42;58;
20.04.2014;10:44:03;1;1;0;0;42.1;58;
20.04.2014;10:44:08;1;1;0;0;42.2;58;
20.04.2014;10:44:13;1;1;0;0;42.3;58;
20.04.2014;10:44:18;1;1;0;0;42.4;58;
20.04.2014;10:44:23;1;0;0;0;42.5;58;
20.04.2014;10:44:28;1;0;0;0;42.6;58;
20.04.2014;10:44:33;1;1;0;0;42.7;58;
20.04.2014;10:44:38;1;1;0;0;42.8;58;
20.04.2014;10:44:43;1;1;0;0;42.9;58;
20.04.2014;10:44:48;1;1;0;0;43;58;
20.04.2014;10:44:53;1;1;0;0;43.1;58;
20.04.2014;10:44:58;1;1;0;0;43.2;58;
20.04.2014;10:45:03;1;0;0;0;43.3;58;
20.04.2014;10:45:08;1;0;0;0;43.4;58;
20.04.2014;10:45:13;1;1;0;0;43.5;58;
20.04.2014;10:45:18;1;1;0;0;43.6;58;
20.04.2014;10:45:23;1;1;0;0;43.7;58;
20.04.2014;10:45:28;1;1;0;0;43.8;58;
20.04.2014;10:45:33;1;1;0;0;43.9;58;
20.04.2014;10:45:38;1;1;0;0;44;58;
20.04.2014;10:45:43;1;0;0;0;44.1;58;
20.04.2014;10:45:48;1;0;0;0;44.2;58;
20.04.2014;10:45:53;1;1;0;0;44.3;58;
20.04.2014;10:45:58;1;1;0;0;44.4;58;
20.04.2014;10:46:03;1;1;0;0;44.5;58;
20.04.2014;10:46:08;1;1;0;0;44.6;58;
20.04.2014;10:46:13;1;1;0;0;44.7;58;
20.04.2014;10:46:18;1;1;0;0;44.8;58;
20.04.2014;10:46:23;1;0;0;0;44.9;58;
20.04.2014;10:46:28;1;0;0;0;45;58;
20.04.2014;10:46:33;1;1;0;0;45.1;58;
20.04.2014;10:46:38;1;1;0;0;45.2;58;
20.04.2014;10:46:43;1;1;0;0;45.3;58;
20.04.2014;10:46:48;1;1;0;0;45.4;58;
20.04.2014;10:46:53;1;1;0;0;45.5;58;
20.04.2014;10:46:58;1;1;0;0;45.6;58;
20.04.2014;10:47:03;1;0;0;0;45.7;58;
20.04.2014;10:47:08;1;0;0;0;45.8;58;
20.04.2014;10:47:13;1;1;0;0;45.9;58;
20.04.2014;10:47:18;1;1;0;0;46;58;
20.04.2014;10:47:23;1;1;0;0;46.1;58;
20.04.2014;10:47:28;1;1;0;0;46.2;58;
20.04.2014;10:47:33;1;1;0;0;46.3;58;
20.04.2014;10:47:38;1;1;0;0;46.4;58;
20.04.2014;10:47:43;1;0;0;0;46.5;58;
20.04.2014;10:47:48;1;0;0;0;46.6;58;
20.04.2014;10:47:53;1;1;0;0;46.7;58;
20.04.2014;10:47:58;1;1;0;0;46.8;58;
20.04.2014;10:48:03;1;1;0;0;46.9;58;
20.04.2014;10:48:08;1;1;0;0;47;58;
20.04.2014;10:48:13;1;1;0;0;47.1;58;
20.04.2014;10:48:18;1;1;0;0;47.2;58;
20.04.2014;10:48:23;1;0;0;0;47.3;58;
20.04.2014;10:48:28;1;0;0;0;47.4;58;
20.04.2014;10:48:33;1;1;0;0;47.5;58;
20.04.2014;10:48:38;1;1;0;0;47.6;58;
20.04.2014;10:48:43;1;1;0;0;47.7;58;
20.04.2014;10:48:48;1;1;0;0;47.8;58;
20.04.2014;10:48:53;1;1;0;0;47.9;58;
20.04.2014;10:48:58;1;1;0;0;48;58;
20.04.2014;10:49:03;1;0;0;0;48.1;58;
20.04.2014;10:49:08;1;0;0;0;48.2;58;
20.04.2014;10:49:13;1;1;0;0;48.3;58;
20.04.2014;10:49:18;1;1;0;0;48.4;58;
20.04.2014;10:49:23;1;1;0;0;48.5;58;
20.04.2014;10:49:28;1;1;0;0;48.6;58;
20.04.2014;10:49:33;1;1;0;0;48.7;58;
20.04.2014;10:49:38;1;1;0;0;48.8;58;
20.04.2014;10:49:43;1;0;0;0;48.9;58;
20.04.2014;10:49:48;1;0;0;0;49;58;
20.04.2014;10:49:53;1;1;0;0;49.1;58;
20.04.2014;10:49:58;1;1;0;0;49.2;58;
20.04.2014;10:50:03;1;1;0;0;49.3;58;
20.04.2014;10:50:08;1;1;0;0;49.4;58;
20.04.2014;10:50:13;1;1;0;0;49.5;58;
20.04.2014;10:50:18;1;1;0;0;49.6;58;
20.04.2014;10:50:23;1;0;0;0;49.7;58;
20.04.2014;10:50:28;1;0;0;0;49.8;58;
20.04.2014;10:50:33;1;1;0;0;49.9;58;
20.04.2014;10:50:38;1;1;0;0;50;58;
20.04.2014;10:50:43;1;1;0;0;50.1;58;
20.04.2014;10:50:48;1;1;0;0;50.2;58;
20.04.2014;10:50:53;1;1;0;0;50.3;58;
20.04.2014;10:50:58;1;1;0;0;50.4;58;
20.04.2014;10:51:03;1;0;0;0;50.5;58;
20.04.2014;10:51:08;1;0;0;0;50.6;58;
20.04.2014;10:51:13;1;1;0;0;50.7;58;
20.04.2014;10:51:18;1;1;0;0;50.8;58;
20.04.2014;10:51:23;1;1;0;0;50.9;58;
20.04.2014;10:51:28;1;1;0;0;51;58;
20.04.2014;10:51:33;1;1;0;0;51.1;58;
20.04.2014;10:51:38;1;1;0;0;51.2;58;
20.04.2014;10:51:43;1;0;0;0;51.3;58;
20.04.2014;10:51:48;1;0;0;0;51.4;58;
20.04.2014;10:51:53;1;1;0;0;51.5;58;
20.04.2014;10:51:58;1;1;0;0;51.6;58;
20.04.2014;10:52:03;1;1;0;0;51.7;58;
20.04.2014;10:52:08;1;1;0;0;51.8;58;
20.04.2014;10:52:13;1;1;0;0;51.9;58;
20.04.2014;10:52:18;1;1;0;0;52;58;
20.04.2014;10:52:23;1;0;0;0;52.1;58;
20.04.2014;10:52:28;1;0;0;0;52.2;58;
20.04.2014;10:52:33;1;1;0;0;52.3;58;
20.04.2014;10:52:38;1;1;0;0;52.4;58;
20.04.2014;10:52:43;1;1;0;0;52.5;58;
20.04.2014;10:52:48;1;1;0;0;52.6;58;
20.04.2014;10:52:53;1;1;0;0;52.7;58;
20.04.2014;10:52:58;1;1;0;0;52.8;58;
20.04.2014;10:53:03;1;0;0;0;52.9;58;
20.04.2014;10:53:08;1;0;0;0;53;58;
20.04.2014;10:53:13;1;1;0;0;53.1;58;
20.04.2014;10:53:18;1;1;0;0;53.2;58;
20.04.2014;10:53:23;1;1;0;0;53.3;58;
20.04.2014;10:53:28;1;1;0;0;53.4;58;
20.04.2014;10:53:33;1;1;0;0;53.5;58;
20.04.2014;10:53:38;1;1;0;0;53.6;58;
20.04.2014;10:53:43;1;0;0;0;53.7;58;
20.04.2014;10:53:48;1;0;0;0;53.8;58;
20.04.2014;10:53:53;1;1;0;0;53.9;58;
20.04.2014;10:53:58;1;1;0;0;54;58;
20.04.2014;10:54:03;1;1;0;0;54.1;58;
20.04.2014;10:54:08;1;1;0;0;54.2;58;
20.04.2014;10:54:13;1;1;0;0;54.3;58;
20.04.2014;10:54:18;1;1;0;0;54.4;58;
20.04.2014;10:54:23;1;0;0;0;54.5;58;
20.04.2014;10:54:28;1;0;0;0;54.6;58;
20.04.2014;10:54:33;1;1;0;0;54.7;58;
20.04.2014;10:54:38;1;1;0;0;54.8;58;
20.04.2014;10:54:43;1;1;0;0;54.9;58;
20.04.2014;10:54:48;1;1;0;0;55;58;
20.04.2014;10:54:53;1;1;0;0;55.1;58;
20.04.2014;10:54:58;1;1;0;0;55.2;58;
20.04.2014;10:55:03;1;0;0;0;55.3;58;
20.04.2014;10:55:08;1;0;0;0;55.4;58;
20.04.2014;10:55:13;1;1;0;0;55.5;58;
20.04.2014;10:55:18;1;1;0;0;55.6;58;
20.04.2014;10:55:23;1;1;0;0;55.7;58;
20.04.2014;10:55:28;1;1;0;0;55.8;58;
20.04.2014;10:55:33;1;1;0;0;55.9;58;
20.04.2014;10:55:38;1;1;0;0;56;58;
20.04.2014;10:55:43;1;0;0;0;56.1;58;
20.04.2014;10:55:48;0;0;0;0;56.2;58;
20.04.2014;10:55:53;0;1;0;0;56.1;58;
20.04.2014;10:55:58;1;1;0;0;56.1;58;
20.04.2014;10:56:03;1;1;0;0;56.2;58;
20.04.2014;10:56:08;0;1;0;0;56.3;58;
20.04.2014;10:56:13;0;1;0;0;56.2;58;
20.04.2014;10:56:18;1;1;0;0;56.2;58;
20.04.2014;10:56:23;1;0;0;0;56.3;58;
20.04.2014;10:56:28;0;0;0;0;56.4;58;
20.04.2014;10:56:33;0;1;0;0;56.3;58;
20.04.2014;10:56:38;1;1;0;0;56.3;58;
20.04.2014;10:56:43;1;1;0;0;56.4;58;
20.04.2014;10:56:48;0;1;0;0;56.5;58;
20.04.2014;10:56:53;0;1;0;0;56.4;58;
20.04.2014;10:56:58;1;1;0;0;56.4;58;
20.04.2014;10:57:03;1;0;0;0;56.5;58;
20.04.2014;10:57:08;0;0;0;0;56.6;58;
20.04.2014;10:57:13;0;1;0;0;56.5;58;
20.04.2014;10:57:18;1;1;0;0;56.5;58;
20.04.2014;10:57:23;1;1;0;0;56.6;58;
20.04.2014;10:57:28;0;1;0;0;56.7;58;
20.04.2014;10:57:33;0;1;0;0;56.6;58;
20.04.2014;10:57:38;1;1;0;0;56.6;58;
20.04.2014;10:57:43;1;0;0;0;56.7;58;
20.04.2014;10:57:48;0;0;0;0;56.8;58;
20.04.2014;10:57:53;0;1;0;0;56.7;58;
20.04.2014;10:57:58;1;1;0;0;56.7;58;
20.04.2014;10:58:03;1;1;0;0;56.8;58;
20.04.2014;10:58:08;0;1;0;0;56.9;58;
20.04.2014;10:58:13;0;1;0;0;56.8;58;
20.04.2014;10:58:18;1;1;0;0;56.8;58;
20.04.2014;10:58:23;1;0;0;0;56.9;58;
20.04.2014;10:58:28;0;0;0;0;57;58;
20.04.2014;10:58:33;0;1;0;0;56.9;58;
20.04.2014;10:58:38;1;1;0;0;56.9;58;
20.04.2014;10:58:43;1;1;0;0;57;58;
20.04.2014;10:58:48;0;1;0;0;57.1;58;
20.04.2014;10:58:53;0;1;0;0;57;58;
20.04.2014;10:58:58;1;1;0;0;57;58;
20.04.2014;10:59:03;1;0;0;0;57.1;58;
20.04.2014;10:59:08;0;0;0;0;57.2;58;
20.04.2014;10:59:13;0;1;0;0;57.1;58;
20.04.2014;10:59:18;1;1;0;0;57.1;58;
20.04.2014;10:59:23;1;1;0;0;57.2;58;
20.04.2014;10:59:28;0;1;0;0;57.3;58;
20.04.2014;10:59:33;0;1;0;0;57.2;58;
20.04.2014;10:59:38;1;1;0;0;57.2;58;
20.04.2014;10:59:43;1;0;0;0;57.3;58;
20.04.2014;10:59:48;0;0;0;0;57.4;58;
20.04.2014;10:59:53;0;1;0;0;57.3;58;
20.04.2014;10:59:58;1;1;0;0;57.3;58;
20.04.2014;11:00:03;1;1;0;0;57.4;58;
20.04.2014;11:00:08;0;1;0;0;57.5;58;
20.04.2014;11:00:13;0;1;0;0;57.4;58;
20.04.2014;11:00:18;1;1;0;0;57.4;58;
20.04.2014;11:00:23;1;0;0;0;57.5;58;
20.04.2014;11:00:28;0;0;0;0;57.6;58;
20.04.2014;11:00:33;0;1;0;0;57.5;58;
20.04.2014;11:00:38;1;1;0;0;57.5;58;
20.04.2014;11:00:43;1;1;0;0;57.6;58;
20.04.2014;11:00:48;0;1;0;0;57.7;58;
20.04.2014;11:00:53;0;1;0;0;57.6;58;
20.04.2014;11:00:58;1;1;0;0;57.6;58;
20.04.2014;11:01:03;1;0;0;0;57.7;58;
20.04.2014;11:01:08;0;0;0;0;57.8;58;
20.04.2014;11:01:13;0;1;0;0;57.7;58;
20.04.2014;11:01:18;1;1;0;0;57.7;58;
20.04.2014;11:01:23;1;1;0;0;57.8;58;
20.04.2014;11:01:28;0;1;0;0;57.9;58;
20.04.2014;11:01:33;0;1;0;0;57.8;58;
20.04.2014;11:01:38;1;1;0;0;57.8;58;
20.04.2014;11:01:43;1;0;0;0;57.9;58;
20.04.2014;11:01:48;0;0;0;0;58;58;
20.04.2014;11:01:53;1;1;0;1;57.9;58;
20.04.2014;11:01:58;0;1;0;1;58;58;
20.04.2014;11:02:03;0;1;0;1;58;58;
20.04.2014;11:02:08;1;1;0;1;57.9;58;
20.04.2014;11:02:13;0;1;0;1;58;58;
20.04.2014;11:02:18;0;1;0;1;58;58;
20.04.2014;11:02:23;1;0;0;1;57.9;58;
20.04.2014;11:02:28;0;0;0;1;58;58;
20.04.2014;11:02:33;0;1;0;1;58;58;
20.04.2014;11:02:38;1;1;0;1;57.9;58;
20.04.2014;11:02:43;0;1;0;1;58;58;
20.04.2014;11:02:48;0;1;0;1;58;58;
20.04.2014;11:02:53;1;1;0;1;57.9;58;
20.04.2014;11:02:58;0;1;0;1;58;58;
20.04.2014;11:03:03;0;0;0;1;58;58;
20.04.2014;11:03:08;1;0;0;1;57.9;58;
20.04.2014;11:03:13;0;1;0;1;58;58;
20.04.2014;11:03:18;0;1;0;1;58;58;
20.04.2014;11:03:23;1;1;0;1;57.9;58;
20.04.2014;11:03:28;0;1;0;1;58;58;
20.04.2014;11:03:33;0;1;0;1;58;58;
20.04.2014;11:03:38;1;1;0;1;57.9;58;
20.04.2014;11:03:43;0;0;0;1;58;58;
20.04.2014;11:03:48;0;0;0;1;58;58;
20.04.2014;11:03:53;1;1;0;1;57.9;58;
20.04.2014;11:03:58;0;1;0;1;58;58;
20.04.2014;11:04:03;0;1;0;1;58;58;
20.04.2014;11:04:08;1;1;0;1;57.9;58;
20.04.2014;11:04:13;0;1;0;1;58;58;
20.04.2014;11:04:18;0;1;0;1;58;58;
20.04.2014;11:04:23;1;0;0;1;57.9;58;
20.04.2014;11:04:28;0;0;0;1;58;58;
20.04.2014;11:04:33;0;1;0;1;58;58;
20.04.2014;11:04:38;1;1;0;1;57.9;58;
20.04.2014;11:04:43;0;1;0;1;58;58;
20.04.2014;11:04:48;0;1;0;1;58;58;
20.04.2014;11:04:53;1;1;0;1;57.9;58;
20.04.2014;11:04:58;0;1;0;1;58;58;
20.04.2014;11:05:03;0;0;0;1;58;58;
20.04.2014;11:05:08;1;0;0;1;57.9;58;
20.04.2014;11:05:13;0;1;0;1;58;58;
20.04.2014;11:05:18;0;1;0;1;58;58;
20.04.2014;11:05:23;1;1;0;1;57.9;58;
20.04.2014;11:05:28;0;1;0;1;58;58;
20.04.2014;11:05:33;0;1;0;1;58;58;
20.04.2014;11:05:38;1;1;0;1;57.9;58;
20.04.2014;11:05:43;0;0;0;1;58;58;
20.04.2014;11:05:48;0;0;0;1;58;58;
20.04.2014;11:05:53;1;1;0;1;57.9;58;
20.04.2014;11:05:58;0;1;0;1;58;58;
20.04.2014;11:06:03;0;1;0;1;58;58;
20.04.2014;11:06:08;1;1;0;1;57.9;58;
20.04.2014;11:06:13;0;1;0;1;58;58;
20.04.2014;11:06:18;0;1;0;1;58;58;
20.04.2014;11:06:23;1;0;0;1;57.9;58;
20.04.2014;11:06:28;0;0;0;1;58;58;
20.04.2014;11:06:33;0;1;0;1;58;58;
20.04.2014;11:06:38;1;1;0;1;57.9;58;
20.04.2014;11:06:43;0;1;0;1;58;58;
20.04.2014;11:06:48;0;1;0;1;58;58;
20.04.2014;11:06:53;1;1;0;1;57.9;58;
20.04.2014;11:06:58;0;1;0;1;58;58;
20.04.2014;11:07:03;0;0;0;1;58;58;
20.04.2014;11:07:08;1;0;0;1;57.9;58;
20.04.2014;11:07:13;0;1;0;1;58;58;
20.04.2014;11:07:18;0;1;0;1;58;58;
20.04.2014;11:07:23;1;1;0;1;57.9;58;
20.04.2014;11:07:28;0;1;0;1;58;58;
20.04.2014;11:07:33;0;1;0;1;58;58;
20.04.2014;11:07:38;1;1;0;1;57.9;58;
20.04.2014;11:07:43;0;0;0;1;58;58;
20.04.2014;11:07:48;0;0;0;1;58;58;
20.04.2014;11:07:53;1;1;0;1;57.9;58;
20.04.2014;11:07:58;0;1;0;1;58;58;
20.04.2014;11:08:03;0;1;0;1;58;58;
20.04.2014;11:08:08;1;1;0;1;57.9;58;
20.04.2014;11:08:13;0;1;0;1;58;58;
20.04.2014;11:08:18;0;1;0;1;58;58;
20.04.2014;11:08:23;1;0;0;1;57.9;58;
20.04.2014;11:08:28;0;0;0;1;58;58;
20.04.2014;11:08:33;0;1;0;1;58;58;
20.04.2014;11:08:38;1;1;0;1;57.9;58;
20.04.2014;11:08:43;0;1;0;1;58;58;
20.04.2014;11:08:48;0;1;0;1;58;58;
20.04.2014;11:08:53;1;1;0;1;57.9;58;
20.04.2014;11:08:58;0;1;0;1;58;58;
20.04.2014;11:09:03;0;0;0;1;58;58;
20.04.2014;11:09:08;1;0;0;1;57.9;58;
20.04.2014;11:09:13;0;1;0;1;58;58;
20.04.2014;11:09:18;0;1;0;1;58;58;
20.04.2014;11:09:23;1;1;0;1;57.9;58;
20.04.2014;11:09:28;0;1;0;1;58;58;
20.04.2014;11:09:33;0;1;0;1;58;58;
20.04.2014;11:09:38;1;1;0;1;57.9;58;
20.04.2014;11:09:43;0;0;0;1;58;58;
20.04.2014;11:09:48;0;0;0;1;58;58;
20.04.2014;11:09:53;1;1;0;1;57.9;58;
20.04.2014;11:09:58;0;1;0;1;58;58;
20.04.2014;11:10:03;0;1;0;1;58;58;
20.04.2014;11:10:08;1;1;0;1;57.9;58;
20.04.2014;11:10:13;0;1;0;1;58;58;
20.04.2014;11:10:18;0;1;0;1;58;58;
20.04.2014;11:10:23;1;0;0;1;57.9;58;
20.04.2014;11:10:28;0;0;0;1;58;58;
20.04.2014;11:10:33;0;1;0;1;58;58;
20.04.2014;11:10:38;1;1;0;1;57.9;58;
20.04.2014;11:10:43;0;1;0;1;58;58;
20.04.2014;11:10:48;0;1;0;1;58;58;
20.04.2014;11:10:53;1;1;0;1;57.9;58;
20.04.2014;11:10:58;0;1;0;1;58;58;
20.04.2014;11:11:03;0;0;0;1;58;58;
20.04.2014;11:11:08;1;0;0;1;57.9;58;
20.04.2014;11:11:13;0;1;0;1;58;58;
20.04.2014;11:11:18;0;1;0;1;58;58;
20.04.2014;11:11:23;1;1;0;1;57.9;58;
20.04.2014;11:11:28;0;1;0;1;58;58;
20.04.2014;11:11:33;0;1;0;1;58;58;
20.04.2014;11:11:38;1;1;0;1;57.9;58;
20.04.2014;11:11:43;0;0;0;1;58;58;
20.04.2014;11:11:48;0;0;0;1;58;58;
20.04.2014;11:11:53;1;1;0;1;57.9;58;
20.04.2014;11:11:58;0;1;0;1;58;58;
20.04.2014;11:12:03;0;1;0;1;58;58;
20.04.2014;11:12:08;1;1;0;1;57.9;58;
20.04.2014;11:12:13;0;1;0;1;58;58;
20.04.2014;11:12:18;0;1;0;1;58;58;
20.04.2014;11:12:23;1;0;0;1;57.9;58;
20.04.2014;11:12:28;0;0;0;1;58;58;
20.04.2014;11:12:33;0;1;0;1;58;58;
20.04.2014;11:12:38;1;1;0;1;57.9;58;
20.04.2014;11:12:43;0;1;0;1;58;58;
20.04.2014;11:12:48;0;1;0;1;58;58;
20.04.2014;11:12:53;1;1;0;1;57.9;58;
20.04.2014;11:12:58;0;1;0;1;58;58;
20.04.2014;11:13:03;0;0;0;1;58;58;
20.04.2014;11:13:08;1;0;0;1;57.9;58;
20.04.2014;11:13:13;0;1;0;1;58;58;
20.04.2014;11:13:18;0;1;0;1;58;58;
20.04.2014;11:13:23;1;1;0;1;57.9;58;
20.04.2014;11:13:28;0;1;0;1;58;58;
20.04.2014;11:13:33;0;1;0;1;58;58;
20.04.2014;11:13:38;1;1;0;1;57.9;58;
20.04.2014;11:13:43;0;0;0;1;58;58;
20.04.2014;11:13:48;0;0;0;1;58;58;
20.04.2014;11:13:53;1;1;0;1;57.9;58;
20.04.2014;11:13:58;0;1;0;1;58;58;
20.04.2014;11:14:03;0;1;0;1;58;58;
20.04.2014;11:14:08;1;1;0;1;57.9;58;
20.04.2014;11:14:13;0;1;0;1;58;58;
20.04.2014;11:14:18;0;1;0;1;58;58;
20.04.2014;11:14:23;1;0;0;1;57.9;58;
20.04.2014;11:14:28;0;0;0;1;58;58;
20.04.2014;11:14:33;0;1;0;1;58;58;
20.04.2014;11:14:38;1;1;0;1;57.9;58;
20.04.2014;11:14:43;0;1;0;1;58;58;
20.04.2014;11:14:48;0;1;0;1;58;58;
20.04.2014;11:14:53;1;1;0;1;57.9;58;
20.04.2014;11:14:58;0;1;0;1;58;58;
20.04.2014;11:15:03;0;0;0;1;58;58;
20.04.2014;11:15:08;1;0;0;1;57.9;58;
20.04.2014;11:15:13;0;1;0;1;58;58;
20.04.2014;11:15:18;0;1;0;1;58;58;
20.04.2014;11:15:23;1;1;0;1;57.9;58;
20.04.2014;11:15:28;0;1;0;1;58;58;
20.04.2014;11:15:33;0;1;0;1;58;58;
20.04.2014;11:15:38;1;1;0;1;57.9;58;
20.04.2014;11:15:43;0;0;0;1;58;58;
20.04.2014;11:15:48;0;0;0;1;58;58;
20.04.2014;11:15:53;1;1;0;1;57.9;58;
20.04.2014;11:15:58;0;1;0;1;58;58;
20.04.2014;11:16:03;0;1;0;1;58;58;
20.04.2014;11:16:08;1;1;0;1;57.9;58;
20.04.2014;11:16:13;0;1;0;1;58;58;
20.04.2014;11:16:18;0;1;0;1;58;58;
20.04.2014;11:16:23;1;0;0;1;57.9;58;
20.04.2014;11:16:28;0;0;0;1;58;58;
20.04.2014;11:16:33;0;1;0;1;58;58;
20.04.2014;11:16:38;1;1;0;1;57.9;58;
20.04.2014;11:16:43;0;1;0;1;58;58;
20.04.2014;11:16:48;0;1;0;1;58;58;
20.04.2014;11:16:53;1;1;0;1;57.9;58;
20.04.2014;11:16:58;0;1;0;1;58;58;
20.04.2014;11:17:03;0;0;0;1;58;58;
20.04.2014;11:17:08;1;0;0;1;57.9;58;
20.04.2014;11:17:13;0;1;0;1;58;58;
20.04.2014;11:17:18;0;1;0;1;58;58;
20.04.2014;11:17:23;1;1;0;1;57.9;58;
20.04.2014;11:17:28;0;1;0;1;58;58;
20.04.2014;11:17:33;0;1;0;1;58;58;
20.04.2014;11:17:38;1;1;0;1;57.9;58;
20.04.2014;11:17:43;0;0;0;1;58;58;
20.04.2014;11:17:48;0;0;0;1;58;58;
20.04.2014;11:17:53;1;1;0;1;57.9;58;
20.04.2014;11:17:58;0;1;0;1;58;58;
20.04.2014;11:18:03;0;1;0;1;58;58;
20.04.2014;11:18:08;1;1;0;1;57.9;58;
20.04.2014;11:18:13;0;1;0;1;58;58;
20.04.2014;11:18:18;0;1;0;1;58;58;
20.04.2014;11:18:23;1;0;0;1;57.9;58;
20.04.2014;11:18:28;0;0;0;1;58;58;
20.04.2014;11:18:33;0;1;0;1;58;58;
20.04.2014;11:18:38;1;1;0;1;57.9;58;
20.04.2014;11:18:43;0;1;0;1;58;58;
20.04.2014;11:18:48;0;1;0;1;58;58;
20.04.2014;11:18:53;1;1;0;1;57.9;58;
20.04.2014;11:18:58;0;1;0;1;58;58;
20.04.2014;11:19:03;0;0;0;1;58;58;
20.04.2014;11:19:08;1;0;0;1;57.9;58;
20.04.2014;11:19:13;0;1;0;1;58;58;
20.04.2014;11:19:18;0;1;0;1;58;58;
20.04.2014;11:19:23;1;1;0;1;57.9;58;
20.04.2014;11:19:28;0;1;0;1;58;58;
20.04.2014;11:19:33;0;1;0;1;58;58;
20.04.2014;11:19:38;1;1;0;1;57.9;58;
20.04.2014;11:19:43;0;0;0;1;58;58;
20.04.2014;11:19:48;0;0;0;1;58;58;
20.04.2014;11:19:53;1;1;0;1;57.9;58;
20.04.2014;11:19:58;0;1;0;1;58;58;
20.04.2014;11:20:03;0;1;0;1;58;58;
20.04.2014;11:20:08;1;1;0;1;57.9;58;
20.04.2014;11:20:13;0;1;0;1;58;58;
20.04.2014;11:20:18;0;1;0;1;58;58;
20.04.2014;11:20:23;1;0;0;1;57.9;58;
20.04.2014;11:20:28;0;0;0;1;58;58;
20.04.2014;11:20:33;0;1;0;1;58;58;
20.04.2014;11:20:38;1;1;0;1;57.9;58;
20.04.2014;11:20:43;0;1;0;1;58;58;
20.04.2014;11:20:48;0;1;0;1;58;58;
20.04.2014;11:20:53;1;1;0;1;57.9;58;
20.04.2014;11:20:58;0;1;0;1;58;58;
20.04.2014;11:21:03;0;0;0;1;58;58;
20.04.2014;11:21:08;1;1;0;0;58.1;64;
20.04.2014;11:21:13;1;1;0;0;58.2;64;
20.04.2014;11:21:18;1;1;0;0;58.3;64;
20.04.2014;11:21:23;1;1;0;0;58.4;64;
20.04.2014;11:21:28;1;0;0;0;58.5;64;
20.04.2014;11:21:33;1;0;0;0;58.6;64;
20.04.2014;11:21:38;1;0;0;0;58.7;64;
20.04.2014;11:21:43;1;0;0;0;58.8;64;
20.04.2014;11:21:48;1;1;0;0;58.9;64;
20.04.2014;11:21:53;1;1;0;0;59;64;
20.04.2014;11:21:58;1;1;0;0;59.1;64;
20.04.2014;11:22:03;1;1;0;0;59.2;64;
20.04.2014;11:22:08;1;0;0;0;59.3;64;
20.04.2014;11:22:13;1;0;0;0;59.4;64;
20.04.2014;11:22:18;1;0;0;0;59.5;64;
20.04.2014;11:22:23;1;0;0;0;59.6;64;
20.04.2014;11:22:28;1;1;0;0;59.7;64;
20.04.2014;11:22:33;1;1;0;0;59.8;64;
20.04.2014;11:22:38;1;1;0;0;59.9;64;
20.04.2014;11:22:43;1;1;0;0;60;64;
20.04.2014;11:22:48;1;0;0;0;60.1;64;
20.04.2014;11:22:53;1;0;0;0;60.2;64;
20.04.2014;11:22:58;1;0;0;0;60.3;64;
20.04.2014;11:23:03;1;0;0;0;60.4;64;
20.04.2014;11:23:08;1;1;0;0;60.5;64;
20.04.2014;11:23:13;1;1;0;0;60.6;64;
20.04.2014;11:23:18;1;1;0;0;60.7;64;
20.04.2014;11:23:23;1;1;0;0;60.8;64;
20.04.2014;11:23:28;1;0;0;0;60.9;64;
20.04.2014;11:23:33;1;0;0;0;61;64;
20.04.2014;11:23:38;1;0;0;0;61.1;64;
20.04.2014;11:23:43;1;0;0;0;61.2;64;
20.04.2014;11:23:48;1;1;0;0;61.3;64;
20.04.2014;11:23:53;1;1;0;0;61.4;64;
20.04.2014;11:23:58;1;1;0;0;61.5;64;
20.04.2014;11:24:03;1;1;0;0;61.6;64;
20.04.2014;11:24:08;1;0;0;0;61.7;64;
20.04.2014;11:24:13;1;0;0;0;61.8;64;
20.04.2014;11:24:18;1;0;0;0;61.9;64;
20.04.2014;11:24:23;1;0;0;0;62;64;
20.04.2014;11:24:28;1;1;0;0;62.1;64;
20.04.2014;11:24:33;0;1;0;0;62.2;64;
20.04.2014;11:24:38;0;1;0;0;62.1;64;
20.04.2014;11:24:43;1;1;0;0;62.1;64;
20.04.2014;11:24:48;1;0;0;0;62.2;64;
20.04.2014;11:24:53;0;0;0;0;62.3;64;
20.04.2014;11:24:58;0;0;0;0;62.2;64;
20.04.2014;11:25:03;1;0;0;0;62.2;64;
20.04.2014;11:25:08;1;1;0;0;62.3;64;
20.04.2014;11:25:13;0;1;0;0;62.4;64;
20.04.2014;11:25:18;0;1;0;0;62.3;64;
20.04.2014;11:25:23;1;1;0;0;62.3;64;
20.04.2014;11:25:28;1;0;0;0;62.4;64;
20.04.2014;11:25:33;0;0;0;0;62.5;64;
20.04.2014;11:25:38;0;0;0;0;62.4;64;
20.04.2014;11:25:43;1;0;0;0;62.4;64;
20.04.2014;11:25:48;1;1;0;0;62.5;64;
20.04.2014;11:25:53;0;1;0;0;62.6;64;
20.04.2014;11:25:58;0;1;0;0;62.5;64;
20.04.2014;11:26:03;1;1;0;0;62.5;64;
20.04.2014;11:26:08;1;0;0;0;62.6;64;
20.04.2014;11:26:13;0;0;0;0;62.7;64;
20.04.2014;11:26:18;0;0;0;0;62.6;64;
20.04.2014;11:26:23;1;0;0;0;62.6;64;
20.04.2014;11:26:28;1;1;0;0;62.7;64;
20.04.2014;11:26:33;0;1;0;0;62.8;64;
20.04.2014;11:26:38;0;1;0;0;62.7;64;
20.04.2014;11:26:43;1;1;0;0;62.7;64;
20.04.2014;11:26:48;1;0;0;0;62.8;64;
20.04.2014;11:26:53;0;0;0;0;62.9;64;
20.04.2014;11:26:58;0;0;0;0;62.8;64;
20.04.2014;11:27:03;1;0;0;0;62.8;64;
20.04.2014;11:27:08;1;1;0;0;62.9;64;
20.04.2014;11:27:13;0;1;0;0;63;64;
20.04.2014;11:27:18;0;1;0;0;62.9;64;
20.04.2014;11:27:23;1;1;0;0;62.9;64;
20.04.2014;11:27:28;1;0;0;0;63;64;
20.04.2014;11:27:33;0;0;0;0;63.1;64;
20.04.2014;11:27:38;0;0;0;0;63;64;
20.04.2014;11:27:43;1;0;0;0;63;64;
20.04.2014;11:27:48;1;1;0;0;63.1;64;
20.04.2014;11:27:53;0;1;0;0;63.2;64;
20.04.2014;11:27:58;0;1;0;0;63.1;64;
20.04.2014;11:28:03;1;1;0;0;63.1;64;
20.04.2014;11:28:08;1;0;0;0;63.2;64;
20.04.2014;11:28:13;0;0;0;0;63.3;64;
20.04.2014;11:28:18;0;0;0;0;63.2;64;
20.04.2014;11:28:23;1;0;0;0;63.2;64;
20.04.2014;11:28:28;1;1;0;0;63.3;64;
20.04.2014;11:28:33;0;1;0;0;63.4;64;
20.04.2014;11:28:38;0;1;0;0;63.3;64;
20.04.2014;11:28:43;1;1;0;0;63.3;64;
20.04.2014;11:28:48;1;0;0;0;63.4;64;
20.04.2014;11:28:53;0;0;0;0;63.5;64;
20.04.2014;11:28:58;0;0;0;0;63.4;64;
20.04.2014;11:29:03;1;0;0;0;63.4;64;
20.04.2014;11:29:08;1;1;0;0;63.5;64;
20.04.2014;11:29:13;0;1;0;0;63.6;64;
20.04.2014;11:29:18;0;1;0;0;63.5;64;
20.04.2014;11:29:23;1;1;0;0;63.5;64;
20.04.2014;11:29:28;1;0;0;0;63.6;64;
20.04.2014;11:29:33;0;0;0;0;63.7;64;
20.04.2014;11:29:38;0;0;0;0;63.6;64;
20.04.2014;11:29:43;1;0;0;0;63.6;64;
20.04.2014;11:29:48;1;1;0;0;63.7;64;
20.04.2014;11:29:53;0;1;0;0;63.8;64;
20.04.2014;11:29:58;0;1;0;0;63.7;64;
20.04.2014;11:30:03;1;1;0;0;63.7;64;
20.04.2014;11:30:08;1;0;0;0;63.8;64;
20.04.2014;11:30:13;0;0;0;0;63.9;64;
20.04.2014;11:30:18;0;0;0;0;63.8;64;
20.04.2014;11:30:23;1;0;0;0;63.8;64;
20.04.2014;11:30:28;1;1;0;0;63.9;64;
20.04.2014;11:30:33;0;1;0;0;64;64;
20.04.2014;11:30:38;1;1;0;0;63.9;64;
20.04.2014;11:30:43;0;1;0;0;64;64;
20.04.2014;11:30:48;0;0;0;0;64;64;
20.04.2014;11:30:53;1;0;0;0;63.9;64;
20.04.2014;11:30:58;0;0;0;0;64;64;
20.04.2014;11:31:03;0;0;0;0;64;64;
20.04.2014;11:31:08;1;1;0;0;63.9;64;
20.04.2014;11:31:13;0;1;0;0;64;64;
20.04.2014;11:31:18;0;1;0;0;64;64;
20.04.2014;11:31:23;1;1;0;0;63.9;64;
20.04.2014;11:31:28;0;0;0;0;64;64;
20.04.2014;11:31:33;0;0;0;0;64;64;
20.04.2014;11:31:38;1;0;0;0;63.9;64;
20.04.2014;11:31:43;0;0;0;0;64;64;
20.04.2014;11:31:48;0;1;0;0;64;64;
20.04.2014;11:31:53;1;1;0;0;63.9;64;
20.04.2014;11:31:58;0;1;0;0;64;64;
20.04.2014;11:32:03;0;1;0;0;64;64;
20.04.2014;11:32:08;1;0;0;0;63.9;64;
20.04.2014;11:32:13;0;0;0;0;64;64;
20.04.2014;11:32:18;0;0;0;0;64;64;
20.04.2014;11:32:23;1;0;0;0;63.9;64;
20.04.2014;11:32:28;0;1;0;0;64;64;
20.04.2014;11:32:33;0;1;0;0;64;64;
20.04.2014;11:32:38;1;1;0;0;63.9;64;
20.04.2014;11:32:43;0;1;0;0;64;64;
20.04.2014;11:32:48;0;0;0;0;64;64;
20.04.2014;11:32:53;1;0;0;0;63.9;64;
20.04.2014;11:32:58;0;0;0;0;64;64;
20.04.2014;11:33:03;0;0;0;0;64;64;
20.04.2014;11:33:08;1;1;0;0;63.9;64;
20.04.2014;11:33:13;0;1;0;0;64;64;
20.04.2014;11:33:18;0;1;0;0;64;64;
20.04.2014;11:33:23;1;1;0;0;63.9;64;
20.04.2014;11:33:28;0;0;0;0;64;64;
20.04.2014;11:33:33;0;0;0;0;64;64;
20.04.2014;11:33:38;1;0;0;0;63.9;64;
20.04.2014;11:33:43;0;0;0;0;64;64;
20.04.2014;11:33:48;0;1;0;0;64;64;
20.04.2014;11:33:53;1;1;0;0;63.9;64;
20.04.2014;11:33:58;0;1;0;0;64;64;
20.04.2014;11:34:03;0;1;0;0;64;64;
20.04.2014;11:34:08;1;0;0;0;63.9;64;
20.04.2014;11:34:13;0;0;0;0;64;64;
20.04.2014;11:34:18;0;0;0;0;64;64;
20.04.2014;11:34:23;1;0;0;0;63.9;64;
20.04.2014;11:34:28;0;1;0;0;64;64;
20.04.2014;11:34:33;0;1;0;0;64;64;
20.04.2014;11:34:38;1;1;0;0;63.9;64;
20.04.2014;11:34:43;0;1;0;0;64;64;
20.04.2014;11:34:48;0;0;0;0;64;64;
20.04.2014;11:34:53;1;0;0;0;63.9;64;
20.04.2014;11:34:58;0;0;0;0;64;64;
20.04.2014;11:35:03;0;0;0;0;64;64;
20.04.2014;11:35:08;1;1;0;0;63.9;64;
20.04.2014;11:35:13;0;1;0;0;64;64;
20.04.2014;11:35:18;0;1;0;0;64;64;
20.04.2014;11:35:23;1;1;0;0;63.9;64;
20.04.2014;11:35:28;0;0;0;0;64;64;
20.04.2014;11:35:33;0;0;0;0;64;64;
20.04.2014;11:35:38;1;0;0;0;63.9;64;
20.04.2014;11:35:43;0;0;0;0;64;64;
20.04.2014;11:35:48;0;1;0;0;64;64;
20.04.2014;11:35:53;1;1;0;0;63.9;64;
20.04.2014;11:35:58;0;1;0;0;64;64;
20.04.2014;11:36:03;0;1;0;0;64;64;
20.04.2014;11:36:08;1;0;0;0;63.9;64;
20.04.2014;11:36:13;0;0;0;0;64;64;
20.04.2014;11:36:18;0;0;0;0;64;64;
20.04.2014;11:36:23;1;0;0;0;63.9;64;
20.04.2014;11:36:28;0;1;0;0;64;64;
20.04.2014;11:36:33;0;1;0;0;64;64;
20.04.2014;11:36:38;1;1;0;0;63.9;64;
20.04.2014;11:36:43;0;1;0;0;64;64;
20.04.2014;11:36:48;0;0;0;0;64;64;
20.04.2014;11:36:53;1;0;0;0;63.9;64;
20.04.2014;11:36:58;0;0;0;0;64;64;
20.04.2014;11:37:03;0;0;0;0;64;64;
20.04.2014;11:37:08;1;1;0;0;63.9;64;
20.04.2014;11:37:13;0;1;0;0;64;64;
20.04.2014;11:37:18;0;1;0;0;64;64;
20.04.2014;11:37:23;1;1;0;0;63.9;64;
20.04.2014;11:37:28;0;0;0;0;64;64;
20.04.2014;11:37:33;0;0;0;0;64;64;
20.04.2014;11:37:38;1;0;0;0;63.9;64;
20.04.2014;11:37:43;0;0;0;0;64;64;
20.04.2014;11:37:48;0;1;0;0;64;64;
20.04.2014;11:37:53;1;1;0;0;63.9;64;
20.04.2014;11:37:58;0;1;0;0;64;64;
20.04.2014;11:38:03;0;1;0;0;64;64;
20.04.2014;11:38:08;1;0;0;0;63.9;64;
20.04.2014;11:38:13;0;0;0;0;64;64;
20.04.2014;11:38:18;0;0;0;0;64;64;
20.04.2014;11:38:23;1;0;0;0;63.9;64;
20.04.2014;11:38:28;0;1;0;0;64;64;
20.04.2014;11:38:33;0;1;0;0;64;64;
20.04.2014;11:38:38;1;1;0;0;63.9;64;
20.04.2014;11:38:43;0;1;0;0;64;64;
20.04.2014;11:38:48;0;0;0;0;64;64;
20.04.2014;11:38:53;1;0;0;0;63.9;64;
20.04.2014;11:38:58;0;0;0;0;64;64;
20.04.2014;11:39:03;0;0;0;0;64;64;
20.04.2014;11:39:08;1;1;0;0;63.9;64;
20.04.2014;11:39:13;0;1;0;0;64;64;
20.04.2014;11:39:18;0;1;0;0;64;64;
20.04.2014;11:39:23;1;1;0;0;63.9;64;
20.04.2014;11:39:28;0;0;0;0;64;64;
20.04.2014;11:39:33;0;0;0;0;64;64;
20.04.2014;11:39:38;1;0;0;0;63.9;64;
20.04.2014;11:39:43;0;0;0;0;64;64;
20.04.2014;11:39:48;0;1;0;0;64;64;
20.04.2014;11:39:53;1;1;0;0;63.9;64;
20.04.2014;11:39:58;0;1;0;0;64;64;
20.04.2014;11:40:03;0;1;0;0;64;64;
20.04.2014;11:40:08;1;0;0;0;63.9;64;
20.04.2014;11:40:13;0;0;0;0;64;64;
20.04.2014;11:40:18;0;0;0;0;64;64;
20.04.2014;11:40:23;1;0;0;0;63.9;64;
20.04.2014;11:40:28;0;1;0;0;64;64;
20.04.2014;11:40:33;0;1;0;0;64;64;
20.04.2014;11:40:38;1;1;0;0;64.1;72;
20.04.2014;11:40:43;1;1;0;0;64.2;72;
20.04.2014;11:40:48;1;0;0;0;64.3;72;
20.04.2014;11:40:53;1;0;0;0;64.4;72;
20.04.2014;11:40:58;1;0;0;0;64.5;72;
20.04.2014;11:41:03;1;0;0;0;64.6;72;
20.04.2014;11:41:08;1;0;0;0;64.7;72;
20.04.2014;11:41:13;1;0;0;0;64.8;72;
20.04.2014;11:41:18;1;1;0;0;64.9;72;
20.04.2014;11:41:23;1;1;0;0;65;72;
20.04.2014;11:41:28;1;0;0;0;65.1;72;
20.04.2014;11:41:33;1;0;0;0;65.2;72;
20.04.2014;11:41:38;1;0;0;0;65.3;72;
20.04.2014;11:41:43;1;0;0;0;65.4;72;
20.04.2014;11:41:48;1;0;0;0;65.5;72;
20.04.2014;11:41:53;1;0;0;0;65.6;72;
20.04.2014;11:41:58;1;1;0;0;65.7;72;
20.04.2014;11:42:03;1;1;0;0;65.8;72;
20.04.2014;11:42:08;1;0;0;0;65.9;72;
20.04.2014;11:42:13;1;0;0;0;66;72;
20.04.2014;11:42:18;1;0;0;0;66.1;72;
20.04.2014;11:42:23;1;0;0;0;66.2;72;
20.04.2014;11:42:28;1;0;0;0;66.3;72;
20.04.2014;11:42:33;1;0;0;0;66.4;72;
20.04.2014;11:42:38;1;1;0;0;66.5;72;
20.04.2014;11:42:43;1;1;0;0;66.6;72;
20.04.2014;11:42:48;1;0;0;0;66.7;72;
20.04.2014;11:42:53;1;0;0;0;66.8;72;
20.04.2014;11:42:58;1;0;0;0;66.9;72;
20.04.2014;11:43:03;1;0;0;0;67;72;
20.04.2014;11:43:08;1;0;0;0;67.1;72;
20.04.2014;11:43:13;1;0;0;0;67.2;72;
20.04.2014;11:43:18;1;1;0;0;67.3;72;
20.04.2014;11:43:23;1;1;0;0;67.4;72;
20.04.2014;11:43:28;1;0;0;0;67.5;72;
20.04.2014;11:43:33;1;0;0;0;67.6;72;
20.04.2014;11:43:38;1;0;0;0;67.7;72;
20.04.2014;11:43:43;1;0;0;0;67.8;72;
20.04.2014;11:43:48;1;0;0;0;67.9;72;
20.04.2014;11:43:53;1;0;0;0;68;72;
20.04.2014;11:43:58;1;1;0;0;68.1;72;
20.04.2014;11:44:03;1;1;0;0;68.2;72;
20.04.2014;11:44:08;1;0;0;0;68.3;72;
20.04.2014;11:44:13;1;0;0;0;68.4;72;
20.04.2014;11:44:18;1;0;0;0;68.5;72;
20.04.2014;11:44:23;1;0;0;0;68.6;72;
20.04.2014;11:44:28;1;0;0;0;68.7;72;
20.04.2014;11:44:33;1;0;0;0;68.8;72;
20.04.2014;11:44:38;1;1;0;0;68.9;72;
20.04.2014;11:44:43;1;1;0;0;69;72;
20.04.2014;11:44:48;1;0;0;0;69.1;72;
20.04.2014;11:44:53;1;0;0;0;69.2;72;
20.04.2014;11:44:58;1;0;0;0;69.3;72;
20.04.2014;11:45:03;1;0;0;0;69.4;72;
20.04.2014;11:45:08;1;0;0;0;69.5;72;
20.04.2014;11:45:13;1;0;0;0;69.6;72;
20.04.2014;11:45:18;1;1;0;0;69.7;72;
20.04.2014;11:45:23;1;1;0;0;69.8;72;
20.04.2014;11:45:28;1;0;0;0;69.9;72;
20.04.2014;11:45:33;1;0;0;0;70;72;
20.04.2014;11:45:38;1;0;0;0;70.1;72;
20.04.2014;11:45:43;0;0;0;0;70.2;72;
20.04.2014;11:45:48;0;0;0;0;70.1;72;
20.04.2014;11:45:53;1;0;0;0;70.1;72;
20.04.2014;11:45:58;1;1;0;0;70.2;72;
20.04.2014;11:46:03;0;1;0;0;70.3;72;
20.04.2014;11:46:08;0;0;0;0;70.2;72;
20.04.2014;11:46:13;1;0;0;0;70.2;72;
20.04.2014;11:46:18;1;0;0;0;70.3;72;
20.04.2014;11:46:23;0;0;0;0;70.4;72;
20.04.2014;11:46:30;0;0;0;0;70.3;72;
20.04.2014;11:46:35;1;1;0;0;70.3;72;
20.04.2014;11:46:38;1;1;0;0;70.4;72;
20.04.2014;11:46:43;0;1;0;0;70.5;72;
20.04.2014;11:46:48;0;0;0;0;70.4;72;
20.04.2014;11:46:53;1;0;0;0;70.4;72;
20.04.2014;11:46:58;1;0;0;0;70.5;72;
20.04.2014;11:47:03;0;0;0;0;70.6;72;
20.04.2014;11:47:08;0;0;0;0;70.5;72;
20.04.2014;11:47:13;1;0;0;0;70.5;72;
20.04.2014;11:47:18;1;1;0;0;70.6;72;
20.04.2014;11:47:23;0;1;0;0;70.7;72;
20.04.2014;11:47:28;0;0;0;0;70.6;72;
20.04.2014;11:47:33;1;0;0;0;70.6;72;
20.04.2014;11:47:38;1;0;0;0;70.7;72;
20.04.2014;11:47:43;0;0;0;0;70.8;72;
20.04.2014;11:47:48;0;0;0;0;70.7;72;
20.04.2014;11:47:53;1;0;0;0;70.7;72;
20.04.2014;11:47:58;1;1;0;0;70.8;72;
20.04.2014;11:48:03;0;1;0;0;70.9;72;
20.04.2014;11:48:08;0;0;0;0;70.8;72;
20.04.2014;11:48:13;1;0;0;0;70.8;72;
20.04.2014;11:48:18;1;0;0;0;70.9;72;
20.04.2014;11:48:23;0;0;0;0;71;72;
20.04.2014;11:48:28;0;0;0;0;70.9;72;
20.04.2014;11:48:33;1;0;0;0;70.9;72;
20.04.2014;11:48:38;1;1;0;0;71;72;
20.04.2014;11:48:43;0;1;0;0;71.1;72;
20.04.2014;11:48:48;0;0;0;0;71;72;
20.04.2014;11:48:53;1;0;0;0;71;72;
20.04.2014;11:48:58;1;0;0;0;71.1;72;
20.04.2014;11:49:03;0;0;0;0;71.2;72;
20.04.2014;11:49:08;0;0;0;0;71.1;72;
20.04.2014;11:49:13;1;0;0;0;71.1;72;
20.04.2014;11:49:18;1;1;0;0;71.2;72;
20.04.2014;11:49:23;0;1;0;0;71.3;72;
20.04.2014;11:49:28;0;0;0;0;71.2;72;
20.04.2014;11:49:33;1;0;0;0;71.2;72;
20.04.2014;11:49:38;1;0;0;0;71.3;72;
20.04.2014;11:49:43;0;0;0;0;71.4;72;
20.04.2014;11:49:48;0;0;0;0;71.3;72;
20.04.2014;11:49:53;1;0;0;0;71.3;72;
20.04.2014;11:49:58;1;1;0;0;71.4;72;
20.04.2014;11:50:03;0;1;0;0;71.5;72;
20.04.2014;11:50:08;0;0;0;0;71.4;72;
20.04.2014;11:50:13;1;0;0;0;71.4;72;
20.04.2014;11:50:18;1;0;0;0;71.5;72;
20.04.2014;11:50:23;0;0;0;0;71.6;72;
20.04.2014;11:50:28;0;0;0;0;71.5;72;
20.04.2014;11:50:33;1;0;0;0;71.5;72;
20.04.2014;11:50:38;1;1;0;0;71.6;72;
20.04.2014;11:50:43;0;1;0;0;71.7;72;
20.04.2014;11:50:48;0;0;0;0;71.6;72;
20.04.2014;11:50:53;1;0;0;0;71.6;72;
20.04.2014;11:50:58;1;0;0;0;71.7;72;
20.04.2014;11:51:03;0;0;0;0;71.8;72;
20.04.2014;11:51:08;0;0;0;0;71.7;72;
20.04.2014;11:51:13;1;0;0;0;71.7;72;
20.04.2014;11:51:18;1;1;0;0;71.8;72;
20.04.2014;11:51:23;0;1;0;0;71.9;72;
20.04.2014;11:51:28;0;0;0;0;71.8;72;
20.04.2014;11:51:33;1;0;0;0;71.8;72;
20.04.2014;11:51:38;1;0;0;0;71.9;72;
20.04.2014;11:51:43;0;1;0;0;72;72;
20.04.2014;11:51:48;1;1;0;0;71.9;72;
20.04.2014;11:51:53;0;0;0;0;72;72;
20.04.2014;11:51:58;0;0;0;0;72;72;
20.04.2014;11:52:03;1;0;0;0;71.9;72;
20.04.2014;11:52:08;0;0;0;0;72;72;
20.04.2014;11:52:13;0;0;0;0;72;72;
20.04.2014;11:52:18;1;0;0;0;71.9;72;
20.04.2014;11:52:23;0;1;0;0;72;72;
20.04.2014;11:52:28;0;1;0;0;72;72;
20.04.2014;11:52:33;1;0;0;0;71.9;72;
20.04.2014;11:52:38;0;0;0;0;72;72;
20.04.2014;11:52:43;0;0;0;0;72;72;
20.04.2014;11:52:48;1;0;0;0;71.9;72;
20.04.2014;11:52:53;0;0;0;0;72;72;
20.04.2014;11:52:58;0;0;0;0;72;72;
20.04.2014;11:53:03;1;1;0;0;71.9;72;
20.04.2014;11:53:08;0;1;0;0;72;72;
20.04.2014;11:53:13;0;0;0;0;72;72;
20.04.2014;11:53:18;1;0;0;0;71.9;72;
20.04.2014;11:53:23;0;0;0;0;72;72;
20.04.2014;11:53:28;0;0;0;0;72;72;
20.04.2014;11:53:33;1;0;0;0;71.9;72;
20.04.2014;11:53:38;0;0;0;0;72;72;
20.04.2014;11:53:43;0;1;0;0;72;72;
20.04.2014;11:53:48;1;1;0;0;71.9;72;
20.04.2014;11:53:53;0;0;0;0;72;72;
20.04.2014;11:53:58;0;0;0;0;72;72;
20.04.2014;11:54:03;1;0;0;0;71.9;72;
20.04.2014;11:54:08;0;0;0;0;72;72;
20.04.2014;11:54:13;0;0;0;0;72;72;
20.04.2014;11:54:18;1;0;0;0;71.9;72;
20.04.2014;11:54:23;0;1;0;0;72;72;
20.04.2014;11:54:28;0;1;0;0;72;72;
20.04.2014;11:54:33;1;0;0;0;71.9;72;
20.04.2014;11:54:38;0;0;0;0;72;72;
20.04.2014;11:54:43;0;0;0;0;72;72;
20.04.2014;11:54:48;1;0;0;0;71.9;72;
20.04.2014;11:54:53;0;0;0;0;72;72;
20.04.2014;11:54:58;0;0;0;0;72;72;
20.04.2014;11:55:03;1;1;0;0;71.9;72;
20.04.2014;11:55:08;0;1;0;0;72;72;
20.04.2014;11:55:13;0;0;0;0;72;72;
20.04.2014;11:55:18;1;0;0;0;71.9;72;
20.04.2014;11:55:23;0;0;0;0;72;72;
20.04.2014;11:55:28;0;0;0;0;72;72;
20.04.2014;11:55:33;1;0;0;0;71.9;72;
20.04.2014;11:55:38;0;0;0;0;72;72;
20.04.2014;11:55:43;0;1;0;0;72;72;
20.04.2014;11:55:48;1;1;0;0;71.9;72;
20.04.2014;11:55:53;0;0;0;0;72;72;
20.04.2014;11:55:58;0;0;0;0;72;72;
20.04.2014;11:56:03;1;0;0;0;71.9;72;
20.04.2014;11:56:08;0;0;0;0;72;72;
20.04.2014;11:56:13;0;0;0;0;72;72;
20.04.2014;11:56:18;1;0;0;0;71.9;72;
20.04.2014;11:56:23;0;1;0;0;72;72;
20.04.2014;11:56:28;0;1;0;0;72;72;
20.04.2014;11:56:33;1;0;0;0;71.9;72;
20.04.2014;11:56:38;0;0;0;0;72;72;
20.04.2014;11:56:43;0;0;0;0;72;72;
20.04.2014;11:56:48;1;0;0;0;71.9;72;
20.04.2014;11:56:53;0;0;0;0;72;72;
20.04.2014;11:56:58;0;0;0;0;72;72;
20.04.2014;11:57:03;1;1;0;0;71.9;72;
20.04.2014;11:57:08;0;1;0;0;72;72;
20.04.2014;11:57:13;0;0;0;0;72;72;
20.04.2014;11:57:18;1;0;0;0;71.9;72;
20.04.2014;11:57:23;0;0;0;0;72;72;
20.04.2014;11:57:28;0;0;0;0;72;72;
20.04.2014;11:57:33;1;0;0;0;71.9;72;
20.04.2014;11:57:38;0;0;0;0;72;72;
20.04.2014;11:57:43;0;1;0;0;72;72;
20.04.2014;11:57:48;1;1;0;0;71.9;72;
20.04.2014;11:57:53;0;0;0;0;72;72;
20.04.2014;11:57:58;0;0;0;0;72;72;
20.04.2014;11:58:03;1;0;0;0;71.9;72;
20.04.2014;11:58:08;0;0;0;0;72;72;
20.04.2014;11:58:13;0;0;0;0;72;72;
20.04.2014;11:58:18;1;0;0;0;71.9;72;
20.04.2014;11:58:23;0;1;0;0;72;72;
20.04.2014;11:58:28;0;1;0;0;72;72;
20.04.2014;11:58:33;1;0;0;0;71.9;72;
20.04.2014;11:58:38;0;0;0;0;72;72;
20.04.2014;11:58:43;0;0;0;0;72;72;
20.04.2014;11:58:48;1;0;0;0;71.9;72;
20.04.2014;11:58:53;0;0;0;0;72;72;
20.04.2014;11:58:58;0;0;0;0;72;72;
20.04.2014;11:59:03;1;1;0;0;71.9;72;
20.04.2014;11:59:08;0;1;0;0;72;72;
20.04.2014;11:59:13;0;0;0;0;72;72;
20.04.2014;11:59:18;1;0;0;0;71.9;72;
20.04.2014;11:59:23;0;0;0;0;72;72;
20.04.2014;11:59:28;0;0;0;0;72;72;
20.04.2014;11:59:33;1;0;0;0;71.9;72;
20.04.2014;11:59:38;0;0;0;0;72;72;
20.04.2014;11:59:43;0;1;0;0;72;72;
20.04.2014;11:59:48;1;1;0;0;71.9;72;
20.04.2014;11:59:53;0;0;0;0;72;72;
20.04.2014;11:59:58;0;0;0;0;72;72;
20.04.2014;12:00:03;1;0;0;0;71.9;72;
20.04.2014;12:00:08;0;0;0;0;72;72;
20.04.2014;12:00:13;0;0;0;0;72;72;
20.04.2014;12:00:18;1;0;0;0;71.9;72;
20.04.2014;12:00:23;0;1;0;0;72;72;
20.04.2014;12:00:28;0;1;0;0;72;72;
20.04.2014;12:00:33;1;0;0;0;71.9;72;
20.04.2014;12:00:38;0;0;0;0;72;72;
20.04.2014;12:00:43;0;0;0;0;72;72;
20.04.2014;12:00:48;1;0;0;0;71.9;72;
20.04.2014;12:00:53;0;0;0;0;72;72;
20.04.2014;12:00:58;0;0;0;0;72;72;
20.04.2014;12:01:03;1;1;0;0;71.9;72;
20.04.2014;12:01:08;0;1;0;0;72;72;
20.04.2014;12:01:13;0;0;0;0;72;72;
20.04.2014;12:01:18;1;0;0;0;71.9;72;
20.04.2014;12:01:23;0;0;0;0;72;72;
20.04.2014;12:01:28;0;0;0;0;72;72;
20.04.2014;12:01:33;1;0;0;0;71.9;72;
20.04.2014;12:01:38;0;0;0;0;72;72;
20.04.2014;12:01:43;0;1;0;0;72;72;
20.04.2014;12:01:48;1;1;0;0;72.1;78;
20.04.2014;12:01:53;1;1;0;0;72.2;78;
20.04.2014;12:01:58;1;1;0;0;72.3;78;
20.04.2014;12:02:03;1;1;0;0;72.4;78;
20.04.2014;12:02:08;1;1;0;0;72.5;78;
20.04.2014;12:02:13;1;1;0;0;72.6;78;
20.04.2014;12:02:18;1;0;0;0;72.7;78;
20.04.2014;12:02:23;1;0;0;0;72.8;78;
20.04.2014;12:02:28;1;1;0;0;72.9;78;
20.04.2014;12:02:33;1;1;0;0;73;78;
20.04.2014;12:02:38;1;1;0;0;73.1;78;
20.04.2014;12:02:43;1;1;0;0;73.2;78;
20.04.2014;12:02:48;1;1;0;0;73.3;78;
20.04.2014;12:02:53;1;1;0;0;73.4;78;
20.04.2014;12:02:58;1;0;0;0;73.5;78;
20.04.2014;12:03:03;1;0;0;0;73.6;78;
20.04.2014;12:03:08;1;1;0;0;73.7;78;
20.04.2014;12:03:13;1;1;0;0;73.8;78;
20.04.2014;12:03:18;1;1;0;0;73.9;78;
20.04.2014;12:03:23;1;1;0;0;74;78;
20.04.2014;12:03:28;1;1;0;0;74.1;78;
20.04.2014;12:03:33;1;1;0;0;74.2;78;
20.04.2014;12:03:38;1;0;0;0;74.3;78;
20.04.2014;12:03:43;1;0;0;0;74.4;78;
20.04.2014;12:03:48;1;1;0;0;74.5;78;
20.04.2014;12:03:53;1;1;0;0;74.6;78;
20.04.2014;12:03:58;1;1;0;0;74.7;78;
20.04.2014;12:04:03;1;1;0;0;74.8;78;
20.04.2014;12:04:08;1;1;0;0;74.9;78;
20.04.2014;12:04:13;1;1;0;0;75;78;
20.04.2014;12:04:18;1;0;0;0;75.1;78;
20.04.2014;12:04:23;1;0;0;0;75.2;78;
20.04.2014;12:04:28;1;1;0;0;75.3;78;
20.04.2014;12:04:33;1;1;0;0;75.4;78;
20.04.2014;12:04:38;1;1;0;0;75.5;78;
20.04.2014;12:04:43;1;1;0;0;75.6;78;
20.04.2014;12:04:48;1;1;0;0;75.7;78;
20.04.2014;12:04:53;1;1;0;0;75.8;78;
20.04.2014;12:04:58;1;0;0;0;75.9;78;
20.04.2014;12:05:03;1;0;0;0;76;78;
20.04.2014;12:05:08;1;1;0;0;76.1;78;
20.04.2014;12:05:13;0;1;0;0;76.2;78;
20.04.2014;12:05:18;0;1;0;0;76.1;78;
20.04.2014;12:05:23;1;1;0;0;76.1;78;
20.04.2014;12:05:28;1;1;0;0;76.2;78;
20.04.2014;12:05:33;0;1;0;0;76.3;78;
20.04.2014;12:05:38;0;0;0;0;76.2;78;
20.04.2014;12:05:43;1;0;0;0;76.2;78;
20.04.2014;12:05:48;1;1;0;0;76.3;78;
20.04.2014;12:05:53;0;1;0;0;76.4;78;
20.04.2014;12:05:58;0;1;0;0;76.3;78;
20.04.2014;12:06:03;1;1;0;0;76.3;78;
20.04.2014;12:06:08;1;1;0;0;76.4;78;
20.04.2014;12:06:13;0;1;0;0;76.5;78;
20.04.2014;12:06:18;0;0;0;0;76.4;78;
20.04.2014;12:06:23;1;0;0;0;76.4;78;
20.04.2014;12:06:28;1;1;0;0;76.5;78;
20.04.2014;12:06:33;0;1;0;0;76.6;78;
20.04.2014;12:06:38;0;1;0;0;76.5;78;
20.04.2014;12:06:43;1;1;0;0;76.5;78;
20.04.2014;12:06:48;1;1;0;0;76.6;78;
20.04.2014;12:06:53;0;1;0;0;76.7;78;
20.04.2014;12:06:58;0;0;0;0;76.6;78;
20.04.2014;12:07:03;1;0;0;0;76.6;78;
20.04.2014;12:07:08;1;1;0;0;76.7;78;
20.04.2014;12:07:13;0;1;0;0;76.8;78;
20.04.2014;12:07:18;0;1;0;0;76.7;78;
20.04.2014;12:07:23;1;1;0;0;76.7;78;
20.04.2014;12:07:28;1;1;0;0;76.8;78;
20.04.2014;12:07:33;0;1;0;0;76.9;78;
20.04.2014;12:07:38;0;0;0;0;76.8;78;
20.04.2014;12:07:43;1;0;0;0;76.8;78;
20.04.2014;12:07:48;1;1;0;0;76.9;78;
20.04.2014;12:07:53;0;1;0;0;77;78;
20.04.2014;12:07:58;0;1;0;0;76.9;78;
20.04.2014;12:08:03;1;1;0;0;76.9;78;
20.04.2014;12:08:08;1;1;0;0;77;78;
20.04.2014;12:08:13;0;1;0;0;77.1;78;
20.04.2014;12:08:18;0;0;0;0;77;78;
20.04.2014;12:08:23;1;0;0;0;77;78;
20.04.2014;12:08:28;1;1;0;0;77.1;78;
20.04.2014;12:08:33;0;1;0;0;77.2;78;
20.04.2014;12:08:38;0;1;0;0;77.1;78;
20.04.2014;12:08:43;1;1;0;0;77.1;78;
20.04.2014;12:08:48;1;1;0;0;77.2;78;
20.04.2014;12:08:53;0;1;0;0;77.3;78;
20.04.2014;12:08:58;0;0;0;0;77.2;78;
20.04.2014;12:09:03;1;0;0;0;77.2;78;
20.04.2014;12:09:08;1;1;0;0;77.3;78;
20.04.2014;12:09:13;0;1;0;0;77.4;78;
20.04.2014;12:09:18;0;1;0;0;77.3;78;
20.04.2014;12:09:23;1;1;0;0;77.3;78;
20.04.2014;12:09:28;1;1;0;0;77.4;78;
20.04.2014;12:09:33;0;1;0;0;77.5;78;
20.04.2014;12:09:38;0;0;0;0;77.4;78;
20.04.2014;12:09:43;1;0;0;0;77.4;78;
20.04.2014;12:09:48;1;1;0;0;77.5;78;
20.04.2014;12:09:53;0;1;0;0;77.6;78;
20.04.2014;12:09:58;0;1;0;0;77.5;78;
20.04.2014;12:10:03;1;1;0;0;77.5;78;
20.04.2014;12:10:08;1;1;0;0;77.6;78;
20.04.2014;12:10:13;0;1;0;0;77.7;78;
20.04.2014;12:10:18;0;0;0;0;77.6;78;
20.04.2014;12:10:23;1;0;0;0;77.6;78;
20.04.2014;12:10:28;1;1;0;0;77.7;78;
20.04.2014;12:10:33;0;1;0;0;77.8;78;
20.04.2014;12:10:38;0;1;0;0;77.7;78;
20.04.2014;12:10:43;1;1;0;0;77.7;78;
20.04.2014;12:10:48;1;1;0;0;77.8;78;
20.04.2014;12:10:53;0;1;0;0;77.9;78;