18.10.2014;07:31:55;1;1;0;0;19.6;40;
18.10.2014;07:32:00;1;1;0;0;19.6;40;
18.10.2014;07:32:05;1;1;0;0;19.6;40;
18.10.2014;07:32:10;1;1;0;0;19.6;40;
18.10.2014;07:32:15;1;1;0;0;19.6;40;
18.10.2014;07:32:20;1;1;0;0;19.6;40;
18.10.2014;07:32:25;1;1;0;0;19.6;40;
18.10.2014;07:32:30;1;1;0;0;19.7;40;
18.10.2014;07:32:35;1;1;0;0;19.8;40;
18.10.2014;07:32:40;1;1;0;0;19.9;40;
18.10.2014;07:32:45;1;1;0;0;19.9;40;
18.10.2014;07:32:50;1;1;0;0;20;40;
18.10.2014;07:32:55;1;0;0;0;20.1;40;
18.10.2014;07:33:00;1;0;0;0;20.1;40;
18.10.2014;07:33:05;1;0;0;0;20.2;40;
18.10.2014;07:33:10;1;0;0;0;20.3;40;
18.10.2014;07:33:15;1;0;0;0;20.3;40;
18.10.2014;07:33:20;1;0;0;0;20.3;40;
18.10.2014;07:33:25;1;0;0;0;20.4;40;
18.10.2014;07:33:30;1;0;0;0;20.4;40;
18.10.2014;07:33:35;1;0;0;0;20.5;40;
18.10.2014;07:33:40;1;0;0;0;20.6;40;
18.10.2014;07:33:45;1;0;0;0;20.7;40;
18.10.2014;07:33:50;1;0;0;0;20.8;40;
18.10.2014;07:33:55;1;1;0;0;20.9;40;
18.10.2014;07:34:00;1;1;0;0;20.9;40;
18.10.2014;07:34:05;1;1;0;0;21.1;40;
18.10.2014;07:34:10;1;1;0;0;21.1;40;
18.10.2014;07:34:15;1;1;0;0;21.3;40;
18.10.2014;07:34:20;1;1;0;0;21.3;40;
18.10.2014;07:34:25;1;1;0;0;21.4;40;
18.10.2014;07:34:30;1;1;0;0;21.6;40;
18.10.2014;07:34:35;1;1;0;0;21.7;40;
18.10.2014;07:34:40;1;1;0;0;21.8;40;
18.10.2014;07:34:45;1;1;0;0;21.9;40;
18.10.2014;07:34:50;1;1;0;0;22;40;
18.10.2014;07:34:55;1;0;0;0;22.1;40;
18.10.2014;07:35:00;1;0;0;0;22.3;40;
18.10.2014;07:35:05;1;0;0;0;22.4;40;
18.10.2014;07:35:10;1;0;0;0;22.5;40;
18.10.2014;07:35:15;1;0;0;0;22.6;40;
18.10.2014;07:35:20;1;0;0;0;22.8;40;
18.10.2014;07:35:25;1;0;0;0;22.8;40;
18.10.2014;07:35:30;1;0;0;0;23;40;
18.10.2014;07:35:35;1;0;0;0;23.1;40;
18.10.2014;07:35:40;1;0;0;0;23.3;40;
18.10.2014;07:35:45;1;0;0;0;23.4;40;
18.10.2014;07:35:50;1;0;0;0;23.5;40;
18.10.2014;07:35:55;1;1;0;0;23.6;40;
18.10.2014;07:36:00;1;1;0;0;23.8;40;
18.10.2014;07:36:05;1;1;0;0;23.9;40;
18.10.2014;07:36:10;1;1;0;0;24;40;
18.10.2014;07:36:15;1;1;0;0;24.2;40;
18.10.2014;07:36:20;1;1;0;0;24.3;40;
18.10.2014;07:36:25;1;1;0;0;24.4;40;
18.10.2014;07:36:30;1;1;0;0;24.6;40;
18.10.2014;07:36:35;1;1;0;0;24.7;40;
18.10.2014;07:36:40;1;1;0;0;24.8;40;
18.10.2014;07:36:45;1;1;0;0;25;40;
18.10.2014;07:36:50;1;1;0;0;25.1;40;
18.10.2014;07:36:55;1;0;0;0;25.3;40;
18.10.2014;07:37:00;1;0;0;0;25.4;40;
18.10.2014;07:37:05;1;0;0;0;25.5;40;
18.10.2014;07:37:10;1;0;0;0;25.7;40;
18.10.2014;07:37:15;1;0;0;0;25.8;40;
18.10.2014;07:37:20;1;0;0;0;25.9;40;
18.10.2014;07:37:25;1;0;0;0;26.1;40;
18.10.2014;07:37:30;1;0;0;0;26.2;40;
18.10.2014;07:37:35;1;0;0;0;26.4;40;
18.10.2014;07:37:40;1;0;0;0;26.5;40;
18.10.2014;07:37:46;1;0;0;0;26.6;40;
18.10.2014;07:37:51;1;0;0;0;26.8;40;
18.10.2014;07:37:56;1;1;0;0;26.9;40;
18.10.2014;07:38:01;1;1;0;0;27.1;40;
18.10.2014;07:38:06;1;1;0;0;27.2;40;
18.10.2014;07:38:11;1;1;0;0;27.3;40;
18.10.2014;07:38:16;1;1;0;0;27.5;40;
18.10.2014;07:38:21;1;1;0;0;27.6;40;
18.10.2014;07:38:26;1;1;0;0;27.8;40;
18.10.2014;07:38:31;1;1;0;0;27.9;40;
18.10.2014;07:38:36;1;1;0;0;28.1;40;
18.10.2014;07:38:41;1;1;0;0;28.2;40;
18.10.2014;07:38:46;1;1;0;0;28.3;40;
18.10.2014;07:38:51;1;1;0;0;28.5;40;
18.10.2014;07:38:56;1;0;0;0;28.6;40;
18.10.2014;07:39:01;1;0;0;0;28.8;40;
18.10.2014;07:39:06;1;0;0;0;28.9;40;
18.10.2014;07:39:11;1;0;0;0;29.1;40;
18.10.2014;07:39:16;1;0;0;0;29.2;40;
18.10.2014;07:39:21;1;0;0;0;29.3;40;
18.10.2014;07:39:26;1;0;0;0;29.5;40;
18.10.2014;07:39:31;1;0;0;0;29.6;40;
18.10.2014;07:39:36;1;0;0;0;29.8;40;
18.10.2014;07:39:41;1;0;0;0;29.9;40;
18.10.2014;07:39:46;1;0;0;0;30.1;40;
18.10.2014;07:39:51;1;0;0;0;30.2;40;
18.10.2014;07:39:56;1;1;0;0;30.4;40;
18.10.2014;07:40:01;1;1;0;0;30.5;40;
18.10.2014;07:40:06;1;1;0;0;30.6;40;
18.10.2014;07:40:11;1;1;0;0;30.8;40;
18.10.2014;07:40:16;1;1;0;0;30.9;40;
18.10.2014;07:40:21;1;1;0;0;31.1;40;
18.10.2014;07:40:26;1;1;0;0;31.2;40;
18.10.2014;07:40:31;1;1;0;0;31.4;40;
18.10.2014;07:40:36;1;1;0;0;31.5;40;
18.10.2014;07:40:41;1;1;0;0;31.6;40;
18.10.2014;07:40:46;1;1;0;0;31.8;40;
18.10.2014;07:40:51;1;1;0;0;31.9;40;
18.10.2014;07:40:56;1;0;0;0;32.1;40;
18.10.2014;07:41:01;1;0;0;0;32.2;40;
18.10.2014;07:41:06;1;0;0;0;32.4;40;
18.10.2014;07:41:11;1;0;0;0;32.5;40;
18.10.2014;07:41:16;1;0;0;0;32.6;40;
18.10.2014;07:41:21;1;0;0;0;32.8;40;
18.10.2014;07:41:26;1;0;0;0;32.9;40;
18.10.2014;07:41:31;1;0;0;0;33.1;40;
18.10.2014;07:41:36;1;0;0;0;33.2;40;
18.10.2014;07:41:41;1;0;0;0;33.3;40;
18.10.2014;07:41:46;1;0;0;0;33.5;40;
18.10.2014;07:41:51;1;0;0;0;33.6;40;
18.10.2014;07:41:56;1;1;0;0;33.8;40;
18.10.2014;07:42:01;1;1;0;0;33.9;40;
18.10.2014;07:42:06;1;1;0;0;34.1;40;
18.10.2014;07:42:11;1;1;0;0;34.2;40;
18.10.2014;07:42:16;1;1;0;0;34.3;40;
18.10.2014;07:42:21;1;1;0;0;34.5;40;
18.10.2014;07:42:26;1;1;0;0;34.6;40;
18.10.2014;07:42:31;1;1;0;0;34.8;40;
18.10.2014;07:42:36;1;1;0;0;34.9;40;
18.10.2014;07:42:41;1;1;0;0;35;40;
18.10.2014;07:42:46;1;1;0;0;35.1;40;
18.10.2014;07:42:51;1;1;0;0;35.3;40;
18.10.2014;07:42:56;1;0;0;0;35.4;40;
18.10.2014;07:43:01;1;0;0;0;35.6;40;
18.10.2014;07:43:06;1;0;0;0;35.7;40;
18.10.2014;07:43:11;1;0;0;0;35.8;40;
18.10.2014;07:43:16;1;0;0;0;36;40;
18.10.2014;07:43:21;1;0;0;0;36.1;40;
18.10.2014;07:43:26;1;0;0;0;36.3;40;
18.10.2014;07:43:31;1;0;0;0;36.4;40;
18.10.2014;07:43:36;1;0;0;0;36.5;40;
18.10.2014;07:43:41;1;0;0;0;36.7;40;
18.10.2014;07:43:46;1;0;0;0;36.8;40;
18.10.2014;07:43:51;1;0;0;0;36.9;40;
18.10.2014;07:43:56;1;1;0;0;37.1;40;
18.10.2014;07:44:01;1;1;0;0;37.2;40;
18.10.2014;07:44:06;1;1;0;0;37.4;40;
18.10.2014;07:44:11;1;1;0;0;37.4;40;
18.10.2014;07:44:16;1;1;0;0;37.6;40;
18.10.2014;07:44:21;1;1;0;0;37.8;40;
18.10.2014;07:44:26;1;1;0;0;37.9;40;
18.10.2014;07:44:31;1;1;0;0;38;40;
18.10.2014;07:44:36;1;1;0;0;38.1;40;
18.10.2014;07:44:41;1;1;0;0;38.3;40;
18.10.2014;07:44:46;1;1;0;0;38.4;40;
18.10.2014;07:44:51;1;1;0;0;38.6;40;
18.10.2014;07:44:56;1;0;0;0;38.7;40;
18.10.2014;07:45:01;1;0;0;0;38.8;40;
18.10.2014;07:45:06;1;0;0;0;38.9;40;
18.10.2014;07:45:11;1;0;0;0;39.1;40;
18.10.2014;07:45:16;1;0;0;0;39.2;40;
18.10.2014;07:45:21;1;0;0;0;39.3;40;
18.10.2014;07:45:26;1;0;0;0;39.5;40;
18.10.2014;07:45:31;1;0;0;0;39.6;40;
18.10.2014;07:45:36;1;0;0;0;39.7;40;
18.10.2014;07:45:41;1;0;0;0;39.9;40;
18.10.2014;07:45:46;0;1;0;0;40;40;
18.10.2014;07:45:51;0;1;0;0;40.1;40;
18.10.2014;07:45:56;0;1;0;0;40.1;40;
18.10.2014;07:46:01;0;1;0;0;40.2;40;
18.10.2014;07:46:06;0;1;0;0;40.3;40;
18.10.2014;07:46:11;0;1;0;0;40.3;40;
18.10.2014;07:46:16;0;1;0;0;40.3;40;
18.10.2014;07:46:21;0;1;0;0;40.3;40;
18.10.2014;07:46:26;0;1;0;0;40.4;40;
18.10.2014;07:46:31;0;1;0;0;40.4;40;
18.10.2014;07:46:36;0;1;0;0;40.4;40;
18.10.2014;07:46:41;0;1;0;0;40.4;40;
18.10.2014;07:46:46;0;0;0;0;40.4;40;
18.10.2014;07:46:51;0;0;0;0;40.4;40;
18.10.2014;07:46:56;0;0;0;0;40.4;40;
18.10.2014;07:47:01;0;0;0;0;40.4;40;
18.10.2014;07:47:06;0;0;0;0;40.4;40;
18.10.2014;07:47:11;0;0;0;0;40.4;40;
18.10.2014;07:47:16;0;0;0;0;40.4;40;
18.10.2014;07:47:21;0;0;0;0;40.4;40;
18.10.2014;07:47:26;0;0;0;0;40.4;40;
18.10.2014;07:47:31;0;0;0;0;40.4;40;
18.10.2014;07:47:36;0;0;0;0;40.4;40;
18.10.2014;07:47:41;0;0;0;0;40.4;40;
18.10.2014;07:47:46;0;1;0;0;40.4;40;
18.10.2014;07:47:51;0;1;0;0;40.4;40;
18.10.2014;07:47:56;0;1;0;0;40.4;40;
18.10.2014;07:48:01;0;1;0;0;40.4;40;
18.10.2014;07:48:06;0;1;0;0;40.4;40;
18.10.2014;07:48:11;0;1;0;0;40.3;40;
18.10.2014;07:48:16;0;1;0;0;40.3;40;
18.10.2014;07:48:21;0;1;0;0;40.3;40;
18.10.2014;07:48:26;0;1;0;0;40.3;40;
18.10.2014;07:48:31;0;1;0;0;40.3;40;
18.10.2014;07:48:36;0;1;0;0;40.3;40;
18.10.2014;07:48:41;0;1;0;0;40.3;40;
18.10.2014;07:48:46;0;0;0;0;40.3;40;
18.10.2014;07:48:51;0;0;0;0;40.3;40;
18.10.2014;07:48:56;0;0;0;0;40.3;40;
18.10.2014;07:49:01;0;0;0;0;40.2;40;
18.10.2014;07:49:06;0;0;0;0;40.2;40;
18.10.2014;07:49:11;0;0;0;0;40.2;40;
18.10.2014;07:49:16;0;0;0;0;40.2;40;
18.10.2014;07:49:21;0;0;0;0;40.1;40;
18.10.2014;07:49:26;0;0;0;0;40.1;40;
18.10.2014;07:49:31;0;0;0;0;40.1;40;
18.10.2014;07:49:36;0;0;0;0;40.1;40;
18.10.2014;07:49:41;0;0;0;0;40.1;40;
18.10.2014;07:49:46;0;1;0;0;40.1;40;
18.10.2014;07:49:51;0;1;0;0;40.1;40;
18.10.2014;07:49:56;0;1;0;0;40;40;
18.10.2014;07:50:01;0;1;0;0;40;40;
18.10.2014;07:50:06;0;1;0;0;40;40;
18.10.2014;07:50:11;1;1;0;0;39.9;40;
18.10.2014;07:50:16;1;1;0;0;39.9;40;
18.10.2014;07:50:21;0;1;0;0;40;40;
18.10.2014;07:50:26;0;1;0;0;40.1;40;
18.10.2014;07:50:31;0;1;0;0;40.1;40;
18.10.2014;07:50:36;0;1;0;0;40.1;40;
18.10.2014;07:50:41;0;1;0;0;40;40;
18.10.2014;07:50:46;0;1;0;0;40;40;
18.10.2014;07:50:51;0;0;0;0;40;40;
18.10.2014;07:50:56;0;0;0;0;40;40;
18.10.2014;07:51:01;0;0;0;0;40;40;
18.10.2014;07:51:06;1;0;0;0;39.9;40;
18.10.2014;07:51:11;1;0;0;0;39.9;40;
18.10.2014;07:51:16;0;0;0;0;40;40;
18.10.2014;07:51:21;0;0;0;0;40.1;40;
18.10.2014;07:51:26;0;0;0;0;40;40;
18.10.2014;07:51:31;0;0;0;0;40;40;
18.10.2014;07:51:36;0;0;0;0;40;40;
18.10.2014;07:51:41;0;0;0;0;40;40;
18.10.2014;07:51:46;0;0;0;0;40;40;
18.10.2014;07:51:51;1;1;0;0;39.9;40;
18.10.2014;07:51:56;1;1;0;0;39.9;40;
18.10.2014;07:52:01;0;1;0;0;40;40;
18.10.2014;07:52:06;0;1;0;0;40.1;40;
18.10.2014;07:52:11;0;1;0;0;40.1;40;
18.10.2014;07:52:16;0;1;0;0;40;40;
18.10.2014;07:52:21;0;1;0;0;40;40;
18.10.2014;07:52:26;0;1;0;0;40;40;
18.10.2014;07:52:31;0;1;0;0;40;40;
18.10.2014;07:52:36;0;1;0;0;40;40;
18.10.2014;07:52:41;1;1;0;0;39.9;40;
18.10.2014;07:52:46;1;1;0;0;39.9;40;
18.10.2014;07:52:51;0;0;0;0;40;40;
18.10.2014;07:52:56;0;0;0;0;40.1;40;
18.10.2014;07:53:01;0;0;0;0;40;40;
18.10.2014;07:53:06;0;0;0;0;40;40;
18.10.2014;07:53:11;0;0;0;0;40;40;
18.10.2014;07:53:16;0;0;0;0;40;40;
18.10.2014;07:53:21;0;0;0;0;40;40;
18.10.2014;07:53:26;1;0;0;0;39.9;40;
18.10.2014;07:53:31;1;0;0;0;39.9;40;
18.10.2014;07:53:36;0;0;0;0;40;40;
18.10.2014;07:53:41;0;0;0;0;40.1;40;
18.10.2014;07:53:46;0;0;0;0;40;40;
18.10.2014;07:53:51;0;1;0;0;40;40;
18.10.2014;07:53:56;0;1;0;0;40;40;
18.10.2014;07:54:01;0;1;0;0;40;40;
18.10.2014;07:54:06;1;1;0;0;39.9;40;
18.10.2014;07:54:11;0;1;0;0;40;40;
18.10.2014;07:54:16;0;1;0;0;40;40;
18.10.2014;07:54:21;0;1;0;0;40;40;
18.10.2014;07:54:26;1;1;0;0;39.9;40;
18.10.2014;07:54:31;0;1;0;0;40;40;
18.10.2014;07:54:36;0;1;0;0;40;40;
18.10.2014;07:54:41;0;1;0;0;40;40;
18.10.2014;07:54:46;1;1;0;0;39.9;40;
18.10.2014;07:54:51;0;0;0;0;40;40;
18.10.2014;07:54:56;0;0;0;0;40;40;
18.10.2014;07:55:01;0;0;0;0;40;40;
18.10.2014;07:55:06;1;0;0;0;39.9;40;
18.10.2014;07:55:11;0;0;0;0;40;40;
18.10.2014;07:55:16;0;0;0;0;40;40;
18.10.2014;07:55:21;0;0;0;0;40;40;
18.10.2014;07:55:26;1;0;0;0;39.9;40;
18.10.2014;07:55:31;0;0;0;0;40;40;
18.10.2014;07:55:36;0;0;0;0;40;40;
18.10.2014;07:55:41;0;0;0;0;40;40;
18.10.2014;07:55:46;0;0;0;0;40;40;
18.10.2014;07:55:51;1;1;0;0;39.9;40;
18.10.2014;07:55:56;1;1;0;0;39.9;40;
18.10.2014;07:56:01;0;1;0;0;40;40;
18.10.2014;07:56:06;0;1;0;0;40.1;40;
18.10.2014;07:56:11;0;1;0;0;40;40;
18.10.2014;07:56:16;0;1;0;0;40;40;
18.10.2014;07:56:21;0;1;0;0;40;40;
18.10.2014;07:56:26;0;1;0;0;40;40;
18.10.2014;07:56:31;0;1;0;0;40;40;
18.10.2014;07:56:36;1;1;0;0;39.9;40;
18.10.2014;07:56:41;1;1;0;0;39.9;40;
18.10.2014;07:56:46;0;1;0;0;40;40;
18.10.2014;07:56:51;0;0;0;0;40.1;40;
18.10.2014;07:56:56;0;0;0;0;40;40;
18.10.2014;07:57:01;0;0;0;0;40;40;
18.10.2014;07:57:06;0;0;0;0;40;40;
18.10.2014;07:57:11;0;0;0;0;40;40;
18.10.2014;07:57:16;0;0;0;0;40;40;
18.10.2014;07:57:21;1;0;0;0;39.9;40;
18.10.2014;07:57:26;1;0;0;0;39.9;40;
18.10.2014;07:57:31;0;0;0;0;40;40;
18.10.2014;07:57:36;0;0;0;0;40.1;40;
18.10.2014;07:57:41;0;0;0;0;40;40;
18.10.2014;07:57:46;0;0;0;0;40;40;
18.10.2014;07:57:51;0;1;0;0;40;40;
18.10.2014;07:57:56;0;1;0;0;40;40;
18.10.2014;07:58:01;1;1;0;0;39.9;40;
18.10.2014;07:58:06;1;1;0;0;39.9;40;
18.10.2014;07:58:11;0;1;0;0;40;40;
18.10.2014;07:58:16;0;1;0;0;40.1;40;
18.10.2014;07:58:21;0;1;0;0;40.1;40;
18.10.2014;07:58:26;0;1;0;0;40;40;
18.10.2014;07:58:31;0;1;0;0;40;40;
18.10.2014;07:58:36;0;1;0;0;40;40;
18.10.2014;07:58:41;0;1;0;0;40;40;
18.10.2014;07:58:46;1;1;0;0;39.9;40;
18.10.2014;07:58:51;1;0;0;0;39.9;40;
18.10.2014;07:58:56;0;0;0;0;40;40;
18.10.2014;07:59:01;0;0;0;0;40.1;40;
18.10.2014;07:59:06;0;0;0;0;40;40;
18.10.2014;07:59:11;0;0;0;0;40;40;
18.10.2014;07:59:16;0;0;0;0;40;40;
18.10.2014;07:59:21;0;0;0;0;40;40;
18.10.2014;07:59:26;1;0;0;0;39.9;40;
18.10.2014;07:59:31;1;0;0;0;39.9;40;
18.10.2014;07:59:36;0;0;0;0;40;40;
18.10.2014;07:59:41;0;0;0;0;40.1;40;
18.10.2014;07:59:46;0;0;0;0;40.1;40;
18.10.2014;07:59:51;0;1;0;0;40;40;
18.10.2014;07:59:56;0;1;0;0;40;40;
18.10.2014;08:00:01;0;1;0;0;40;40;
18.10.2014;08:00:06;0;1;0;0;40;40;
18.10.2014;08:00:11;1;1;0;0;39.9;40;
18.10.2014;08:00:16;1;1;0;0;39.9;40;
18.10.2014;08:00:21;0;1;0;0;40;40;
18.10.2014;08:00:26;0;1;0;0;40.1;40;
18.10.2014;08:00:31;0;1;0;0;40;40;
18.10.2014;08:00:36;0;1;0;0;40;40;
18.10.2014;08:00:41;0;1;0;0;40;40;
18.10.2014;08:00:46;0;1;0;0;40;40;
18.10.2014;08:00:51;1;0;0;0;39.9;40;
18.10.2014;08:00:56;1;0;0;0;39.9;40;
18.10.2014;08:01:01;0;0;0;0;40;40;
18.10.2014;08:01:06;0;0;0;0;40.1;40;
18.10.2014;08:01:11;0;0;0;0;40.1;40;
18.10.2014;08:01:16;0;0;0;0;40;40;
18.10.2014;08:01:21;0;0;0;0;40;40;
18.10.2014;08:01:26;0;0;0;0;40;40;
18.10.2014;08:01:31;0;0;0;0;40;40;
18.10.2014;08:01:36;1;0;0;0;39.9;40;
18.10.2014;08:01:41;1;0;0;0;39.9;40;
18.10.2014;08:01:46;0;0;0;0;40;40;
18.10.2014;08:01:51;0;1;0;0;40.1;40;
18.10.2014;08:01:56;0;1;0;0;40.1;40;
18.10.2014;08:02:01;0;1;0;0;40;40;
18.10.2014;08:02:06;0;1;0;0;40;40;
18.10.2014;08:02:11;0;1;0;0;40;40;
18.10.2014;08:02:16;0;1;0;0;40;40;
18.10.2014;08:02:21;1;1;0;0;39.9;40;
18.10.2014;08:02:26;1;1;0;0;39.9;40;
18.10.2014;08:02:31;0;1;0;0;40;40;
18.10.2014;08:02:36;0;1;0;0;40.1;40;
18.10.2014;08:02:41;0;1;0;0;40.1;40;
18.10.2014;08:02:46;0;1;0;0;40;40;
18.10.2014;08:02:51;0;0;0;0;40;40;
18.10.2014;08:02:56;0;0;0;0;40;40;
18.10.2014;08:03:01;1;0;0;0;39.9;40;
18.10.2014;08:03:06;1;0;0;0;39.9;40;
18.10.2014;08:03:11;0;0;0;0;40;40;
18.10.2014;08:03:16;0;0;0;0;40.1;40;
18.10.2014;08:03:21;0;0;0;0;40.1;40;
18.10.2014;08:03:26;0;0;0;0;40;40;
18.10.2014;08:03:31;0;0;0;0;40;40;
18.10.2014;08:03:36;0;0;0;0;40;40;
18.10.2014;08:03:41;0;0;0;0;40;40;
18.10.2014;08:03:46;0;0;0;0;40;40;
18.10.2014;08:03:51;1;1;0;0;39.9;40;
18.10.2014;08:03:56;1;1;0;0;39.9;40;
18.10.2014;08:04:01;0;1;0;0;40;40;
18.10.2014;08:04:06;0;1;0;0;40;40;
18.10.2014;08:04:11;0;1;0;0;40;40;
18.10.2014;08:04:16;0;1;0;0;40;40;
18.10.2014;08:04:21;0;1;0;0;40;40;
18.10.2014;08:04:26;0;1;0;0;40;40;
18.10.2014;08:04:31;1;1;0;0;39.9;40;
18.10.2014;08:04:36;1;1;0;0;39.9;40;
18.10.2014;08:04:41;0;1;0;0;40;40;
18.10.2014;08:04:46;0;1;0;0;40.1;40;
18.10.2014;08:04:51;0;0;0;0;40;40;
18.10.2014;08:04:56;0;0;0;0;40;40;
18.10.2014;08:05:01;0;0;0;0;40;40;
18.10.2014;08:05:06;0;0;0;0;40;40;
18.10.2014;08:05:11;1;0;0;0;39.9;40;
18.10.2014;08:05:16;0;0;0;0;40;40;
18.10.2014;08:05:21;0;0;0;0;40;40;
18.10.2014;08:05:26;0;0;0;0;40;40;
18.10.2014;08:05:31;1;0;0;0;39.9;40;
18.10.2014;08:05:36;0;0;0;0;40;40;
18.10.2014;08:05:41;0;0;0;0;40;40;
18.10.2014;08:05:46;0;0;0;0;40;40;
18.10.2014;08:05:51;1;1;0;0;39.9;45;
18.10.2014;08:05:56;1;1;0;0;40;45;
18.10.2014;08:06:01;1;1;0;0;40.1;45;
18.10.2014;08:06:06;1;1;0;0;40.1;45;
18.10.2014;08:06:11;1;1;0;0;40.2;45;
18.10.2014;08:06:16;1;1;0;0;40.3;45;
18.10.2014;08:06:21;1;0;0;0;40.3;45;
18.10.2014;08:06:26;1;0;0;0;40.4;45;
18.10.2014;08:06:31;1;0;0;0;40.4;45;
18.10.2014;08:06:36;1;0;0;0;40.5;45;
18.10.2014;08:06:41;1;0;0;0;40.6;45;
18.10.2014;08:06:46;1;0;0;0;40.6;45;
18.10.2014;08:06:51;1;1;0;0;40.8;45;
18.10.2014;08:06:56;1;1;0;0;40.8;45;
18.10.2014;08:07:01;1;1;0;0;40.9;45;
18.10.2014;08:07:06;1;1;0;0;40.9;45;
18.10.2014;08:07:11;1;1;0;0;41.1;45;
18.10.2014;08:07:16;1;1;0;0;41.1;45;
18.10.2014;08:07:21;1;0;0;0;41.3;45;
18.10.2014;08:07:26;1;0;0;0;41.3;45;
18.10.2014;08:07:31;1;0;0;0;41.4;45;
18.10.2014;08:07:36;1;0;0;0;41.5;45;
18.10.2014;08:07:41;1;0;0;0;41.6;45;
18.10.2014;08:07:46;1;0;0;0;41.7;45;
18.10.2014;08:07:51;1;1;0;0;41.8;45;
18.10.2014;08:07:56;1;1;0;0;41.9;45;
18.10.2014;08:08:01;1;1;0;0;41.9;45;
18.10.2014;08:08:06;1;1;0;0;42.1;45;
18.10.2014;08:08:11;1;1;0;0;42.1;45;
18.10.2014;08:08:16;1;1;0;0;42.3;45;
18.10.2014;08:08:21;1;0;0;0;42.3;45;
18.10.2014;08:08:26;1;0;0;0;42.4;45;
18.10.2014;08:08:31;1;0;0;0;42.6;45;
18.10.2014;08:08:36;1;0;0;0;42.6;45;
18.10.2014;08:08:41;1;0;0;0;42.8;45;
18.10.2014;08:08:46;1;0;0;0;42.8;45;
18.10.2014;08:08:51;1;1;0;0;42.9;45;
18.10.2014;08:08:56;1;1;0;0;43.1;45;
18.10.2014;08:09:01;1;1;0;0;43.1;45;
18.10.2014;08:09:06;1;1;0;0;43.3;45;
18.10.2014;08:09:11;1;1;0;0;43.3;45;
18.10.2014;08:09:16;1;1;0;0;43.4;45;
18.10.2014;08:09:21;1;0;0;0;43.6;45;
18.10.2014;08:09:26;1;0;0;0;43.6;45;
18.10.2014;08:09:31;1;0;0;0;43.8;45;
18.10.2014;08:09:36;1;0;0;0;43.9;45;
18.10.2014;08:09:41;1;0;0;0;43.9;45;
18.10.2014;08:09:46;1;0;0;0;44.1;45;
18.10.2014;08:09:51;1;1;0;0;44.2;45;
18.10.2014;08:09:56;1;1;0;0;44.3;45;
18.10.2014;08:10:01;1;1;0;0;44.4;45;
18.10.2014;08:10:06;1;1;0;0;44.5;45;
18.10.2014;08:10:11;1;1;0;0;44.6;45;
18.10.2014;08:10:16;1;1;0;0;44.7;45;
18.10.2014;08:10:21;1;0;0;0;44.8;45;
18.10.2014;08:10:26;1;0;0;0;44.9;45;
18.10.2014;08:10:31;0;1;0;0;45;45;
18.10.2014;08:10:36;0;1;0;0;45.1;45;
18.10.2014;08:10:41;0;1;0;0;45.1;45;
18.10.2014;08:10:46;0;1;0;0;45.1;45;
18.10.2014;08:10:51;0;1;0;0;45.2;45;
18.10.2014;08:10:56;0;1;0;0;45.2;45;
18.10.2014;08:11:01;0;0;0;0;45.2;45;
18.10.2014;08:11:06;0;0;0;0;45.2;45;
18.10.2014;08:11:11;0;0;0;0;45.2;45;
18.10.2014;08:11:16;0;0;0;0;45.2;45;
18.10.2014;08:11:21;0;0;0;0;45.2;45;
18.10.2014;08:11:26;0;0;0;0;45.2;45;
18.10.2014;08:11:31;0;1;0;0;45.2;45;
18.10.2014;08:11:36;0;1;0;0;45.1;45;
18.10.2014;08:11:41;0;1;0;0;45.1;45;
18.10.2014;08:11:46;0;1;0;0;45.1;45;
18.10.2014;08:11:51;0;1;0;0;45.1;45;
18.10.2014;08:11:56;0;1;0;0;45.1;45;
18.10.2014;08:12:01;0;0;0;0;45.1;45;
18.10.2014;08:12:06;0;0;0;0;45.1;45;
18.10.2014;08:12:11;0;0;0;0;45.1;45;
18.10.2014;08:12:16;0;0;0;0;45;45;
18.10.2014;08:12:21;0;0;0;0;45;45;
18.10.2014;08:12:26;0;0;0;0;45;45;
18.10.2014;08:12:31;1;1;0;0;44.9;45;
18.10.2014;08:12:36;1;1;0;0;44.9;45;
18.10.2014;08:12:41;0;1;0;0;45;45;
18.10.2014;08:12:46;0;1;0;0;45;45;
18.10.2014;08:12:51;0;1;0;0;45;45;
18.10.2014;08:12:56;0;1;0;0;45;45;
18.10.2014;08:13:01;0;0;0;0;45;45;
18.10.2014;08:13:06;0;0;0;0;45;45;
18.10.2014;08:13:11;1;0;0;0;44.9;45;
18.10.2014;08:13:16;1;0;0;0;44.9;45;
18.10.2014;08:13:21;0;0;0;0;45;45;
18.10.2014;08:13:26;0;0;0;0;45.1;45;
18.10.2014;08:13:31;0;1;0;0;45;45;
18.10.2014;08:13:36;0;1;0;0;45;45;
18.10.2014;08:13:41;0;1;0;0;45;45;
18.10.2014;08:13:46;0;1;0;0;45;45;
18.10.2014;08:13:51;0;1;0;0;45;45;
18.10.2014;08:13:56;1;1;0;0;44.9;45;
18.10.2014;08:14:01;1;0;0;0;44.9;45;
18.10.2014;08:14:06;0;0;0;0;45;45;
18.10.2014;08:14:11;0;0;0;0;45.1;45;
18.10.2014;08:14:16;0;0;0;0;45;45;
18.10.2014;08:14:21;0;0;0;0;45;45;
18.10.2014;08:14:26;0;0;0;0;45;45;
18.10.2014;08:14:31;0;1;0;0;45;45;
18.10.2014;08:14:36;1;1;0;0;44.9;45;
18.10.2014;08:14:41;1;1;0;0;44.9;45;
18.10.2014;08:14:46;0;1;0;0;45;45;
18.10.2014;08:14:51;0;1;0;0;45;45;
18.10.2014;08:14:56;0;1;0;0;45;45;
18.10.2014;08:15:01;0;0;0;0;45;45;
18.10.2014;08:15:06;0;0;0;0;45;45;
18.10.2014;08:15:11;1;0;0;0;44.9;45;
18.10.2014;08:15:16;1;0;0;0;44.9;45;
18.10.2014;08:15:21;0;0;0;0;45;45;
18.10.2014;08:15:26;0;0;0;0;45.1;45;
18.10.2014;08:15:31;0;0;0;0;45;45;
18.10.2014;08:15:36;0;1;0;0;45;45;
18.10.2014;08:15:41;0;1;0;0;45;45;
18.10.2014;08:15:46;0;1;0;0;45;45;
18.10.2014;08:15:51;1;1;0;0;44.9;45;
18.10.2014;08:15:56;1;1;0;0;44.9;45;
18.10.2014;08:16:01;0;1;0;0;45;45;
18.10.2014;08:16:06;0;0;0;0;45;45;
18.10.2014;08:16:11;0;0;0;0;45;45;
18.10.2014;08:16:16;0;0;0;0;45;45;
18.10.2014;08:16:21;0;0;0;0;45;45;
18.10.2014;08:16:26;1;0;0;0;44.9;45;
18.10.2014;08:16:31;1;0;0;0;44.9;45;
18.10.2014;08:16:36;0;1;0;0;45;45;
18.10.2014;08:16:41;0;1;0;0;45;45;
18.10.2014;08:16:46;0;1;0;0;45;45;
18.10.2014;08:16:51;0;1;0;0;45;45;
18.10.2014;08:16:56;1;1;0;0;44.9;45;
18.10.2014;08:17:01;1;1;0;0;44.9;45;
18.10.2014;08:17:06;0;0;0;0;45;45;
18.10.2014;08:17:11;0;0;0;0;45.1;45;
18.10.2014;08:17:17;0;0;0;0;45.1;45;
18.10.2014;08:17:22;0;0;0;0;45;45;
18.10.2014;08:17:27;0;0;0;0;45;45;
18.10.2014;08:17:32;0;0;0;0;45;45;
18.10.2014;08:17:37;1;1;0;0;44.9;45;
18.10.2014;08:17:42;1;1;0;0;44.9;45;
18.10.2014;08:17:47;0;1;0;0;45;45;
18.10.2014;08:17:52;0;1;0;0;45;45;
18.10.2014;08:17:57;0;1;0;0;45;45;
18.10.2014;08:18:02;0;1;0;0;45;45;
18.10.2014;08:18:07;1;0;0;0;44.9;45;
18.10.2014;08:18:12;1;0;0;0;44.9;45;
18.10.2014;08:18:17;0;0;0;0;45;45;
18.10.2014;08:18:22;0;0;0;0;45;45;
18.10.2014;08:18:27;0;0;0;0;45;45;
18.10.2014;08:18:32;0;0;0;0;45;45;
18.10.2014;08:18:37;0;1;0;0;45;45;
18.10.2014;08:18:42;1;1;0;0;44.9;45;
18.10.2014;08:18:47;1;1;0;0;44.9;45;
18.10.2014;08:18:52;0;1;0;0;45;45;
18.10.2014;08:18:57;0;1;0;0;45.1;45;
18.10.2014;08:19:02;0;1;0;0;45;45;
18.10.2014;08:19:07;0;0;0;0;45;45;
18.10.2014;08:19:12;1;0;0;0;44.9;45;
18.10.2014;08:19:17;1;0;0;0;44.9;45;
18.10.2014;08:19:22;0;0;0;0;45;45;
18.10.2014;08:19:27;0;0;0;0;45.1;45;
18.10.2014;08:19:32;0;0;0;0;45;45;
18.10.2014;08:19:37;0;1;0;0;45;45;
18.10.2014;08:19:42;0;1;0;0;45;45;
18.10.2014;08:19:47;0;1;0;0;45;45;
18.10.2014;08:19:52;1;1;0;0;44.9;45;
18.10.2014;08:19:57;1;1;0;0;44.9;45;
18.10.2014;08:20:02;0;1;0;0;45;45;
18.10.2014;08:20:07;0;0;0;0;45;45;
18.10.2014;08:20:12;0;0;0;0;45;45;
18.10.2014;08:20:17;0;0;0;0;45;45;
18.10.2014;08:20:22;1;0;0;0;44.9;45;
18.10.2014;08:20:27;1;0;0;0;44.9;45;
18.10.2014;08:20:32;0;0;0;0;45;45;
18.10.2014;08:20:37;0;1;0;0;45;45;
18.10.2014;08:20:42;0;1;0;0;45;45;
18.10.2014;08:20:47;0;1;0;0;45;45;
18.10.2014;08:20:52;1;1;0;0;44.9;45;
18.10.2014;08:20:57;0;1;0;0;45;45;
18.10.2014;08:21:02;0;1;0;0;45;45;
18.10.2014;08:21:07;1;0;0;0;44.9;45;
18.10.2014;08:21:12;1;0;0;0;44.9;45;
18.10.2014;08:21:17;0;0;0;0;45;45;
18.10.2014;08:21:22;0;0;0;0;45.1;45;
18.10.2014;08:21:27;0;0;0;0;45;45;
18.10.2014;08:21:32;0;0;0;0;45;45;
18.10.2014;08:21:37;0;1;0;0;45;45;
18.10.2014;08:21:42;1;1;0;0;44.9;45;
18.10.2014;08:21:47;1;1;0;0;44.9;45;
18.10.2014;08:21:52;0;1;0;0;45;45;
18.10.2014;08:21:57;0;1;0;0;45.1;45;
18.10.2014;08:22:02;0;1;0;0;45;45;
18.10.2014;08:22:07;0;0;0;0;45;45;
18.10.2014;08:22:12;0;0;0;0;45;45;
18.10.2014;08:22:17;1;0;0;0;44.9;45;
18.10.2014;08:22:22;1;0;0;0;44.9;45;
18.10.2014;08:22:27;0;0;0;0;45;45;
18.10.2014;08:22:32;0;0;0;0;45.1;45;
18.10.2014;08:22:37;0;1;0;0;45;45;
18.10.2014;08:22:42;0;1;0;0;45;45;
18.10.2014;08:22:47;1;1;0;0;44.9;45;
18.10.2014;08:22:52;0;1;0;0;45;45;
18.10.2014;08:22:57;0;1;0;0;45;45;
18.10.2014;08:23:02;1;1;0;0;44.9;45;
18.10.2014;08:23:07;1;0;0;0;44.9;45;
18.10.2014;08:23:12;0;0;0;0;45;45;
18.10.2014;08:23:17;0;0;0;0;45.1;45;
18.10.2014;08:23:22;0;0;0;0;45;45;
18.10.2014;08:23:27;0;0;0;0;45;45;
18.10.2014;08:23:32;0;0;0;0;45;45;
18.10.2014;08:23:37;1;1;0;0;44.9;45;
18.10.2014;08:23:42;1;1;0;0;44.9;45;
18.10.2014;08:23:47;0;1;0;0;45;45;
18.10.2014;08:23:52;0;1;0;0;45.1;45;
18.10.2014;08:23:57;0;1;0;0;45;45;
18.10.2014;08:24:02;0;1;0;0;45;45;
18.10.2014;08:24:07;1;0;0;0;44.9;45;
18.10.2014;08:24:12;1;0;0;0;44.9;45;
18.10.2014;08:24:17;0;0;0;0;45;45;
18.10.2014;08:24:22;0;0;0;0;45.1;45;
18.10.2014;08:24:27;0;0;0;0;45;45;
18.10.2014;08:24:32;0;0;0;0;45;45;
18.10.2014;08:24:37;0;1;0;0;45;45;
18.10.2014;08:24:42;0;1;0;0;45;45;
18.10.2014;08:24:47;1;1;0;0;44.9;45;
18.10.2014;08:24:52;1;1;0;0;44.9;45;
18.10.2014;08:24:57;0;1;0;0;45;45;
18.10.2014;08:25:02;0;1;0;0;45;45;
18.10.2014;08:25:07;0;0;0;0;45;45;
18.10.2014;08:25:12;1;0;0;0;44.9;45;
18.10.2014;08:25:17;0;0;0;0;45;45;
18.10.2014;08:25:22;0;0;0;0;45;45;
18.10.2014;08:25:27;0;0;0;0;45;45;
18.10.2014;08:25:32;1;0;0;0;44.9;45;
18.10.2014;08:25:37;1;1;0;0;44.9;45;
18.10.2014;08:25:42;0;1;0;0;45;45;
18.10.2014;08:25:47;0;1;0;0;45.1;45;
18.10.2014;08:25:52;0;1;0;0;45;45;
18.10.2014;08:25:57;0;1;0;0;45;45;
18.10.2014;08:26:02;1;1;0;0;44.9;45;
18.10.2014;08:26:07;0;0;0;0;45;45;
18.10.2014;08:26:12;0;0;0;0;45;45;
18.10.2014;08:26:17;1;0;0;0;44.9;45;
18.10.2014;08:26:22;1;0;0;0;44.9;45;
18.10.2014;08:26:27;0;0;0;0;45;45;
18.10.2014;08:26:32;0;0;0;0;45.1;45;
18.10.2014;08:26:37;0;1;0;0;45.1;45;
18.10.2014;08:26:42;0;1;0;0;45;45;
18.10.2014;08:26:47;0;1;0;0;45;45;
18.10.2014;08:26:52;1;1;0;0;44.9;45;
18.10.2014;08:26:57;1;1;0;0;44.9;45;
18.10.2014;08:27:02;0;1;0;0;45.1;45;
18.10.2014;08:27:07;0;0;0;0;45;45;
18.10.2014;08:27:12;0;0;0;0;45;45;
18.10.2014;08:27:17;0;0;0;0;45;45;
18.10.2014;08:27:22;1;0;0;0;44.9;45;
18.10.2014;08:27:27;1;0;0;0;44.9;45;
18.10.2014;08:27:32;1;0;0;0;44.9;45;
18.10.2014;08:27:37;0;1;0;0;45;45;
18.10.2014;08:27:42;0;1;0;0;45.1;45;
18.10.2014;08:27:47;0;1;0;0;45;45;
18.10.2014;08:27:52;0;1;0;0;45;45;
18.10.2014;08:27:57;1;1;0;0;44.9;45;
18.10.2014;08:28:02;0;1;0;0;45;45;
18.10.2014;08:28:08;0;0;0;0;45;45;
18.10.2014;08:28:12;1;0;0;0;44.9;45;
18.10.2014;08:28:17;1;0;0;0;44.9;45;
18.10.2014;08:28:22;0;0;0;0;45;45;
18.10.2014;08:28:27;0;0;0;0;45.1;45;
18.10.2014;08:28:33;0;0;0;0;45;45;
18.10.2014;08:28:38;0;0;0;0;45;45;
18.10.2014;08:28:43;0;1;0;0;45;45;
18.10.2014;08:28:48;1;1;0;0;44.9;45;
18.10.2014;08:28:53;1;1;0;0;44.9;45;
18.10.2014;08:28:58;0;1;0;0;45;45;
18.10.2014;08:29:03;0;1;0;0;45.1;45;
18.10.2014;08:29:08;0;1;0;0;45;45;
18.10.2014;08:29:13;0;0;0;0;45;45;
18.10.2014;08:29:18;0;0;0;0;45;45;
18.10.2014;08:29:23;1;0;0;0;44.9;45;
18.10.2014;08:29:28;1;0;0;0;44.9;45;
18.10.2014;08:29:33;0;0;0;0;45;45;
18.10.2014;08:29:38;0;0;0;0;45.1;45;
18.10.2014;08:29:43;0;1;0;0;45;45;
18.10.2014;08:29:48;0;1;0;0;45;45;
18.10.2014;08:29:53;1;1;0;0;44.9;45;
18.10.2014;08:29:58;0;1;0;0;45;45;
18.10.2014;08:30:03;0;1;0;0;45;45;
18.10.2014;08:30:08;0;1;0;0;45;45;
18.10.2014;08:30:13;1;0;0;0;44.9;45;
18.10.2014;08:30:18;0;0;0;0;45;45;
18.10.2014;08:30:23;0;0;0;0;45;45;
18.10.2014;08:30:28;0;0;0;0;45;45;
18.10.2014;08:30:33;1;1;0;0;44.9;50;
18.10.2014;08:30:38;1;1;0;0;45;50;
18.10.2014;08:30:43;1;1;0;0;45.1;50;
18.10.2014;08:30:48;1;1;0;0;45.1;50;
18.10.2014;08:30:53;1;1;0;0;45.2;50;
18.10.2014;08:30:58;1;1;0;0;45.2;50;
18.10.2014;08:31:03;1;1;0;0;45.3;50;
18.10.2014;08:31:08;1;1;0;0;45.3;50;
18.10.2014;08:31:13;1;1;0;0;45.4;50;
18.10.2014;08:31:18;1;1;0;0;45.4;50;
18.10.2014;08:31:23;1;1;0;0;45.6;50;
18.10.2014;08:31:28;1;1;0;0;45.6;50;
18.10.2014;08:31:33;1;0;0;0;45.7;50;
18.10.2014;08:31:38;1;0;0;0;45.8;50;
18.10.2014;08:31:43;1;0;0;0;45.8;50;
18.10.2014;08:31:48;1;0;0;0;45.9;50;
18.10.2014;08:31:53;1;0;0;0;46;50;
18.10.2014;08:31:58;1;0;0;0;46.1;50;
18.10.2014;08:32:03;1;0;0;0;46.1;50;
18.10.2014;08:32:08;1;0;0;0;46.1;50;
18.10.2014;08:32:13;1;0;0;0;46.3;50;
18.10.2014;08:32:18;1;0;0;0;46.3;50;
18.10.2014;08:32:23;1;0;0;0;46.4;50;
18.10.2014;08:32:28;1;0;0;0;46.5;50;
18.10.2014;08:32:33;1;1;0;0;46.6;50;
18.10.2014;08:32:38;1;1;0;0;46.6;50;
18.10.2014;08:32:43;1;1;0;0;46.8;50;
18.10.2014;08:32:48;1;1;0;0;46.8;50;
18.10.2014;08:32:53;1;1;0;0;46.9;50;
18.10.2014;08:32:58;1;1;0;0;47;50;
18.10.2014;08:33:03;1;1;0;0;47.1;50;
18.10.2014;08:33:08;1;1;0;0;47.2;50;
18.10.2014;08:33:13;1;1;0;0;47.3;50;
18.10.2014;08:33:18;1;1;0;0;47.4;50;
18.10.2014;08:33:23;1;1;0;0;47.4;50;
18.10.2014;08:33:28;1;1;0;0;47.6;50;
18.10.2014;08:33:33;1;0;0;0;47.6;50;
18.10.2014;08:33:38;1;0;0;0;47.8;50;
18.10.2014;08:33:43;1;0;0;0;47.8;50;
18.10.2014;08:33:48;1;0;0;0;47.9;50;
18.10.2014;08:33:53;1;0;0;0;48;50;
18.10.2014;08:33:58;1;0;0;0;48.2;50;
18.10.2014;08:34:03;1;0;0;0;48.3;50;
18.10.2014;08:34:08;1;0;0;0;48.4;50;
18.10.2014;08:34:13;1;0;0;0;48.5;50;
18.10.2014;08:34:18;1;0;0;0;48.6;50;
18.10.2014;08:34:23;1;0;0;0;48.7;50;
18.10.2014;08:34:28;1;0;0;0;48.8;50;
18.10.2014;08:34:33;1;1;0;0;48.9;50;
18.10.2014;08:34:38;1;1;0;0;48.9;50;
18.10.2014;08:34:43;1;1;0;0;49.1;50;
18.10.2014;08:34:48;1;1;0;0;49.1;50;
18.10.2014;08:34:53;1;1;0;0;49.3;50;
18.10.2014;08:34:58;1;1;0;0;49.3;50;
18.10.2014;08:35:03;1;1;0;0;49.4;50;
18.10.2014;08:35:08;1;1;0;0;49.5;50;
18.10.2014;08:35:13;1;1;0;0;49.6;50;
18.10.2014;08:35:18;1;1;0;0;49.8;50;
18.10.2014;08:35:23;1;1;0;0;49.8;50;
18.10.2014;08:35:28;1;1;0;0;49.9;50;
18.10.2014;08:35:33;0;0;0;0;50;50;
18.10.2014;08:35:38;0;1;0;0;50.1;50;
18.10.2014;08:35:43;0;1;0;0;50.1;50;
18.10.2014;08:35:48;0;1;0;0;50.1;50;
18.10.2014;08:35:53;0;1;0;0;50.1;50;
18.10.2014;08:35:58;0;1;0;0;50.1;50;
18.10.2014;08:36:03;0;1;0;0;50.1;50;
18.10.2014;08:36:08;0;1;0;0;50.1;50;
18.10.2014;08:36:13;0;1;0;0;50.1;50;
18.10.2014;08:36:18;0;1;0;0;50.1;50;
18.10.2014;08:36:23;0;1;0;0;50.1;50;
18.10.2014;08:36:28;0;1;0;0;50.1;50;
18.10.2014;08:36:33;0;1;0;0;50.1;50;
18.10.2014;08:36:38;0;0;0;0;50.1;50;
18.10.2014;08:36:43;0;0;0;0;50.1;50;
18.10.2014;08:36:48;0;0;0;0;50;50;
18.10.2014;08:36:53;0;0;0;0;50;50;
18.10.2014;08:36:58;1;0;0;0;49.9;50;
18.10.2014;08:37:03;1;0;0;0;49.9;50;
18.10.2014;08:37:08;0;0;0;0;50;50;
18.10.2014;08:37:13;0;0;0;0;50.1;50;
18.10.2014;08:37:18;0;0;0;0;50;50;
18.10.2014;08:37:23;0;0;0;0;50;50;
18.10.2014;08:37:28;0;0;0;0;50;50;
18.10.2014;08:37:33;1;0;0;0;49.9;50;
18.10.2014;08:37:38;1;1;0;0;49.9;50;
18.10.2014;08:37:43;0;1;0;0;50;50;
18.10.2014;08:37:48;0;1;0;0;50.1;50;
18.10.2014;08:37:53;0;1;0;0;50;50;
18.10.2014;08:37:58;0;1;0;0;50;50;
18.10.2014;08:38:03;0;1;0;0;50;50;
18.10.2014;08:38:08;1;1;0;0;49.9;50;
18.10.2014;08:38:13;1;1;0;0;49.9;50;
18.10.2014;08:38:18;0;1;0;0;50;50;
18.10.2014;08:38:23;0;1;0;0;50;50;
18.10.2014;08:38:28;0;1;0;0;50;50;
18.10.2014;08:38:33;0;1;0;0;50;50;
18.10.2014;08:38:38;0;0;0;0;50;50;
18.10.2014;08:38:43;1;0;0;0;49.9;50;
18.10.2014;08:38:48;1;0;0;0;49.9;50;
18.10.2014;08:38:53;0;0;0;0;50;50;
18.10.2014;08:38:58;0;0;0;0;50;50;
18.10.2014;08:39:03;0;0;0;0;50;50;
18.10.2014;08:39:08;1;0;0;0;49.9;50;
18.10.2014;08:39:13;1;0;0;0;49.9;50;
18.10.2014;08:39:18;0;0;0;0;50;50;
18.10.2014;08:39:23;0;0;0;0;50;50;
18.10.2014;08:39:28;0;0;0;0;50;50;
18.10.2014;08:39:33;1;0;0;0;49.9;50;
18.10.2014;08:39:38;0;1;0;0;50;50;
18.10.2014;08:39:43;0;1;0;0;50;50;
18.10.2014;08:39:48;0;1;0;0;50;50;
18.10.2014;08:39:53;1;1;0;0;49.9;50;
18.10.2014;08:39:58;1;1;0;0;49.9;50;
18.10.2014;08:40:03;0;1;0;0;50;50;
18.10.2014;08:40:08;0;1;0;0;50;50;
18.10.2014;08:40:13;0;1;0;0;50;50;
18.10.2014;08:40:18;1;1;0;0;49.9;50;
18.10.2014;08:40:23;0;1;0;0;50;50;
18.10.2014;08:40:29;0;1;0;0;50;50;
18.10.2014;08:40:34;0;1;0;0;50;50;
18.10.2014;08:40:39;1;0;0;0;49.9;50;
18.10.2014;08:40:44;1;0;0;0;49.9;50;
18.10.2014;08:40:49;0;0;0;0;50;50;
18.10.2014;08:40:54;0;0;0;0;50;50;
18.10.2014;08:40:59;0;0;0;0;50;50;
18.10.2014;08:41:04;1;0;0;0;49.9;50;
18.10.2014;08:41:09;1;0;0;0;49.9;50;
18.10.2014;08:41:14;0;0;0;0;50;50;
18.10.2014;08:41:19;0;0;0;0;50;50;
18.10.2014;08:41:24;0;0;0;0;50;50;
18.10.2014;08:41:29;0;0;0;0;50;50;
18.10.2014;08:41:34;1;0;0;0;49.9;50;
18.10.2014;08:41:39;1;1;0;0;49.9;50;
18.10.2014;08:41:44;0;1;0;0;50;50;
18.10.2014;08:41:49;0;1;0;0;50;50;
18.10.2014;08:41:54;0;1;0;0;50;50;
18.10.2014;08:41:59;1;1;0;0;49.9;50;
18.10.2014;08:42:04;1;1;0;0;49.9;50;
18.10.2014;08:42:09;0;1;0;0;50;50;
18.10.2014;08:42:14;0;1;0;0;50;50;
18.10.2014;08:42:19;0;1;0;0;50;50;
18.10.2014;08:42:24;1;1;0;0;49.9;50;
18.10.2014;08:42:29;1;1;0;0;49.9;50;
18.10.2014;08:42:34;0;1;0;0;50;50;
18.10.2014;08:42:39;0;0;0;0;50.1;50;
18.10.2014;08:42:44;0;0;0;0;50;50;
18.10.2014;08:42:49;0;0;0;0;50;50;
18.10.2014;08:42:54;1;0;0;0;49.9;50;
18.10.2014;08:42:59;1;0;0;0;49.9;50;
18.10.2014;08:43:04;0;0;0;0;50;50;
18.10.2014;08:43:09;0;0;0;0;50;50;
18.10.2014;08:43:14;0;0;0;0;50;50;
18.10.2014;08:43:19;0;0;0;0;50;50;
18.10.2014;08:43:24;1;0;0;0;49.9;50;
18.10.2014;08:43:29;1;0;0;0;49.9;50;
18.10.2014;08:43:34;0;0;0;0;50;50;
18.10.2014;08:43:39;0;1;0;0;50;50;
18.10.2014;08:43:44;0;1;0;0;50;50;
18.10.2014;08:43:49;1;1;0;0;49.9;50;
18.10.2014;08:43:54;1;1;0;0;49.9;50;
18.10.2014;08:43:59;0;1;0;0;50;50;
18.10.2014;08:44:04;0;1;0;0;50;50;
18.10.2014;08:44:09;0;1;0;0;50;50;
18.10.2014;08:44:14;1;1;0;0;49.9;50;
18.10.2014;08:44:19;1;1;0;0;49.9;50;
18.10.2014;08:44:24;0;1;0;0;50;50;
18.10.2014;08:44:29;0;1;0;0;50;50;
18.10.2014;08:44:34;0;1;0;0;50;50;
18.10.2014;08:44:39;1;0;0;0;49.9;50;
18.10.2014;08:44:44;1;0;0;0;49.9;50;
18.10.2014;08:44:49;0;0;0;0;50;50;
18.10.2014;08:44:54;0;0;0;0;50;50;
18.10.2014;08:44:59;0;0;0;0;50;50;
18.10.2014;08:45:04;1;0;0;0;49.9;50;
18.10.2014;08:45:09;1;0;0;0;49.9;50;
18.10.2014;08:45:14;0;0;0;0;50;50;
18.10.2014;08:45:19;0;0;0;0;50.1;50;
18.10.2014;08:45:24;0;0;0;0;50;50;
18.10.2014;08:45:29;0;0;0;0;50;50;
18.10.2014;08:45:34;1;0;0;0;49.9;50;
18.10.2014;08:45:39;1;1;0;0;49.9;50;
18.10.2014;08:45:44;0;1;0;0;50;50;
18.10.2014;08:45:49;0;1;0;0;50;50;
18.10.2014;08:45:54;0;1;0;0;50;50;
18.10.2014;08:45:59;0;1;0;0;50;50;
18.10.2014;08:46:04;1;1;0;0;49.9;50;
18.10.2014;08:46:09;1;1;0;0;49.9;50;
18.10.2014;08:46:14;0;1;0;0;50;50;
18.10.2014;08:46:19;0;1;0;0;50;50;
18.10.2014;08:46:24;0;1;0;0;50;50;
18.10.2014;08:46:29;1;1;0;0;49.9;50;
18.10.2014;08:46:34;1;1;0;0;49.9;50;
18.10.2014;08:46:39;0;0;0;0;50;50;
18.10.2014;08:46:44;0;0;0;0;50;50;
18.10.2014;08:46:49;0;0;0;0;50;50;
18.10.2014;08:46:54;1;0;0;0;49.9;50;
18.10.2014;08:46:59;1;0;0;0;49.9;50;
18.10.2014;08:47:04;0;0;0;0;50;50;
18.10.2014;08:47:09;0;0;0;0;50;50;
18.10.2014;08:47:14;0;0;0;0;50;50;
18.10.2014;08:47:19;1;0;0;0;49.9;50;
18.10.2014;08:47:24;1;0;0;0;49.9;50;
18.10.2014;08:47:29;0;0;0;0;50;50;
18.10.2014;08:47:34;0;0;0;0;50.1;50;
18.10.2014;08:47:39;0;1;0;0;50;50;
18.10.2014;08:47:44;0;1;0;0;50;50;
18.10.2014;08:47:49;1;1;0;0;49.9;50;
18.10.2014;08:47:54;1;1;0;0;49.9;50;
18.10.2014;08:47:59;0;1;0;0;50;50;
18.10.2014;08:48:04;0;1;0;0;50;50;
18.10.2014;08:48:09;0;1;0;0;50;50;
18.10.2014;08:48:14;1;1;0;0;49.9;50;
18.10.2014;08:48:19;1;1;0;0;49.9;50;
18.10.2014;08:48:24;0;1;0;0;50;50;
18.10.2014;08:48:29;0;1;0;0;50;50;
18.10.2014;08:48:34;0;1;0;0;50;50;
18.10.2014;08:48:39;1;0;0;0;49.9;50;
18.10.2014;08:48:44;1;0;0;0;49.9;50;
18.10.2014;08:48:49;0;0;0;0;50;50;
18.10.2014;08:48:54;0;0;0;0;50;50;
18.10.2014;08:48:59;0;0;0;0;50;50;
18.10.2014;08:49:04;1;0;0;0;49.9;50;
18.10.2014;08:49:09;1;0;0;0;49.9;50;
18.10.2014;08:49:14;0;0;0;0;50;50;
18.10.2014;08:49:19;0;0;0;0;50.1;50;
18.10.2014;08:49:24;0;0;0;0;50;50;
18.10.2014;08:49:29;0;0;0;0;50;50;
18.10.2014;08:49:34;1;0;0;0;49.9;50;
18.10.2014;08:49:39;1;1;0;0;49.9;50;
18.10.2014;08:49:44;0;1;0;0;50;50;
18.10.2014;08:49:49;0;1;0;0;50;50;
18.10.2014;08:49:54;0;1;0;0;50;50;
18.10.2014;08:49:59;1;1;0;0;49.9;50;
18.10.2014;08:50:04;1;1;0;0;49.9;50;
18.10.2014;08:50:09;0;1;0;0;50;50;
18.10.2014;08:50:14;0;1;0;0;50;50;
18.10.2014;08:50:19;0;1;0;0;50;50;
18.10.2014;08:50:24;1;1;0;0;49.9;50;
18.10.2014;08:50:29;0;1;0;0;50;50;
18.10.2014;08:50:34;0;1;0;0;50;50;
18.10.2014;08:50:39;1;0;0;0;49.9;50;
18.10.2014;08:50:44;1;0;0;0;49.9;50;
18.10.2014;08:50:49;0;0;0;0;50;50;
18.10.2014;08:50:54;0;0;0;0;50;50;
18.10.2014;08:50:59;0;0;0;0;50;50;
18.10.2014;08:51:04;1;0;0;0;49.9;50;
18.10.2014;08:51:09;1;0;0;0;49.9;50;
18.10.2014;08:51:14;0;0;0;0;50;50;
18.10.2014;08:51:19;0;0;0;0;50;50;
18.10.2014;08:51:24;0;0;0;0;50;50;
18.10.2014;08:51:29;0;0;0;0;50;50;
18.10.2014;08:51:34;1;0;0;0;49.9;50;
18.10.2014;08:51:39;1;1;0;0;49.9;50;
18.10.2014;08:51:44;0;1;0;0;50;50;
18.10.2014;08:51:49;0;1;0;0;50;50;
18.10.2014;08:51:54;0;1;0;0;50;50;
18.10.2014;08:51:59;1;1;0;0;49.9;50;
18.10.2014;08:52:04;1;1;0;0;49.9;50;
18.10.2014;08:52:09;0;1;0;0;50;50;
18.10.2014;08:52:14;0;1;0;0;50;50;
18.10.2014;08:52:19;0;1;0;0;50;50;
18.10.2014;08:52:24;1;1;0;0;49.9;50;
18.10.2014;08:52:29;1;1;0;0;49.9;50;
18.10.2014;08:52:34;0;1;0;0;50;50;
18.10.2014;08:52:39;0;0;0;0;50;50;
18.10.2014;08:52:44;0;0;0;0;50;50;
18.10.2014;08:52:49;0;0;0;0;50;50;
18.10.2014;08:52:54;1;0;0;0;49.9;50;
18.10.2014;08:52:59;1;0;0;0;49.9;50;
18.10.2014;08:53:05;0;0;0;0;50;50;
18.10.2014;08:53:10;0;0;0;0;50;50;
18.10.2014;08:53:15;0;0;0;0;50;50;
18.10.2014;08:53:20;1;0;0;0;49.9;50;
18.10.2014;08:53:25;1;0;0;0;49.9;50;
18.10.2014;08:53:30;0;0;0;0;50;50;
18.10.2014;08:53:35;0;0;0;0;50;50;
18.10.2014;08:53:40;0;1;0;0;50;50;
18.10.2014;08:53:45;1;1;0;0;49.9;50;
18.10.2014;08:53:50;1;1;0;0;49.9;50;
18.10.2014;08:53:55;0;1;0;0;50;50;
18.10.2014;08:54:00;0;1;0;0;50;50;
18.10.2014;08:54:05;0;1;0;0;50;50;
18.10.2014;08:54:10;0;1;0;0;50;50;
18.10.2014;08:54:15;1;1;0;0;49.9;50;
18.10.2014;08:54:20;1;1;0;0;49.9;50;
18.10.2014;08:54:25;0;1;0;0;50;50;
18.10.2014;08:54:30;0;1;0;0;50;50;
18.10.2014;08:54:35;0;1;0;0;50;50;
18.10.2014;08:54:40;1;0;0;0;49.9;50;
18.10.2014;08:54:45;1;0;0;0;49.9;50;
18.10.2014;08:54:50;0;0;0;0;50;50;
18.10.2014;08:54:55;0;0;0;0;50;50;
18.10.2014;08:55:00;0;0;0;0;50;50;
18.10.2014;08:55:05;0;0;0;0;50;50;
18.10.2014;08:55:10;1;0;0;0;49.9;50;
18.10.2014;08:55:15;1;0;0;0;49.9;50;
18.10.2014;08:55:20;0;0;0;0;50;50;
18.10.2014;08:55:25;0;0;0;0;50;50;
18.10.2014;08:55:30;0;0;0;0;50;50;
18.10.2014;08:55:35;1;0;0;0;49.9;50;
18.10.2014;08:55:40;1;1;0;0;49.9;55;
18.10.2014;08:55:45;1;1;0;0;50;55;
18.10.2014;08:55:50;1;0;0;0;50.1;55;
18.10.2014;08:55:55;1;0;0;0;50.1;55;
18.10.2014;08:56:00;1;1;0;0;50.1;55;
18.10.2014;08:56:05;1;1;0;0;50.2;55;
18.10.2014;08:56:10;1;0;0;0;50.3;55;
18.10.2014;08:56:15;1;0;0;0;50.3;55;
18.10.2014;08:56:20;1;1;0;0;50.4;55;
18.10.2014;08:56:25;1;1;0;0;50.4;55;
18.10.2014;08:56:30;1;0;0;0;50.5;55;
18.10.2014;08:56:35;1;0;0;0;50.6;55;
18.10.2014;08:56:40;1;1;0;0;50.6;55;
18.10.2014;08:56:45;1;1;0;0;50.7;55;
18.10.2014;08:56:50;1;0;0;0;50.8;55;
18.10.2014;08:56:55;1;0;0;0;50.8;55;
18.10.2014;08:57:00;1;1;0;0;50.9;55;
18.10.2014;08:57:05;1;1;0;0;51;55;
18.10.2014;08:57:10;1;0;0;0;51.1;55;
18.10.2014;08:57:15;1;0;0;0;51.1;55;
18.10.2014;08:57:20;1;1;0;0;51.2;55;
18.10.2014;08:57:25;1;1;0;0;51.3;55;
18.10.2014;08:57:30;1;0;0;0;51.4;55;
18.10.2014;08:57:35;1;0;0;0;51.4;55;
18.10.2014;08:57:40;1;1;0;0;51.6;55;
18.10.2014;08:57:45;1;1;0;0;51.6;55;
18.10.2014;08:57:50;1;0;0;0;51.7;55;
18.10.2014;08:57:55;1;0;0;0;51.8;55;
18.10.2014;08:58:00;1;1;0;0;51.8;55;
18.10.2014;08:58:05;1;1;0;0;51.9;55;
18.10.2014;08:58:10;1;0;0;0;52;55;
18.10.2014;08:58:15;1;0;0;0;52.1;55;
18.10.2014;08:58:20;1;1;0;0;52.2;55;
18.10.2014;08:58:25;1;1;0;0;52.3;55;
18.10.2014;08:58:30;1;0;0;0;52.4;55;
18.10.2014;08:58:35;1;0;0;0;52.4;55;
18.10.2014;08:58:40;1;1;0;0;52.5;55;
18.10.2014;08:58:45;1;1;0;0;52.6;55;
18.10.2014;08:58:50;1;1;0;0;52.7;55;
18.10.2014;08:58:55;1;0;0;0;52.8;55;
18.10.2014;08:59:00;1;0;0;0;52.9;55;
18.10.2014;08:59:05;1;1;0;0;52.9;55;
18.10.2014;08:59:10;1;1;0;0;53;55;
18.10.2014;08:59:15;1;0;0;0;53.1;55;
18.10.2014;08:59:20;1;0;0;0;53.2;55;
18.10.2014;08:59:25;1;1;0;0;53.3;55;
18.10.2014;08:59:30;1;1;0;0;53.4;55;
18.10.2014;08:59:35;1;0;0;0;53.4;55;
18.10.2014;08:59:40;1;0;0;0;53.5;55;
18.10.2014;08:59:45;1;1;0;0;53.6;55;
18.10.2014;08:59:50;1;1;0;0;53.7;55;
18.10.2014;08:59:55;1;0;0;0;53.8;55;
18.10.2014;09:00:00;1;0;0;0;53.9;55;
18.10.2014;09:00:05;1;1;0;0;53.9;55;
18.10.2014;09:00:10;1;1;0;0;54.1;55;
18.10.2014;09:00:15;1;0;0;0;54.1;55;
18.10.2014;09:00:20;1;0;0;0;54.3;55;
18.10.2014;09:00:25;1;1;0;0;54.3;55;
18.10.2014;09:00:30;1;1;0;0;54.4;55;
18.10.2014;09:00:35;1;0;0;0;54.5;55;
18.10.2014;09:00:40;1;0;0;0;54.6;55;
18.10.2014;09:00:45;1;1;0;0;54.6;55;
18.10.2014;09:00:50;1;1;0;0;54.8;55;
18.10.2014;09:00:55;1;0;0;0;54.8;55;
18.10.2014;09:01:00;1;0;0;0;54.9;55;
18.10.2014;09:01:05;0;1;0;0;55;55;
18.10.2014;09:01:10;0;1;0;0;55.1;55;
18.10.2014;09:01:15;0;0;0;0;55.1;55;
18.10.2014;09:01:20;0;0;0;0;55.1;55;
18.10.2014;09:01:25;0;1;0;0;55.1;55;
18.10.2014;09:01:30;0;1;0;0;55.1;55;
18.10.2014;09:01:35;0;0;0;0;55.1;55;
18.10.2014;09:01:40;0;0;0;0;55.1;55;
18.10.2014;09:01:45;0;1;0;0;55.1;55;
18.10.2014;09:01:50;0;1;0;0;55;55;
18.10.2014;09:01:55;0;0;0;0;55;55;
18.10.2014;09:02:00;1;0;0;0;54.9;55;
18.10.2014;09:02:05;1;1;0;0;54.9;55;
18.10.2014;09:02:10;0;1;0;0;55;55;
18.10.2014;09:02:15;0;0;0;0;55;55;
18.10.2014;09:02:20;0;0;0;0;55;55;
18.10.2014;09:02:25;1;1;0;0;54.9;55;
18.10.2014;09:02:30;1;1;0;0;54.9;55;
18.10.2014;09:02:35;0;1;0;0;55;55;
18.10.2014;09:02:40;0;0;0;0;55;55;
18.10.2014;09:02:45;0;0;0;0;55;55;
18.10.2014;09:02:50;0;1;0;0;55;55;
18.10.2014;09:02:55;1;1;0;0;54.9;55;
18.10.2014;09:03:00;1;0;0;0;54.9;55;
18.10.2014;09:03:05;0;0;0;0;55;55;
18.10.2014;09:03:10;0;1;0;0;55;55;
18.10.2014;09:03:15;0;1;0;0;55;55;
18.10.2014;09:03:20;1;0;0;0;54.9;55;
18.10.2014;09:03:25;1;0;0;0;54.9;55;
18.10.2014;09:03:31;0;1;0;0;55;55;
18.10.2014;09:03:36;0;1;0;0;55;55;
18.10.2014;09:03:41;0;0;0;0;55;55;
18.10.2014;09:03:46;1;0;0;0;54.9;55;
18.10.2014;09:03:51;1;1;0;0;54.9;55;
18.10.2014;09:03:56;0;1;0;0;55;55;
18.10.2014;09:04:01;0;0;0;0;55;55;
18.10.2014;09:04:06;1;0;0;0;54.9;55;
18.10.2014;09:04:11;1;1;0;0;54.9;55;
18.10.2014;09:04:16;0;1;0;0;55;55;
18.10.2014;09:04:21;0;0;0;0;55;55;
18.10.2014;09:04:26;0;0;0;0;55;55;
18.10.2014;09:04:31;0;1;0;0;55;55;
18.10.2014;09:04:36;1;1;0;0;54.9;55;
18.10.2014;09:04:41;1;0;0;0;54.9;55;
18.10.2014;09:04:46;1;0;0;0;54.9;55;
18.10.2014;09:04:51;0;1;0;0;55;55;
18.10.2014;09:04:56;0;1;0;0;55;55;
18.10.2014;09:05:01;0;0;0;0;55;55;
18.10.2014;09:05:06;1;0;0;0;54.9;55;
18.10.2014;09:05:11;1;1;0;0;54.9;55;
18.10.2014;09:05:16;0;1;0;0;55;55;
18.10.2014;09:05:21;0;0;0;0;55;55;
18.10.2014;09:05:26;0;0;0;0;55;55;
18.10.2014;09:05:31;1;1;0;0;54.9;55;
18.10.2014;09:05:36;1;1;0;0;54.9;55;
18.10.2014;09:05:41;1;0;0;0;54.9;55;
18.10.2014;09:05:46;0;0;0;0;55;55;
18.10.2014;09:05:51;0;1;0;0;55;55;
18.10.2014;09:05:56;0;1;0;0;55;55;
18.10.2014;09:06:01;0;0;0;0;55;55;
18.10.2014;09:06:06;1;0;0;0;54.9;55;
18.10.2014;09:06:11;1;0;0;0;54.9;55;
18.10.2014;09:06:16;1;1;0;0;54.9;55;
18.10.2014;09:06:21;0;1;0;0;55;55;
18.10.2014;09:06:26;0;0;0;0;55;55;
18.10.2014;09:06:31;0;0;0;0;55;55;
18.10.2014;09:06:36;1;1;0;0;54.9;55;
18.10.2014;09:06:41;1;1;0;0;54.9;55;
18.10.2014;09:06:46;0;0;0;0;55;55;
18.10.2014;09:06:51;0;0;0;0;55;55;
18.10.2014;09:06:56;1;1;0;0;54.9;55;
18.10.2014;09:07:01;1;1;0;0;54.9;55;
18.10.2014;09:07:06;0;0;0;0;55;55;
18.10.2014;09:07:11;0;0;0;0;55;55;
18.10.2014;09:07:16;1;1;0;0;54.9;55;
18.10.2014;09:07:21;1;1;0;0;54.9;55;
18.10.2014;09:07:26;0;0;0;0;55;55;
18.10.2014;09:07:31;0;0;0;0;55;55;
18.10.2014;09:07:36;0;1;0;0;55;55;
18.10.2014;09:07:41;1;1;0;0;54.9;55;
18.10.2014;09:07:46;1;0;0;0;54.9;55;
18.10.2014;09:07:51;0;0;0;0;55;55;
18.10.2014;09:07:56;0;1;0;0;55;55;
18.10.2014;09:08:01;1;1;0;0;54.9;55;
18.10.2014;09:08:06;1;0;0;0;54.9;55;
18.10.2014;09:08:11;1;0;0;0;54.9;55;
18.10.2014;09:08:16;0;1;0;0;55;55;
18.10.2014;09:08:21;0;1;0;0;55;55;
18.10.2014;09:08:26;0;0;0;0;55;55;
18.10.2014;09:08:31;1;0;0;0;54.9;55;
18.10.2014;09:08:36;1;1;0;0;54.9;55;
18.10.2014;09:08:41;0;1;0;0;55;55;
18.10.2014;09:08:46;0;0;0;0;55;55;
18.10.2014;09:08:51;1;0;0;0;54.9;55;
18.10.2014;09:08:56;1;1;0;0;54.9;55;
18.10.2014;09:09:01;0;1;0;0;55;55;
18.10.2014;09:09:06;0;0;0;0;55;55;
18.10.2014;09:09:11;0;0;0;0;55;55;
18.10.2014;09:09:16;1;1;0;0;54.9;55;
18.10.2014;09:09:21;1;1;0;0;54.9;55;
18.10.2014;09:09:26;1;0;0;0;54.9;55;
18.10.2014;09:09:31;0;0;0;0;55;55;
18.10.2014;09:09:36;0;1;0;0;55;55;
18.10.2014;09:09:41;1;1;0;0;54.9;55;
18.10.2014;09:09:46;1;1;0;0;54.9;55;
18.10.2014;09:09:51;0;0;0;0;55;55;
18.10.2014;09:09:56;0;0;0;0;55.1;55;
18.10.2014;09:10:01;0;1;0;0;55;55;
18.10.2014;09:10:06;1;1;0;0;54.9;55;
18.10.2014;09:10:11;1;0;0;0;54.9;55;
18.10.2014;09:10:16;0;0;0;0;55;55;
18.10.2014;09:10:21;0;1;0;0;55;55;
18.10.2014;09:10:26;1;1;0;0;54.9;55;
18.10.2014;09:10:31;1;0;0;0;54.9;55;
18.10.2014;09:10:36;0;0;0;0;55;55;
18.10.2014;09:10:41;0;1;0;0;55;55;
18.10.2014;09:10:46;0;1;0;0;55;55;
18.10.2014;09:10:51;1;0;0;0;54.9;55;
18.10.2014;09:10:56;1;0;0;0;54.9;55;
18.10.2014;09:11:01;1;1;0;0;54.9;55;
18.10.2014;09:11:06;0;1;0;0;55;55;
18.10.2014;09:11:11;0;0;0;0;55;55;
18.10.2014;09:11:16;0;0;0;0;55;55;
18.10.2014;09:11:21;1;1;0;0;54.9;55;
18.10.2014;09:11:26;1;1;0;0;54.9;55;
18.10.2014;09:11:31;1;0;0;0;54.9;55;
18.10.2014;09:11:36;0;0;0;0;55;55;
18.10.2014;09:11:41;0;1;0;0;55;55;
18.10.2014;09:11:46;0;1;0;0;55;55;
18.10.2014;09:11:51;1;0;0;0;54.9;55;
18.10.2014;09:11:56;1;0;0;0;54.9;55;
18.10.2014;09:12:01;0;1;0;0;55;55;
18.10.2014;09:12:06;0;1;0;0;55;55;
18.10.2014;09:12:11;1;0;0;0;54.9;55;
18.10.2014;09:12:16;1;0;0;0;54.9;55;
18.10.2014;09:12:21;0;1;0;0;55;55;
18.10.2014;09:12:26;0;1;0;0;55;55;
18.10.2014;09:12:31;0;0;0;0;55;55;
18.10.2014;09:12:36;1;0;0;0;54.9;55;
18.10.2014;09:12:41;1;1;0;0;54.9;55;
18.10.2014;09:12:46;1;1;0;0;54.9;55;
18.10.2014;09:12:51;0;0;0;0;55;55;
18.10.2014;09:12:56;0;0;0;0;55;55;
18.10.2014;09:13:01;0;1;0;0;55;55;
18.10.2014;09:13:06;1;1;0;0;54.9;55;
18.10.2014;09:13:11;1;0;0;0;54.9;55;
18.10.2014;09:13:16;0;0;0;0;55;55;
18.10.2014;09:13:21;0;1;0;0;55;55;
18.10.2014;09:13:26;1;1;0;0;54.9;55;
18.10.2014;09:13:31;1;1;0;0;54.9;55;
18.10.2014;09:13:36;0;0;0;0;55;55;
18.10.2014;09:13:41;0;0;0;0;55;55;
18.10.2014;09:13:46;1;1;0;0;54.9;55;
18.10.2014;09:13:51;1;1;0;0;54.9;55;
18.10.2014;09:13:56;0;0;0;0;55;55;
18.10.2014;09:14:01;0;0;0;0;55;55;
18.10.2014;09:14:06;1;1;0;0;54.9;55;
18.10.2014;09:14:11;1;1;0;0;54.9;55;
18.10.2014;09:14:16;0;0;0;0;55;55;
18.10.2014;09:14:21;0;0;0;0;55;55;
18.10.2014;09:14:26;1;1;0;0;54.9;55;
18.10.2014;09:14:31;1;1;0;0;54.9;55;
18.10.2014;09:14:36;0;0;0;0;55;55;
18.10.2014;09:14:41;0;0;0;0;55;55;
18.10.2014;09:14:46;0;1;0;0;55;55;
18.10.2014;09:14:51;1;1;0;0;54.9;55;
18.10.2014;09:14:56;1;0;0;0;54.9;55;
18.10.2014;09:15:01;0;0;0;0;55;55;
18.10.2014;09:15:06;0;1;0;0;55;55;
18.10.2014;09:15:11;1;1;0;0;54.9;55;
18.10.2014;09:15:16;1;0;0;0;54.9;55;
18.10.2014;09:15:21;0;0;0;0;55;55;
18.10.2014;09:15:26;0;1;0;0;55;55;
18.10.2014;09:15:31;1;1;0;0;54.9;55;
18.10.2014;09:15:36;1;0;0;0;54.9;55;
18.10.2014;09:15:41;0;0;0;0;55;55;
18.10.2014;09:15:46;0;1;0;0;55;55;
18.10.2014;09:15:51;1;1;0;0;54.9;55;
18.10.2014;09:15:56;1;0;0;0;54.9;55;
18.10.2014;09:16:01;0;0;0;0;55;55;
18.10.2014;09:16:06;0;1;0;0;55;55;
18.10.2014;09:16:11;1;1;0;0;54.9;55;
18.10.2014;09:16:16;1;0;0;0;54.9;55;
18.10.2014;09:16:21;0;0;0;0;55;55;
18.10.2014;09:16:26;0;1;0;0;55;55;
18.10.2014;09:16:31;1;1;0;0;54.9;55;
18.10.2014;09:16:36;1;0;0;0;54.9;55;
18.10.2014;09:16:41;0;0;0;0;55;55;
18.10.2014;09:16:46;0;1;0;0;55;55;
18.10.2014;09:16:51;0;1;0;0;55;55;
18.10.2014;09:16:56;1;0;0;0;54.9;55;
18.10.2014;09:17:01;1;0;0;0;54.9;55;
18.10.2014;09:17:06;1;0;0;0;54.9;55;
18.10.2014;09:17:11;0;1;0;0;55;55;
18.10.2014;09:17:16;0;1;0;0;55;55;
18.10.2014;09:17:21;0;0;0;0;55;55;
18.10.2014;09:17:26;1;0;0;0;54.9;55;
18.10.2014;09:17:31;1;1;0;0;54.9;55;
18.10.2014;09:17:36;0;1;0;0;55;55;
18.10.2014;09:17:41;0;0;0;0;55;55;
18.10.2014;09:17:46;1;0;0;0;54.9;55;
18.10.2014;09:17:51;1;1;0;0;54.9;55;
18.10.2014;09:17:56;0;1;0;0;55;55;
18.10.2014;09:18:01;0;0;0;0;55;55;
18.10.2014;09:18:06;1;0;0;0;54.9;55;
18.10.2014;09:18:11;1;1;0;0;54.9;55;
18.10.2014;09:18:16;0;1;0;0;55;55;
18.10.2014;09:18:21;0;0;0;0;55;55;
18.10.2014;09:18:26;1;0;0;0;54.9;55;
18.10.2014;09:18:31;1;1;0;0;54.9;55;
18.10.2014;09:18:36;0;1;0;0;55;55;
18.10.2014;09:18:41;0;0;0;0;55;55;
18.10.2014;09:18:46;1;0;0;0;54.9;55;
18.10.2014;09:18:51;1;1;0;0;54.9;55;
18.10.2014;09:18:56;0;1;0;0;55;55;
18.10.2014;09:19:01;0;0;0;0;55;55;
18.10.2014;09:19:06;0;0;0;0;55;55;
18.10.2014;09:19:11;1;1;0;0;54.9;55;
18.10.2014;09:19:16;1;1;0;0;54.9;55;
18.10.2014;09:19:21;1;0;0;0;54.9;55;
18.10.2014;09:19:26;0;0;0;0;55;55;
18.10.2014;09:19:31;0;1;0;0;55;55;
18.10.2014;09:19:36;0;1;0;0;55;55;
18.10.2014;09:19:41;1;0;0;0;54.9;55;
18.10.2014;09:19:46;1;0;0;0;54.9;55;
18.10.2014;09:19:51;0;1;0;0;55;55;
18.10.2014;09:19:56;0;1;0;0;55;55;
18.10.2014;09:20:01;1;0;0;0;54.9;55;
18.10.2014;09:20:06;1;0;0;0;54.9;55;
18.10.2014;09:20:11;0;1;0;0;55;55;
18.10.2014;09:20:16;0;1;0;0;55;55;
18.10.2014;09:20:21;1;0;0;0;54.9;55;
18.10.2014;09:20:26;1;0;0;0;54.9;55;
18.10.2014;09:20:31;0;1;0;0;55;55;
18.10.2014;09:20:36;0;1;0;0;55;55;
18.10.2014;09:20:41;1;1;0;0;54.9;55;
18.10.2014;09:20:46;1;0;0;0;54.9;55;
18.10.2014;09:20:51;0;0;0;0;55;55;
18.10.2014;09:20:56;0;1;0;0;55;55;
18.10.2014;09:21:01;1;1;0;0;54.9;55;
18.10.2014;09:21:06;1;0;0;0;54.9;55;
18.10.2014;09:21:11;0;0;0;0;55;55;
18.10.2014;09:21:16;0;1;0;0;55;55;
18.10.2014;09:21:21;0;1;0;0;55;55;
18.10.2014;09:21:26;1;0;0;0;54.9;55;
18.10.2014;09:21:31;1;0;0;0;54.9;55;
18.10.2014;09:21:36;0;1;0;0;55;55;
18.10.2014;09:21:41;0;1;0;0;55;55;
18.10.2014;09:21:46;1;0;0;0;54.9;55;
18.10.2014;09:21:51;1;0;0;0;54.9;55;
18.10.2014;09:21:56;0;1;0;0;55;55;
18.10.2014;09:22:01;0;1;0;0;55;55;
18.10.2014;09:22:06;1;0;0;0;54.9;55;
18.10.2014;09:22:11;1;0;0;0;54.9;55;
18.10.2014;09:22:16;0;1;0;0;55;55;
18.10.2014;09:22:21;0;1;0;0;55;55;
18.10.2014;09:22:26;1;0;0;0;54.9;55;
18.10.2014;09:22:31;1;0;0;0;54.9;55;
18.10.2014;09:22:36;0;1;0;0;55;55;
18.10.2014;09:22:41;0;1;0;0;55;55;
18.10.2014;09:22:46;1;0;0;0;54.9;55;
18.10.2014;09:22:51;1;0;0;0;54.9;55;
18.10.2014;09:22:56;0;1;0;0;55;55;
18.10.2014;09:23:01;0;1;0;0;55;55;
18.10.2014;09:23:06;0;0;0;0;55;55;
18.10.2014;09:23:11;1;0;0;0;54.9;55;
18.10.2014;09:23:16;1;1;0;0;54.9;55;
18.10.2014;09:23:21;1;1;0;0;54.9;55;
18.10.2014;09:23:26;0;0;0;0;55;55;
18.10.2014;09:23:31;0;0;0;0;55;55;
18.10.2014;09:23:36;1;1;0;0;54.9;55;
18.10.2014;09:23:41;1;1;0;0;54.9;55;
18.10.2014;09:23:46;0;0;0;0;55;55;
18.10.2014;09:23:51;0;0;0;0;55;55;
18.10.2014;09:23:56;0;1;0;0;55;55;
18.10.2014;09:24:01;1;1;0;0;54.9;55;
18.10.2014;09:24:06;1;1;0;0;54.9;55;
18.10.2014;09:24:11;0;0;0;0;55;55;
18.10.2014;09:24:16;0;0;0;0;55;55;
18.10.2014;09:24:21;1;1;0;0;54.9;55;
18.10.2014;09:24:26;1;1;0;0;54.9;55;
18.10.2014;09:24:31;0;0;0;0;55;55;
18.10.2014;09:24:36;0;0;0;0;55;55;
18.10.2014;09:24:41;1;1;0;0;54.9;55;
18.10.2014;09:24:46;1;1;0;0;54.9;55;
18.10.2014;09:24:51;0;0;0;0;55;55;
18.10.2014;09:24:56;0;0;0;0;55;55;
18.10.2014;09:25:01;1;1;0;0;54.9;55;
18.10.2014;09:25:06;1;1;0;0;54.9;55;
18.10.2014;09:25:11;0;0;0;0;55;55;
18.10.2014;09:25:16;0;0;0;0;55;55;
18.10.2014;09:25:21;0;1;0;0;55;55;
18.10.2014;09:25:26;1;1;0;0;54.9;55;
18.10.2014;09:25:31;1;0;0;0;54.9;55;
18.10.2014;09:25:36;1;0;0;0;54.9;55;
18.10.2014;09:25:41;0;1;0;0;55;55;
18.10.2014;09:25:46;0;1;0;0;55;55;
18.10.2014;09:25:51;0;0;0;0;55;55;
18.10.2014;09:25:56;1;0;0;0;54.9;55;
18.10.2014;09:26:01;1;1;0;0;54.9;55;
18.10.2014;09:26:06;0;1;0;0;55;55;
18.10.2014;09:26:11;0;0;0;0;55;55;
18.10.2014;09:26:16;1;0;0;0;54.9;55;
18.10.2014;09:26:21;1;1;0;0;54.9;55;
18.10.2014;09:26:26;0;1;0;0;55;55;
18.10.2014;09:26:31;0;0;0;0;55;55;
18.10.2014;09:26:36;1;0;0;0;54.9;55;
18.10.2014;09:26:41;1;1;0;0;54.9;55;
18.10.2014;09:26:46;0;1;0;0;55;55;
18.10.2014;09:26:51;0;0;0;0;55;55;
18.10.2014;09:26:56;0;0;0;0;55;55;
18.10.2014;09:27:01;1;1;0;0;54.9;55;
18.10.2014;09:27:06;1;1;0;0;54.9;55;
18.10.2014;09:27:11;1;0;0;0;54.9;55;
18.10.2014;09:27:16;0;0;0;0;55;55;
18.10.2014;09:27:21;0;1;0;0;55;55;
18.10.2014;09:27:26;0;1;0;0;55;55;
18.10.2014;09:27:31;1;0;0;0;54.9;55;
18.10.2014;09:27:36;1;0;0;0;54.9;55;
18.10.2014;09:27:41;1;0;0;0;54.9;55;
18.10.2014;09:27:46;0;1;0;0;55;55;
18.10.2014;09:27:51;0;1;0;0;55;55;
18.10.2014;09:27:56;0;0;0;0;55;55;
18.10.2014;09:28:01;1;0;0;0;54.9;55;
18.10.2014;09:28:06;1;1;0;0;54.9;55;
18.10.2014;09:28:11;0;1;0;0;55;55;
18.10.2014;09:28:16;0;0;0;0;55;55;
18.10.2014;09:28:21;1;0;0;0;54.9;55;
18.10.2014;09:28:26;1;1;0;0;54.9;55;
18.10.2014;09:28:31;0;1;0;0;55;55;
18.10.2014;09:28:36;0;0;0;0;55;55;
18.10.2014;09:28:41;0;0;0;0;55;55;
18.10.2014;09:28:46;1;1;0;0;54.9;55;
18.10.2014;09:28:51;1;1;0;0;54.9;55;
18.10.2014;09:28:56;1;0;0;0;54.9;55;
18.10.2014;09:29:01;0;0;0;0;55;55;
18.10.2014;09:29:06;0;1;0;0;55;55;
18.10.2014;09:29:11;0;1;0;0;55;55;
18.10.2014;09:29:16;1;0;0;0;54.9;55;
18.10.2014;09:29:21;1;0;0;0;54.9;55;
18.10.2014;09:29:26;1;1;0;0;54.9;55;
18.10.2014;09:29:31;0;1;0;0;55;55;
18.10.2014;09:29:36;0;0;0;0;55;55;
18.10.2014;09:29:41;0;0;0;0;55;55;
18.10.2014;09:29:46;1;1;0;0;54.9;55;
18.10.2014;09:29:51;1;1;0;0;54.9;55;
18.10.2014;09:29:56;0;0;0;0;55;55;
18.10.2014;09:30:01;0;0;0;0;55;55;
18.10.2014;09:30:06;1;1;0;0;54.9;55;
18.10.2014;09:30:11;1;1;0;0;54.9;55;
18.10.2014;09:30:16;0;0;0;0;55;55;
18.10.2014;09:30:21;0;0;0;0;55;55;
18.10.2014;09:30:26;1;1;0;0;54.9;55;
18.10.2014;09:30:31;1;1;0;0;54.9;55;
18.10.2014;09:30:36;0;0;0;0;55;55;
18.10.2014;09:30:41;0;0;0;0;55;55;
18.10.2014;09:30:46;0;1;0;0;55;55;
18.10.2014;09:30:51;1;1;0;0;54.9;55;
18.10.2014;09:30:56;1;0;0;0;54.9;55;
18.10.2014;09:31:01;1;0;0;0;54.9;55;
18.10.2014;09:31:06;0;1;0;0;55;55;
18.10.2014;09:31:11;1;1;0;0;55;60;
18.10.2014;09:31:16;1;1;0;0;55;60;
18.10.2014;09:31:21;1;1;0;0;55.1;60;
18.10.2014;09:31:26;1;1;0;0;55.1;60;
18.10.2014;09:31:31;1;1;0;0;55.1;60;
18.10.2014;09:31:36;1;1;0;0;55.2;60;
18.10.2014;09:31:41;1;1;0;0;55.3;60;
18.10.2014;09:31:46;1;1;0;0;55.3;60;
18.10.2014;09:31:51;1;1;0;0;55.3;60;
18.10.2014;09:31:56;1;1;0;0;55.4;60;
18.10.2014;09:32:01;1;1;0;0;55.4;60;
18.10.2014;09:32:06;1;1;0;0;55.5;60;
18.10.2014;09:32:11;1;0;0;0;55.6;60;
18.10.2014;09:32:16;1;0;0;0;55.6;60;
18.10.2014;09:32:21;1;0;0;0;55.7;60;
18.10.2014;09:32:26;1;0;0;0;55.8;60;
18.10.2014;09:32:31;1;0;0;0;55.8;60;
18.10.2014;09:32:36;1;0;0;0;55.9;60;
18.10.2014;09:32:41;1;0;0;0;55.9;60;
18.10.2014;09:32:46;1;0;0;0;56;60;
18.10.2014;09:32:51;1;0;0;0;56.1;60;
18.10.2014;09:32:56;1;0;0;0;56.1;60;
18.10.2014;09:33:01;1;0;0;0;56.3;60;
18.10.2014;09:33:06;1;0;0;0;56.3;60;
18.10.2014;09:33:11;1;1;0;0;56.4;60;
18.10.2014;09:33:16;1;1;0;0;56.4;60;
18.10.2014;09:33:21;1;1;0;0;56.5;60;
18.10.2014;09:33:26;1;1;0;0;56.6;60;
18.10.2014;09:33:31;1;1;0;0;56.6;60;
18.10.2014;09:33:36;1;1;0;0;56.7;60;
18.10.2014;09:33:41;1;1;0;0;56.8;60;
18.10.2014;09:33:46;1;1;0;0;56.8;60;
18.10.2014;09:33:51;1;1;0;0;56.9;60;
18.10.2014;09:33:56;1;1;0;0;57;60;
18.10.2014;09:34:01;1;1;0;0;57.1;60;
18.10.2014;09:34:06;1;1;0;0;57.1;60;
18.10.2014;09:34:11;1;0;0;0;57.2;60;
18.10.2014;09:34:16;1;0;0;0;57.3;60;
18.10.2014;09:34:21;1;0;0;0;57.4;60;
18.10.2014;09:34:26;1;0;0;0;57.4;60;
18.10.2014;09:34:31;1;0;0;0;57.5;60;
18.10.2014;09:34:36;1;0;0;0;57.6;60;
18.10.2014;09:34:41;1;0;0;0;57.6;60;
18.10.2014;09:34:46;1;0;0;0;57.7;60;
18.10.2014;09:34:51;1;0;0;0;57.8;60;
18.10.2014;09:34:56;1;0;0;0;57.9;60;
18.10.2014;09:35:01;1;0;0;0;57.9;60;
18.10.2014;09:35:06;1;0;0;0;58;60;
18.10.2014;09:35:11;1;1;0;0;58.1;60;
18.10.2014;09:35:16;1;1;0;0;58.1;60;
18.10.2014;09:35:21;1;1;0;0;58.3;60;
18.10.2014;09:35:26;1;1;0;0;58.3;60;
18.10.2014;09:35:31;1;1;0;0;58.4;60;
18.10.2014;09:35:36;1;1;0;0;58.4;60;
18.10.2014;09:35:41;1;1;0;0;58.5;60;
18.10.2014;09:35:46;1;1;0;0;58.6;60;
18.10.2014;09:35:51;1;1;0;0;58.7;60;
18.10.2014;09:35:56;1;1;0;0;58.8;60;
18.10.2014;09:36:01;1;1;0;0;58.8;60;
18.10.2014;09:36:06;1;1;0;0;58.9;60;
18.10.2014;09:36:11;1;0;0;0;58.9;60;
18.10.2014;09:36:16;1;0;0;0;59;60;
18.10.2014;09:36:21;1;0;0;0;59.1;60;
18.10.2014;09:36:26;1;0;0;0;59.2;60;
18.10.2014;09:36:31;1;0;0;0;59.3;60;
18.10.2014;09:36:36;1;0;0;0;59.3;60;
18.10.2014;09:36:41;1;0;0;0;59.4;60;
18.10.2014;09:36:46;1;0;0;0;59.4;60;
18.10.2014;09:36:51;1;0;0;0;59.5;60;
18.10.2014;09:36:56;1;0;0;0;59.6;60;
18.10.2014;09:37:01;1;0;0;0;59.7;60;
18.10.2014;09:37:06;1;0;0;0;59.8;60;
18.10.2014;09:37:11;1;1;0;0;59.8;60;
18.10.2014;09:37:16;1;1;0;0;59.9;60;
18.10.2014;09:37:21;1;1;0;0;59.9;60;
18.10.2014;09:37:26;0;1;0;0;60;60;
18.10.2014;09:37:31;0;1;0;0;60.1;60;
18.10.2014;09:37:36;0;1;0;0;60.1;60;
18.10.2014;09:37:41;0;1;0;0;60.1;60;
18.10.2014;09:37:46;0;1;0;0;60.1;60;
18.10.2014;09:37:51;0;1;0;0;60;60;
18.10.2014;09:37:56;0;1;0;0;60;60;
18.10.2014;09:38:01;1;1;0;0;59.9;60;
18.10.2014;09:38:06;1;1;0;0;59.9;60;
18.10.2014;09:38:11;1;0;0;0;59.9;60;
18.10.2014;09:38:16;0;0;0;0;60;60;
18.10.2014;09:38:21;0;0;0;0;60;60;
18.10.2014;09:38:26;1;0;0;0;59.9;60;
18.10.2014;09:38:31;1;0;0;0;59.9;60;
18.10.2014;09:38:36;0;0;0;0;60;60;
18.10.2014;09:38:41;0;0;0;0;60;60;
18.10.2014;09:38:46;1;0;0;0;59.9;60;
18.10.2014;09:38:51;1;0;0;0;59.9;60;
18.10.2014;09:38:56;0;0;0;0;60;60;
18.10.2014;09:39:01;0;0;0;0;60;60;
18.10.2014;09:39:06;1;0;0;0;59.9;60;
18.10.2014;09:39:11;1;1;0;0;59.9;60;
18.10.2014;09:39:16;0;1;0;0;60;60;
18.10.2014;09:39:21;0;1;0;0;60;60;
18.10.2014;09:39:26;1;1;0;0;59.9;60;
18.10.2014;09:39:31;1;1;0;0;59.9;60;
18.10.2014;09:39:36;1;1;0;0;59.9;60;
18.10.2014;09:39:41;0;1;0;0;60;60;
18.10.2014;09:39:46;0;1;0;0;60;60;
18.10.2014;09:39:51;1;1;0;0;59.9;60;
18.10.2014;09:39:56;1;1;0;0;59.9;60;
18.10.2014;09:40:01;0;1;0;0;60;60;
18.10.2014;09:40:06;0;1;0;0;60;60;
18.10.2014;09:40:11;1;0;0;0;59.9;60;
18.10.2014;09:40:16;1;0;0;0;59.9;60;
18.10.2014;09:40:21;1;0;0;0;59.9;60;
18.10.2014;09:40:26;0;0;0;0;60;60;
18.10.2014;09:40:31;0;0;0;0;60;60;
18.10.2014;09:40:36;1;0;0;0;59.9;60;
18.10.2014;09:40:41;1;0;0;0;59.9;60;
18.10.2014;09:40:46;1;0;0;0;59.9;60;
18.10.2014;09:40:51;0;0;0;0;60;60;
18.10.2014;09:40:56;0;0;0;0;60;60;
18.10.2014;09:41:01;1;0;0;0;59.9;60;
18.10.2014;09:41:06;1;0;0;0;59.9;60;
18.10.2014;09:41:11;1;1;0;0;59.9;60;
18.10.2014;09:41:16;0;1;0;0;60;60;
18.10.2014;09:41:21;0;1;0;0;60;60;
18.10.2014;09:41:26;1;1;0;0;59.9;60;
18.10.2014;09:41:31;1;1;0;0;59.9;60;
18.10.2014;09:41:36;1;1;0;0;59.9;60;
18.10.2014;09:41:41;0;1;0;0;60;60;
18.10.2014;09:41:46;0;1;0;0;60;60;
18.10.2014;09:41:51;1;1;0;0;59.9;60;
18.10.2014;09:41:56;1;1;0;0;59.9;60;
18.10.2014;09:42:01;1;1;0;0;59.9;60;
18.10.2014;09:42:06;0;1;0;0;60;60;
18.10.2014;09:42:11;0;0;0;0;60;60;
18.10.2014;09:42:16;1;0;0;0;59.9;60;
18.10.2014;09:42:21;1;0;0;0;59.9;60;
18.10.2014;09:42:26;1;0;0;0;59.9;60;
18.10.2014;09:42:31;0;0;0;0;60;60;
18.10.2014;09:42:36;0;0;0;0;60;60;
18.10.2014;09:42:41;1;0;0;0;59.9;60;
18.10.2014;09:42:46;1;0;0;0;59.9;60;
18.10.2014;09:42:51;1;0;0;0;59.9;60;
18.10.2014;09:42:56;0;0;0;0;60;60;
18.10.2014;09:43:01;0;0;0;0;60;60;
18.10.2014;09:43:06;1;0;0;0;59.9;60;
18.10.2014;09:43:11;1;1;0;0;59.9;60;
18.10.2014;09:43:16;1;1;0;0;59.9;60;
18.10.2014;09:43:21;1;1;0;0;59.9;60;
18.10.2014;09:43:26;0;1;0;0;60;60;
18.10.2014;09:43:31;0;1;0;0;60;60;
18.10.2014;09:43:36;1;1;0;0;59.9;60;
18.10.2014;09:43:41;1;1;0;0;59.9;60;
18.10.2014;09:43:46;1;1;0;0;59.9;60;
18.10.2014;09:43:51;0;1;0;0;60;60;
18.10.2014;09:43:56;0;1;0;0;60;60;
18.10.2014;09:44:01;1;1;0;0;59.9;60;
18.10.2014;09:44:06;1;1;0;0;59.9;60;
18.10.2014;09:44:11;1;0;0;0;59.9;60;
18.10.2014;09:44:16;0;0;0;0;60;60;
18.10.2014;09:44:21;0;0;0;0;60;60;
18.10.2014;09:44:26;1;0;0;0;59.9;60;
18.10.2014;09:44:31;1;0;0;0;59.9;60;
18.10.2014;09:44:36;1;0;0;0;59.9;60;
18.10.2014;09:44:41;0;0;0;0;60;60;
18.10.2014;09:44:46;0;0;0;0;60;60;
18.10.2014;09:44:51;1;0;0;0;59.9;60;
18.10.2014;09:44:56;1;0;0;0;59.9;60;
18.10.2014;09:45:01;1;0;0;0;59.9;60;
18.10.2014;09:45:06;0;0;0;0;60;60;
18.10.2014;09:45:11;0;1;0;0;60;60;
18.10.2014;09:45:16;1;1;0;0;59.9;60;
18.10.2014;09:45:21;1;1;0;0;59.9;60;
18.10.2014;09:45:26;1;1;0;0;59.9;60;
18.10.2014;09:45:31;0;1;0;0;60;60;
18.10.2014;09:45:36;0;1;0;0;60;60;
18.10.2014;09:45:41;1;1;0;0;59.9;60;
18.10.2014;09:45:46;1;1;0;0;59.9;60;
18.10.2014;09:45:51;1;1;0;0;59.9;60;
18.10.2014;09:45:56;0;1;0;0;60;60;
18.10.2014;09:46:01;1;1;0;0;59.9;60;
18.10.2014;09:46:06;1;1;0;0;59.9;60;
18.10.2014;09:46:11;0;0;0;0;60;60;
18.10.2014;09:46:16;0;0;0;0;60;60;
18.10.2014;09:46:21;1;0;0;0;59.9;60;
18.10.2014;09:46:26;1;0;0;0;59.9;60;
18.10.2014;09:46:31;1;0;0;0;59.9;60;
18.10.2014;09:46:36;0;0;0;0;60;60;
18.10.2014;09:46:41;1;0;0;0;59.9;60;
18.10.2014;09:46:46;1;0;0;0;59.9;60;
18.10.2014;09:46:51;0;0;0;0;60;60;
18.10.2014;09:46:56;0;0;0;0;60;60;
18.10.2014;09:47:01;1;0;0;0;59.9;60;
18.10.2014;09:47:06;1;0;0;0;59.9;60;
18.10.2014;09:47:11;1;1;0;0;59.9;60;
18.10.2014;09:47:16;0;1;0;0;60;60;
18.10.2014;09:47:21;0;1;0;0;60;60;
18.10.2014;09:47:26;1;1;0;0;59.9;60;
18.10.2014;09:47:31;1;1;0;0;59.9;60;
18.10.2014;09:47:36;1;1;0;0;59.9;60;
18.10.2014;09:47:41;0;1;0;0;60;60;
18.10.2014;09:47:46;0;1;0;0;60;60;
18.10.2014;09:47:51;1;1;0;0;59.9;60;
18.10.2014;09:47:56;1;1;0;0;59.9;60;
18.10.2014;09:48:01;1;1;0;0;59.9;60;
18.10.2014;09:48:06;0;1;0;0;60;60;
18.10.2014;09:48:11;0;0;0;0;60;60;
18.10.2014;09:48:16;1;0;0;0;59.9;60;
18.10.2014;09:48:21;1;0;0;0;59.9;60;
18.10.2014;09:48:26;1;0;0;0;59.9;60;
18.10.2014;09:48:31;0;0;0;0;60;60;
18.10.2014;09:48:36;0;0;0;0;60;60;
18.10.2014;09:48:41;1;0;0;0;59.9;60;
18.10.2014;09:48:46;1;0;0;0;59.9;60;
18.10.2014;09:48:51;1;0;0;0;59.9;60;
18.10.2014;09:48:56;0;0;0;0;60;60;
18.10.2014;09:49:01;1;0;0;0;59.9;60;
18.10.2014;09:49:06;1;0;0;0;59.9;60;
18.10.2014;09:49:11;0;1;0;0;60;60;
18.10.2014;09:49:16;0;1;0;0;60;60;
18.10.2014;09:49:21;1;1;0;0;59.9;60;
18.10.2014;09:49:26;1;1;0;0;59.9;60;
18.10.2014;09:49:31;1;1;0;0;59.9;60;
18.10.2014;09:49:36;0;1;0;0;60;60;
18.10.2014;09:49:41;1;1;0;0;59.9;60;
18.10.2014;09:49:46;1;1;0;0;59.9;60;
18.10.2014;09:49:51;0;1;0;0;60;60;
18.10.2014;09:49:56;1;1;0;0;59.9;60;
18.10.2014;09:50:01;1;1;0;0;59.9;60;
18.10.2014;09:50:06;0;1;0;0;60;60;
18.10.2014;09:50:11;0;0;0;0;60;60;
18.10.2014;09:50:16;1;0;0;0;59.9;60;
18.10.2014;09:50:21;1;0;0;0;59.9;60;
18.10.2014;09:50:26;0;0;0;0;60;60;
18.10.2014;09:50:31;1;0;0;0;59.9;60;
18.10.2014;09:50:36;1;0;0;0;59.9;60;
18.10.2014;09:50:41;1;0;0;0;59.9;60;
18.10.2014;09:50:46;0;0;0;0;60;60;
18.10.2014;09:50:51;0;0;0;0;60;60;
18.10.2014;09:50:56;1;0;0;0;59.9;60;
18.10.2014;09:51:01;1;0;0;0;59.9;60;
18.10.2014;09:51:06;1;0;0;0;59.9;60;
18.10.2014;09:51:11;0;1;0;0;60;60;
18.10.2014;09:51:16;0;1;0;0;60;60;
18.10.2014;09:51:21;1;1;0;0;59.9;60;
18.10.2014;09:51:26;1;1;0;0;59.9;60;
18.10.2014;09:51:31;0;1;0;0;60;60;
18.10.2014;09:51:36;0;1;0;0;60;60;
18.10.2014;09:51:41;1;1;0;0;59.9;60;
18.10.2014;09:51:46;1;1;0;0;59.9;60;
18.10.2014;09:51:51;1;1;0;0;59.9;60;
18.10.2014;09:51:56;1;1;0;0;59.9;60;
18.10.2014;09:52:01;0;1;0;0;60;60;
18.10.2014;09:52:06;0;1;0;0;60;60;
18.10.2014;09:52:11;1;0;0;0;59.9;60;
18.10.2014;09:52:16;1;0;0;0;59.9;60;
18.10.2014;09:52:21;1;0;0;0;59.9;60;
18.10.2014;09:52:26;0;0;0;0;60;60;
18.10.2014;09:52:31;1;0;0;0;59.9;60;
18.10.2014;09:52:36;1;0;0;0;59.9;60;
18.10.2014;09:52:41;0;0;0;0;60;60;
18.10.2014;09:52:46;0;0;0;0;60;60;
18.10.2014;09:52:51;1;0;0;0;59.9;60;
18.10.2014;09:52:56;1;0;0;0;59.9;60;
18.10.2014;09:53:01;1;0;0;0;59.9;60;
18.10.2014;09:53:06;0;0;0;0;60;60;
18.10.2014;09:53:11;0;0;0;0;60;60;
18.10.2014;09:53:16;1;1;0;0;59.9;60;
18.10.2014;09:53:21;1;1;0;0;59.9;60;
18.10.2014;09:53:26;1;1;0;0;59.9;60;
18.10.2014;09:53:31;0;1;0;0;60;60;
18.10.2014;09:53:36;1;1;0;0;59.9;60;
18.10.2014;09:53:41;1;1;0;0;59.9;60;
18.10.2014;09:53:46;0;1;0;0;60;60;
18.10.2014;09:53:51;0;1;0;0;60;60;
18.10.2014;09:53:56;1;1;0;0;59.9;60;
18.10.2014;09:54:01;1;1;0;0;59.9;60;
18.10.2014;09:54:06;1;1;0;0;59.9;60;
18.10.2014;09:54:11;1;1;0;0;59.9;60;
18.10.2014;09:54:16;0;0;0;0;60;60;
18.10.2014;09:54:21;0;0;0;0;60;60;
18.10.2014;09:54:26;1;0;0;0;59.9;60;
18.10.2014;09:54:31;1;0;0;0;59.9;60;
18.10.2014;09:54:36;1;0;0;0;59.9;60;
18.10.2014;09:54:41;0;0;0;0;60;60;
18.10.2014;09:54:46;0;0;0;0;60;60;
18.10.2014;09:54:51;1;0;0;0;59.9;60;
18.10.2014;09:54:56;1;0;0;0;59.9;60;
18.10.2014;09:55:01;1;0;0;0;59.9;60;
18.10.2014;09:55:06;0;0;0;0;60;60;
18.10.2014;09:55:11;1;0;0;0;59.9;60;
18.10.2014;09:55:16;1;1;0;0;59.9;60;
18.10.2014;09:55:21;0;1;0;0;60;60;
18.10.2014;09:55:26;0;1;0;0;60;60;
18.10.2014;09:55:31;1;1;0;0;59.9;60;
18.10.2014;09:55:36;1;1;0;0;59.9;60;
18.10.2014;09:55:41;1;1;0;0;59.9;60;
18.10.2014;09:55:46;0;1;0;0;60;60;
18.10.2014;09:55:51;0;1;0;0;60;60;
18.10.2014;09:55:56;1;1;0;0;59.9;60;
18.10.2014;09:56:01;1;1;0;0;59.9;60;
18.10.2014;09:56:06;1;1;0;0;59.9;60;
18.10.2014;09:56:11;0;1;0;0;60;60;
18.10.2014;09:56:16;1;0;0;0;59.9;60;
18.10.2014;09:56:21;1;0;0;0;59.9;60;
18.10.2014;09:56:26;0;0;0;0;60;60;
18.10.2014;09:56:31;0;0;0;0;60;60;
18.10.2014;09:56:36;1;0;0;0;59.9;60;
18.10.2014;09:56:41;1;0;0;0;59.9;60;
18.10.2014;09:56:46;1;0;0;0;59.9;60;
18.10.2014;09:56:51;0;0;0;0;60;60;
18.10.2014;09:56:56;1;0;0;0;59.9;60;
18.10.2014;09:57:01;1;0;0;0;59.9;60;
18.10.2014;09:57:06;0;0;0;0;60;60;
18.10.2014;09:57:11;0;0;0;0;60;60;
18.10.2014;09:57:16;1;1;0;0;59.9;60;
18.10.2014;09:57:21;1;1;0;0;59.9;60;
18.10.2014;09:57:26;1;1;0;0;59.9;60;
18.10.2014;09:57:31;0;1;0;0;60;60;
18.10.2014;09:57:36;1;1;0;0;59.9;60;
18.10.2014;09:57:41;1;1;0;0;59.9;60;
18.10.2014;09:57:46;0;1;0;0;60;60;
18.10.2014;09:57:51;0;1;0;0;60;60;
18.10.2014;09:57:56;1;1;0;0;59.9;60;
18.10.2014;09:58:01;1;1;0;0;59.9;60;
18.10.2014;09:58:06;1;1;0;0;59.9;60;
18.10.2014;09:58:11;0;1;0;0;60;60;
18.10.2014;09:58:16;1;0;0;0;59.9;60;
18.10.2014;09:58:21;1;0;0;0;59.9;60;
18.10.2014;09:58:26;0;0;0;0;60;60;
18.10.2014;09:58:31;0;0;0;0;60;60;
18.10.2014;09:58:36;1;0;0;0;59.9;60;
18.10.2014;09:58:41;1;0;0;0;59.9;60;
18.10.2014;09:58:46;1;0;0;0;59.9;60;
18.10.2014;09:58:51;0;0;0;0;60;60;
18.10.2014;09:58:56;1;0;0;0;59.9;60;
18.10.2014;09:59:01;1;0;0;0;59.9;60;
18.10.2014;09:59:06;0;0;0;0;60;60;
18.10.2014;09:59:11;0;0;0;0;60;60;
18.10.2014;09:59:16;1;1;0;0;59.9;60;
18.10.2014;09:59:21;1;1;0;0;59.9;60;
18.10.2014;09:59:26;1;1;0;0;59.9;60;
18.10.2014;09:59:31;0;1;0;0;60;60;
18.10.2014;09:59:36;1;1;0;0;59.9;60;
18.10.2014;09:59:41;1;1;0;0;59.9;60;
18.10.2014;09:59:46;0;1;0;0;60;60;
18.10.2014;09:59:51;0;1;0;0;60;60;
18.10.2014;09:59:56;1;1;0;0;59.9;60;
18.10.2014;10:00:01;1;1;0;0;59.9;60;
18.10.2014;10:00:06;1;1;0;0;59.9;60;
18.10.2014;10:00:11;0;1;0;0;60;60;
18.10.2014;10:00:16;0;0;0;0;60;60;
18.10.2014;10:00:21;1;0;0;0;59.9;60;
18.10.2014;10:00:26;1;0;0;0;59.9;60;
18.10.2014;10:00:31;1;0;0;0;59.9;60;
18.10.2014;10:00:36;0;0;0;0;60;60;
18.10.2014;10:00:41;1;0;0;0;59.9;60;
18.10.2014;10:00:46;1;0;0;0;59.9;60;
18.10.2014;10:00:51;0;0;0;0;60;60;
18.10.2014;10:00:56;0;0;0;0;60;60;
18.10.2014;10:01:01;1;0;0;0;59.9;60;
18.10.2014;10:01:06;1;0;0;0;59.9;60;
18.10.2014;10:01:11;1;0;0;0;59.9;60;
18.10.2014;10:01:16;1;1;0;0;59.9;60;
18.10.2014;10:01:21;0;1;0;0;60;60;
18.10.2014;10:01:26;0;1;0;0;60;60;
18.10.2014;10:01:31;1;1;0;0;59.9;60;
18.10.2014;10:01:36;1;1;0;0;59.9;60;
18.10.2014;10:01:41;1;1;0;0;59.9;60;
18.10.2014;10:01:46;0;1;0;0;60;60;
18.10.2014;10:01:51;0;1;0;0;60;60;
18.10.2014;10:01:56;1;1;0;0;59.9;60;
18.10.2014;10:02:01;1;1;0;0;59.9;60;
18.10.2014;10:02:06;1;1;0;0;59.9;60;
18.10.2014;10:02:11;0;1;0;0;60;60;
18.10.2014;10:02:16;0;0;0;0;60;60;
18.10.2014;10:02:21;1;0;0;0;59.9;60;
18.10.2014;10:02:26;1;0;0;0;59.9;60;
18.10.2014;10:02:31;1;0;0;0;59.9;60;
18.10.2014;10:02:36;0;0;0;0;60;60;
18.10.2014;10:02:41;0;0;0;0;60;60;
18.10.2014;10:02:46;1;0;0;0;59.9;60;
18.10.2014;10:02:51;1;0;0;0;59.9;60;
18.10.2014;10:02:56;1;0;0;0;59.9;60;
18.10.2014;10:03:01;0;0;0;0;60;60;
18.10.2014;10:03:06;1;0;0;0;59.9;60;
18.10.2014;10:03:11;1;0;0;0;59.9;60;
18.10.2014;10:03:16;0;1;0;0;60;60;
18.10.2014;10:03:21;0;1;0;0;60;60;
18.10.2014;10:03:26;1;1;0;0;59.9;60;
18.10.2014;10:03:31;1;1;0;0;59.9;60;
18.10.2014;10:03:36;1;1;0;0;59.9;60;
18.10.2014;10:03:41;0;1;0;0;60;60;
18.10.2014;10:03:46;0;1;0;0;60;60;
18.10.2014;10:03:51;1;1;0;0;59.9;60;
18.10.2014;10:03:56;1;1;0;0;59.9;60;
18.10.2014;10:04:01;1;1;0;0;59.9;60;
18.10.2014;10:04:06;0;1;0;0;60;60;
18.10.2014;10:04:11;1;1;0;0;59.9;60;
18.10.2014;10:04:16;1;0;0;0;59.9;60;
18.10.2014;10:04:21;0;0;0;0;60;60;
18.10.2014;10:04:26;0;0;0;0;60;60;
18.10.2014;10:04:31;1;0;0;0;59.9;60;
18.10.2014;10:04:36;1;0;0;0;59.9;60;
18.10.2014;10:04:41;1;0;0;0;59.9;60;
18.10.2014;10:04:46;0;0;0;0;60;60;
18.10.2014;10:04:51;0;0;0;0;60;60;
18.10.2014;10:04:56;1;0;0;0;59.9;60;
18.10.2014;10:05:01;1;0;0;0;59.9;60;
18.10.2014;10:05:06;1;0;0;0;59.9;60;
18.10.2014;10:05:11;0;0;0;0;60;60;
18.10.2014;10:05:16;0;1;0;0;60;60;
18.10.2014;10:05:21;1;1;0;0;59.9;60;
18.10.2014;10:05:26;1;1;0;0;59.9;60;
18.10.2014;10:05:31;1;1;0;0;59.9;60;
18.10.2014;10:05:36;1;1;0;0;59.9;60;
18.10.2014;10:05:41;0;1;0;0;60;60;
18.10.2014;10:05:46;0;1;0;0;60;60;
18.10.2014;10:05:51;0;1;0;0;60;60;
18.10.2014;10:05:56;1;1;0;0;59.9;60;
18.10.2014;10:06:01;1;1;0;0;59.9;60;
18.10.2014;10:06:06;1;1;0;0;59.9;60;
18.10.2014;10:06:11;1;1;0;0;59.9;60;
18.10.2014;10:06:16;0;0;0;0;60;60;
18.10.2014;10:06:21;0;0;0;0;60;60;
18.10.2014;10:06:26;1;0;0;0;59.9;60;
18.10.2014;10:06:31;1;0;0;0;59.9;60;
18.10.2014;10:06:36;1;0;0;0;59.9;60;
18.10.2014;10:06:41;0;0;0;0;60;60;
18.10.2014;10:06:46;0;0;0;0;60;60;
18.10.2014;10:06:51;1;0;0;0;59.9;60;
18.10.2014;10:06:56;1;0;0;0;59.9;60;
18.10.2014;10:07:01;1;0;0;0;59.9;60;
18.10.2014;10:07:06;0;0;0;0;60;60;
18.10.2014;10:07:11;0;0;0;0;60;60;
18.10.2014;10:07:16;1;1;0;0;59.9;60;
18.10.2014;10:07:21;1;1;0;0;59.9;60;
18.10.2014;10:07:26;1;1;0;0;59.9;65;
18.10.2014;10:07:31;1;1;0;0;60;65;
18.10.2014;10:07:36;1;1;0;0;60;65;
18.10.2014;10:07:41;1;1;0;0;60.1;65;
18.10.2014;10:07:46;1;0;0;0;60.1;65;
18.10.2014;10:07:51;1;0;0;0;60.1;65;
18.10.2014;10:07:56;1;0;0;0;60.2;65;
18.10.2014;10:08:01;1;0;0;0;60.2;65;
18.10.2014;10:08:06;1;1;0;0;60.3;65;
18.10.2014;10:08:11;1;1;0;0;60.3;65;
18.10.2014;10:08:16;1;1;0;0;60.3;65;
18.10.2014;10:08:21;1;1;0;0;60.4;65;
18.10.2014;10:08:26;1;1;0;0;60.4;65;
18.10.2014;10:08:31;1;0;0;0;60.5;65;
18.10.2014;10:08:36;1;0;0;0;60.6;65;
18.10.2014;10:08:41;1;0;0;0;60.6;65;
18.10.2014;10:08:46;1;0;0;0;60.6;65;
18.10.2014;10:08:51;1;1;0;0;60.7;65;
18.10.2014;10:08:56;1;1;0;0;60.8;65;
18.10.2014;10:09:01;1;1;0;0;60.8;65;
18.10.2014;10:09:06;1;1;0;0;60.9;65;
18.10.2014;10:09:11;1;0;0;0;60.9;65;
18.10.2014;10:09:16;1;0;0;0;60.9;65;
18.10.2014;10:09:21;1;0;0;0;61;65;
18.10.2014;10:09:26;1;0;0;0;61.1;65;
18.10.2014;10:09:31;1;1;0;0;61.1;65;
18.10.2014;10:09:36;1;1;0;0;61.2;65;
18.10.2014;10:09:41;1;1;0;0;61.3;65;
18.10.2014;10:09:46;1;1;0;0;61.3;65;
18.10.2014;10:09:51;1;0;0;0;61.4;65;
18.10.2014;10:09:56;1;0;0;0;61.4;65;
18.10.2014;10:10:01;1;0;0;0;61.4;65;
18.10.2014;10:10:06;1;0;0;0;61.5;65;
18.10.2014;10:10:11;1;1;0;0;61.6;65;
18.10.2014;10:10:16;1;1;0;0;61.6;65;
18.10.2014;10:10:21;1;1;0;0;61.7;65;
18.10.2014;10:10:26;1;1;0;0;61.8;65;
18.10.2014;10:10:31;1;0;0;0;61.8;65;
18.10.2014;10:10:36;1;0;0;0;61.9;65;
18.10.2014;10:10:41;1;0;0;0;61.9;65;
18.10.2014;10:10:46;1;0;0;0;62;65;
18.10.2014;10:10:51;1;1;0;0;62;65;
18.10.2014;10:10:56;1;1;0;0;62.1;65;
18.10.2014;10:11:01;1;1;0;0;62.1;65;
18.10.2014;10:11:06;1;1;0;0;62.2;65;
18.10.2014;10:11:11;1;0;0;0;62.3;65;
18.10.2014;10:11:16;1;0;0;0;62.3;65;
18.10.2014;10:11:21;1;0;0;0;62.4;65;
18.10.2014;10:11:26;1;0;0;0;62.4;65;
18.10.2014;10:11:31;1;1;0;0;62.5;65;
18.10.2014;10:11:36;1;1;0;0;62.5;65;
18.10.2014;10:11:41;1;1;0;0;62.6;65;
18.10.2014;10:11:46;1;1;0;0;62.6;65;
18.10.2014;10:11:51;1;0;0;0;62.7;65;
18.10.2014;10:11:56;1;0;0;0;62.8;65;
18.10.2014;10:12:01;1;0;0;0;62.8;65;
18.10.2014;10:12:06;1;0;0;0;62.9;65;
18.10.2014;10:12:11;1;1;0;0;62.9;65;
18.10.2014;10:12:16;1;1;0;0;62.9;65;
18.10.2014;10:12:21;1;1;0;0;63;65;
18.10.2014;10:12:26;1;1;0;0;63.1;65;
18.10.2014;10:12:31;1;0;0;0;63.1;65;
18.10.2014;10:12:36;1;0;0;0;63.2;65;
18.10.2014;10:12:41;1;0;0;0;63.3;65;
18.10.2014;10:12:46;1;0;0;0;63.3;65;
18.10.2014;10:12:51;1;1;0;0;63.3;65;
18.10.2014;10:12:56;1;1;0;0;63.4;65;
18.10.2014;10:13:01;1;1;0;0;63.4;65;
18.10.2014;10:13:06;1;1;0;0;63.5;65;
18.10.2014;10:13:11;1;0;0;0;63.6;65;
18.10.2014;10:13:16;1;0;0;0;63.6;65;
18.10.2014;10:13:21;1;0;0;0;63.7;65;
18.10.2014;10:13:26;1;0;0;0;63.7;65;
18.10.2014;10:13:31;1;1;0;0;63.8;65;
18.10.2014;10:13:36;1;1;0;0;63.8;65;
18.10.2014;10:13:41;1;1;0;0;63.9;65;
18.10.2014;10:13:46;1;1;0;0;63.9;65;
18.10.2014;10:13:51;1;0;0;0;63.9;65;
18.10.2014;10:13:56;1;0;0;0;64;65;
18.10.2014;10:14:01;1;0;0;0;64.1;65;
18.10.2014;10:14:06;1;0;0;0;64.1;65;
18.10.2014;10:14:11;1;1;0;0;64.1;65;
18.10.2014;10:14:16;1;1;0;0;64.2;65;
18.10.2014;10:14:21;1;1;0;0;64.3;65;
18.10.2014;10:14:26;1;1;0;0;64.3;65;
18.10.2014;10:14:31;1;0;0;0;64.4;65;
18.10.2014;10:14:36;1;0;0;0;64.4;65;
18.10.2014;10:14:41;1;0;0;0;64.4;65;
18.10.2014;10:14:46;1;0;0;0;64.5;65;
18.10.2014;10:14:51;1;1;0;0;64.5;65;
18.10.2014;10:14:56;1;1;0;0;64.6;65;
18.10.2014;10:15:01;1;1;0;0;64.6;65;
18.10.2014;10:15:06;1;1;0;0;64.7;65;
18.10.2014;10:15:11;1;1;0;0;64.7;65;
18.10.2014;10:15:16;1;0;0;0;64.8;65;
18.10.2014;10:15:21;1;0;0;0;64.8;65;
18.10.2014;10:15:26;1;0;0;0;64.9;65;
18.10.2014;10:15:31;1;0;0;0;64.9;65;
18.10.2014;10:15:36;1;1;0;0;64.9;65;
18.10.2014;10:15:41;0;1;0;0;65;65;
18.10.2014;10:15:46;0;1;0;0;65;65;
18.10.2014;10:15:51;1;1;0;0;64.9;65;
18.10.2014;10:15:56;1;0;0;0;64.9;65;
18.10.2014;10:16:01;0;0;0;0;65;65;
18.10.2014;10:16:06;0;0;0;0;65;65;
18.10.2014;10:16:11;1;0;0;0;64.9;65;
18.10.2014;10:16:16;1;1;0;0;64.9;65;
18.10.2014;10:16:21;1;1;0;0;64.9;65;
18.10.2014;10:16:26;1;1;0;0;64.9;65;
18.10.2014;10:16:31;1;1;0;0;64.9;65;
18.10.2014;10:16:36;1;0;0;0;64.9;65;
18.10.2014;10:16:41;0;0;0;0;65;65;
18.10.2014;10:16:46;0;0;0;0;65;65;
18.10.2014;10:16:51;1;0;0;0;64.9;65;
18.10.2014;10:16:56;1;1;0;0;64.9;65;
18.10.2014;10:17:01;1;1;0;0;64.9;65;
18.10.2014;10:17:06;0;1;0;0;65;65;
18.10.2014;10:17:11;1;1;0;0;64.9;65;
18.10.2014;10:17:16;1;0;0;0;64.9;65;
18.10.2014;10:17:21;1;0;0;0;64.9;65;
18.10.2014;10:17:26;1;0;0;0;64.9;65;
18.10.2014;10:17:31;0;0;0;0;65;65;
18.10.2014;10:17:36;1;1;0;0;64.9;65;
18.10.2014;10:17:41;1;1;0;0;64.9;65;
18.10.2014;10:17:46;1;1;0;0;64.9;65;
18.10.2014;10:17:51;0;1;0;0;65;65;
18.10.2014;10:17:56;0;0;0;0;65;65;
18.10.2014;10:18:01;1;0;0;0;64.9;65;
18.10.2014;10:18:06;1;0;0;0;64.9;65;
18.10.2014;10:18:11;1;0;0;0;64.9;65;
18.10.2014;10:18:16;1;1;0;0;64.9;65;
18.10.2014;10:18:21;1;1;0;0;64.9;65;
18.10.2014;10:18:26;1;1;0;0;64.9;65;
18.10.2014;10:18:31;0;1;0;0;65;65;
18.10.2014;10:18:36;1;0;0;0;64.9;65;
18.10.2014;10:18:41;1;0;0;0;64.9;65;
18.10.2014;10:18:46;1;0;0;0;64.9;65;
18.10.2014;10:18:51;0;0;0;0;65;65;
18.10.2014;10:18:56;1;1;0;0;64.9;65;
18.10.2014;10:19:01;1;1;0;0;64.9;65;
18.10.2014;10:19:06;1;1;0;0;64.9;65;
18.10.2014;10:19:11;0;1;0;0;65;65;
18.10.2014;10:19:16;1;0;0;0;64.9;65;
18.10.2014;10:19:21;1;0;0;0;64.9;65;
18.10.2014;10:19:26;1;0;0;0;64.9;65;
18.10.2014;10:19:31;1;0;0;0;64.9;65;
18.10.2014;10:19:36;1;1;0;0;64.9;65;
18.10.2014;10:19:41;0;1;0;0;65;65;
18.10.2014;10:19:46;0;1;0;0;65;65;
18.10.2014;10:19:51;1;1;0;0;64.9;65;
18.10.2014;10:19:56;1;0;0;0;64.9;65;
18.10.2014;10:20:01;1;0;0;0;64.9;65;
18.10.2014;10:20:06;1;0;0;0;64.9;65;
18.10.2014;10:20:11;1;0;0;0;64.9;65;
18.10.2014;10:20:16;1;1;0;0;64.9;65;
18.10.2014;10:20:21;0;1;0;0;65;65;
18.10.2014;10:20:26;1;1;0;0;64.9;65;
18.10.2014;10:20:31;1;1;0;0;64.9;65;
18.10.2014;10:20:36;1;0;0;0;64.9;65;
18.10.2014;10:20:41;0;0;0;0;65;65;
18.10.2014;10:20:46;0;0;0;0;65;65;
18.10.2014;10:20:51;1;0;0;0;64.9;65;
18.10.2014;10:20:56;1;1;0;0;64.9;65;
18.10.2014;10:21:01;1;1;0;0;64.9;65;
18.10.2014;10:21:06;1;1;0;0;64.9;65;
18.10.2014;10:21:11;1;1;0;0;64.9;65;
18.10.2014;10:21:16;1;0;0;0;64.9;65;
18.10.2014;10:21:21;1;0;0;0;64.9;65;
18.10.2014;10:21:26;0;0;0;0;65;65;
18.10.2014;10:21:31;1;0;0;0;64.9;65;
18.10.2014;10:21:36;1;1;0;0;64.9;65;
18.10.2014;10:21:41;1;1;0;0;64.9;65;
18.10.2014;10:21:46;0;1;0;0;65;65;
18.10.2014;10:21:51;1;1;0;0;64.9;65;
18.10.2014;10:21:56;1;0;0;0;64.9;65;
18.10.2014;10:22:01;1;0;0;0;64.9;65;
18.10.2014;10:22:06;0;0;0;0;65;65;
18.10.2014;10:22:11;1;0;0;0;64.9;65;
18.10.2014;10:22:16;1;1;0;0;64.9;65;
18.10.2014;10:22:21;1;1;0;0;64.9;65;
18.10.2014;10:22:26;1;1;0;0;64.9;65;
18.10.2014;10:22:31;0;1;0;0;65;65;
18.10.2014;10:22:36;0;1;0;0;65;65;
18.10.2014;10:22:41;1;0;0;0;64.9;65;
18.10.2014;10:22:46;1;0;0;0;64.9;65;
18.10.2014;10:22:51;1;0;0;0;64.9;65;
18.10.2014;10:22:56;1;0;0;0;64.9;65;
18.10.2014;10:23:01;1;1;0;0;64.9;65;
18.10.2014;10:23:06;1;1;0;0;64.9;65;
18.10.2014;10:23:11;1;1;0;0;64.9;65;
18.10.2014;10:23:16;0;1;0;0;65;65;
18.10.2014;10:23:21;1;0;0;0;64.9;65;
18.10.2014;10:23:26;1;0;0;0;64.9;65;
18.10.2014;10:23:31;1;0;0;0;64.9;65;
18.10.2014;10:23:36;0;0;0;0;65;65;
18.10.2014;10:23:41;1;1;0;0;64.9;65;
18.10.2014;10:23:46;1;1;0;0;64.9;65;
18.10.2014;10:23:51;1;1;0;0;64.9;65;
18.10.2014;10:23:56;0;1;0;0;65;65;
18.10.2014;10:24:01;1;0;0;0;64.9;65;
18.10.2014;10:24:06;1;0;0;0;64.9;65;
18.10.2014;10:24:11;1;0;0;0;64.9;65;
18.10.2014;10:24:16;1;0;0;0;64.9;65;
18.10.2014;10:24:21;0;1;0;0;65;65;
18.10.2014;10:24:26;1;1;0;0;64.9;65;
18.10.2014;10:24:31;1;1;0;0;64.9;65;
18.10.2014;10:24:36;1;1;0;0;64.9;65;
18.10.2014;10:24:41;1;0;0;0;64.9;65;
18.10.2014;10:24:46;0;0;0;0;65;65;
18.10.2014;10:24:51;1;0;0;0;64.9;65;
18.10.2014;10:24:56;1;0;0;0;64.9;65;
18.10.2014;10:25:01;1;1;0;0;64.9;65;
18.10.2014;10:25:06;0;1;0;0;65;65;
18.10.2014;10:25:11;1;1;0;0;64.9;65;
18.10.2014;10:25:16;1;1;0;0;64.9;65;
18.10.2014;10:25:21;1;0;0;0;64.9;65;
18.10.2014;10:25:26;1;0;0;0;64.9;65;
18.10.2014;10:25:31;0;0;0;0;65;65;
18.10.2014;10:25:36;1;0;0;0;64.9;65;
18.10.2014;10:25:41;1;1;0;0;64.9;65;
18.10.2014;10:25:46;1;1;0;0;64.9;65;
18.10.2014;10:25:51;1;1;0;0;64.9;65;
18.10.2014;10:25:56;1;1;0;0;64.9;65;
18.10.2014;10:26:01;0;0;0;0;65;65;
18.10.2014;10:26:06;1;0;0;0;64.9;65;
18.10.2014;10:26:11;1;0;0;0;64.9;65;
18.10.2014;10:26:16;1;0;0;0;64.9;65;
18.10.2014;10:26:21;0;1;0;0;65;65;
18.10.2014;10:26:26;1;1;0;0;64.9;65;
18.10.2014;10:26:31;1;1;0;0;64.9;65;
18.10.2014;10:26:36;1;1;0;0;64.9;65;
18.10.2014;10:26:41;0;0;0;0;65;65;
18.10.2014;10:26:46;1;0;0;0;64.9;65;
18.10.2014;10:26:51;1;0;0;0;64.9;65;
18.10.2014;10:26:56;1;0;0;0;64.9;65;
18.10.2014;10:27:01;1;1;0;0;64.9;65;
18.10.2014;10:27:06;1;1;0;0;64.9;65;
18.10.2014;10:27:11;0;1;0;0;65;65;
18.10.2014;10:27:16;1;1;0;0;64.9;65;
18.10.2014;10:27:21;1;0;0;0;64.9;65;
18.10.2014;10:27:26;1;0;0;0;64.9;65;
18.10.2014;10:27:31;0;0;0;0;65;65;
18.10.2014;10:27:36;0;0;0;0;65;65;
18.10.2014;10:27:41;1;1;0;0;64.9;65;
18.10.2014;10:27:46;1;1;0;0;64.9;65;
18.10.2014;10:27:51;1;1;0;0;64.9;65;
18.10.2014;10:27:56;1;1;0;0;64.9;65;
18.10.2014;10:28:01;1;0;0;0;64.9;65;
18.10.2014;10:28:06;1;0;0;0;64.9;65;
18.10.2014;10:28:11;1;0;0;0;64.9;65;
18.10.2014;10:28:16;1;0;0;0;64.9;65;
18.10.2014;10:28:21;1;1;0;0;64.9;65;
18.10.2014;10:28:26;0;1;0;0;65;65;
18.10.2014;10:28:31;0;1;0;0;65;65;
18.10.2014;10:28:36;1;1;0;0;64.9;65;
18.10.2014;10:28:41;1;0;0;0;64.9;65;
18.10.2014;10:28:46;1;0;0;0;64.9;65;
18.10.2014;10:28:51;1;0;0;0;64.9;65;
18.10.2014;10:28:56;1;0;0;0;64.9;65;
18.10.2014;10:29:01;1;1;0;0;64.9;65;
18.10.2014;10:29:06;0;1;0;0;65;65;
18.10.2014;10:29:11;0;1;0;0;65;65;
18.10.2014;10:29:16;1;1;0;0;64.9;65;
18.10.2014;10:29:21;1;0;0;0;64.9;65;
18.10.2014;10:29:26;1;0;0;0;64.9;65;
18.10.2014;10:29:31;1;0;0;0;64.9;65;
18.10.2014;10:29:36;1;0;0;0;64.9;65;
18.10.2014;10:29:41;1;0;0;0;64.9;65;
18.10.2014;10:29:46;1;1;0;0;64.9;65;
18.10.2014;10:29:51;1;1;0;0;64.9;65;
18.10.2014;10:29:56;1;1;0;0;64.9;65;
18.10.2014;10:30:01;0;1;0;0;65;65;
18.10.2014;10:30:06;0;0;0;0;65;65;
18.10.2014;10:30:11;1;0;0;0;64.9;65;
18.10.2014;10:30:16;1;0;0;0;64.9;65;
18.10.2014;10:30:21;1;0;0;0;64.9;65;
18.10.2014;10:30:26;1;1;0;0;64.9;65;
18.10.2014;10:30:31;1;1;0;0;64.9;65;
18.10.2014;10:30:36;0;1;0;0;65;65;
18.10.2014;10:30:41;1;1;0;0;64.9;65;
18.10.2014;10:30:46;1;0;0;0;64.9;65;
18.10.2014;10:30:51;1;0;0;0;64.9;65;
18.10.2014;10:30:56;0;0;0;0;65;65;
18.10.2014;10:31:01;1;0;0;0;64.9;65;
18.10.2014;10:31:06;1;1;0;0;64.9;65;
18.10.2014;10:31:11;1;1;0;0;64.9;65;
18.10.2014;10:31:16;0;1;0;0;65;65;
18.10.2014;10:31:21;1;1;0;0;64.9;65;
18.10.2014;10:31:26;1;0;0;0;64.9;65;
18.10.2014;10:31:31;1;0;0;0;64.9;65;
18.10.2014;10:31:36;1;0;0;0;64.9;65;
18.10.2014;10:31:41;0;0;0;0;65;65;
18.10.2014;10:31:46;1;1;0;0;64.9;65;
18.10.2014;10:31:51;1;1;0;0;64.9;65;
18.10.2014;10:31:56;1;1;0;0;64.9;65;
18.10.2014;10:32:01;1;1;0;0;64.9;65;
18.10.2014;10:32:06;0;0;0;0;65;65;
18.10.2014;10:32:11;1;0;0;0;64.9;65;
18.10.2014;10:32:16;1;0;0;0;64.9;65;
18.10.2014;10:32:21;1;0;0;0;64.9;65;
18.10.2014;10:32:26;0;1;0;0;65;65;
18.10.2014;10:32:31;1;1;0;0;64.9;65;
18.10.2014;10:32:36;1;1;0;0;64.9;65;
18.10.2014;10:32:41;1;1;0;0;64.9;65;
18.10.2014;10:32:46;1;0;0;0;64.9;65;
18.10.2014;10:32:51;0;0;0;0;65;65;
18.10.2014;10:32:56;1;0;0;0;64.9;65;
18.10.2014;10:33:01;1;0;0;0;64.9;65;
18.10.2014;10:33:06;1;1;0;0;64.9;65;
18.10.2014;10:33:11;0;1;0;0;65;65;
18.10.2014;10:33:16;1;1;0;0;64.9;65;
18.10.2014;10:33:21;1;1;0;0;64.9;65;
18.10.2014;10:33:26;1;0;0;0;64.9;65;
18.10.2014;10:33:31;1;0;0;0;64.9;65;
18.10.2014;10:33:36;0;0;0;0;65;65;
18.10.2014;10:33:41;1;0;0;0;64.9;65;
18.10.2014;10:33:46;1;1;0;0;64.9;65;
18.10.2014;10:33:51;1;1;0;0;64.9;65;
18.10.2014;10:33:56;1;1;0;0;64.9;65;
18.10.2014;10:34:01;0;1;0;0;65;65;
18.10.2014;10:34:06;1;0;0;0;64.9;65;
18.10.2014;10:34:11;1;0;0;0;64.9;65;
18.10.2014;10:34:16;1;0;0;0;64.9;65;
18.10.2014;10:34:21;1;0;0;0;64.9;65;
18.10.2014;10:34:26;1;1;0;0;64.9;65;
18.10.2014;10:34:31;0;1;0;0;65;65;
18.10.2014;10:34:36;0;1;0;0;65;65;
18.10.2014;10:34:41;1;1;0;0;64.9;65;
18.10.2014;10:34:46;1;0;0;0;64.9;65;
18.10.2014;10:34:51;1;0;0;0;64.9;65;
18.10.2014;10:34:56;1;0;0;0;64.9;65;
18.10.2014;10:35:01;1;0;0;0;64.9;65;
18.10.2014;10:35:06;1;1;0;0;64.9;65;
18.10.2014;10:35:11;1;1;0;0;64.9;65;
18.10.2014;10:35:16;0;1;0;0;65;65;
18.10.2014;10:35:21;1;1;0;0;64.9;65;
18.10.2014;10:35:26;1;0;0;0;64.9;65;
18.10.2014;10:35:31;1;0;0;0;64.9;65;
18.10.2014;10:35:36;1;0;0;0;64.9;65;
18.10.2014;10:35:41;0;0;0;0;65;65;
18.10.2014;10:35:46;0;1;0;0;65;65;
18.10.2014;10:35:51;1;1;0;0;64.9;65;
18.10.2014;10:35:56;1;1;0;0;64.9;65;
18.10.2014;10:36:01;1;1;0;0;64.9;65;
18.10.2014;10:36:06;1;0;0;0;64.9;65;
18.10.2014;10:36:11;1;0;0;0;64.9;65;
18.10.2014;10:36:16;1;0;0;0;64.9;65;
18.10.2014;10:36:21;1;0;0;0;64.9;65;
18.10.2014;10:36:27;1;1;0;0;64.9;65;
18.10.2014;10:36:31;0;1;0;0;65;65;
18.10.2014;10:36:36;1;1;0;0;64.9;65;
18.10.2014;10:36:41;1;1;0;0;64.9;65;
18.10.2014;10:36:46;1;1;0;0;64.9;65;
18.10.2014;10:36:51;0;0;0;0;65;65;
18.10.2014;10:36:56;1;0;0;0;64.9;65;
18.10.2014;10:37:01;1;0;0;0;64.9;65;
18.10.2014;10:37:06;1;0;0;0;64.9;65;
18.10.2014;10:37:11;1;1;0;0;64.9;65;
18.10.2014;10:37:16;0;1;0;0;65;65;
18.10.2014;10:37:21;1;1;0;0;64.9;65;
18.10.2014;10:37:26;1;1;0;0;64.9;65;
18.10.2014;10:37:31;1;0;0;0;64.9;65;
18.10.2014;10:37:36;0;0;0;0;65;65;
18.10.2014;10:37:41;1;0;0;0;64.9;65;
18.10.2014;10:37:46;1;0;0;0;64.9;65;
18.10.2014;10:37:51;1;1;0;0;64.9;65;
18.10.2014;10:37:56;1;1;0;0;64.9;65;
18.10.2014;10:38:01;1;1;0;0;64.9;65;
18.10.2014;10:38:06;0;1;0;0;65;65;
18.10.2014;10:38:11;1;0;0;0;64.9;65;
18.10.2014;10:38:16;1;0;0;0;64.9;65;
18.10.2014;10:38:21;1;0;0;0;64.9;65;
18.10.2014;10:38:26;1;0;0;0;64.9;65;
18.10.2014;10:38:31;1;1;0;0;64.9;65;
18.10.2014;10:38:36;0;1;0;0;65;65;
18.10.2014;10:38:41;1;1;0;0;64.9;65;
18.10.2014;10:38:46;1;1;0;0;64.9;65;
18.10.2014;10:38:51;1;0;0;0;64.9;65;
18.10.2014;10:38:56;0;0;0;0;65;65;
18.10.2014;10:39:01;1;0;0;0;64.9;65;
18.10.2014;10:39:06;1;0;0;0;64.9;65;
18.10.2014;10:39:11;1;1;0;0;64.9;65;
18.10.2014;10:39:16;1;1;0;0;64.9;65;
18.10.2014;10:39:21;1;1;0;0;64.9;65;
18.10.2014;10:39:26;1;1;0;0;64.9;65;
18.10.2014;10:39:31;0;0;0;0;65;65;
18.10.2014;10:39:36;1;0;0;0;64.9;65;
18.10.2014;10:39:41;1;0;0;0;64.9;65;
18.10.2014;10:39:46;1;0;0;0;64.9;65;
18.10.2014;10:39:51;1;1;0;0;64.9;65;
18.10.2014;10:39:56;1;1;0;0;64.9;65;
18.10.2014;10:40:01;0;1;0;0;65;65;
18.10.2014;10:40:06;1;1;0;0;64.9;65;
18.10.2014;10:40:11;1;0;0;0;64.9;65;
18.10.2014;10:40:16;1;0;0;0;64.9;65;
18.10.2014;10:40:21;0;0;0;0;65;65;
18.10.2014;10:40:26;1;0;0;0;64.9;65;
18.10.2014;10:40:31;1;1;0;0;64.9;65;
18.10.2014;10:40:36;1;1;0;0;64.9;65;
18.10.2014;10:40:41;1;1;0;0;64.9;65;
18.10.2014;10:40:46;0;1;0;0;65;65;
18.10.2014;10:40:51;1;0;0;0;64.9;65;
18.10.2014;10:40:56;1;0;0;0;64.9;65;
18.10.2014;10:41:01;1;0;0;0;64.9;65;
18.10.2014;10:41:06;1;0;0;0;64.9;65;
18.10.2014;10:41:11;1;1;0;0;64.9;65;
18.10.2014;10:41:16;0;1;0;0;65;65;
18.10.2014;10:41:21;1;1;0;0;64.9;65;
18.10.2014;10:41:26;1;1;0;0;64.9;65;
18.10.2014;10:41:31;1;0;0;0;64.9;65;
18.10.2014;10:41:36;0;0;0;0;65;65;
18.10.2014;10:41:41;1;0;0;0;64.9;65;
18.10.2014;10:41:46;1;0;0;0;64.9;65;
18.10.2014;10:41:51;1;1;0;0;64.9;65;
18.10.2014;10:41:56;1;1;0;0;64.9;65;
18.10.2014;10:42:01;1;1;0;0;64.9;65;
18.10.2014;10:42:06;0;1;0;0;65;65;
18.10.2014;10:42:11;1;0;0;0;64.9;65;
18.10.2014;10:42:16;1;0;0;0;64.9;65;
18.10.2014;10:42:21;1;0;0;0;64.9;65;
18.10.2014;10:42:26;0;0;0;0;65;65;
18.10.2014;10:42:31;1;1;0;0;64.9;65;
18.10.2014;10:42:36;1;1;0;0;64.9;65;
18.10.2014;10:42:41;1;1;0;0;64.9;65;
18.10.2014;10:42:46;1;1;0;0;64.9;65;
18.10.2014;10:42:51;1;0;0;0;64.9;65;
18.10.2014;10:42:56;1;0;0;0;64.9;65;
18.10.2014;10:43:01;0;0;0;0;65;65;
18.10.2014;10:43:06;1;0;0;0;64.9;65;
18.10.2014;10:43:11;1;1;0;0;64.9;65;
18.10.2014;10:43:16;1;1;0;0;64.9;65;
18.10.2014;10:43:21;1;1;0;0;64.9;65;
18.10.2014;10:43:26;0;1;0;0;65;65;
18.10.2014;10:43:31;1;1;0;0;64.9;65;
18.10.2014;10:43:36;1;0;0;0;64.9;65;
18.10.2014;10:43:41;1;0;0;0;64.9;65;
18.10.2014;10:43:46;1;0;0;0;64.9;65;
18.10.2014;10:43:51;1;0;0;0;64.9;65;
18.10.2014;10:43:56;0;1;0;0;65;65;
18.10.2014;10:44:01;1;1;0;0;64.9;65;
18.10.2014;10:44:06;1;1;0;0;64.9;65;
18.10.2014;10:44:11;1;1;0;0;64.9;65;
18.10.2014;10:44:16;1;0;0;0;64.9;65;
18.10.2014;10:44:21;0;0;0;0;65;65;
18.10.2014;10:44:26;1;0;0;0;64.9;65;
18.10.2014;10:44:31;1;0;0;0;64.9;65;
18.10.2014;10:44:36;1;1;0;0;64.9;65;
18.10.2014;10:44:41;1;1;0;0;64.9;65;
18.10.2014;10:44:46;1;1;0;0;64.9;65;
18.10.2014;10:44:51;1;1;0;0;64.9;65;
18.10.2014;10:44:56;1;0;0;0;64.9;65;
18.10.2014;10:45:01;0;0;0;0;65;65;
18.10.2014;10:45:06;1;0;0;0;64.9;65;
18.10.2014;10:45:11;1;0;0;0;64.9;65;
18.10.2014;10:45:16;1;1;0;0;64.9;65;
18.10.2014;10:45:21;0;1;0;0;65;65;
18.10.2014;10:45:26;1;1;0;0;64.9;65;
18.10.2014;10:45:31;1;1;0;0;64.9;65;
18.10.2014;10:45:36;1;0;0;0;64.9;65;
18.10.2014;10:45:41;1;0;0;0;64.9;65;
18.10.2014;10:45:46;1;0;0;0;64.9;65;
18.10.2014;10:45:51;1;0;0;0;64.9;65;
18.10.2014;10:45:56;0;1;0;0;65;65;
18.10.2014;10:46:01;1;1;0;0;64.9;65;
18.10.2014;10:46:06;1;1;0;0;64.9;65;
18.10.2014;10:46:11;1;1;0;0;64.9;65;
18.10.2014;10:46:16;1;0;0;0;64.9;65;
18.10.2014;10:46:21;1;0;0;0;64.9;65;
18.10.2014;10:46:26;0;0;0;0;65;65;
18.10.2014;10:46:31;0;0;0;0;65;65;
18.10.2014;10:46:36;1;1;0;0;64.9;65;
18.10.2014;10:46:41;1;1;0;0;64.9;65;
18.10.2014;10:46:46;1;1;0;0;64.9;65;
18.10.2014;10:46:51;1;1;0;0;64.9;65;
18.10.2014;10:46:56;1;0;0;0;64.9;65;
18.10.2014;10:47:01;1;0;0;0;64.9;65;
18.10.2014;10:47:06;1;0;0;0;64.9;65;
18.10.2014;10:47:11;1;0;0;0;64.9;65;
18.10.2014;10:47:16;0;1;0;0;65;65;
18.10.2014;10:47:21;0;1;0;0;65;65;
18.10.2014;10:47:26;1;1;0;0;64.9;65;
18.10.2014;10:47:31;1;1;0;0;64.9;65;
18.10.2014;10:47:36;1;0;0;0;64.9;65;
18.10.2014;10:47:41;1;0;0;0;64.9;65;
18.10.2014;10:47:46;1;0;0;0;64.9;65;
18.10.2014;10:47:51;1;0;0;0;64.9;65;
18.10.2014;10:47:56;1;1;0;0;64.9;65;
18.10.2014;10:48:01;1;1;0;0;64.9;65;
18.10.2014;10:48:06;0;1;0;0;65;65;
18.10.2014;10:48:11;1;1;0;0;64.9;65;
18.10.2014;10:48:16;1;0;0;0;64.9;65;
18.10.2014;10:48:21;1;0;0;0;64.9;65;
18.10.2014;10:48:26;1;0;0;0;64.9;65;
18.10.2014;10:48:31;0;0;0;0;65;65;
18.10.2014;10:48:36;1;1;0;0;64.9;65;
18.10.2014;10:48:41;1;1;0;0;64.9;65;
18.10.2014;10:48:46;1;1;0;0;64.9;65;
18.10.2014;10:48:51;0;1;0;0;65;65;
18.10.2014;10:48:56;1;0;0;0;64.9;65;
18.10.2014;10:49:01;1;0;0;0;64.9;65;
18.10.2014;10:49:06;1;0;0;0;64.9;65;
18.10.2014;10:49:11;1;0;0;0;64.9;65;
18.10.2014;10:49:16;1;1;0;0;64.9;65;
18.10.2014;10:49:21;1;1;0;0;64.9;65;
18.10.2014;10:49:26;0;1;0;0;65;65;
18.10.2014;10:49:31;1;1;0;0;64.9;65;
18.10.2014;10:49:36;1;0;0;0;64.9;65;
18.10.2014;10:49:41;1;0;0;0;64.9;65;
18.10.2014;10:49:46;1;0;0;0;64.9;65;
18.10.2014;10:49:51;0;0;0;0;65;65;
18.10.2014;10:49:56;1;1;0;0;64.9;65;
18.10.2014;10:50:01;1;1;0;0;64.9;65;
18.10.2014;10:50:06;1;1;0;0;64.9;65;
18.10.2014;10:50:11;1;1;0;0;64.9;65;
18.10.2014;10:50:16;0;0;0;0;65;65;
18.10.2014;10:50:21;1;0;0;0;64.9;65;
18.10.2014;10:50:26;1;0;0;0;64.9;65;
18.10.2014;10:50:31;1;0;0;0;64.9;65;
18.10.2014;10:50:36;1;0;0;0;64.9;65;
18.10.2014;10:50:41;1;1;0;0;64.9;65;
18.10.2014;10:50:46;1;1;0;0;64.9;65;
18.10.2014;10:50:51;1;1;0;0;64.9;65;
18.10.2014;10:50:56;0;1;0;0;65;65;
18.10.2014;10:51:01;0;0;0;0;65;65;
18.10.2014;10:51:06;1;0;0;0;64.9;65;
18.10.2014;10:51:11;1;0;0;0;64.9;65;
18.10.2014;10:51:16;1;0;0;0;64.9;65;
18.10.2014;10:51:21;1;1;0;0;64.9;65;
18.10.2014;10:51:26;1;1;0;0;64.9;65;
18.10.2014;10:51:31;1;1;0;0;64.9;65;
18.10.2014;10:51:36;1;1;0;0;64.9;65;
18.10.2014;10:51:41;1;0;0;0;64.9;65;
18.10.2014;10:51:46;1;0;0;0;64.9;65;
18.10.2014;10:51:51;1;0;0;0;64.9;65;
18.10.2014;10:51:56;0;0;0;0;65;65;
18.10.2014;10:52:01;0;1;0;0;65;65;
18.10.2014;10:52:06;1;1;0;0;64.9;65;
18.10.2014;10:52:11;1;1;0;0;64.9;65;
18.10.2014;10:52:16;1;1;0;0;64.9;65;
18.10.2014;10:52:21;1;0;0;0;64.9;65;
18.10.2014;10:52:26;1;0;0;0;64.9;65;
18.10.2014;10:52:31;1;0;0;0;64.9;65;
18.10.2014;10:52:36;1;0;0;0;64.9;65;
18.10.2014;10:52:41;0;1;0;0;65;65;
18.10.2014;10:52:46;1;1;0;0;64.9;65;
18.10.2014;10:52:51;1;1;0;0;64.9;65;
18.10.2014;10:52:56;1;1;0;0;64.9;65;
18.10.2014;10:53:01;1;0;0;0;64.9;65;
18.10.2014;10:53:06;1;0;0;0;64.9;65;
18.10.2014;10:53:11;0;0;0;0;65;65;
18.10.2014;10:53:17;1;0;0;0;64.9;65;
18.10.2014;10:53:22;1;1;0;0;64.9;65;
18.10.2014;10:53:27;1;1;0;0;64.9;65;
18.10.2014;10:53:32;0;1;0;0;65;65;
18.10.2014;10:53:37;1;1;0;0;64.9;65;
18.10.2014;10:53:42;1;0;0;0;64.9;65;
18.10.2014;10:53:47;1;0;0;0;64.9;65;
18.10.2014;10:53:52;1;0;0;0;64.9;65;
18.10.2014;10:53:57;1;0;0;0;64.9;65;
18.10.2014;10:54:02;1;1;0;0;64.9;65;
18.10.2014;10:54:07;1;1;0;0;64.9;65;
18.10.2014;10:54:12;0;1;0;0;65;65;
18.10.2014;10:54:17;1;1;0;0;64.9;65;
18.10.2014;10:54:22;1;0;0;0;64.9;65;
18.10.2014;10:54:27;1;0;0;0;64.9;65;
18.10.2014;10:54:32;1;0;0;0;64.9;65;
18.10.2014;10:54:37;1;0;0;0;64.9;65;
18.10.2014;10:54:42;0;1;0;0;65;65;
18.10.2014;10:54:47;1;1;0;0;64.9;65;
18.10.2014;10:54:52;1;1;0;0;64.9;65;
18.10.2014;10:54:57;1;1;0;0;64.9;65;
18.10.2014;10:55:02;1;0;0;0;64.9;65;
18.10.2014;10:55:07;1;0;0;0;64.9;65;
18.10.2014;10:55:12;0;0;0;0;65;65;
18.10.2014;10:55:17;1;0;0;0;64.9;65;
18.10.2014;10:55:22;1;1;0;0;64.9;65;
18.10.2014;10:55:27;1;1;0;0;64.9;65;
18.10.2014;10:55:32;1;1;0;0;64.9;65;
18.10.2014;10:55:37;1;1;0;0;64.9;65;
18.10.2014;10:55:42;0;1;0;0;65;70;
18.10.2014;10:55:47;1;1;0;0;64.9;70;
18.10.2014;10:55:52;1;1;0;0;64.9;70;
18.10.2014;10:55:57;1;1;0;0;64.9;70;
18.10.2014;10:56:02;1;1;0;0;64.9;70;
18.10.2014;10:56:07;1;1;0;0;65;70;
18.10.2014;10:56:12;1;1;0;0;65;70;
18.10.2014;10:56:17;1;1;0;0;65;70;
18.10.2014;10:56:22;1;1;0;0;65;70;
18.10.2014;10:56:27;1;1;0;0;65.1;70;
18.10.2014;10:56:32;1;1;0;0;65.1;70;
18.10.2014;10:56:37;1;1;0;0;65.1;70;
18.10.2014;10:56:42;1;0;0;0;65.1;70;
18.10.2014;10:56:47;1;0;0;0;65.1;70;
18.10.2014;10:56:52;1;0;0;0;65.1;70;
18.10.2014;10:56:57;1;0;0;0;65.1;70;
18.10.2014;10:57:02;1;0;0;0;65.2;70;
18.10.2014;10:57:07;1;0;0;0;65.2;70;
18.10.2014;10:57:12;1;0;0;0;65.2;70;
18.10.2014;10:57:17;1;0;0;0;65.3;70;
18.10.2014;10:57:22;1;0;0;0;65.3;70;
18.10.2014;10:57:27;1;0;0;0;65.3;70;
18.10.2014;10:57:32;1;0;0;0;65.3;70;
18.10.2014;10:57:37;1;0;0;0;65.3;70;
18.10.2014;10:57:42;1;1;0;0;65.3;70;
18.10.2014;10:57:47;1;1;0;0;65.4;70;
18.10.2014;10:57:52;1;1;0;0;65.4;70;
18.10.2014;10:57:57;1;1;0;0;65.4;70;
18.10.2014;10:58:02;1;1;0;0;65.4;70;
18.10.2014;10:58:07;1;1;0;0;65.5;70;
18.10.2014;10:58:12;1;1;0;0;65.5;70;
18.10.2014;10:58:17;1;1;0;0;65.6;70;
18.10.2014;10:58:22;1;1;0;0;65.6;70;
18.10.2014;10:58:27;1;1;0;0;65.6;70;
18.10.2014;10:58:32;1;1;0;0;65.6;70;
18.10.2014;10:58:37;1;1;0;0;65.6;70;
18.10.2014;10:58:42;1;0;0;0;65.7;70;
18.10.2014;10:58:47;1;0;0;0;65.7;70;
18.10.2014;10:58:52;1;0;0;0;65.8;70;
18.10.2014;10:58:57;1;0;0;0;65.8;70;
18.10.2014;10:59:02;1;0;0;0;65.8;70;
18.10.2014;10:59:07;1;0;0;0;65.8;70;
18.10.2014;10:59:12;1;0;0;0;65.8;70;
18.10.2014;10:59:17;1;0;0;0;65.9;70;
18.10.2014;10:59:22;1;0;0;0;65.9;70;
18.10.2014;10:59:27;1;0;0;0;65.9;70;
18.10.2014;10:59:32;1;0;0;0;65.9;70;
18.10.2014;10:59:37;1;0;0;0;65.9;70;
18.10.2014;10:59:42;1;1;0;0;66;70;
18.10.2014;10:59:47;1;1;0;0;66;70;
18.10.2014;10:59:52;1;1;0;0;66;70;
18.10.2014;10:59:57;1;1;0;0;66.1;70;
18.10.2014;11:00:02;1;1;0;0;66.1;70;
18.10.2014;11:00:07;1;1;0;0;66.1;70;
18.10.2014;11:00:12;1;1;0;0;66.1;70;
18.10.2014;11:00:17;1;1;0;0;66.1;70;
18.10.2014;11:00:22;1;1;0;0;66.2;70;
18.10.2014;11:00:27;1;1;0;0;66.2;70;
18.10.2014;11:00:32;1;1;0;0;66.2;70;
18.10.2014;11:00:37;1;1;0;0;66.3;70;
18.10.2014;11:00:42;1;1;0;0;66.3;70;
18.10.2014;11:00:47;1;0;0;0;66.3;70;
18.10.2014;11:00:52;1;0;0;0;66.3;70;
18.10.2014;11:00:57;1;0;0;0;66.3;70;
18.10.2014;11:01:02;1;0;0;0;66.3;70;
18.10.2014;11:01:07;1;0;0;0;66.4;70;
18.10.2014;11:01:12;1;0;0;0;66.4;70;
18.10.2014;11:01:17;1;0;0;0;66.4;70;
18.10.2014;11:01:22;1;0;0;0;66.4;70;
18.10.2014;11:01:27;1;0;0;0;66.4;70;
18.10.2014;11:01:32;1;0;0;0;66.4;70;
18.10.2014;11:01:37;1;0;0;0;66.5;70;
18.10.2014;11:01:42;1;0;0;0;66.5;70;
18.10.2014;11:01:47;1;1;0;0;66.5;70;
18.10.2014;11:01:52;1;1;0;0;66.6;70;
18.10.2014;11:01:57;1;1;0;0;66.6;70;
18.10.2014;11:02:02;1;1;0;0;66.6;70;
18.10.2014;11:02:07;1;1;0;0;66.6;70;
18.10.2014;11:02:12;1;1;0;0;66.6;70;
18.10.2014;11:02:17;1;1;0;0;66.6;70;
18.10.2014;11:02:22;1;1;0;0;66.6;70;
18.10.2014;11:02:27;1;1;0;0;66.6;70;
18.10.2014;11:02:32;1;1;0;0;66.6;70;
18.10.2014;11:02:37;1;1;0;0;66.7;70;
18.10.2014;11:02:42;1;1;0;0;66.7;70;
18.10.2014;11:02:47;1;0;0;0;66.7;70;
18.10.2014;11:02:52;1;0;0;0;66.7;70;
18.10.2014;11:02:57;1;0;0;0;66.7;70;
18.10.2014;11:03:02;1;0;0;0;66.7;70;
18.10.2014;11:03:07;1;0;0;0;66.8;70;
18.10.2014;11:03:12;1;0;0;0;66.8;70;
18.10.2014;11:03:17;1;0;0;0;66.8;70;
18.10.2014;11:03:22;1;0;0;0;66.8;70;
18.10.2014;11:03:27;1;0;0;0;66.8;70;
18.10.2014;11:03:32;1;0;0;0;66.8;70;
18.10.2014;11:03:37;1;0;0;0;66.8;70;
18.10.2014;11:03:42;1;0;0;0;66.8;70;
18.10.2014;11:03:47;1;1;0;0;66.8;70;
18.10.2014;11:03:52;1;1;0;0;66.8;70;
18.10.2014;11:03:57;1;1;0;0;66.8;70;
18.10.2014;11:04:02;1;1;0;0;66.8;70;
18.10.2014;11:04:07;1;1;0;0;66.8;70;
18.10.2014;11:04:12;1;1;0;0;66.9;70;
18.10.2014;11:04:17;1;1;0;0;66.9;70;
18.10.2014;11:04:22;1;1;0;0;66.9;70;
18.10.2014;11:04:27;1;1;0;0;66.9;70;
18.10.2014;11:04:32;1;1;0;0;66.9;70;
18.10.2014;11:04:37;1;1;0;0;66.9;70;
18.10.2014;11:04:42;1;1;0;0;66.9;70;
18.10.2014;11:04:47;1;0;0;0;66.9;70;
18.10.2014;11:04:52;1;0;0;0;66.9;70;
18.10.2014;11:04:57;1;0;0;0;66.9;70;
18.10.2014;11:05:02;1;0;0;0;66.9;70;
18.10.2014;11:05:07;1;0;0;0;66.9;70;
18.10.2014;11:05:12;1;0;0;0;66.9;70;
18.10.2014;11:05:17;1;0;0;0;66.9;70;
18.10.2014;11:05:22;1;0;0;0;66.9;70;
18.10.2014;11:05:27;1;0;0;0;67;70;
18.10.2014;11:05:32;1;0;0;0;67;70;
18.10.2014;11:05:37;1;0;0;0;67;70;
18.10.2014;11:05:42;1;0;0;0;67;70;
18.10.2014;11:05:47;1;1;0;0;67;70;
18.10.2014;11:05:52;1;1;0;0;67.1;70;
18.10.2014;11:05:57;1;1;0;0;67.1;70;
18.10.2014;11:06:02;1;1;0;0;67.1;70;
18.10.2014;11:06:07;1;1;0;0;67.1;70;
18.10.2014;11:06:12;1;1;0;0;67.1;70;
18.10.2014;11:06:17;1;1;0;0;67.1;70;
18.10.2014;11:06:22;1;1;0;0;67.1;70;
18.10.2014;11:06:27;1;1;0;0;67.1;70;
18.10.2014;11:06:32;1;1;0;0;67.1;70;
18.10.2014;11:06:37;1;1;0;0;67.1;70;
18.10.2014;11:06:42;1;1;0;0;67.1;70;
18.10.2014;11:06:47;1;0;0;0;67.1;70;
18.10.2014;11:06:52;1;0;0;0;67.2;70;
18.10.2014;11:06:57;1;0;0;0;67.2;70;
18.10.2014;11:07:02;1;0;0;0;67.2;70;
18.10.2014;11:07:07;1;0;0;0;67.2;70;
18.10.2014;11:07:12;1;0;0;0;67.2;70;
18.10.2014;11:07:17;1;0;0;0;67.3;70;
18.10.2014;11:07:22;1;0;0;0;67.3;70;
18.10.2014;11:07:27;1;0;0;0;67.3;70;
18.10.2014;11:07:32;1;0;0;0;67.3;70;
18.10.2014;11:07:37;1;0;0;0;67.3;70;
18.10.2014;11:07:42;1;0;0;0;67.3;70;
18.10.2014;11:07:47;1;1;0;0;67.3;70;
18.10.2014;11:07:52;0;0;0;0;67.3;70;
